2017-01-04 15:41:59.370 INFO  [localhost-startStop-2] com.haulmont.cuba.core.sys.CubaDefaultXmlWebApplicationContext - Closing WebApplicationContext for namespace 'remoting-servlet': startup date [Fri Dec 30 15:44:07 MSK 2016]; parent: com.haulmont.cuba.core.sys.CubaCoreApplicationContext@1c82f1cb
2017-01-04 15:42:34.611 INFO  [localhost-startStop-2] com.haulmont.cuba.core.sys.CubaCoreApplicationContext - Closing com.haulmont.cuba.core.sys.CubaCoreApplicationContext@1c82f1cb: startup date [Fri Dec 30 15:43:59 MSK 2016]; root of context hierarchy
2017-01-04 15:42:34.713 INFO  [localhost-startStop-2] com.haulmont.cuba.core.sys.CubaThreadPoolTaskScheduler - Shutting down ExecutorService 'scheduler'
2017-01-04 15:43:00.480 INFO  [localhost-startStop-1] com.haulmont.cuba.core.sys.AppComponents - Using app components: [com.haulmont.cuba]
2017-01-04 15:43:00.517 INFO  [localhost-startStop-1] com.haulmont.cuba.web.sys.WebAppContextLoader - Loading app properties from classpath:cuba-web-app.properties
2017-01-04 15:43:00.518 INFO  [localhost-startStop-1] com.haulmont.cuba.web.sys.WebAppContextLoader - Loading app properties from classpath:com/ekom/doors/web-app.properties
2017-01-04 15:43:00.814 INFO  [localhost-startStop-1] com.haulmont.cuba.core.sys.CubaClassPathXmlApplicationContext - Refreshing com.haulmont.cuba.core.sys.CubaClassPathXmlApplicationContext@1d47aab: startup date [Wed Jan 04 15:43:00 MSK 2017]; root of context hierarchy
2017-01-04 15:43:02.661 INFO  [localhost-startStop-1] com.haulmont.cuba.web.sys.remoting.WebRemoteProxyBeanCreator - Configuring proxy beans for local service invocations: [cuba_LoginService, cuba_ServerInfoService, cuba_UserSettingService, cuba_UserManagementService, cuba_DataService, cuba_ConfigStorageService, cuba_PersistenceManagerService, cuba_LockService, cuba_UserSessionService, cuba_FoldersService, cuba_EmailService, cuba_FileStorageService, cuba_EntitySnapshotService, cuba_UniqueNumbersService, cuba_LocalizedMessageService, cuba_ResourceService, cuba_ScheduledTasksService, cuba_EntityLogService, cuba_TestingService, cuba_ObjectsCacheManagerService, cuba_DomainDescriptionService, cuba_RelatedEntitiesService, cuba_EntitySqlGenerationService, cuba_NumberIdService, cuba_QueryResultsService, cuba_DynamicAttributesCacheService, cuba_EntityRestoreService, cuba_LocalFileExchangeService, cuba_EntityImportExportService, cuba_ScreenProfilerService, cuba_ServerTokenStore, cuba_IdpService]
2017-01-04 15:43:03.222 INFO  [localhost-startStop-1] com.haulmont.chile.core.datatypes.Datatypes - Can't find /datatypes.xml, using default datatypes settings
2017-01-04 15:43:04.039 INFO  [localhost-startStop-1] com.haulmont.cuba.core.sys.CubaThreadPoolTaskScheduler - Initializing ExecutorService  'scheduler'
2017-01-04 15:43:04.318 INFO  [localhost-startStop-1] com.haulmont.cuba.core.sys.jmx.MBeanExporter - Registering beans for JMX exposure: [doors.cuba:type=ConfigStorage, doors.cuba:type=CachingFacade, doors.cuba:type=FileUploading, doors.cuba:type=JmxNodeIdentifier, doors.cuba:type=JmxLogControl, doors.cuba:type=ClassLoaderManager, doors.cuba:type=StatisticsCounter]
2017-01-04 15:43:04.393 INFO  [localhost-startStop-1] com.haulmont.cuba.web.sys.WebAppContextLoader - AppContext initialized
2017-01-04 15:43:04.445 INFO  [localhost-startStop-1] com.haulmont.cuba.web.sys.CubaDispatcherServlet - FrameworkServlet 'dispatcher': initialization started
2017-01-04 15:43:04.451 INFO  [localhost-startStop-1] com.haulmont.cuba.core.sys.CubaXmlWebApplicationContext - Refreshing WebApplicationContext for namespace 'dispatcher-servlet': startup date [Wed Jan 04 15:43:04 MSK 2017]; parent: com.haulmont.cuba.core.sys.CubaClassPathXmlApplicationContext@1d47aab
2017-01-04 15:43:05.782 INFO  [localhost-startStop-1] com.haulmont.cuba.web.sys.CubaDispatcherServlet - FrameworkServlet 'dispatcher': initialization completed in 1337 ms
2017-01-04 15:43:05.784 INFO  [localhost-startStop-1] com.haulmont.restapi.sys.CubaRestApiServlet - FrameworkServlet 'rest_api': initialization started
2017-01-04 15:43:05.785 INFO  [localhost-startStop-1] com.haulmont.cuba.core.sys.CubaXmlWebApplicationContext - Refreshing WebApplicationContext for namespace 'rest_api-servlet': startup date [Wed Jan 04 15:43:05 MSK 2017]; parent: com.haulmont.cuba.core.sys.CubaClassPathXmlApplicationContext@1d47aab
2017-01-04 15:43:07.173 INFO  [localhost-startStop-1] com.haulmont.restapi.sys.CubaRestApiServlet - FrameworkServlet 'rest_api': initialization completed in 1389 ms
2017-01-04 15:43:07.248 INFO  [localhost-startStop-1] com.haulmont.cuba.core.sys.AppComponents - Using app components: [com.haulmont.cuba]
2017-01-04 15:43:07.256 INFO  [localhost-startStop-1] com.haulmont.cuba.core.sys.AppContextLoader - Loading app properties from classpath:cuba-app.properties
2017-01-04 15:43:07.257 INFO  [localhost-startStop-1] com.haulmont.cuba.core.sys.AppContextLoader - Loading app properties from classpath:com/ekom/doors/app.properties
2017-01-04 15:43:07.264 INFO  [localhost-startStop-1] com.haulmont.cuba.core.sys.AppContextLoader - DbmsType of the main database is set to mssql2012
2017-01-04 15:43:07.358 INFO  [localhost-startStop-1] com.haulmont.cuba.core.sys.persistence.PersistenceConfigProcessor - Creating file /Users/home/studio-projects/Doors/build/tomcat/work/doors-core/persistence.xml
2017-01-04 15:43:07.373 INFO  [localhost-startStop-1] com.haulmont.cuba.core.sys.CubaCoreApplicationContext - Refreshing com.haulmont.cuba.core.sys.CubaCoreApplicationContext@3d8487d: startup date [Wed Jan 04 15:43:07 MSK 2017]; root of context hierarchy
2017-01-04 15:43:10.847 INFO  [localhost-startStop-1] com.haulmont.chile.core.datatypes.Datatypes - Can't find /datatypes.xml, using default datatypes settings
2017-01-04 15:43:13.318 INFO  [localhost-startStop-1] com.haulmont.cuba.core.sys.CubaThreadPoolTaskScheduler - Initializing ExecutorService  'scheduler'
2017-01-04 15:43:13.465 INFO  [localhost-startStop-1] com.haulmont.cuba.core.sys.jmx.MBeanExporter - Registering beans for JMX exposure: [doors-core.cuba:type=PersistenceManager, doors-core.cuba:type=ConfigStorage, doors-core.cuba:type=UserSessions, doors-core.cuba:type=UniqueNumbers, doors-core.cuba:type=Emailer, doors-core.cuba:type=EntityLog, doors-core.cuba:type=FileStorage, doors-core.cuba:type=LockManager, doors-core.cuba:type=CachingFacade, doors-core.cuba:type=ClusterManager, doors-core.cuba:type=ScriptingManager, doors-core.cuba:type=ServerInfo, doors-core.cuba:type=Scheduling, doors-core.cuba:type=ObjectsCacheManager, doors-core.cuba:type=PasswordEncryptionSupport, doors-core.cuba:type=JmxNodeIdentifier, doors-core.cuba:type=JmxLogControl, doors-core.cuba:type=ClassLoaderManager, doors-core.cuba:type=StatisticsCounter, doors-core.cuba:type=BruteForceProtection, doors-core.cuba:type=QueryCacheSupport, doors-core.cuba:type=IdpSessions]
2017-01-04 15:43:13.955 DEBUG [localhost-startStop-1] com.haulmont.cuba.security.app.LoginWorkerBean - Initialize anonymous session
2017-01-04 15:43:13.957 INFO  [localhost-startStop-1] com.haulmont.cuba.core.app.ConfigStorage - Loading DB-stored app properties cache
2017-01-04 15:43:14.447 INFO  [localhost-startStop-1] com.haulmont.cuba.core.sys.MetadataImpl - Initializing metadata
2017-01-04 15:43:14.568 INFO  [localhost-startStop-1] com.haulmont.cuba.core.sys.MetadataImpl - Metadata initialized in 120ms
2017-01-04 15:43:15.566 INFO  [localhost-startStop-1] com.haulmont.cuba.core.sys.DefaultPermissionValuesConfig - Initializing default permission values
2017-01-04 15:43:16.142 INFO  [localhost-startStop-1] com.haulmont.cuba.security.app.LoginWorkerBean - Logged in: b40d7bf4-3464-c143-5cec-b443b2c1cc94 [anonymous]
2017-01-04 15:43:16.142 DEBUG [localhost-startStop-1] com.haulmont.cuba.security.app.LoginWorkerBean - Anonymous session initialized with id b40d7bf4-3464-c143-5cec-b443b2c1cc94
2017-01-04 15:43:16.142 INFO  [localhost-startStop-1] com.haulmont.cuba.core.sys.AppContextLoader - AppContext initialized
2017-01-04 15:43:16.145 INFO  [localhost-startStop-1] com.haulmont.cuba.core.sys.remoting.RemotingServlet - FrameworkServlet 'remoting': initialization started
2017-01-04 15:43:16.146 INFO  [localhost-startStop-1] com.haulmont.cuba.core.sys.CubaDefaultXmlWebApplicationContext - Refreshing WebApplicationContext for namespace 'remoting-servlet': startup date [Wed Jan 04 15:43:16 MSK 2017]; parent: com.haulmont.cuba.core.sys.CubaCoreApplicationContext@3d8487d
2017-01-04 15:43:16.173 INFO  [localhost-startStop-1] com.haulmont.cuba.core.sys.remoting.RemoteServicesBeanCreator - Configuring remote services
2017-01-04 15:43:16.316 INFO  [localhost-startStop-1] com.haulmont.cuba.core.sys.remoting.RemotingServlet - FrameworkServlet 'remoting': initialization completed in 171 ms
2017-01-04 15:43:16.830 DEBUG [http-nio-8080-exec-12] com.haulmont.cuba.gui.theme.ThemeConstantsRepository - Loading theme constants
2017-01-04 15:43:16.837 DEBUG [http-nio-8080-exec-12] com.haulmont.cuba.web.App - Initializing application
2017-01-04 15:43:16.978 DEBUG [http-nio-8080-exec-12/doors/anonymous] com.haulmont.cuba.web.DefaultApp - connectionStateChanged connected: true, authenticated: false
2017-01-04 15:43:16.978 DEBUG [http-nio-8080-exec-12/doors/anonymous] com.haulmont.cuba.web.App - Closing all windows
2017-01-04 15:43:16.990 INFO  [http-nio-8080-exec-12/doors/anonymous] com.haulmont.cuba.core.sys.MetadataImpl - Initializing metadata
2017-01-04 15:43:17.170 INFO  [http-nio-8080-exec-12/doors/anonymous] com.haulmont.cuba.core.sys.MetadataImpl - Metadata initialized in 180ms
2017-01-04 15:43:17.537 DEBUG [http-nio-8080-exec-12/doors/anonymous] com.haulmont.cuba.web.AbstractConnection - Logged in: user=anonymous, ip=0:0:0:0:0:0:0:1, clientInfo=Web (localhost:8080/doors) Mozilla/5.0 (Macintosh; Intel Mac OS X 10_12_2) AppleWebKit/602.3.12 (KHTML, like Gecko) Version/10.0.2 Safari/602.3.12
2017-01-04 15:43:19.743 INFO  [http-nio-8080-exec-15/doors-core/anonymous] com.haulmont.cuba.security.app.LoginWorkerBean - Logged in: 13c91aff-2f26-93e8-7255-8435f2e03bc1 [admin]
2017-01-04 15:43:19.758 DEBUG [http-nio-8080-exec-15/doors/admin] com.haulmont.cuba.web.DefaultApp - connectionStateChanged connected: true, authenticated: true
2017-01-04 15:43:19.758 DEBUG [http-nio-8080-exec-15/doors/admin] com.haulmont.cuba.web.App - Closing all windows
2017-01-04 15:43:19.761 DEBUG [http-nio-8080-exec-15/doors/admin] com.haulmont.cuba.web.DefaultApp - Session reinitialized: HttpSession=org.apache.catalina.session.StandardSessionFacade@55d6f714, timeout=1800sec, UserSession=13c91aff-2f26-93e8-7255-8435f2e03bc1 [admin]
2017-01-04 15:43:20.229 INFO  [http-nio-8080-exec-15/doors/admin] com.haulmont.cuba.client.sys.ViewRepositoryClientImpl - Initializing views
2017-01-04 15:43:20.230 DEBUG [http-nio-8080-exec-15/doors/admin] com.haulmont.cuba.client.sys.ViewRepositoryClientImpl - Deploying views config: cuba-views.xml
2017-01-04 15:43:20.235 DEBUG [http-nio-8080-exec-15/doors/admin] com.haulmont.cuba.client.sys.ViewRepositoryClientImpl - Deploying views config: com/ekom/doors/views.xml
2017-01-04 15:43:20.254 DEBUG [http-nio-8080-exec-15/doors-core/admin] com.haulmont.cuba.core.app.StoreFactory - No implementation is specified for _MAIN_ store, using RdbmsStore
2017-01-04 15:43:20.298 DEBUG [http-nio-8080-exec-15/doors-core/admin] com.haulmont.cuba.core.app.RdbmsStore - loadList: metaClass=sec$UserSubstitution, view=com.haulmont.cuba.security.entity.UserSubstitution/app, query=select us from sec$UserSubstitution us where us.user.id = :userId and (us.endDate is null or us.endDate >= :currentDate) and (us.startDate is null or us.startDate <= :currentDate) and (us.substitutedUser.active = true or us.substitutedUser.active is null) order by us.substitutedUser.name
2017-01-04 15:43:20.618 DEBUG [http-nio-8080-exec-15/doors-core/admin] com.haulmont.cuba.core.app.FoldersServiceBean - Loading AppFolders
2017-01-04 15:43:20.773 DEBUG [http-nio-8080-exec-15/doors-core/admin] com.haulmont.cuba.core.app.FoldersServiceBean - Loading SearchFolders
2017-01-04 15:43:21.076 DEBUG [http-nio-8080-exec-15/doors/admin] com.haulmont.cuba.web.AbstractConnection - Logged in: user=admin, ip=0:0:0:0:0:0:0:1, clientInfo=Web (localhost:8080/doors) Mozilla/5.0 (Macintosh; Intel Mac OS X 10_12_2) AppleWebKit/602.3.12 (KHTML, like Gecko) Version/10.0.2 Safari/602.3.12
2017-01-04 15:43:25.691 INFO  [http-nio-8080-exec-1/doors-core/admin] com.haulmont.cuba.core.app.PersistenceManager - Loading statistics cache
2017-01-04 15:43:25.864 INFO  [http-nio-8080-exec-1/doors-core/admin] com.haulmont.cuba.core.sys.ViewRepositoryImpl - Initializing views
2017-01-04 15:43:26.013 DEBUG [http-nio-8080-exec-1/doors-core/admin] com.haulmont.cuba.core.app.RdbmsStore - loadList: metaClass=sec$Filter, view=com.haulmont.cuba.security.entity.FilterEntity/app, query=select f from sec$Filter f left join f.user u where f.componentId = :component and (u.id = :userId or u is null) order by f.name
2017-01-04 15:43:26.649 DEBUG [http-nio-8080-exec-1/doors-core/admin] com.haulmont.cuba.core.app.RdbmsStore - loadList: metaClass=doors$Order, view=com.ekom.doors.entity.Order/orderWithCustomerAndDoor, query=select e from doors$Order e, max=50
2017-01-04 15:43:29.638 WARN  [http-nio-8080-exec-16/doors/admin] com.haulmont.cuba.gui.xml.layout.loaders.ScrollBoxLayoutLoader - 100% height of AbstractFrame id=windowActions inside vertical scrollBox replaced with -1px height
2017-01-04 15:43:29.649 DEBUG [http-nio-8080-exec-16/doors-core/admin] com.haulmont.cuba.core.app.RdbmsStore - load: metaClass=doors$Order, id=273e4abb-22c6-76f9-94b3-a39a0361ac87, view=com.ekom.doors.entity.Order/orderWithCustomerAndDoor
2017-01-04 15:43:30.181 DEBUG [http-nio-8080-exec-16/doors-core/admin] com.haulmont.cuba.core.app.RdbmsStore - loadList: metaClass=doors$Customer, view=com.ekom.doors.entity.Customer/_local, query=select e from doors$Customer e, max=10000
2017-01-04 15:43:30.330 DEBUG [http-nio-8080-exec-16/doors-core/admin] com.haulmont.cuba.core.app.RdbmsStore - loadList: metaClass=doors$Door, view=com.ekom.doors.entity.Door/_local, query=select e from doors$Door e, max=10000
2017-01-04 15:43:34.890 INFO  [ClientCacheManager-pool-1-thread-1] com.haulmont.cuba.security.app.LoginWorkerBean - Logged in: d50176ce-96b5-2b25-1281-c09b0603e597 [admin]
2017-01-04 15:45:14.656 INFO  [scheduler-1] com.haulmont.cuba.core.sys.TriggerFilesProcessor - Calling cuba_Messages.clearCache
2017-01-04 15:45:29.668 INFO  [scheduler-2] com.haulmont.cuba.core.sys.TriggerFilesProcessor - Calling cuba_Messages.clearCache
2017-01-04 15:45:39.986 INFO  [localhost-startStop-2] com.haulmont.cuba.core.sys.CubaDefaultXmlWebApplicationContext - Closing WebApplicationContext for namespace 'remoting-servlet': startup date [Wed Jan 04 15:43:16 MSK 2017]; parent: com.haulmont.cuba.core.sys.CubaCoreApplicationContext@3d8487d
2017-01-04 15:45:40.071 INFO  [localhost-startStop-2] com.haulmont.cuba.core.sys.CubaCoreApplicationContext - Closing com.haulmont.cuba.core.sys.CubaCoreApplicationContext@3d8487d: startup date [Wed Jan 04 15:43:07 MSK 2017]; root of context hierarchy
2017-01-04 15:45:40.073 INFO  [localhost-startStop-2] com.haulmont.cuba.core.sys.CubaThreadPoolTaskScheduler - Shutting down ExecutorService 'scheduler'
2017-01-04 20:57:18.972 INFO  [localhost-startStop-1] com.haulmont.cuba.core.sys.AppComponents - Using app components: [com.haulmont.cuba]
2017-01-04 20:57:19.008 INFO  [localhost-startStop-1] com.haulmont.cuba.web.sys.WebAppContextLoader - Loading app properties from classpath:cuba-web-app.properties
2017-01-04 20:57:19.010 INFO  [localhost-startStop-1] com.haulmont.cuba.web.sys.WebAppContextLoader - Loading app properties from classpath:com/ekom/doors/web-app.properties
2017-01-04 20:57:19.298 INFO  [localhost-startStop-1] com.haulmont.cuba.core.sys.CubaClassPathXmlApplicationContext - Refreshing com.haulmont.cuba.core.sys.CubaClassPathXmlApplicationContext@400b2d55: startup date [Wed Jan 04 20:57:19 MSK 2017]; root of context hierarchy
2017-01-04 20:57:20.973 INFO  [localhost-startStop-1] com.haulmont.cuba.web.sys.remoting.WebRemoteProxyBeanCreator - Configuring proxy beans for local service invocations: [cuba_LoginService, cuba_ServerInfoService, cuba_UserSettingService, cuba_UserManagementService, cuba_DataService, cuba_ConfigStorageService, cuba_PersistenceManagerService, cuba_LockService, cuba_UserSessionService, cuba_FoldersService, cuba_EmailService, cuba_FileStorageService, cuba_EntitySnapshotService, cuba_UniqueNumbersService, cuba_LocalizedMessageService, cuba_ResourceService, cuba_ScheduledTasksService, cuba_EntityLogService, cuba_TestingService, cuba_ObjectsCacheManagerService, cuba_DomainDescriptionService, cuba_RelatedEntitiesService, cuba_EntitySqlGenerationService, cuba_NumberIdService, cuba_QueryResultsService, cuba_DynamicAttributesCacheService, cuba_EntityRestoreService, cuba_LocalFileExchangeService, cuba_EntityImportExportService, cuba_ScreenProfilerService, cuba_ServerTokenStore, cuba_IdpService]
2017-01-04 20:57:21.730 INFO  [localhost-startStop-1] com.haulmont.chile.core.datatypes.Datatypes - Can't find /datatypes.xml, using default datatypes settings
2017-01-04 20:57:22.549 INFO  [localhost-startStop-1] com.haulmont.cuba.core.sys.CubaThreadPoolTaskScheduler - Initializing ExecutorService  'scheduler'
2017-01-04 20:57:22.824 INFO  [localhost-startStop-1] com.haulmont.cuba.core.sys.jmx.MBeanExporter - Registering beans for JMX exposure: [doors.cuba:type=ConfigStorage, doors.cuba:type=CachingFacade, doors.cuba:type=FileUploading, doors.cuba:type=JmxNodeIdentifier, doors.cuba:type=JmxLogControl, doors.cuba:type=ClassLoaderManager, doors.cuba:type=StatisticsCounter]
2017-01-04 20:57:22.896 INFO  [localhost-startStop-1] com.haulmont.cuba.web.sys.WebAppContextLoader - AppContext initialized
2017-01-04 20:57:22.943 INFO  [localhost-startStop-1] com.haulmont.cuba.web.sys.CubaDispatcherServlet - FrameworkServlet 'dispatcher': initialization started
2017-01-04 20:57:22.949 INFO  [localhost-startStop-1] com.haulmont.cuba.core.sys.CubaXmlWebApplicationContext - Refreshing WebApplicationContext for namespace 'dispatcher-servlet': startup date [Wed Jan 04 20:57:22 MSK 2017]; parent: com.haulmont.cuba.core.sys.CubaClassPathXmlApplicationContext@400b2d55
2017-01-04 20:57:24.408 INFO  [localhost-startStop-1] com.haulmont.cuba.web.sys.CubaDispatcherServlet - FrameworkServlet 'dispatcher': initialization completed in 1465 ms
2017-01-04 20:57:24.410 INFO  [localhost-startStop-1] com.haulmont.restapi.sys.CubaRestApiServlet - FrameworkServlet 'rest_api': initialization started
2017-01-04 20:57:24.411 INFO  [localhost-startStop-1] com.haulmont.cuba.core.sys.CubaXmlWebApplicationContext - Refreshing WebApplicationContext for namespace 'rest_api-servlet': startup date [Wed Jan 04 20:57:24 MSK 2017]; parent: com.haulmont.cuba.core.sys.CubaClassPathXmlApplicationContext@400b2d55
2017-01-04 20:57:25.970 INFO  [localhost-startStop-1] com.haulmont.restapi.sys.CubaRestApiServlet - FrameworkServlet 'rest_api': initialization completed in 1560 ms
2017-01-04 20:57:26.055 INFO  [localhost-startStop-1] com.haulmont.cuba.core.sys.AppComponents - Using app components: [com.haulmont.cuba]
2017-01-04 20:57:26.064 INFO  [localhost-startStop-1] com.haulmont.cuba.core.sys.AppContextLoader - Loading app properties from classpath:cuba-app.properties
2017-01-04 20:57:26.066 INFO  [localhost-startStop-1] com.haulmont.cuba.core.sys.AppContextLoader - Loading app properties from classpath:com/ekom/doors/app.properties
2017-01-04 20:57:26.074 INFO  [localhost-startStop-1] com.haulmont.cuba.core.sys.AppContextLoader - DbmsType of the main database is set to mssql2012
2017-01-04 20:57:26.189 INFO  [localhost-startStop-1] com.haulmont.cuba.core.sys.persistence.PersistenceConfigProcessor - Creating file /Users/home/studio-projects/Doors/build/tomcat/work/doors-core/persistence.xml
2017-01-04 20:57:26.205 INFO  [localhost-startStop-1] com.haulmont.cuba.core.sys.CubaCoreApplicationContext - Refreshing com.haulmont.cuba.core.sys.CubaCoreApplicationContext@a3a6d69: startup date [Wed Jan 04 20:57:26 MSK 2017]; root of context hierarchy
2017-01-04 20:57:29.416 INFO  [localhost-startStop-1] com.haulmont.chile.core.datatypes.Datatypes - Can't find /datatypes.xml, using default datatypes settings
2017-01-04 20:57:32.098 INFO  [localhost-startStop-1] com.haulmont.cuba.core.sys.CubaThreadPoolTaskScheduler - Initializing ExecutorService  'scheduler'
2017-01-04 20:57:32.263 INFO  [localhost-startStop-1] com.haulmont.cuba.core.sys.jmx.MBeanExporter - Registering beans for JMX exposure: [doors-core.cuba:type=PersistenceManager, doors-core.cuba:type=ConfigStorage, doors-core.cuba:type=UserSessions, doors-core.cuba:type=UniqueNumbers, doors-core.cuba:type=Emailer, doors-core.cuba:type=EntityLog, doors-core.cuba:type=FileStorage, doors-core.cuba:type=LockManager, doors-core.cuba:type=CachingFacade, doors-core.cuba:type=ClusterManager, doors-core.cuba:type=ScriptingManager, doors-core.cuba:type=ServerInfo, doors-core.cuba:type=Scheduling, doors-core.cuba:type=ObjectsCacheManager, doors-core.cuba:type=PasswordEncryptionSupport, doors-core.cuba:type=JmxNodeIdentifier, doors-core.cuba:type=JmxLogControl, doors-core.cuba:type=ClassLoaderManager, doors-core.cuba:type=StatisticsCounter, doors-core.cuba:type=BruteForceProtection, doors-core.cuba:type=QueryCacheSupport, doors-core.cuba:type=IdpSessions]
2017-01-04 20:57:32.782 DEBUG [localhost-startStop-1] com.haulmont.cuba.security.app.LoginWorkerBean - Initialize anonymous session
2017-01-04 20:57:32.784 INFO  [localhost-startStop-1] com.haulmont.cuba.core.app.ConfigStorage - Loading DB-stored app properties cache
2017-01-04 20:57:33.304 INFO  [localhost-startStop-1] com.haulmont.cuba.core.sys.MetadataImpl - Initializing metadata
2017-01-04 20:57:33.421 INFO  [localhost-startStop-1] com.haulmont.cuba.core.sys.MetadataImpl - Metadata initialized in 117ms
2017-01-04 20:57:34.448 INFO  [localhost-startStop-1] com.haulmont.cuba.core.sys.DefaultPermissionValuesConfig - Initializing default permission values
2017-01-04 20:57:34.988 INFO  [localhost-startStop-1] com.haulmont.cuba.security.app.LoginWorkerBean - Logged in: b40d7bf4-3464-c143-5cec-b443b2c1cc94 [anonymous]
2017-01-04 20:57:34.988 DEBUG [localhost-startStop-1] com.haulmont.cuba.security.app.LoginWorkerBean - Anonymous session initialized with id b40d7bf4-3464-c143-5cec-b443b2c1cc94
2017-01-04 20:57:34.988 INFO  [localhost-startStop-1] com.haulmont.cuba.core.sys.AppContextLoader - AppContext initialized
2017-01-04 20:57:34.991 INFO  [localhost-startStop-1] com.haulmont.cuba.core.sys.remoting.RemotingServlet - FrameworkServlet 'remoting': initialization started
2017-01-04 20:57:34.993 INFO  [localhost-startStop-1] com.haulmont.cuba.core.sys.CubaDefaultXmlWebApplicationContext - Refreshing WebApplicationContext for namespace 'remoting-servlet': startup date [Wed Jan 04 20:57:34 MSK 2017]; parent: com.haulmont.cuba.core.sys.CubaCoreApplicationContext@a3a6d69
2017-01-04 20:57:35.029 INFO  [localhost-startStop-1] com.haulmont.cuba.core.sys.remoting.RemoteServicesBeanCreator - Configuring remote services
2017-01-04 20:57:35.179 INFO  [localhost-startStop-1] com.haulmont.cuba.core.sys.remoting.RemotingServlet - FrameworkServlet 'remoting': initialization completed in 188 ms
2017-01-04 20:57:35.747 DEBUG [http-nio-8080-exec-8] com.haulmont.cuba.gui.theme.ThemeConstantsRepository - Loading theme constants
2017-01-04 20:57:35.754 DEBUG [http-nio-8080-exec-8] com.haulmont.cuba.web.App - Initializing application
2017-01-04 20:57:35.915 DEBUG [http-nio-8080-exec-8/doors/anonymous] com.haulmont.cuba.web.DefaultApp - connectionStateChanged connected: true, authenticated: false
2017-01-04 20:57:35.915 DEBUG [http-nio-8080-exec-8/doors/anonymous] com.haulmont.cuba.web.App - Closing all windows
2017-01-04 20:57:35.931 INFO  [http-nio-8080-exec-8/doors/anonymous] com.haulmont.cuba.core.sys.MetadataImpl - Initializing metadata
2017-01-04 20:57:36.150 INFO  [http-nio-8080-exec-8/doors/anonymous] com.haulmont.cuba.core.sys.MetadataImpl - Metadata initialized in 219ms
2017-01-04 20:57:36.529 DEBUG [http-nio-8080-exec-8/doors/anonymous] com.haulmont.cuba.web.AbstractConnection - Logged in: user=anonymous, ip=0:0:0:0:0:0:0:1, clientInfo=Web (localhost:8080/doors) Mozilla/5.0 (Macintosh; Intel Mac OS X 10_12_2) AppleWebKit/602.3.12 (KHTML, like Gecko) Version/10.0.2 Safari/602.3.12
2017-01-04 20:57:42.615 INFO  [http-nio-8080-exec-4/doors-core/anonymous] com.haulmont.cuba.security.app.LoginWorkerBean - Logged in: 27ba33f3-51ce-1616-7ca5-a2a2f5943e81 [admin]
2017-01-04 20:57:42.629 DEBUG [http-nio-8080-exec-4/doors/admin] com.haulmont.cuba.web.DefaultApp - connectionStateChanged connected: true, authenticated: true
2017-01-04 20:57:42.629 DEBUG [http-nio-8080-exec-4/doors/admin] com.haulmont.cuba.web.App - Closing all windows
2017-01-04 20:57:42.632 DEBUG [http-nio-8080-exec-4/doors/admin] com.haulmont.cuba.web.DefaultApp - Session reinitialized: HttpSession=org.apache.catalina.session.StandardSessionFacade@3e1e7e04, timeout=1800sec, UserSession=27ba33f3-51ce-1616-7ca5-a2a2f5943e81 [admin]
2017-01-04 20:57:43.118 INFO  [http-nio-8080-exec-4/doors/admin] com.haulmont.cuba.client.sys.ViewRepositoryClientImpl - Initializing views
2017-01-04 20:57:43.119 DEBUG [http-nio-8080-exec-4/doors/admin] com.haulmont.cuba.client.sys.ViewRepositoryClientImpl - Deploying views config: cuba-views.xml
2017-01-04 20:57:43.124 DEBUG [http-nio-8080-exec-4/doors/admin] com.haulmont.cuba.client.sys.ViewRepositoryClientImpl - Deploying views config: com/ekom/doors/views.xml
2017-01-04 20:57:43.156 DEBUG [http-nio-8080-exec-4/doors-core/admin] com.haulmont.cuba.core.app.StoreFactory - No implementation is specified for _MAIN_ store, using RdbmsStore
2017-01-04 20:57:43.230 DEBUG [http-nio-8080-exec-4/doors-core/admin] com.haulmont.cuba.core.app.RdbmsStore - loadList: metaClass=sec$UserSubstitution, view=com.haulmont.cuba.security.entity.UserSubstitution/app, query=select us from sec$UserSubstitution us where us.user.id = :userId and (us.endDate is null or us.endDate >= :currentDate) and (us.startDate is null or us.startDate <= :currentDate) and (us.substitutedUser.active = true or us.substitutedUser.active is null) order by us.substitutedUser.name
2017-01-04 20:57:43.631 DEBUG [http-nio-8080-exec-4/doors-core/admin] com.haulmont.cuba.core.app.FoldersServiceBean - Loading AppFolders
2017-01-04 20:57:43.795 DEBUG [http-nio-8080-exec-4/doors-core/admin] com.haulmont.cuba.core.app.FoldersServiceBean - Loading SearchFolders
2017-01-04 20:57:44.099 DEBUG [http-nio-8080-exec-4/doors/admin] com.haulmont.cuba.web.AbstractConnection - Logged in: user=admin, ip=0:0:0:0:0:0:0:1, clientInfo=Web (localhost:8080/doors) Mozilla/5.0 (Macintosh; Intel Mac OS X 10_12_2) AppleWebKit/602.3.12 (KHTML, like Gecko) Version/10.0.2 Safari/602.3.12
2017-01-04 20:57:53.319 DEBUG [http-nio-8080-exec-22/doors/admin] com.haulmont.cuba.web.App - Closing all windows
2017-01-04 20:57:53.319 DEBUG [http-nio-8080-exec-22/doors-core/admin] com.haulmont.cuba.security.app.UserSessions - Removed session: 27ba33f3-51ce-1616-7ca5-a2a2f5943e81 [admin], since: Wed Jan 04 20:57:42 MSK 2017, lastUsed: Wed Jan 04 20:57:42 MSK 2017
2017-01-04 20:57:53.319 INFO  [http-nio-8080-exec-22/doors-core/admin] com.haulmont.cuba.security.app.LoginWorkerBean - Logged out: 27ba33f3-51ce-1616-7ca5-a2a2f5943e81 [admin]
2017-01-04 20:57:53.320 DEBUG [http-nio-8080-exec-22] com.haulmont.cuba.web.DefaultApp - connectionStateChanged connected: false, authenticated: false
2017-01-04 20:57:53.320 DEBUG [http-nio-8080-exec-22] com.haulmont.cuba.web.App - Closing all windows
2017-01-04 20:57:53.326 DEBUG [http-nio-8080-exec-22/doors/anonymous] com.haulmont.cuba.web.DefaultApp - connectionStateChanged connected: true, authenticated: false
2017-01-04 20:57:53.326 DEBUG [http-nio-8080-exec-22/doors/anonymous] com.haulmont.cuba.web.App - Closing all windows
2017-01-04 20:57:53.337 DEBUG [http-nio-8080-exec-22/doors/anonymous] com.haulmont.cuba.web.AbstractConnection - Logged in: user=anonymous, ip=0:0:0:0:0:0:0:1, clientInfo=Web (localhost:8080/doors) Mozilla/5.0 (Macintosh; Intel Mac OS X 10_12_2) AppleWebKit/602.3.12 (KHTML, like Gecko) Version/10.0.2 Safari/602.3.12
2017-01-04 20:58:01.875 INFO  [http-nio-8080-exec-4/doors-core/anonymous] com.haulmont.cuba.security.app.LoginWorkerBean - Logged in: 4ab5a565-ab8f-0e82-8bf0-1ef33713117a [Захарова А.И.]
2017-01-04 20:58:01.895 DEBUG [http-nio-8080-exec-4/doors/Захарова А.И.] com.haulmont.cuba.web.DefaultApp - connectionStateChanged connected: true, authenticated: true
2017-01-04 20:58:01.895 DEBUG [http-nio-8080-exec-4/doors/Захарова А.И.] com.haulmont.cuba.web.App - Closing all windows
2017-01-04 20:58:01.896 DEBUG [http-nio-8080-exec-4/doors/Захарова А.И.] com.haulmont.cuba.web.DefaultApp - Session reinitialized: HttpSession=org.apache.catalina.session.StandardSessionFacade@3e92783c, timeout=1800sec, UserSession=4ab5a565-ab8f-0e82-8bf0-1ef33713117a [Захарова А.И.]
2017-01-04 20:58:02.235 DEBUG [http-nio-8080-exec-4/doors-core/Захарова А.И.] com.haulmont.cuba.core.app.RdbmsStore - loadList: metaClass=sec$UserSubstitution, view=com.haulmont.cuba.security.entity.UserSubstitution/app, query=select us from sec$UserSubstitution us where us.user.id = :userId and (us.endDate is null or us.endDate >= :currentDate) and (us.startDate is null or us.startDate <= :currentDate) and (us.substitutedUser.active = true or us.substitutedUser.active is null) order by us.substitutedUser.name
2017-01-04 20:58:02.418 DEBUG [http-nio-8080-exec-4/doors-core/Захарова А.И.] com.haulmont.cuba.core.app.FoldersServiceBean - Loading AppFolders
2017-01-04 20:58:02.505 DEBUG [http-nio-8080-exec-4/doors-core/Захарова А.И.] com.haulmont.cuba.core.app.FoldersServiceBean - Loading SearchFolders
2017-01-04 20:58:02.657 DEBUG [http-nio-8080-exec-4/doors/Захарова А.И.] com.haulmont.cuba.web.AbstractConnection - Logged in: user=Захарова А.И., ip=0:0:0:0:0:0:0:1, clientInfo=Web (localhost:8080/doors) Mozilla/5.0 (Macintosh; Intel Mac OS X 10_12_2) AppleWebKit/602.3.12 (KHTML, like Gecko) Version/10.0.2 Safari/602.3.12
2017-01-04 20:58:11.275 INFO  [http-nio-8080-exec-21/doors-core/Захарова А.И.] com.haulmont.cuba.core.app.PersistenceManager - Loading statistics cache
2017-01-04 20:58:11.411 INFO  [http-nio-8080-exec-21/doors-core/Захарова А.И.] com.haulmont.cuba.core.sys.ViewRepositoryImpl - Initializing views
2017-01-04 20:58:11.553 DEBUG [http-nio-8080-exec-21/doors-core/Захарова А.И.] com.haulmont.cuba.core.app.RdbmsStore - loadList: metaClass=sec$Filter, view=com.haulmont.cuba.security.entity.FilterEntity/app, query=select f from sec$Filter f left join f.user u where f.componentId = :component and (u.id = :userId or u is null) order by f.name
2017-01-04 20:58:12.129 DEBUG [http-nio-8080-exec-21/doors-core/Захарова А.И.] com.haulmont.cuba.core.app.RdbmsStore - loadList: metaClass=doors$Order, view=com.ekom.doors.entity.Order/orderWithCustomerAndDoor, query=select e from doors$Order e, max=50
2017-01-04 20:58:16.228 WARN  [http-nio-8080-exec-2/doors/Захарова А.И.] com.haulmont.cuba.gui.xml.layout.loaders.ScrollBoxLayoutLoader - 100% height of AbstractFrame id=windowActions inside vertical scrollBox replaced with -1px height
2017-01-04 20:58:16.361 DEBUG [http-nio-8080-exec-2/doors-core/Захарова А.И.] com.haulmont.cuba.core.app.RdbmsStore - loadList: metaClass=doors$Customer, view=com.ekom.doors.entity.Customer/_local, query=select e from doors$Customer e, max=10000
2017-01-04 20:58:16.514 DEBUG [http-nio-8080-exec-2/doors-core/Захарова А.И.] com.haulmont.cuba.core.app.RdbmsStore - loadList: metaClass=doors$Door, view=com.ekom.doors.entity.Door/_local, query=select e from doors$Door e, max=10000
2017-01-04 20:58:23.428 INFO  [ClientCacheManager-pool-1-thread-1] com.haulmont.cuba.security.app.LoginWorkerBean - Logged in: e39c4d53-d1e0-a84a-5dd9-0f11788867c2 [admin]
2017-01-04 20:59:01.854 DEBUG [http-nio-8080-exec-11/doors-core/Захарова А.И.] com.haulmont.cuba.core.app.RdbmsStore - loadList: metaClass=sec$Filter, view=com.haulmont.cuba.security.entity.FilterEntity/app, query=select f from sec$Filter f left join f.user u where f.componentId = :component and (u.id = :userId or u is null) order by f.name
2017-01-04 20:59:02.061 DEBUG [http-nio-8080-exec-11/doors-core/Захарова А.И.] com.haulmont.cuba.core.app.RdbmsStore - loadList: metaClass=doors$Door, view=com.ekom.doors.entity.Door/_local, query=select e from doors$Door e order by e.kind, max=50
2017-01-04 20:59:22.087 DEBUG [http-nio-8080-exec-22/doors-core/Захарова А.И.] com.haulmont.cuba.core.app.RdbmsStore - load: metaClass=doors$Door, id=028e7596-2000-ec19-cb26-2407464f3ca4, view=com.ekom.doors.entity.Door/_minimal
2017-01-04 20:59:22.366 DEBUG [http-nio-8080-exec-22/doors-core/Захарова А.И.] com.haulmont.cuba.core.app.RdbmsStore - load: metaClass=doors$Door, id=028e7596-2000-ec19-cb26-2407464f3ca4, view=com.ekom.doors.entity.Door/_local
2017-01-04 20:59:28.758 DEBUG [http-nio-8080-exec-17/doors-core/Захарова А.И.] com.haulmont.cuba.core.app.RdbmsStore - load: metaClass=doors$Customer, id=d6ebee81-9935-8f37-91b5-7920b993228d, view=com.ekom.doors.entity.Customer/_minimal
2017-01-04 20:59:28.940 WARN  [http-nio-8080-exec-17/doors/Захарова А.И.] com.haulmont.cuba.gui.xml.layout.loaders.ScrollBoxLayoutLoader - 100% height of AbstractFrame id=windowActions inside vertical scrollBox replaced with -1px height
2017-01-04 20:59:28.942 DEBUG [http-nio-8080-exec-17/doors-core/Захарова А.И.] com.haulmont.cuba.core.app.RdbmsStore - load: metaClass=doors$Customer, id=d6ebee81-9935-8f37-91b5-7920b993228d, view=com.ekom.doors.entity.Customer/_local
2017-01-04 20:59:29.146 DEBUG [http-nio-8080-exec-17/doors-core/Захарова А.И.] com.haulmont.cuba.core.app.RdbmsStore - loadList: metaClass=doors$Order, view=com.ekom.doors.entity.Order/orderWithCustomerAndDoor, query=select e from doors$Order e where e.customer.id = :ds_customerDs order by e.date, max=10000
2017-01-04 20:59:35.652 DEBUG [http-nio-8080-exec-1/doors-core/Захарова А.И.] com.haulmont.cuba.security.app.EntityLog - Loading entities
2017-01-04 20:59:35.773 DEBUG [http-nio-8080-exec-1/doors-core/Захарова А.И.] com.haulmont.cuba.security.app.EntityLog - Loaded: entitiesAuto=0, entitiesManual=0
2017-01-04 21:02:16.132 DEBUG [http-nio-8080-exec-11/doors/Захарова А.И.] com.haulmont.cuba.web.App - Closing all windows
2017-01-04 21:02:16.135 DEBUG [http-nio-8080-exec-11/doors-core/Захарова А.И.] com.haulmont.cuba.security.app.UserSessions - Removed session: 4ab5a565-ab8f-0e82-8bf0-1ef33713117a [Захарова А.И.], since: Wed Jan 04 20:58:01 MSK 2017, lastUsed: Wed Jan 04 21:02:14 MSK 2017
2017-01-04 21:02:16.136 INFO  [http-nio-8080-exec-11/doors-core/Захарова А.И.] com.haulmont.cuba.security.app.LoginWorkerBean - Logged out: 4ab5a565-ab8f-0e82-8bf0-1ef33713117a [Захарова А.И.]
2017-01-04 21:02:16.136 DEBUG [http-nio-8080-exec-11] com.haulmont.cuba.web.DefaultApp - connectionStateChanged connected: false, authenticated: false
2017-01-04 21:02:16.136 DEBUG [http-nio-8080-exec-11] com.haulmont.cuba.web.App - Closing all windows
2017-01-04 21:02:16.140 DEBUG [http-nio-8080-exec-11/doors/anonymous] com.haulmont.cuba.web.DefaultApp - connectionStateChanged connected: true, authenticated: false
2017-01-04 21:02:16.140 DEBUG [http-nio-8080-exec-11/doors/anonymous] com.haulmont.cuba.web.App - Closing all windows
2017-01-04 21:02:16.146 DEBUG [http-nio-8080-exec-11/doors/anonymous] com.haulmont.cuba.web.AbstractConnection - Logged in: user=anonymous, ip=0:0:0:0:0:0:0:1, clientInfo=Web (localhost:8080/doors) Mozilla/5.0 (Macintosh; Intel Mac OS X 10_12_2) AppleWebKit/602.3.12 (KHTML, like Gecko) Version/10.0.2 Safari/602.3.12
2017-01-04 21:02:32.760 INFO  [http-nio-8080-exec-3/doors-core/anonymous] com.haulmont.cuba.security.app.LoginWorkerBean - Logged in: b52ed00b-fc5d-4608-b489-1b0aba096eee [Захарова А.И.]
2017-01-04 21:02:32.765 DEBUG [http-nio-8080-exec-3/doors/Захарова А.И.] com.haulmont.cuba.web.DefaultApp - connectionStateChanged connected: true, authenticated: true
2017-01-04 21:02:32.765 DEBUG [http-nio-8080-exec-3/doors/Захарова А.И.] com.haulmont.cuba.web.App - Closing all windows
2017-01-04 21:02:32.765 DEBUG [http-nio-8080-exec-3/doors/Захарова А.И.] com.haulmont.cuba.web.DefaultApp - Session reinitialized: HttpSession=org.apache.catalina.session.StandardSessionFacade@72329d66, timeout=1800sec, UserSession=b52ed00b-fc5d-4608-b489-1b0aba096eee [Захарова А.И.]
2017-01-04 21:02:33.090 DEBUG [http-nio-8080-exec-3/doors-core/Захарова А.И.] com.haulmont.cuba.core.app.RdbmsStore - loadList: metaClass=sec$UserSubstitution, view=com.haulmont.cuba.security.entity.UserSubstitution/app, query=select us from sec$UserSubstitution us where us.user.id = :userId and (us.endDate is null or us.endDate >= :currentDate) and (us.startDate is null or us.startDate <= :currentDate) and (us.substitutedUser.active = true or us.substitutedUser.active is null) order by us.substitutedUser.name
2017-01-04 21:02:33.271 DEBUG [http-nio-8080-exec-3/doors-core/Захарова А.И.] com.haulmont.cuba.core.app.FoldersServiceBean - Loading AppFolders
2017-01-04 21:02:33.358 DEBUG [http-nio-8080-exec-3/doors-core/Захарова А.И.] com.haulmont.cuba.core.app.FoldersServiceBean - Loading SearchFolders
2017-01-04 21:02:33.519 DEBUG [http-nio-8080-exec-3/doors/Захарова А.И.] com.haulmont.cuba.web.AbstractConnection - Logged in: user=Захарова А.И., ip=0:0:0:0:0:0:0:1, clientInfo=Web (localhost:8080/doors) Mozilla/5.0 (Macintosh; Intel Mac OS X 10_12_2) AppleWebKit/602.3.12 (KHTML, like Gecko) Version/10.0.2 Safari/602.3.12
2017-01-04 21:02:36.162 DEBUG [http-nio-8080-exec-6/doors-core/Захарова А.И.] com.haulmont.cuba.core.app.RdbmsStore - loadList: metaClass=sec$Filter, view=com.haulmont.cuba.security.entity.FilterEntity/app, query=select f from sec$Filter f left join f.user u where f.componentId = :component and (u.id = :userId or u is null) order by f.name
2017-01-04 21:02:36.443 DEBUG [http-nio-8080-exec-6/doors-core/Захарова А.И.] com.haulmont.cuba.core.app.RdbmsStore - loadList: metaClass=doors$Customer, view=com.ekom.doors.entity.Customer/_local, query=select e from doors$Customer e, max=50
2017-01-04 21:02:41.965 DEBUG [http-nio-8080-exec-21/doors-core/Захарова А.И.] com.haulmont.cuba.core.app.RdbmsStore - loadList: metaClass=sec$Filter, view=com.haulmont.cuba.security.entity.FilterEntity/app, query=select f from sec$Filter f left join f.user u where f.componentId = :component and (u.id = :userId or u is null) order by f.name
2017-01-04 21:02:42.159 DEBUG [http-nio-8080-exec-21/doors-core/Захарова А.И.] com.haulmont.cuba.core.app.RdbmsStore - loadList: metaClass=doors$Door, view=com.ekom.doors.entity.Door/_local, query=select e from doors$Door e order by e.kind, max=50
2017-01-04 21:02:51.307 DEBUG [http-nio-8080-exec-16/doors-core/Захарова А.И.] com.haulmont.cuba.core.app.RdbmsStore - loadList: metaClass=sec$UserSubstitution, view=com.haulmont.cuba.security.entity.UserSubstitution/app, query=select us from sec$UserSubstitution us where us.user.id = :userId and (us.endDate is null or us.endDate >= :currentDate) and (us.startDate is null or us.startDate <= :currentDate) and (us.substitutedUser.active = true or us.substitutedUser.active is null) order by us.substitutedUser.name
2017-01-04 21:02:51.485 DEBUG [http-nio-8080-exec-16/doors-core/Захарова А.И.] com.haulmont.cuba.core.app.FoldersServiceBean - Loading AppFolders
2017-01-04 21:02:51.570 DEBUG [http-nio-8080-exec-16/doors-core/Захарова А.И.] com.haulmont.cuba.core.app.FoldersServiceBean - Loading SearchFolders
2017-01-04 21:03:01.117 DEBUG [http-nio-8080-exec-4/doors/Захарова А.И.] com.haulmont.cuba.web.App - Closing all windows
2017-01-04 21:03:01.118 DEBUG [http-nio-8080-exec-4/doors-core/Захарова А.И.] com.haulmont.cuba.security.app.UserSessions - Removed session: b52ed00b-fc5d-4608-b489-1b0aba096eee [Захарова А.И.], since: Wed Jan 04 21:02:32 MSK 2017, lastUsed: Wed Jan 04 21:02:50 MSK 2017
2017-01-04 21:03:01.118 INFO  [http-nio-8080-exec-4/doors-core/Захарова А.И.] com.haulmont.cuba.security.app.LoginWorkerBean - Logged out: b52ed00b-fc5d-4608-b489-1b0aba096eee [Захарова А.И.]
2017-01-04 21:03:01.118 DEBUG [http-nio-8080-exec-4] com.haulmont.cuba.web.DefaultApp - connectionStateChanged connected: false, authenticated: false
2017-01-04 21:03:01.118 DEBUG [http-nio-8080-exec-4] com.haulmont.cuba.web.App - Closing all windows
2017-01-04 21:03:01.121 DEBUG [http-nio-8080-exec-4/doors/anonymous] com.haulmont.cuba.web.DefaultApp - connectionStateChanged connected: true, authenticated: false
2017-01-04 21:03:01.121 DEBUG [http-nio-8080-exec-4/doors/anonymous] com.haulmont.cuba.web.App - Closing all windows
2017-01-04 21:03:01.133 DEBUG [http-nio-8080-exec-4/doors/anonymous] com.haulmont.cuba.web.AbstractConnection - Logged in: user=anonymous, ip=0:0:0:0:0:0:0:1, clientInfo=Web (localhost:8080/doors) Mozilla/5.0 (Macintosh; Intel Mac OS X 10_12_2) AppleWebKit/602.3.12 (KHTML, like Gecko) Version/10.0.2 Safari/602.3.12
