2016-12-28 08:22:49.750 INFO  [localhost-startStop-1] com.haulmont.cuba.core.sys.AppComponents - Using app components: [com.haulmont.cuba]
2016-12-28 08:22:49.787 INFO  [localhost-startStop-1] com.haulmont.cuba.web.sys.WebAppContextLoader - Loading app properties from classpath:cuba-web-app.properties
2016-12-28 08:22:49.805 INFO  [localhost-startStop-1] com.haulmont.cuba.web.sys.WebAppContextLoader - Loading app properties from classpath:com/ekom/doors/web-app.properties
2016-12-28 08:22:50.204 INFO  [localhost-startStop-1] com.haulmont.cuba.core.sys.CubaClassPathXmlApplicationContext - Refreshing com.haulmont.cuba.core.sys.CubaClassPathXmlApplicationContext@730aed0c: startup date [Wed Dec 28 08:22:50 MSK 2016]; root of context hierarchy
2016-12-28 08:22:52.847 INFO  [localhost-startStop-1] com.haulmont.cuba.web.sys.remoting.WebRemoteProxyBeanCreator - Configuring proxy beans for local service invocations: [cuba_LoginService, cuba_ServerInfoService, cuba_UserSettingService, cuba_UserManagementService, cuba_DataService, cuba_ConfigStorageService, cuba_PersistenceManagerService, cuba_LockService, cuba_UserSessionService, cuba_FoldersService, cuba_EmailService, cuba_FileStorageService, cuba_EntitySnapshotService, cuba_UniqueNumbersService, cuba_LocalizedMessageService, cuba_ResourceService, cuba_ScheduledTasksService, cuba_EntityLogService, cuba_TestingService, cuba_ObjectsCacheManagerService, cuba_DomainDescriptionService, cuba_RelatedEntitiesService, cuba_EntitySqlGenerationService, cuba_NumberIdService, cuba_QueryResultsService, cuba_DynamicAttributesCacheService, cuba_EntityRestoreService, cuba_LocalFileExchangeService, cuba_EntityImportExportService, cuba_ScreenProfilerService, cuba_ServerTokenStore, cuba_IdpService]
2016-12-28 08:22:53.803 INFO  [localhost-startStop-1] com.haulmont.chile.core.datatypes.Datatypes - Can't find /datatypes.xml, using default datatypes settings
2016-12-28 08:22:54.802 INFO  [localhost-startStop-1] com.haulmont.cuba.core.sys.CubaThreadPoolTaskScheduler - Initializing ExecutorService  'scheduler'
2016-12-28 08:22:55.321 INFO  [localhost-startStop-1] com.haulmont.cuba.core.sys.jmx.MBeanExporter - Registering beans for JMX exposure: [doors.cuba:type=ConfigStorage, doors.cuba:type=CachingFacade, doors.cuba:type=FileUploading, doors.cuba:type=JmxNodeIdentifier, doors.cuba:type=JmxLogControl, doors.cuba:type=ClassLoaderManager, doors.cuba:type=StatisticsCounter]
2016-12-28 08:22:55.444 INFO  [localhost-startStop-1] com.haulmont.cuba.web.sys.WebAppContextLoader - AppContext initialized
2016-12-28 08:22:55.516 INFO  [localhost-startStop-1] com.haulmont.cuba.web.sys.CubaDispatcherServlet - FrameworkServlet 'dispatcher': initialization started
2016-12-28 08:22:55.526 INFO  [localhost-startStop-1] com.haulmont.cuba.core.sys.CubaXmlWebApplicationContext - Refreshing WebApplicationContext for namespace 'dispatcher-servlet': startup date [Wed Dec 28 08:22:55 MSK 2016]; parent: com.haulmont.cuba.core.sys.CubaClassPathXmlApplicationContext@730aed0c
2016-12-28 08:22:57.924 INFO  [localhost-startStop-1] com.haulmont.cuba.web.sys.CubaDispatcherServlet - FrameworkServlet 'dispatcher': initialization completed in 2408 ms
2016-12-28 08:22:57.928 INFO  [localhost-startStop-1] com.haulmont.restapi.sys.CubaRestApiServlet - FrameworkServlet 'rest_api': initialization started
2016-12-28 08:22:57.930 INFO  [localhost-startStop-1] com.haulmont.cuba.core.sys.CubaXmlWebApplicationContext - Refreshing WebApplicationContext for namespace 'rest_api-servlet': startup date [Wed Dec 28 08:22:57 MSK 2016]; parent: com.haulmont.cuba.core.sys.CubaClassPathXmlApplicationContext@730aed0c
2016-12-28 08:23:00.259 INFO  [localhost-startStop-1] com.haulmont.restapi.sys.CubaRestApiServlet - FrameworkServlet 'rest_api': initialization completed in 2331 ms
2016-12-28 08:23:00.374 INFO  [localhost-startStop-1] com.haulmont.cuba.core.sys.AppComponents - Using app components: [com.haulmont.cuba]
2016-12-28 08:23:00.384 INFO  [localhost-startStop-1] com.haulmont.cuba.core.sys.AppContextLoader - Loading app properties from classpath:cuba-app.properties
2016-12-28 08:23:00.386 INFO  [localhost-startStop-1] com.haulmont.cuba.core.sys.AppContextLoader - Loading app properties from classpath:com/ekom/doors/app.properties
2016-12-28 08:23:00.397 INFO  [localhost-startStop-1] com.haulmont.cuba.core.sys.AppContextLoader - DbmsType of the main database is set to mssql2012
2016-12-28 08:23:00.526 INFO  [localhost-startStop-1] com.haulmont.cuba.core.sys.persistence.PersistenceConfigProcessor - Creating file /Users/home/studio-projects/Doors/build/tomcat/work/doors-core/persistence.xml
2016-12-28 08:23:00.546 INFO  [localhost-startStop-1] com.haulmont.cuba.core.sys.CubaCoreApplicationContext - Refreshing com.haulmont.cuba.core.sys.CubaCoreApplicationContext@caa7ff: startup date [Wed Dec 28 08:23:00 MSK 2016]; root of context hierarchy
2016-12-28 08:23:04.786 INFO  [localhost-startStop-1] com.haulmont.chile.core.datatypes.Datatypes - Can't find /datatypes.xml, using default datatypes settings
2016-12-28 08:23:08.264 INFO  [localhost-startStop-1] com.haulmont.cuba.core.sys.CubaThreadPoolTaskScheduler - Initializing ExecutorService  'scheduler'
2016-12-28 08:23:08.424 INFO  [localhost-startStop-1] com.haulmont.cuba.core.sys.jmx.MBeanExporter - Registering beans for JMX exposure: [doors-core.cuba:type=PersistenceManager, doors-core.cuba:type=ConfigStorage, doors-core.cuba:type=UserSessions, doors-core.cuba:type=UniqueNumbers, doors-core.cuba:type=Emailer, doors-core.cuba:type=EntityLog, doors-core.cuba:type=FileStorage, doors-core.cuba:type=LockManager, doors-core.cuba:type=CachingFacade, doors-core.cuba:type=ClusterManager, doors-core.cuba:type=ScriptingManager, doors-core.cuba:type=ServerInfo, doors-core.cuba:type=Scheduling, doors-core.cuba:type=ObjectsCacheManager, doors-core.cuba:type=PasswordEncryptionSupport, doors-core.cuba:type=JmxNodeIdentifier, doors-core.cuba:type=JmxLogControl, doors-core.cuba:type=ClassLoaderManager, doors-core.cuba:type=StatisticsCounter, doors-core.cuba:type=BruteForceProtection, doors-core.cuba:type=QueryCacheSupport, doors-core.cuba:type=IdpSessions]
2016-12-28 08:23:08.988 DEBUG [localhost-startStop-1] com.haulmont.cuba.security.app.LoginWorkerBean - Initialize anonymous session
2016-12-28 08:23:08.990 INFO  [localhost-startStop-1] com.haulmont.cuba.core.app.ConfigStorage - Loading DB-stored app properties cache
2016-12-28 08:23:09.745 INFO  [localhost-startStop-1] com.haulmont.cuba.core.sys.MetadataImpl - Initializing metadata
2016-12-28 08:23:09.885 INFO  [localhost-startStop-1] com.haulmont.cuba.core.sys.MetadataImpl - Metadata initialized in 140ms
2016-12-28 08:23:11.075 INFO  [localhost-startStop-1] com.haulmont.cuba.core.sys.DefaultPermissionValuesConfig - Initializing default permission values
2016-12-28 08:23:11.614 INFO  [localhost-startStop-1] com.haulmont.cuba.security.app.LoginWorkerBean - Logged in: b40d7bf4-3464-c143-5cec-b443b2c1cc94 [anonymous]
2016-12-28 08:23:11.615 DEBUG [localhost-startStop-1] com.haulmont.cuba.security.app.LoginWorkerBean - Anonymous session initialized with id b40d7bf4-3464-c143-5cec-b443b2c1cc94
2016-12-28 08:23:11.615 INFO  [localhost-startStop-1] com.haulmont.cuba.core.sys.AppContextLoader - AppContext initialized
2016-12-28 08:23:11.617 INFO  [localhost-startStop-1] com.haulmont.cuba.core.sys.remoting.RemotingServlet - FrameworkServlet 'remoting': initialization started
2016-12-28 08:23:11.619 INFO  [localhost-startStop-1] com.haulmont.cuba.core.sys.CubaDefaultXmlWebApplicationContext - Refreshing WebApplicationContext for namespace 'remoting-servlet': startup date [Wed Dec 28 08:23:11 MSK 2016]; parent: com.haulmont.cuba.core.sys.CubaCoreApplicationContext@caa7ff
2016-12-28 08:23:11.648 INFO  [localhost-startStop-1] com.haulmont.cuba.core.sys.remoting.RemoteServicesBeanCreator - Configuring remote services
2016-12-28 08:23:11.853 INFO  [localhost-startStop-1] com.haulmont.cuba.core.sys.remoting.RemotingServlet - FrameworkServlet 'remoting': initialization completed in 236 ms
2016-12-28 08:23:12.478 DEBUG [http-nio-8080-exec-13] com.haulmont.cuba.gui.theme.ThemeConstantsRepository - Loading theme constants
2016-12-28 08:23:12.486 DEBUG [http-nio-8080-exec-13] com.haulmont.cuba.web.App - Initializing application
2016-12-28 08:23:12.654 DEBUG [http-nio-8080-exec-13/doors/anonymous] com.haulmont.cuba.web.DefaultApp - connectionStateChanged connected: true, authenticated: false
2016-12-28 08:23:12.654 DEBUG [http-nio-8080-exec-13/doors/anonymous] com.haulmont.cuba.web.App - Closing all windows
2016-12-28 08:23:12.669 INFO  [http-nio-8080-exec-13/doors/anonymous] com.haulmont.cuba.core.sys.MetadataImpl - Initializing metadata
2016-12-28 08:23:12.913 INFO  [http-nio-8080-exec-13/doors/anonymous] com.haulmont.cuba.core.sys.MetadataImpl - Metadata initialized in 244ms
2016-12-28 08:23:13.336 DEBUG [http-nio-8080-exec-13/doors/anonymous] com.haulmont.cuba.web.AbstractConnection - Logged in: user=anonymous, ip=0:0:0:0:0:0:0:1, clientInfo=Web (localhost:8080/doors) Mozilla/5.0 (Macintosh; Intel Mac OS X 10_12_2) AppleWebKit/602.3.12 (KHTML, like Gecko) Version/10.0.2 Safari/602.3.12
2016-12-28 08:23:30.996 INFO  [http-nio-8080-exec-10/doors-core/anonymous] com.haulmont.cuba.security.app.LoginWorkerBean - Logged in: 4677108e-5c94-9e74-b33e-71649707f68b [admin]
2016-12-28 08:23:31.011 DEBUG [http-nio-8080-exec-10/doors/admin] com.haulmont.cuba.web.DefaultApp - connectionStateChanged connected: true, authenticated: true
2016-12-28 08:23:31.012 DEBUG [http-nio-8080-exec-10/doors/admin] com.haulmont.cuba.web.App - Closing all windows
2016-12-28 08:23:31.014 DEBUG [http-nio-8080-exec-10/doors/admin] com.haulmont.cuba.web.DefaultApp - Session reinitialized: HttpSession=org.apache.catalina.session.StandardSessionFacade@556fd99, timeout=1800sec, UserSession=4677108e-5c94-9e74-b33e-71649707f68b [admin]
2016-12-28 08:23:31.505 INFO  [http-nio-8080-exec-10/doors/admin] com.haulmont.cuba.client.sys.ViewRepositoryClientImpl - Initializing views
2016-12-28 08:23:31.507 DEBUG [http-nio-8080-exec-10/doors/admin] com.haulmont.cuba.client.sys.ViewRepositoryClientImpl - Deploying views config: cuba-views.xml
2016-12-28 08:23:31.514 DEBUG [http-nio-8080-exec-10/doors/admin] com.haulmont.cuba.client.sys.ViewRepositoryClientImpl - Deploying views config: com/ekom/doors/views.xml
2016-12-28 08:23:31.541 DEBUG [http-nio-8080-exec-10/doors-core/admin] com.haulmont.cuba.core.app.StoreFactory - No implementation is specified for _MAIN_ store, using RdbmsStore
2016-12-28 08:23:31.616 DEBUG [http-nio-8080-exec-10/doors-core/admin] com.haulmont.cuba.core.app.RdbmsStore - loadList: metaClass=sec$UserSubstitution, view=com.haulmont.cuba.security.entity.UserSubstitution/app, query=select us from sec$UserSubstitution us where us.user.id = :userId and (us.endDate is null or us.endDate >= :currentDate) and (us.startDate is null or us.startDate <= :currentDate) and (us.substitutedUser.active = true or us.substitutedUser.active is null) order by us.substitutedUser.name
2016-12-28 08:23:31.998 DEBUG [http-nio-8080-exec-10/doors-core/admin] com.haulmont.cuba.core.app.FoldersServiceBean - Loading AppFolders
2016-12-28 08:23:32.158 DEBUG [http-nio-8080-exec-10/doors-core/admin] com.haulmont.cuba.core.app.FoldersServiceBean - Loading SearchFolders
2016-12-28 08:23:32.458 DEBUG [http-nio-8080-exec-10/doors/admin] com.haulmont.cuba.web.AbstractConnection - Logged in: user=admin, ip=0:0:0:0:0:0:0:1, clientInfo=Web (localhost:8080/doors) Mozilla/5.0 (Macintosh; Intel Mac OS X 10_12_2) AppleWebKit/602.3.12 (KHTML, like Gecko) Version/10.0.2 Safari/602.3.12
2016-12-28 08:23:36.706 INFO  [http-nio-8080-exec-18/doors-core/admin] com.haulmont.cuba.core.app.PersistenceManager - Loading statistics cache
2016-12-28 08:23:36.870 INFO  [http-nio-8080-exec-18/doors-core/admin] com.haulmont.cuba.core.sys.ViewRepositoryImpl - Initializing views
2016-12-28 08:23:37.023 DEBUG [http-nio-8080-exec-18/doors-core/admin] com.haulmont.cuba.core.app.RdbmsStore - loadList: metaClass=sec$Filter, view=com.haulmont.cuba.security.entity.FilterEntity/app, query=select f from sec$Filter f left join f.user u where f.componentId = :component and (u.id = :userId or u is null) order by f.name
2016-12-28 08:23:37.628 DEBUG [http-nio-8080-exec-18/doors-core/admin] com.haulmont.cuba.core.app.RdbmsStore - loadList: metaClass=doors$Door, view=com.ekom.doors.entity.Door/_local, query=select e from doors$Door e, max=50
2016-12-28 08:23:45.890 INFO  [ClientCacheManager-pool-1-thread-1] com.haulmont.cuba.security.app.LoginWorkerBean - Logged in: bfa56c1e-31cd-85f0-016e-84e311592cd2 [admin]
2016-12-28 08:24:30.394 DEBUG [http-nio-8080-exec-15/doors-core/admin] com.haulmont.cuba.core.app.RdbmsStore - loadList: metaClass=sec$UserSubstitution, view=com.haulmont.cuba.security.entity.UserSubstitution/app, query=select us from sec$UserSubstitution us where us.user.id = :userId and (us.endDate is null or us.endDate >= :currentDate) and (us.startDate is null or us.startDate <= :currentDate) and (us.substitutedUser.active = true or us.substitutedUser.active is null) order by us.substitutedUser.name
2016-12-28 08:24:30.557 DEBUG [http-nio-8080-exec-15/doors-core/admin] com.haulmont.cuba.core.app.FoldersServiceBean - Loading AppFolders
2016-12-28 08:24:30.651 DEBUG [http-nio-8080-exec-15/doors-core/admin] com.haulmont.cuba.core.app.FoldersServiceBean - Loading SearchFolders
2016-12-28 08:24:32.797 DEBUG [http-nio-8080-exec-6/doors-core/admin] com.haulmont.cuba.core.app.RdbmsStore - loadList: metaClass=sec$Filter, view=com.haulmont.cuba.security.entity.FilterEntity/app, query=select f from sec$Filter f left join f.user u where f.componentId = :component and (u.id = :userId or u is null) order by f.name
2016-12-28 08:24:32.892 DEBUG [http-nio-8080-exec-6/doors-core/admin] com.haulmont.cuba.core.app.RdbmsStore - loadList: metaClass=doors$Door, view=com.ekom.doors.entity.Door/_local, query=select e from doors$Door e, max=50
2016-12-28 08:25:19.516 DEBUG [http-nio-8080-exec-17/doors-core/admin] com.haulmont.cuba.core.app.RdbmsStore - commit: commitInstances=[com.ekom.doors.entity.Door-0e7b2eaf-1435-bf26-a140-22596c7dcb23 [new]], removeInstances=[]
2016-12-28 08:25:19.520 DEBUG [http-nio-8080-exec-17/doors-core/admin] com.haulmont.cuba.security.app.EntityLog - Loading entities
2016-12-28 08:25:19.606 DEBUG [http-nio-8080-exec-17/doors-core/admin] com.haulmont.cuba.security.app.EntityLog - Loaded: entitiesAuto=0, entitiesManual=0
2016-12-28 08:26:31.808 DEBUG [http-nio-8080-exec-1/doors-core/admin] com.haulmont.cuba.core.app.RdbmsStore - commit: commitInstances=[com.ekom.doors.entity.Door-754256b5-4e53-55b7-31b3-821fcb361a4b [new]], removeInstances=[]
2016-12-28 08:28:28.538 DEBUG [http-nio-8080-exec-14/doors-core/admin] com.haulmont.cuba.core.app.RdbmsStore - load: metaClass=doors$Door, id=3caf560e-e41e-e44b-291d-5c19e808804c, view=com.ekom.doors.entity.Door/_local
2016-12-28 08:29:18.460 DEBUG [http-nio-8080-exec-20/doors-core/admin] com.haulmont.cuba.core.app.RdbmsStore - commit: commitInstances=[com.ekom.doors.entity.Door-4ec4c324-f8d9-9466-0e46-be61238bd3fb [new]], removeInstances=[]
2016-12-28 08:29:49.461 DEBUG [http-nio-8080-exec-11/doors-core/admin] com.haulmont.cuba.core.app.RdbmsStore - commit: commitInstances=[com.ekom.doors.entity.Door-88e8a8d6-04fb-4811-77d7-9def67b1d703 [new]], removeInstances=[]
2016-12-28 08:30:30.045 DEBUG [http-nio-8080-exec-19/doors-core/admin] com.haulmont.cuba.core.app.RdbmsStore - commit: commitInstances=[com.ekom.doors.entity.Door-1f3d796d-aa0f-5e85-46bc-2d2f61db0b33 [new]], removeInstances=[]
2016-12-28 08:31:07.477 DEBUG [http-nio-8080-exec-11/doors-core/admin] com.haulmont.cuba.core.app.RdbmsStore - commit: commitInstances=[com.ekom.doors.entity.Door-3d77889d-682b-114b-6803-ebd3d7c4762f [new]], removeInstances=[]
2016-12-28 08:31:11.729 DEBUG [http-nio-8080-exec-10/doors-core/admin] com.haulmont.cuba.core.app.RdbmsStore - load: metaClass=doors$Door, id=4ec4c324-f8d9-9466-0e46-be61238bd3fb, view=com.ekom.doors.entity.Door/_local
2016-12-28 08:31:16.519 DEBUG [http-nio-8080-exec-16/doors-core/admin] com.haulmont.cuba.core.app.RdbmsStore - commit: commitInstances=[com.ekom.doors.entity.Door-4ec4c324-f8d9-9466-0e46-be61238bd3fb [detached]], removeInstances=[]
2016-12-28 08:31:22.686 DEBUG [http-nio-8080-exec-19/doors-core/admin] com.haulmont.cuba.core.app.RdbmsStore - load: metaClass=doors$Door, id=1f3d796d-aa0f-5e85-46bc-2d2f61db0b33, view=com.ekom.doors.entity.Door/_local
2016-12-28 08:31:31.337 DEBUG [http-nio-8080-exec-10/doors-core/admin] com.haulmont.cuba.core.app.RdbmsStore - commit: commitInstances=[com.ekom.doors.entity.Door-1f3d796d-aa0f-5e85-46bc-2d2f61db0b33 [detached]], removeInstances=[]
2016-12-28 08:31:36.196 DEBUG [http-nio-8080-exec-14/doors-core/admin] com.haulmont.cuba.core.app.RdbmsStore - load: metaClass=doors$Door, id=88e8a8d6-04fb-4811-77d7-9def67b1d703, view=com.ekom.doors.entity.Door/_local
2016-12-28 08:31:40.346 DEBUG [http-nio-8080-exec-10/doors-core/admin] com.haulmont.cuba.core.app.RdbmsStore - commit: commitInstances=[com.ekom.doors.entity.Door-88e8a8d6-04fb-4811-77d7-9def67b1d703 [detached]], removeInstances=[]
2016-12-28 08:32:36.190 DEBUG [http-nio-8080-exec-23/doors-core/admin] com.haulmont.cuba.core.app.RdbmsStore - commit: commitInstances=[com.ekom.doors.entity.Door-04c2661d-ddd7-2891-2df1-9d7de6b104da [new]], removeInstances=[]
2016-12-28 08:33:12.037 DEBUG [http-nio-8080-exec-19/doors/admin] com.haulmont.cuba.web.App - Ping session
2016-12-28 08:33:28.654 DEBUG [http-nio-8080-exec-14/doors-core/admin] com.haulmont.cuba.core.app.RdbmsStore - commit: commitInstances=[com.ekom.doors.entity.Door-4aafeec2-4ec6-6536-5446-133a50ea04bd [new]], removeInstances=[]
2016-12-28 08:34:29.318 DEBUG [http-nio-8080-exec-24/doors/admin] com.haulmont.cuba.web.App - Ping session
2016-12-28 08:36:50.096 DEBUG [http-nio-8080-exec-8/doors-core/admin] com.haulmont.cuba.core.app.RdbmsStore - commit: commitInstances=[com.ekom.doors.entity.Door-5c824d6d-ddaa-6c3a-ba36-d7426f670762 [new]], removeInstances=[]
2016-12-28 08:38:00.356 DEBUG [http-nio-8080-exec-4/doors-core/admin] com.haulmont.cuba.core.app.RdbmsStore - commit: commitInstances=[com.ekom.doors.entity.Door-aedc2326-5690-2ac7-26a1-1316216a5bd7 [new]], removeInstances=[]
2016-12-28 08:39:59.816 DEBUG [http-nio-8080-exec-10/doors-core/admin] com.haulmont.cuba.core.app.RdbmsStore - commit: commitInstances=[com.ekom.doors.entity.Door-02c2e4c7-47d8-7f4f-71a6-dc4172f65840 [new]], removeInstances=[]
2016-12-28 08:40:51.499 DEBUG [http-nio-8080-exec-20/doors-core/admin] com.haulmont.cuba.core.app.RdbmsStore - load: metaClass=doors$Door, id=8fba8980-1bfa-41ba-7649-6e6c6b85eefd, view=com.ekom.doors.entity.Door/_local
2016-12-28 08:41:10.968 DEBUG [http-nio-8080-exec-14/doors-core/admin] com.haulmont.cuba.core.app.RdbmsStore - commit: commitInstances=[com.ekom.doors.entity.Door-8fba8980-1bfa-41ba-7649-6e6c6b85eefd [detached]], removeInstances=[]
2016-12-28 08:42:09.888 DEBUG [http-nio-8080-exec-20/doors-core/admin] com.haulmont.cuba.core.app.RdbmsStore - commit: commitInstances=[com.ekom.doors.entity.Door-0bfdc95a-d5eb-4c60-8e57-1730ce7733aa [new]], removeInstances=[]
2016-12-28 08:43:12.033 DEBUG [http-nio-8080-exec-23/doors/admin] com.haulmont.cuba.web.App - Ping session
2016-12-28 08:43:17.398 DEBUG [http-nio-8080-exec-17/doors-core/admin] com.haulmont.cuba.core.app.RdbmsStore - commit: commitInstances=[com.ekom.doors.entity.Door-30b91d7c-cfea-5a6a-0402-2cd99e20f540 [new]], removeInstances=[]
2016-12-28 08:43:50.569 DEBUG [http-nio-8080-exec-19/doors-core/admin] com.haulmont.cuba.core.app.RdbmsStore - commit: commitInstances=[com.ekom.doors.entity.Door-db3b7336-c797-f42f-cf53-e6507bf81351 [new]], removeInstances=[]
2016-12-28 08:44:57.709 DEBUG [http-nio-8080-exec-10/doors-core/admin] com.haulmont.cuba.core.app.RdbmsStore - commit: commitInstances=[com.ekom.doors.entity.Door-1541c917-bd7e-6047-4bfe-1d57570ab68e [new]], removeInstances=[]
2016-12-28 08:46:08.802 DEBUG [http-nio-8080-exec-23/doors-core/admin] com.haulmont.cuba.core.app.RdbmsStore - commit: commitInstances=[com.ekom.doors.entity.Door-0ac00115-71eb-1d6c-18f7-8aeb22a56e3c [new]], removeInstances=[]
2016-12-28 08:46:17.020 DEBUG [http-nio-8080-exec-3/doors/admin] com.haulmont.cuba.web.App - Ping session
2016-12-28 08:50:12.669 DEBUG [http-nio-8080-exec-17/doors-core/admin] com.haulmont.cuba.core.app.RdbmsStore - commit: commitInstances=[com.ekom.doors.entity.Door-8bf21216-9eb8-0955-a144-049ff3f3d01e [new]], removeInstances=[]
2016-12-28 08:51:26.896 DEBUG [http-nio-8080-exec-23/doors-core/admin] com.haulmont.cuba.core.app.RdbmsStore - commit: commitInstances=[com.ekom.doors.entity.Door-ae0a0e91-6b78-f146-ccdf-c420390dd223 [new]], removeInstances=[]
2016-12-28 08:52:39.079 DEBUG [http-nio-8080-exec-17/doors-core/admin] com.haulmont.cuba.core.app.RdbmsStore - commit: commitInstances=[com.ekom.doors.entity.Door-85bc3ecf-806f-c8d9-fa0c-2307083c6165 [new]], removeInstances=[]
2016-12-28 08:53:12.028 DEBUG [http-nio-8080-exec-20/doors/admin] com.haulmont.cuba.web.App - Ping session
2016-12-28 08:53:52.221 DEBUG [http-nio-8080-exec-8/doors-core/admin] com.haulmont.cuba.core.app.RdbmsStore - commit: commitInstances=[com.ekom.doors.entity.Door-6770baf6-e9bb-9498-5902-cc7a88172d69 [new]], removeInstances=[]
2016-12-28 08:57:57.008 DEBUG [http-nio-8080-exec-4/doors/admin] com.haulmont.cuba.web.App - Ping session
2016-12-28 08:58:14.441 DEBUG [http-nio-8080-exec-14/doors-core/admin] com.haulmont.cuba.core.app.RdbmsStore - commit: commitInstances=[com.ekom.doors.entity.Door-f53526b3-9414-f95a-5353-aa0211725c8c [new]], removeInstances=[]
2016-12-28 09:00:15.187 DEBUG [http-nio-8080-exec-17/doors-core/admin] com.haulmont.cuba.core.app.RdbmsStore - commit: commitInstances=[com.ekom.doors.entity.Door-0ec6dcc9-3d0b-0161-5405-d92128099894 [new]], removeInstances=[]
2016-12-28 09:01:17.887 DEBUG [http-nio-8080-exec-23/doors-core/admin] com.haulmont.cuba.core.app.RdbmsStore - load: metaClass=doors$Door, id=8fba8980-1bfa-41ba-7649-6e6c6b85eefd, view=com.ekom.doors.entity.Door/_local
2016-12-28 09:01:43.681 DEBUG [http-nio-8080-exec-20/doors-core/admin] com.haulmont.cuba.core.app.RdbmsStore - commit: commitInstances=[com.ekom.doors.entity.Door-8fba8980-1bfa-41ba-7649-6e6c6b85eefd [detached]], removeInstances=[]
2016-12-28 09:01:49.075 DEBUG [http-nio-8080-exec-10/doors-core/admin] com.haulmont.cuba.core.app.RdbmsStore - load: metaClass=doors$Door, id=0bfdc95a-d5eb-4c60-8e57-1730ce7733aa, view=com.ekom.doors.entity.Door/_local
2016-12-28 09:02:02.541 DEBUG [http-nio-8080-exec-17/doors-core/admin] com.haulmont.cuba.core.app.RdbmsStore - commit: commitInstances=[com.ekom.doors.entity.Door-0bfdc95a-d5eb-4c60-8e57-1730ce7733aa [detached]], removeInstances=[]
2016-12-28 09:02:04.242 DEBUG [http-nio-8080-exec-10/doors-core/admin] com.haulmont.cuba.core.app.RdbmsStore - load: metaClass=doors$Door, id=30b91d7c-cfea-5a6a-0402-2cd99e20f540, view=com.ekom.doors.entity.Door/_local
2016-12-28 09:02:07.297 DEBUG [http-nio-8080-exec-17/doors-core/admin] com.haulmont.cuba.core.app.RdbmsStore - commit: commitInstances=[com.ekom.doors.entity.Door-30b91d7c-cfea-5a6a-0402-2cd99e20f540 [detached]], removeInstances=[]
2016-12-28 09:02:10.455 DEBUG [http-nio-8080-exec-3/doors-core/admin] com.haulmont.cuba.core.app.RdbmsStore - load: metaClass=doors$Door, id=db3b7336-c797-f42f-cf53-e6507bf81351, view=com.ekom.doors.entity.Door/_local
2016-12-28 09:02:14.052 DEBUG [http-nio-8080-exec-23/doors-core/admin] com.haulmont.cuba.core.app.RdbmsStore - commit: commitInstances=[com.ekom.doors.entity.Door-db3b7336-c797-f42f-cf53-e6507bf81351 [detached]], removeInstances=[]
2016-12-28 09:02:15.295 DEBUG [http-nio-8080-exec-3/doors-core/admin] com.haulmont.cuba.core.app.RdbmsStore - load: metaClass=doors$Door, id=1541c917-bd7e-6047-4bfe-1d57570ab68e, view=com.ekom.doors.entity.Door/_local
2016-12-28 09:02:20.838 DEBUG [http-nio-8080-exec-19/doors-core/admin] com.haulmont.cuba.core.app.RdbmsStore - commit: commitInstances=[com.ekom.doors.entity.Door-1541c917-bd7e-6047-4bfe-1d57570ab68e [detached]], removeInstances=[]
2016-12-28 09:02:22.096 DEBUG [http-nio-8080-exec-8/doors-core/admin] com.haulmont.cuba.core.app.RdbmsStore - load: metaClass=doors$Door, id=0ac00115-71eb-1d6c-18f7-8aeb22a56e3c, view=com.ekom.doors.entity.Door/_local
2016-12-28 09:02:26.190 DEBUG [http-nio-8080-exec-24/doors-core/admin] com.haulmont.cuba.core.app.RdbmsStore - commit: commitInstances=[com.ekom.doors.entity.Door-0ac00115-71eb-1d6c-18f7-8aeb22a56e3c [detached]], removeInstances=[]
2016-12-28 09:03:12.034 DEBUG [http-nio-8080-exec-17/doors/admin] com.haulmont.cuba.web.App - Ping session
2016-12-28 09:13:12.028 DEBUG [http-nio-8080-exec-23/doors/admin] com.haulmont.cuba.web.App - Ping session
2016-12-28 09:14:40.488 DEBUG [http-nio-8080-exec-14/doors-core/admin] com.haulmont.cuba.core.app.RdbmsStore - loadList: metaClass=sec$UserSubstitution, view=com.haulmont.cuba.security.entity.UserSubstitution/app, query=select us from sec$UserSubstitution us where us.user.id = :userId and (us.endDate is null or us.endDate >= :currentDate) and (us.startDate is null or us.startDate <= :currentDate) and (us.substitutedUser.active = true or us.substitutedUser.active is null) order by us.substitutedUser.name
2016-12-28 09:14:40.690 DEBUG [http-nio-8080-exec-14/doors-core/admin] com.haulmont.cuba.core.app.FoldersServiceBean - Loading AppFolders
2016-12-28 09:14:40.809 DEBUG [http-nio-8080-exec-14/doors-core/admin] com.haulmont.cuba.core.app.FoldersServiceBean - Loading SearchFolders
2016-12-28 09:15:18.361 DEBUG [http-nio-8080-exec-14/doors-core/admin] com.haulmont.cuba.core.app.RdbmsStore - loadList: metaClass=sec$Filter, view=com.haulmont.cuba.security.entity.FilterEntity/app, query=select f from sec$Filter f left join f.user u where f.componentId = :component and (u.id = :userId or u is null) order by f.name
2016-12-28 09:15:18.504 DEBUG [http-nio-8080-exec-14/doors-core/admin] com.haulmont.cuba.core.app.RdbmsStore - loadList: metaClass=doors$Door, view=com.ekom.doors.entity.Door/_local, query=select e from doors$Door e, max=50
2016-12-28 09:15:36.174 DEBUG [http-nio-8080-exec-14/doors-core/admin] com.haulmont.cuba.core.app.RdbmsStore - load: metaClass=doors$Door, id=30b91d7c-cfea-5a6a-0402-2cd99e20f540, view=com.ekom.doors.entity.Door/_local
2016-12-28 09:16:16.244 DEBUG [http-nio-8080-exec-23/doors-core/admin] com.haulmont.cuba.core.app.RdbmsStore - commit: commitInstances=[com.ekom.doors.entity.Door-66e9f9e3-72c8-c7c8-2cb3-7e84f3c2af9d [new]], removeInstances=[]
2016-12-28 09:16:41.737 DEBUG [http-nio-8080-exec-19/doors-core/admin] com.haulmont.cuba.core.app.RdbmsStore - commit: commitInstances=[com.ekom.doors.entity.Door-d6ed72c1-14b6-435f-cf26-62bb65b0a261 [new]], removeInstances=[]
2016-12-28 09:17:10.613 DEBUG [http-nio-8080-exec-17/doors-core/admin] com.haulmont.cuba.core.app.RdbmsStore - commit: commitInstances=[com.ekom.doors.entity.Door-915d4d4a-f9d0-ce52-9b8c-f042aa3a14f2 [new]], removeInstances=[]
2016-12-28 09:17:38.646 DEBUG [http-nio-8080-exec-24/doors-core/admin] com.haulmont.cuba.core.app.RdbmsStore - commit: commitInstances=[com.ekom.doors.entity.Door-8cb1593f-f405-e401-1036-54e47f9d7150 [new]], removeInstances=[]
2016-12-28 09:18:01.447 DEBUG [http-nio-8080-exec-17/doors-core/admin] com.haulmont.cuba.core.app.RdbmsStore - commit: commitInstances=[com.ekom.doors.entity.Door-3abe2e33-4d81-8bcd-0b12-a29fdddf560b [new]], removeInstances=[]
2016-12-28 09:18:27.386 DEBUG [http-nio-8080-exec-24/doors-core/admin] com.haulmont.cuba.core.app.RdbmsStore - commit: commitInstances=[com.ekom.doors.entity.Door-d0da0110-8543-f585-b86a-07c6d4ab28b8 [new]], removeInstances=[]
2016-12-28 09:18:33.232 DEBUG [http-nio-8080-exec-20/doors-core/admin] com.haulmont.cuba.core.app.RdbmsStore - loadList: metaClass=sec$Filter, view=com.haulmont.cuba.security.entity.FilterEntity/app, query=select f from sec$Filter f left join f.user u where f.componentId = :component and (u.id = :userId or u is null) order by f.name
2016-12-28 09:18:33.479 DEBUG [http-nio-8080-exec-20/doors-core/admin] com.haulmont.cuba.core.app.RdbmsStore - loadList: metaClass=doors$Customer, view=com.ekom.doors.entity.Customer/_local, query=select e from doors$Customer e order by e.name, max=50
2016-12-28 09:18:36.330 WARN  [http-nio-8080-exec-14/doors/admin] com.haulmont.cuba.gui.xml.layout.loaders.ScrollBoxLayoutLoader - 100% height of AbstractFrame id=windowActions inside vertical scrollBox replaced with -1px height
2016-12-28 09:18:36.331 DEBUG [http-nio-8080-exec-14/doors-core/admin] com.haulmont.cuba.core.app.RdbmsStore - load: metaClass=doors$Customer, id=d6ebee81-9935-8f37-91b5-7920b993228d, view=com.ekom.doors.entity.Customer/_local
2016-12-28 09:18:36.594 DEBUG [http-nio-8080-exec-14/doors-core/admin] com.haulmont.cuba.core.app.RdbmsStore - loadList: metaClass=doors$Order, view=com.ekom.doors.entity.Order/orderWithCustomerAndDoor, query=select e from doors$Order e where e.customer.id = :ds_customerDs order by e.date, max=10000
2016-12-28 09:19:26.186 INFO  [scheduler-3] com.haulmont.cuba.core.sys.TriggerFilesProcessor - Calling cuba_Messages.clearCache
2016-12-28 09:20:32.366 DEBUG [http-nio-8080-exec-14/doors-core/admin] com.haulmont.cuba.core.app.RdbmsStore - loadList: metaClass=sec$UserSubstitution, view=com.haulmont.cuba.security.entity.UserSubstitution/app, query=select us from sec$UserSubstitution us where us.user.id = :userId and (us.endDate is null or us.endDate >= :currentDate) and (us.startDate is null or us.startDate <= :currentDate) and (us.substitutedUser.active = true or us.substitutedUser.active is null) order by us.substitutedUser.name
2016-12-28 09:20:32.533 DEBUG [http-nio-8080-exec-14/doors-core/admin] com.haulmont.cuba.core.app.FoldersServiceBean - Loading AppFolders
2016-12-28 09:20:32.609 DEBUG [http-nio-8080-exec-14/doors-core/admin] com.haulmont.cuba.core.app.FoldersServiceBean - Loading SearchFolders
2016-12-28 09:20:37.593 DEBUG [http-nio-8080-exec-4/doors-core/admin] com.haulmont.cuba.core.app.RdbmsStore - loadList: metaClass=sec$Filter, view=com.haulmont.cuba.security.entity.FilterEntity/app, query=select f from sec$Filter f left join f.user u where f.componentId = :component and (u.id = :userId or u is null) order by f.name
2016-12-28 09:20:37.680 DEBUG [http-nio-8080-exec-4/doors-core/admin] com.haulmont.cuba.core.app.RdbmsStore - loadList: metaClass=doors$Door, view=com.ekom.doors.entity.Door/_local, query=select e from doors$Door e, max=50
2016-12-28 09:26:38.775 DEBUG [http-nio-8080-exec-14/doors-core/admin] com.haulmont.cuba.core.app.RdbmsStore - load: metaClass=doors$Door, id=1c8aff0d-6b0d-59ae-ed88-fb69432b4780, view=com.ekom.doors.entity.Door/_local
2016-12-28 10:02:55.902 DEBUG [scheduler-6] com.haulmont.cuba.security.app.UserSessions - Removing session due to timeout: 4677108e-5c94-9e74-b33e-71649707f68b [admin], since: Wed Dec 28 08:23:30 MSK 2016, lastUsed: Wed Dec 28 09:26:38 MSK 2016
2016-12-28 10:14:27.622 DEBUG [http-nio-8080-exec-4] com.haulmont.cuba.web.App - Initializing application
2016-12-28 10:14:27.625 DEBUG [http-nio-8080-exec-4/doors/anonymous] com.haulmont.cuba.web.DefaultApp - connectionStateChanged connected: true, authenticated: false
2016-12-28 10:14:27.626 DEBUG [http-nio-8080-exec-4/doors/anonymous] com.haulmont.cuba.web.App - Closing all windows
2016-12-28 10:14:27.642 DEBUG [http-nio-8080-exec-4/doors/anonymous] com.haulmont.cuba.web.AbstractConnection - Logged in: user=anonymous, ip=0:0:0:0:0:0:0:1, clientInfo=Web (localhost:8080/doors) Mozilla/5.0 (Macintosh; Intel Mac OS X 10_12_2) AppleWebKit/602.3.12 (KHTML, like Gecko) Version/10.0.2 Safari/602.3.12
2016-12-28 10:14:29.907 INFO  [http-nio-8080-exec-8/doors-core/anonymous] com.haulmont.cuba.security.app.LoginWorkerBean - Logged in: a88a7cf1-e915-64a3-c71f-e38c02fbe54e [admin]
2016-12-28 10:14:29.916 DEBUG [http-nio-8080-exec-8/doors/admin] com.haulmont.cuba.web.DefaultApp - connectionStateChanged connected: true, authenticated: true
2016-12-28 10:14:29.917 DEBUG [http-nio-8080-exec-8/doors/admin] com.haulmont.cuba.web.App - Closing all windows
2016-12-28 10:14:29.917 DEBUG [http-nio-8080-exec-8/doors/admin] com.haulmont.cuba.web.DefaultApp - Session reinitialized: HttpSession=org.apache.catalina.session.StandardSessionFacade@6fbd1e60, timeout=1800sec, UserSession=a88a7cf1-e915-64a3-c71f-e38c02fbe54e [admin]
2016-12-28 10:14:30.230 DEBUG [http-nio-8080-exec-8/doors-core/admin] com.haulmont.cuba.core.app.RdbmsStore - loadList: metaClass=sec$UserSubstitution, view=com.haulmont.cuba.security.entity.UserSubstitution/app, query=select us from sec$UserSubstitution us where us.user.id = :userId and (us.endDate is null or us.endDate >= :currentDate) and (us.startDate is null or us.startDate <= :currentDate) and (us.substitutedUser.active = true or us.substitutedUser.active is null) order by us.substitutedUser.name
2016-12-28 10:14:30.440 DEBUG [http-nio-8080-exec-8/doors-core/admin] com.haulmont.cuba.core.app.FoldersServiceBean - Loading AppFolders
2016-12-28 10:14:30.565 DEBUG [http-nio-8080-exec-8/doors-core/admin] com.haulmont.cuba.core.app.FoldersServiceBean - Loading SearchFolders
2016-12-28 10:14:30.785 DEBUG [http-nio-8080-exec-8/doors/admin] com.haulmont.cuba.web.AbstractConnection - Logged in: user=admin, ip=0:0:0:0:0:0:0:1, clientInfo=Web (localhost:8080/doors) Mozilla/5.0 (Macintosh; Intel Mac OS X 10_12_2) AppleWebKit/602.3.12 (KHTML, like Gecko) Version/10.0.2 Safari/602.3.12
2016-12-28 10:56:33.259 DEBUG [scheduler-3] com.haulmont.cuba.security.app.UserSessions - Removing session due to timeout: a88a7cf1-e915-64a3-c71f-e38c02fbe54e [admin], since: Wed Dec 28 10:14:29 MSK 2016, lastUsed: Wed Dec 28 10:14:29 MSK 2016
