2017-01-07 17:36:27.408 INFO  [localhost-startStop-1] com.haulmont.cuba.core.sys.AppComponents - Using app components: [com.haulmont.cuba]
2017-01-07 17:36:27.450 INFO  [localhost-startStop-1] com.haulmont.cuba.web.sys.WebAppContextLoader - Loading app properties from classpath:cuba-web-app.properties
2017-01-07 17:36:27.452 INFO  [localhost-startStop-1] com.haulmont.cuba.web.sys.WebAppContextLoader - Loading app properties from classpath:com/ekom/doors/web-app.properties
2017-01-07 17:36:27.793 INFO  [localhost-startStop-1] com.haulmont.cuba.core.sys.CubaClassPathXmlApplicationContext - Refreshing com.haulmont.cuba.core.sys.CubaClassPathXmlApplicationContext@1e5fbd0d: startup date [Sat Jan 07 17:36:27 MSK 2017]; root of context hierarchy
2017-01-07 17:36:29.470 INFO  [localhost-startStop-1] com.haulmont.cuba.web.sys.remoting.WebRemoteProxyBeanCreator - Configuring proxy beans for local service invocations: [cuba_LoginService, cuba_ServerInfoService, cuba_UserSettingService, cuba_UserManagementService, cuba_DataService, cuba_ConfigStorageService, cuba_PersistenceManagerService, cuba_LockService, cuba_UserSessionService, cuba_FoldersService, cuba_EmailService, cuba_FileStorageService, cuba_EntitySnapshotService, cuba_UniqueNumbersService, cuba_LocalizedMessageService, cuba_ResourceService, cuba_ScheduledTasksService, cuba_EntityLogService, cuba_TestingService, cuba_ObjectsCacheManagerService, cuba_DomainDescriptionService, cuba_RelatedEntitiesService, cuba_EntitySqlGenerationService, cuba_NumberIdService, cuba_QueryResultsService, cuba_DynamicAttributesCacheService, cuba_EntityRestoreService, cuba_LocalFileExchangeService, cuba_EntityImportExportService, cuba_ScreenProfilerService, cuba_ServerTokenStore, cuba_IdpService]
2017-01-07 17:36:30.024 INFO  [localhost-startStop-1] com.haulmont.chile.core.datatypes.Datatypes - Can't find /datatypes.xml, using default datatypes settings
2017-01-07 17:36:30.924 INFO  [localhost-startStop-1] com.haulmont.cuba.core.sys.CubaThreadPoolTaskScheduler - Initializing ExecutorService  'scheduler'
2017-01-07 17:36:31.240 INFO  [localhost-startStop-1] com.haulmont.cuba.core.sys.jmx.MBeanExporter - Registering beans for JMX exposure: [doors.cuba:type=ConfigStorage, doors.cuba:type=CachingFacade, doors.cuba:type=FileUploading, doors.cuba:type=JmxNodeIdentifier, doors.cuba:type=JmxLogControl, doors.cuba:type=ClassLoaderManager, doors.cuba:type=StatisticsCounter]
2017-01-07 17:36:31.325 INFO  [localhost-startStop-1] com.haulmont.cuba.web.sys.WebAppContextLoader - AppContext initialized
2017-01-07 17:36:31.377 INFO  [localhost-startStop-1] com.haulmont.cuba.web.sys.CubaDispatcherServlet - FrameworkServlet 'dispatcher': initialization started
2017-01-07 17:36:31.382 INFO  [localhost-startStop-1] com.haulmont.cuba.core.sys.CubaXmlWebApplicationContext - Refreshing WebApplicationContext for namespace 'dispatcher-servlet': startup date [Sat Jan 07 17:36:31 MSK 2017]; parent: com.haulmont.cuba.core.sys.CubaClassPathXmlApplicationContext@1e5fbd0d
2017-01-07 17:36:32.729 INFO  [localhost-startStop-1] com.haulmont.cuba.web.sys.CubaDispatcherServlet - FrameworkServlet 'dispatcher': initialization completed in 1352 ms
2017-01-07 17:36:32.731 INFO  [localhost-startStop-1] com.haulmont.restapi.sys.CubaRestApiServlet - FrameworkServlet 'rest_api': initialization started
2017-01-07 17:36:32.732 INFO  [localhost-startStop-1] com.haulmont.cuba.core.sys.CubaXmlWebApplicationContext - Refreshing WebApplicationContext for namespace 'rest_api-servlet': startup date [Sat Jan 07 17:36:32 MSK 2017]; parent: com.haulmont.cuba.core.sys.CubaClassPathXmlApplicationContext@1e5fbd0d
2017-01-07 17:36:34.168 INFO  [localhost-startStop-1] com.haulmont.restapi.sys.CubaRestApiServlet - FrameworkServlet 'rest_api': initialization completed in 1437 ms
2017-01-07 17:36:34.256 INFO  [localhost-startStop-1] com.haulmont.cuba.core.sys.AppComponents - Using app components: [com.haulmont.cuba]
2017-01-07 17:36:34.264 INFO  [localhost-startStop-1] com.haulmont.cuba.core.sys.AppContextLoader - Loading app properties from classpath:cuba-app.properties
2017-01-07 17:36:34.265 INFO  [localhost-startStop-1] com.haulmont.cuba.core.sys.AppContextLoader - Loading app properties from classpath:com/ekom/doors/app.properties
2017-01-07 17:36:34.274 INFO  [localhost-startStop-1] com.haulmont.cuba.core.sys.AppContextLoader - DbmsType of the main database is set to mssql2012
2017-01-07 17:36:34.368 INFO  [localhost-startStop-1] com.haulmont.cuba.core.sys.persistence.PersistenceConfigProcessor - Creating file /Users/home/studio-projects/Doors/build/tomcat/work/doors-core/persistence.xml
2017-01-07 17:36:34.383 INFO  [localhost-startStop-1] com.haulmont.cuba.core.sys.CubaCoreApplicationContext - Refreshing com.haulmont.cuba.core.sys.CubaCoreApplicationContext@146f7eb9: startup date [Sat Jan 07 17:36:34 MSK 2017]; root of context hierarchy
2017-01-07 17:36:37.495 INFO  [localhost-startStop-1] com.haulmont.chile.core.datatypes.Datatypes - Can't find /datatypes.xml, using default datatypes settings
2017-01-07 17:36:39.739 INFO  [localhost-startStop-1] com.haulmont.cuba.core.sys.CubaThreadPoolTaskScheduler - Initializing ExecutorService  'scheduler'
2017-01-07 17:36:40.069 INFO  [localhost-startStop-1] com.haulmont.cuba.core.sys.jmx.MBeanExporter - Registering beans for JMX exposure: [doors-core.cuba:type=PersistenceManager, doors-core.cuba:type=ConfigStorage, doors-core.cuba:type=UserSessions, doors-core.cuba:type=UniqueNumbers, doors-core.cuba:type=Emailer, doors-core.cuba:type=EntityLog, doors-core.cuba:type=FileStorage, doors-core.cuba:type=LockManager, doors-core.cuba:type=CachingFacade, doors-core.cuba:type=ClusterManager, doors-core.cuba:type=ScriptingManager, doors-core.cuba:type=ServerInfo, doors-core.cuba:type=Scheduling, doors-core.cuba:type=ObjectsCacheManager, doors-core.cuba:type=PasswordEncryptionSupport, doors-core.cuba:type=JmxNodeIdentifier, doors-core.cuba:type=JmxLogControl, doors-core.cuba:type=ClassLoaderManager, doors-core.cuba:type=StatisticsCounter, doors-core.cuba:type=BruteForceProtection, doors-core.cuba:type=QueryCacheSupport, doors-core.cuba:type=IdpSessions]
2017-01-07 17:36:40.302 DEBUG [localhost-startStop-1] com.haulmont.cuba.security.app.LoginWorkerBean - Initialize anonymous session
2017-01-07 17:36:40.304 INFO  [localhost-startStop-1] com.haulmont.cuba.core.app.ConfigStorage - Loading DB-stored app properties cache
2017-01-07 17:36:40.805 INFO  [localhost-startStop-1] com.haulmont.cuba.core.sys.MetadataImpl - Initializing metadata
2017-01-07 17:36:40.913 INFO  [localhost-startStop-1] com.haulmont.cuba.core.sys.MetadataImpl - Metadata initialized in 107ms
2017-01-07 17:36:41.939 INFO  [localhost-startStop-1] com.haulmont.cuba.core.sys.DefaultPermissionValuesConfig - Initializing default permission values
2017-01-07 17:36:42.536 INFO  [localhost-startStop-1] com.haulmont.cuba.security.app.LoginWorkerBean - Logged in: b40d7bf4-3464-c143-5cec-b443b2c1cc94 [anonymous]
2017-01-07 17:36:42.536 DEBUG [localhost-startStop-1] com.haulmont.cuba.security.app.LoginWorkerBean - Anonymous session initialized with id b40d7bf4-3464-c143-5cec-b443b2c1cc94
2017-01-07 17:36:42.536 INFO  [localhost-startStop-1] com.haulmont.cuba.core.sys.AppContextLoader - AppContext initialized
2017-01-07 17:36:42.539 INFO  [localhost-startStop-1] com.haulmont.cuba.core.sys.remoting.RemotingServlet - FrameworkServlet 'remoting': initialization started
2017-01-07 17:36:42.540 INFO  [localhost-startStop-1] com.haulmont.cuba.core.sys.CubaDefaultXmlWebApplicationContext - Refreshing WebApplicationContext for namespace 'remoting-servlet': startup date [Sat Jan 07 17:36:42 MSK 2017]; parent: com.haulmont.cuba.core.sys.CubaCoreApplicationContext@146f7eb9
2017-01-07 17:36:42.568 INFO  [localhost-startStop-1] com.haulmont.cuba.core.sys.remoting.RemoteServicesBeanCreator - Configuring remote services
2017-01-07 17:36:42.697 INFO  [localhost-startStop-1] com.haulmont.cuba.core.sys.remoting.RemotingServlet - FrameworkServlet 'remoting': initialization completed in 158 ms
2017-01-07 17:37:28.619 DEBUG [http-nio-8080-exec-9] com.haulmont.cuba.gui.theme.ThemeConstantsRepository - Loading theme constants
2017-01-07 17:37:28.625 DEBUG [http-nio-8080-exec-9] com.haulmont.cuba.web.App - Initializing application
2017-01-07 17:37:28.766 DEBUG [http-nio-8080-exec-9/doors/anonymous] com.haulmont.cuba.web.DefaultApp - connectionStateChanged connected: true, authenticated: false
2017-01-07 17:37:28.766 DEBUG [http-nio-8080-exec-9/doors/anonymous] com.haulmont.cuba.web.App - Closing all windows
2017-01-07 17:37:28.778 INFO  [http-nio-8080-exec-9/doors/anonymous] com.haulmont.cuba.core.sys.MetadataImpl - Initializing metadata
2017-01-07 17:37:28.947 INFO  [http-nio-8080-exec-9/doors/anonymous] com.haulmont.cuba.core.sys.MetadataImpl - Metadata initialized in 169ms
2017-01-07 17:37:29.387 DEBUG [http-nio-8080-exec-9/doors/anonymous] com.haulmont.cuba.web.AbstractConnection - Logged in: user=anonymous, ip=0:0:0:0:0:0:0:1, clientInfo=Web (localhost:8080/doors) Mozilla/5.0 (Macintosh; Intel Mac OS X 10_12_2) AppleWebKit/602.3.12 (KHTML, like Gecko) Version/10.0.2 Safari/602.3.12
2017-01-07 17:37:31.926 INFO  [http-nio-8080-exec-9/doors-core/anonymous] com.haulmont.cuba.security.app.LoginWorkerBean - Logged in: 76b3f01e-2013-86b9-cf05-9c3d592e74b8 [admin]
2017-01-07 17:37:31.941 DEBUG [http-nio-8080-exec-9/doors/admin] com.haulmont.cuba.web.DefaultApp - connectionStateChanged connected: true, authenticated: true
2017-01-07 17:37:31.942 DEBUG [http-nio-8080-exec-9/doors/admin] com.haulmont.cuba.web.App - Closing all windows
2017-01-07 17:37:31.944 DEBUG [http-nio-8080-exec-9/doors/admin] com.haulmont.cuba.web.DefaultApp - Session reinitialized: HttpSession=org.apache.catalina.session.StandardSessionFacade@3a1eb7f0, timeout=1800sec, UserSession=76b3f01e-2013-86b9-cf05-9c3d592e74b8 [admin]
2017-01-07 17:37:32.418 INFO  [http-nio-8080-exec-9/doors/admin] com.haulmont.cuba.client.sys.ViewRepositoryClientImpl - Initializing views
2017-01-07 17:37:32.420 DEBUG [http-nio-8080-exec-9/doors/admin] com.haulmont.cuba.client.sys.ViewRepositoryClientImpl - Deploying views config: cuba-views.xml
2017-01-07 17:37:32.426 DEBUG [http-nio-8080-exec-9/doors/admin] com.haulmont.cuba.client.sys.ViewRepositoryClientImpl - Deploying views config: com/ekom/doors/views.xml
2017-01-07 17:37:32.446 DEBUG [http-nio-8080-exec-9/doors-core/admin] com.haulmont.cuba.core.app.StoreFactory - No implementation is specified for _MAIN_ store, using RdbmsStore
2017-01-07 17:37:32.523 DEBUG [http-nio-8080-exec-9/doors-core/admin] com.haulmont.cuba.core.app.RdbmsStore - loadList: metaClass=sec$UserSubstitution, view=com.haulmont.cuba.security.entity.UserSubstitution/app, query=select us from sec$UserSubstitution us where us.user.id = :userId and (us.endDate is null or us.endDate >= :currentDate) and (us.startDate is null or us.startDate <= :currentDate) and (us.substitutedUser.active = true or us.substitutedUser.active is null) order by us.substitutedUser.name
2017-01-07 17:37:32.869 DEBUG [http-nio-8080-exec-9/doors-core/admin] com.haulmont.cuba.core.app.FoldersServiceBean - Loading AppFolders
2017-01-07 17:37:33.030 DEBUG [http-nio-8080-exec-9/doors-core/admin] com.haulmont.cuba.core.app.FoldersServiceBean - Loading SearchFolders
2017-01-07 17:37:33.334 DEBUG [http-nio-8080-exec-9/doors/admin] com.haulmont.cuba.web.AbstractConnection - Logged in: user=admin, ip=0:0:0:0:0:0:0:1, clientInfo=Web (localhost:8080/doors) Mozilla/5.0 (Macintosh; Intel Mac OS X 10_12_2) AppleWebKit/602.3.12 (KHTML, like Gecko) Version/10.0.2 Safari/602.3.12
2017-01-07 17:37:53.728 INFO  [http-nio-8080-exec-6/doors-core/admin] com.haulmont.cuba.core.app.PersistenceManager - Loading statistics cache
2017-01-07 17:37:53.945 INFO  [http-nio-8080-exec-6/doors-core/admin] com.haulmont.cuba.core.sys.ViewRepositoryImpl - Initializing views
2017-01-07 17:37:54.123 DEBUG [http-nio-8080-exec-6/doors-core/admin] com.haulmont.cuba.core.app.RdbmsStore - loadList: metaClass=sec$Filter, view=com.haulmont.cuba.security.entity.FilterEntity/app, query=select f from sec$Filter f left join f.user u where f.componentId = :component and (u.id = :userId or u is null) order by f.name
2017-01-07 17:37:54.726 DEBUG [http-nio-8080-exec-6/doors-core/admin] com.haulmont.cuba.core.app.RdbmsStore - loadList: metaClass=doors$Order, view=com.ekom.doors.entity.Order/orderWithCustomerAndDoor, query=select e from doors$Order e, max=50
2017-01-07 17:37:57.079 WARN  [http-nio-8080-exec-10/doors/admin] com.haulmont.cuba.gui.xml.layout.loaders.ScrollBoxLayoutLoader - 100% height of AbstractFrame id=windowActions inside vertical scrollBox replaced with -1px height
2017-01-07 17:37:57.201 DEBUG [http-nio-8080-exec-10/doors-core/admin] com.haulmont.cuba.core.app.RdbmsStore - loadList: metaClass=doors$Customer, view=com.ekom.doors.entity.Customer/_local, query=select e from doors$Customer e, max=10000
2017-01-07 17:37:57.361 DEBUG [http-nio-8080-exec-10/doors-core/admin] com.haulmont.cuba.core.app.RdbmsStore - loadList: metaClass=doors$Door, view=com.ekom.doors.entity.Door/_local, query=select e from doors$Door e, max=10000
2017-01-07 17:38:01.813 INFO  [ClientCacheManager-pool-1-thread-1] com.haulmont.cuba.security.app.LoginWorkerBean - Logged in: a5d60c74-0388-808d-9dbf-c5e5895424e9 [admin]
2017-01-07 17:39:31.904 INFO  [localhost-startStop-2] com.haulmont.cuba.core.sys.CubaDefaultXmlWebApplicationContext - Closing WebApplicationContext for namespace 'remoting-servlet': startup date [Sat Jan 07 17:36:42 MSK 2017]; parent: com.haulmont.cuba.core.sys.CubaCoreApplicationContext@146f7eb9
2017-01-07 17:39:32.030 INFO  [localhost-startStop-2] com.haulmont.cuba.core.sys.CubaCoreApplicationContext - Closing com.haulmont.cuba.core.sys.CubaCoreApplicationContext@146f7eb9: startup date [Sat Jan 07 17:36:34 MSK 2017]; root of context hierarchy
2017-01-07 17:39:32.031 INFO  [localhost-startStop-2] com.haulmont.cuba.core.sys.CubaThreadPoolTaskScheduler - Shutting down ExecutorService 'scheduler'
2017-01-07 17:39:43.055 INFO  [localhost-startStop-1] com.haulmont.cuba.core.sys.AppComponents - Using app components: [com.haulmont.cuba]
2017-01-07 17:39:43.082 INFO  [localhost-startStop-1] com.haulmont.cuba.web.sys.WebAppContextLoader - Loading app properties from classpath:cuba-web-app.properties
2017-01-07 17:39:43.083 INFO  [localhost-startStop-1] com.haulmont.cuba.web.sys.WebAppContextLoader - Loading app properties from classpath:com/ekom/doors/web-app.properties
2017-01-07 17:39:43.296 INFO  [localhost-startStop-1] com.haulmont.cuba.core.sys.CubaClassPathXmlApplicationContext - Refreshing com.haulmont.cuba.core.sys.CubaClassPathXmlApplicationContext@5d20c161: startup date [Sat Jan 07 17:39:43 MSK 2017]; root of context hierarchy
2017-01-07 17:39:44.695 INFO  [localhost-startStop-1] com.haulmont.cuba.web.sys.remoting.WebRemoteProxyBeanCreator - Configuring proxy beans for local service invocations: [cuba_LoginService, cuba_ServerInfoService, cuba_UserSettingService, cuba_UserManagementService, cuba_DataService, cuba_ConfigStorageService, cuba_PersistenceManagerService, cuba_LockService, cuba_UserSessionService, cuba_FoldersService, cuba_EmailService, cuba_FileStorageService, cuba_EntitySnapshotService, cuba_UniqueNumbersService, cuba_LocalizedMessageService, cuba_ResourceService, cuba_ScheduledTasksService, cuba_EntityLogService, cuba_TestingService, cuba_ObjectsCacheManagerService, cuba_DomainDescriptionService, cuba_RelatedEntitiesService, cuba_EntitySqlGenerationService, cuba_NumberIdService, cuba_QueryResultsService, cuba_DynamicAttributesCacheService, cuba_EntityRestoreService, cuba_LocalFileExchangeService, cuba_EntityImportExportService, cuba_ScreenProfilerService, cuba_ServerTokenStore, cuba_IdpService]
2017-01-07 17:39:45.190 INFO  [localhost-startStop-1] com.haulmont.chile.core.datatypes.Datatypes - Can't find /datatypes.xml, using default datatypes settings
2017-01-07 17:39:45.967 INFO  [localhost-startStop-1] com.haulmont.cuba.core.sys.CubaThreadPoolTaskScheduler - Initializing ExecutorService  'scheduler'
2017-01-07 17:39:46.225 INFO  [localhost-startStop-1] com.haulmont.cuba.core.sys.jmx.MBeanExporter - Registering beans for JMX exposure: [doors.cuba:type=ConfigStorage, doors.cuba:type=CachingFacade, doors.cuba:type=FileUploading, doors.cuba:type=JmxNodeIdentifier, doors.cuba:type=JmxLogControl, doors.cuba:type=ClassLoaderManager, doors.cuba:type=StatisticsCounter]
2017-01-07 17:39:46.292 INFO  [localhost-startStop-1] com.haulmont.cuba.web.sys.WebAppContextLoader - AppContext initialized
2017-01-07 17:39:46.339 INFO  [localhost-startStop-1] com.haulmont.cuba.web.sys.CubaDispatcherServlet - FrameworkServlet 'dispatcher': initialization started
2017-01-07 17:39:46.345 INFO  [localhost-startStop-1] com.haulmont.cuba.core.sys.CubaXmlWebApplicationContext - Refreshing WebApplicationContext for namespace 'dispatcher-servlet': startup date [Sat Jan 07 17:39:46 MSK 2017]; parent: com.haulmont.cuba.core.sys.CubaClassPathXmlApplicationContext@5d20c161
2017-01-07 17:39:47.432 INFO  [localhost-startStop-1] com.haulmont.cuba.web.sys.CubaDispatcherServlet - FrameworkServlet 'dispatcher': initialization completed in 1093 ms
2017-01-07 17:39:47.433 INFO  [localhost-startStop-1] com.haulmont.restapi.sys.CubaRestApiServlet - FrameworkServlet 'rest_api': initialization started
2017-01-07 17:39:47.434 INFO  [localhost-startStop-1] com.haulmont.cuba.core.sys.CubaXmlWebApplicationContext - Refreshing WebApplicationContext for namespace 'rest_api-servlet': startup date [Sat Jan 07 17:39:47 MSK 2017]; parent: com.haulmont.cuba.core.sys.CubaClassPathXmlApplicationContext@5d20c161
2017-01-07 17:39:48.693 INFO  [localhost-startStop-1] com.haulmont.restapi.sys.CubaRestApiServlet - FrameworkServlet 'rest_api': initialization completed in 1260 ms
2017-01-07 17:39:48.773 INFO  [localhost-startStop-1] com.haulmont.cuba.core.sys.AppComponents - Using app components: [com.haulmont.cuba]
2017-01-07 17:39:48.781 INFO  [localhost-startStop-1] com.haulmont.cuba.core.sys.AppContextLoader - Loading app properties from classpath:cuba-app.properties
2017-01-07 17:39:48.782 INFO  [localhost-startStop-1] com.haulmont.cuba.core.sys.AppContextLoader - Loading app properties from classpath:com/ekom/doors/app.properties
2017-01-07 17:39:48.789 INFO  [localhost-startStop-1] com.haulmont.cuba.core.sys.AppContextLoader - DbmsType of the main database is set to mssql2012
2017-01-07 17:39:48.868 INFO  [localhost-startStop-1] com.haulmont.cuba.core.sys.persistence.PersistenceConfigProcessor - Creating file /Users/home/studio-projects/Doors/build/tomcat/work/doors-core/persistence.xml
2017-01-07 17:39:48.880 INFO  [localhost-startStop-1] com.haulmont.cuba.core.sys.CubaCoreApplicationContext - Refreshing com.haulmont.cuba.core.sys.CubaCoreApplicationContext@6f552be4: startup date [Sat Jan 07 17:39:48 MSK 2017]; root of context hierarchy
2017-01-07 17:39:51.890 INFO  [localhost-startStop-1] com.haulmont.chile.core.datatypes.Datatypes - Can't find /datatypes.xml, using default datatypes settings
2017-01-07 17:39:54.361 INFO  [localhost-startStop-1] com.haulmont.cuba.core.sys.CubaThreadPoolTaskScheduler - Initializing ExecutorService  'scheduler'
2017-01-07 17:39:54.501 INFO  [localhost-startStop-1] com.haulmont.cuba.core.sys.jmx.MBeanExporter - Registering beans for JMX exposure: [doors-core.cuba:type=PersistenceManager, doors-core.cuba:type=ConfigStorage, doors-core.cuba:type=UserSessions, doors-core.cuba:type=UniqueNumbers, doors-core.cuba:type=Emailer, doors-core.cuba:type=EntityLog, doors-core.cuba:type=FileStorage, doors-core.cuba:type=LockManager, doors-core.cuba:type=CachingFacade, doors-core.cuba:type=ClusterManager, doors-core.cuba:type=ScriptingManager, doors-core.cuba:type=ServerInfo, doors-core.cuba:type=Scheduling, doors-core.cuba:type=ObjectsCacheManager, doors-core.cuba:type=PasswordEncryptionSupport, doors-core.cuba:type=JmxNodeIdentifier, doors-core.cuba:type=JmxLogControl, doors-core.cuba:type=ClassLoaderManager, doors-core.cuba:type=StatisticsCounter, doors-core.cuba:type=BruteForceProtection, doors-core.cuba:type=QueryCacheSupport, doors-core.cuba:type=IdpSessions]
2017-01-07 17:39:54.739 DEBUG [localhost-startStop-1] com.haulmont.cuba.security.app.LoginWorkerBean - Initialize anonymous session
2017-01-07 17:39:54.741 INFO  [localhost-startStop-1] com.haulmont.cuba.core.app.ConfigStorage - Loading DB-stored app properties cache
2017-01-07 17:39:55.487 INFO  [localhost-startStop-1] com.haulmont.cuba.core.sys.MetadataImpl - Initializing metadata
2017-01-07 17:39:55.608 INFO  [localhost-startStop-1] com.haulmont.cuba.core.sys.MetadataImpl - Metadata initialized in 121ms
2017-01-07 17:39:56.510 INFO  [localhost-startStop-1] com.haulmont.cuba.core.sys.DefaultPermissionValuesConfig - Initializing default permission values
2017-01-07 17:39:57.013 INFO  [localhost-startStop-1] com.haulmont.cuba.security.app.LoginWorkerBean - Logged in: b40d7bf4-3464-c143-5cec-b443b2c1cc94 [anonymous]
2017-01-07 17:39:57.013 DEBUG [localhost-startStop-1] com.haulmont.cuba.security.app.LoginWorkerBean - Anonymous session initialized with id b40d7bf4-3464-c143-5cec-b443b2c1cc94
2017-01-07 17:39:57.013 INFO  [localhost-startStop-1] com.haulmont.cuba.core.sys.AppContextLoader - AppContext initialized
2017-01-07 17:39:57.016 INFO  [localhost-startStop-1] com.haulmont.cuba.core.sys.remoting.RemotingServlet - FrameworkServlet 'remoting': initialization started
2017-01-07 17:39:57.017 INFO  [localhost-startStop-1] com.haulmont.cuba.core.sys.CubaDefaultXmlWebApplicationContext - Refreshing WebApplicationContext for namespace 'remoting-servlet': startup date [Sat Jan 07 17:39:57 MSK 2017]; parent: com.haulmont.cuba.core.sys.CubaCoreApplicationContext@6f552be4
2017-01-07 17:39:57.038 INFO  [localhost-startStop-1] com.haulmont.cuba.core.sys.remoting.RemoteServicesBeanCreator - Configuring remote services
2017-01-07 17:39:57.224 INFO  [localhost-startStop-1] com.haulmont.cuba.core.sys.remoting.RemotingServlet - FrameworkServlet 'remoting': initialization completed in 208 ms
2017-01-07 17:40:05.166 DEBUG [http-nio-8080-exec-2] com.haulmont.cuba.gui.theme.ThemeConstantsRepository - Loading theme constants
2017-01-07 17:40:05.174 DEBUG [http-nio-8080-exec-2] com.haulmont.cuba.web.App - Initializing application
2017-01-07 17:40:05.309 DEBUG [http-nio-8080-exec-2/doors/anonymous] com.haulmont.cuba.web.DefaultApp - connectionStateChanged connected: true, authenticated: false
2017-01-07 17:40:05.309 DEBUG [http-nio-8080-exec-2/doors/anonymous] com.haulmont.cuba.web.App - Closing all windows
2017-01-07 17:40:05.320 INFO  [http-nio-8080-exec-2/doors/anonymous] com.haulmont.cuba.core.sys.MetadataImpl - Initializing metadata
2017-01-07 17:40:05.516 INFO  [http-nio-8080-exec-2/doors/anonymous] com.haulmont.cuba.core.sys.MetadataImpl - Metadata initialized in 196ms
2017-01-07 17:40:05.932 DEBUG [http-nio-8080-exec-2/doors/anonymous] com.haulmont.cuba.web.AbstractConnection - Logged in: user=anonymous, ip=0:0:0:0:0:0:0:1, clientInfo=Web (localhost:8080/doors) Mozilla/5.0 (Macintosh; Intel Mac OS X 10_12_2) AppleWebKit/602.3.12 (KHTML, like Gecko) Version/10.0.2 Safari/602.3.12
2017-01-07 17:40:08.230 INFO  [http-nio-8080-exec-9/doors-core/anonymous] com.haulmont.cuba.security.app.LoginWorkerBean - Logged in: 03e143a6-56ad-5027-923b-890197fa033b [admin]
2017-01-07 17:40:08.247 DEBUG [http-nio-8080-exec-9/doors/admin] com.haulmont.cuba.web.DefaultApp - connectionStateChanged connected: true, authenticated: true
2017-01-07 17:40:08.248 DEBUG [http-nio-8080-exec-9/doors/admin] com.haulmont.cuba.web.App - Closing all windows
2017-01-07 17:40:08.250 DEBUG [http-nio-8080-exec-9/doors/admin] com.haulmont.cuba.web.DefaultApp - Session reinitialized: HttpSession=org.apache.catalina.session.StandardSessionFacade@662ed66b, timeout=1800sec, UserSession=03e143a6-56ad-5027-923b-890197fa033b [admin]
2017-01-07 17:40:08.688 INFO  [http-nio-8080-exec-9/doors/admin] com.haulmont.cuba.client.sys.ViewRepositoryClientImpl - Initializing views
2017-01-07 17:40:08.690 DEBUG [http-nio-8080-exec-9/doors/admin] com.haulmont.cuba.client.sys.ViewRepositoryClientImpl - Deploying views config: cuba-views.xml
2017-01-07 17:40:08.695 DEBUG [http-nio-8080-exec-9/doors/admin] com.haulmont.cuba.client.sys.ViewRepositoryClientImpl - Deploying views config: com/ekom/doors/views.xml
2017-01-07 17:40:08.715 DEBUG [http-nio-8080-exec-9/doors-core/admin] com.haulmont.cuba.core.app.StoreFactory - No implementation is specified for _MAIN_ store, using RdbmsStore
2017-01-07 17:40:08.760 DEBUG [http-nio-8080-exec-9/doors-core/admin] com.haulmont.cuba.core.app.RdbmsStore - loadList: metaClass=sec$UserSubstitution, view=com.haulmont.cuba.security.entity.UserSubstitution/app, query=select us from sec$UserSubstitution us where us.user.id = :userId and (us.endDate is null or us.endDate >= :currentDate) and (us.startDate is null or us.startDate <= :currentDate) and (us.substitutedUser.active = true or us.substitutedUser.active is null) order by us.substitutedUser.name
2017-01-07 17:40:09.048 DEBUG [http-nio-8080-exec-9/doors-core/admin] com.haulmont.cuba.core.app.FoldersServiceBean - Loading AppFolders
2017-01-07 17:40:09.178 DEBUG [http-nio-8080-exec-9/doors-core/admin] com.haulmont.cuba.core.app.FoldersServiceBean - Loading SearchFolders
2017-01-07 17:40:09.440 DEBUG [http-nio-8080-exec-9/doors/admin] com.haulmont.cuba.web.AbstractConnection - Logged in: user=admin, ip=0:0:0:0:0:0:0:1, clientInfo=Web (localhost:8080/doors) Mozilla/5.0 (Macintosh; Intel Mac OS X 10_12_2) AppleWebKit/602.3.12 (KHTML, like Gecko) Version/10.0.2 Safari/602.3.12
2017-01-07 17:40:12.597 INFO  [http-nio-8080-exec-4/doors-core/admin] com.haulmont.cuba.core.app.PersistenceManager - Loading statistics cache
2017-01-07 17:40:12.749 INFO  [http-nio-8080-exec-4/doors-core/admin] com.haulmont.cuba.core.sys.ViewRepositoryImpl - Initializing views
2017-01-07 17:40:12.886 DEBUG [http-nio-8080-exec-4/doors-core/admin] com.haulmont.cuba.core.app.RdbmsStore - loadList: metaClass=sec$Filter, view=com.haulmont.cuba.security.entity.FilterEntity/app, query=select f from sec$Filter f left join f.user u where f.componentId = :component and (u.id = :userId or u is null) order by f.name
2017-01-07 17:40:13.433 DEBUG [http-nio-8080-exec-4/doors-core/admin] com.haulmont.cuba.core.app.RdbmsStore - loadList: metaClass=doors$Order, view=com.ekom.doors.entity.Order/orderWithCustomerAndDoor, query=select e from doors$Order e, max=50
2017-01-07 17:40:15.552 WARN  [http-nio-8080-exec-8/doors/admin] com.haulmont.cuba.gui.xml.layout.loaders.ScrollBoxLayoutLoader - 100% height of AbstractFrame id=windowActions inside vertical scrollBox replaced with -1px height
2017-01-07 17:40:15.672 DEBUG [http-nio-8080-exec-8/doors-core/admin] com.haulmont.cuba.core.app.RdbmsStore - loadList: metaClass=doors$Customer, view=com.ekom.doors.entity.Customer/_local, query=select e from doors$Customer e, max=10000
2017-01-07 17:40:15.810 DEBUG [http-nio-8080-exec-8/doors-core/admin] com.haulmont.cuba.core.app.RdbmsStore - loadList: metaClass=doors$Door, view=com.ekom.doors.entity.Door/_local, query=select e from doors$Door e, max=10000
2017-01-07 17:40:16.747 INFO  [ClientCacheManager-pool-1-thread-1] com.haulmont.cuba.security.app.LoginWorkerBean - Logged in: d47c1669-ed26-5f6a-8010-feabe39259a7 [admin]
2017-01-07 18:10:54.377 DEBUG [scheduler-2] com.haulmont.cuba.security.app.UserSessions - Removing session due to timeout: 03e143a6-56ad-5027-923b-890197fa033b [admin], since: Sat Jan 07 17:40:08 MSK 2017, lastUsed: Sat Jan 07 17:40:08 MSK 2017
2017-01-07 18:11:09.231 INFO  [localhost-startStop-2] com.haulmont.cuba.core.sys.CubaDefaultXmlWebApplicationContext - Closing WebApplicationContext for namespace 'remoting-servlet': startup date [Sat Jan 07 17:39:57 MSK 2017]; parent: com.haulmont.cuba.core.sys.CubaCoreApplicationContext@6f552be4
2017-01-07 18:12:10.442 INFO  [localhost-startStop-2] com.haulmont.cuba.core.sys.CubaCoreApplicationContext - Closing com.haulmont.cuba.core.sys.CubaCoreApplicationContext@6f552be4: startup date [Sat Jan 07 17:39:48 MSK 2017]; root of context hierarchy
2017-01-07 18:12:10.444 INFO  [localhost-startStop-2] com.haulmont.cuba.core.sys.CubaThreadPoolTaskScheduler - Shutting down ExecutorService 'scheduler'
