2017-01-09 12:22:43.439 INFO  [localhost-startStop-1] com.haulmont.cuba.core.sys.AppComponents - Using app components: [com.haulmont.cuba]
2017-01-09 12:22:43.475 INFO  [localhost-startStop-1] com.haulmont.cuba.web.sys.WebAppContextLoader - Loading app properties from classpath:cuba-web-app.properties
2017-01-09 12:22:43.476 INFO  [localhost-startStop-1] com.haulmont.cuba.web.sys.WebAppContextLoader - Loading app properties from classpath:com/ekom/doors/web-app.properties
2017-01-09 12:22:43.777 INFO  [localhost-startStop-1] com.haulmont.cuba.core.sys.CubaClassPathXmlApplicationContext - Refreshing com.haulmont.cuba.core.sys.CubaClassPathXmlApplicationContext@1e5fbd0d: startup date [Mon Jan 09 12:22:43 MSK 2017]; root of context hierarchy
2017-01-09 12:22:45.438 INFO  [localhost-startStop-1] com.haulmont.cuba.web.sys.remoting.WebRemoteProxyBeanCreator - Configuring proxy beans for local service invocations: [cuba_LoginService, cuba_ServerInfoService, cuba_UserSettingService, cuba_UserManagementService, cuba_DataService, cuba_ConfigStorageService, cuba_PersistenceManagerService, cuba_LockService, cuba_UserSessionService, cuba_FoldersService, cuba_EmailService, cuba_FileStorageService, cuba_EntitySnapshotService, cuba_UniqueNumbersService, cuba_LocalizedMessageService, cuba_ResourceService, cuba_ScheduledTasksService, cuba_EntityLogService, cuba_TestingService, cuba_ObjectsCacheManagerService, cuba_DomainDescriptionService, cuba_RelatedEntitiesService, cuba_EntitySqlGenerationService, cuba_NumberIdService, cuba_QueryResultsService, cuba_DynamicAttributesCacheService, cuba_EntityRestoreService, cuba_LocalFileExchangeService, cuba_EntityImportExportService, cuba_ScreenProfilerService, cuba_ServerTokenStore, cuba_IdpService]
2017-01-09 12:22:46.012 INFO  [localhost-startStop-1] com.haulmont.chile.core.datatypes.Datatypes - Can't find /datatypes.xml, using default datatypes settings
2017-01-09 12:22:46.851 INFO  [localhost-startStop-1] com.haulmont.cuba.core.sys.CubaThreadPoolTaskScheduler - Initializing ExecutorService  'scheduler'
2017-01-09 12:22:47.143 INFO  [localhost-startStop-1] com.haulmont.cuba.core.sys.jmx.MBeanExporter - Registering beans for JMX exposure: [doors.cuba:type=ConfigStorage, doors.cuba:type=CachingFacade, doors.cuba:type=FileUploading, doors.cuba:type=JmxNodeIdentifier, doors.cuba:type=JmxLogControl, doors.cuba:type=ClassLoaderManager, doors.cuba:type=StatisticsCounter]
2017-01-09 12:22:47.224 INFO  [localhost-startStop-1] com.haulmont.cuba.web.sys.WebAppContextLoader - AppContext initialized
2017-01-09 12:22:47.275 INFO  [localhost-startStop-1] com.haulmont.cuba.web.sys.CubaDispatcherServlet - FrameworkServlet 'dispatcher': initialization started
2017-01-09 12:22:47.281 INFO  [localhost-startStop-1] com.haulmont.cuba.core.sys.CubaXmlWebApplicationContext - Refreshing WebApplicationContext for namespace 'dispatcher-servlet': startup date [Mon Jan 09 12:22:47 MSK 2017]; parent: com.haulmont.cuba.core.sys.CubaClassPathXmlApplicationContext@1e5fbd0d
2017-01-09 12:22:48.621 INFO  [localhost-startStop-1] com.haulmont.cuba.web.sys.CubaDispatcherServlet - FrameworkServlet 'dispatcher': initialization completed in 1346 ms
2017-01-09 12:22:48.623 INFO  [localhost-startStop-1] com.haulmont.restapi.sys.CubaRestApiServlet - FrameworkServlet 'rest_api': initialization started
2017-01-09 12:22:48.624 INFO  [localhost-startStop-1] com.haulmont.cuba.core.sys.CubaXmlWebApplicationContext - Refreshing WebApplicationContext for namespace 'rest_api-servlet': startup date [Mon Jan 09 12:22:48 MSK 2017]; parent: com.haulmont.cuba.core.sys.CubaClassPathXmlApplicationContext@1e5fbd0d
2017-01-09 12:22:50.218 INFO  [localhost-startStop-1] com.haulmont.restapi.sys.CubaRestApiServlet - FrameworkServlet 'rest_api': initialization completed in 1595 ms
2017-01-09 12:22:50.308 INFO  [localhost-startStop-1] com.haulmont.cuba.core.sys.AppComponents - Using app components: [com.haulmont.cuba]
2017-01-09 12:22:50.316 INFO  [localhost-startStop-1] com.haulmont.cuba.core.sys.AppContextLoader - Loading app properties from classpath:cuba-app.properties
2017-01-09 12:22:50.317 INFO  [localhost-startStop-1] com.haulmont.cuba.core.sys.AppContextLoader - Loading app properties from classpath:com/ekom/doors/app.properties
2017-01-09 12:22:50.326 INFO  [localhost-startStop-1] com.haulmont.cuba.core.sys.AppContextLoader - DbmsType of the main database is set to mssql2012
2017-01-09 12:22:50.423 INFO  [localhost-startStop-1] com.haulmont.cuba.core.sys.persistence.PersistenceConfigProcessor - Creating file /Users/home/studio-projects/Doors/build/tomcat/work/doors-core/persistence.xml
2017-01-09 12:22:50.438 INFO  [localhost-startStop-1] com.haulmont.cuba.core.sys.CubaCoreApplicationContext - Refreshing com.haulmont.cuba.core.sys.CubaCoreApplicationContext@16b5edbc: startup date [Mon Jan 09 12:22:50 MSK 2017]; root of context hierarchy
2017-01-09 12:22:53.819 INFO  [localhost-startStop-1] com.haulmont.chile.core.datatypes.Datatypes - Can't find /datatypes.xml, using default datatypes settings
2017-01-09 12:22:56.408 INFO  [localhost-startStop-1] com.haulmont.cuba.core.sys.CubaThreadPoolTaskScheduler - Initializing ExecutorService  'scheduler'
2017-01-09 12:22:56.575 INFO  [localhost-startStop-1] com.haulmont.cuba.core.sys.jmx.MBeanExporter - Registering beans for JMX exposure: [doors-core.cuba:type=PersistenceManager, doors-core.cuba:type=ConfigStorage, doors-core.cuba:type=UserSessions, doors-core.cuba:type=UniqueNumbers, doors-core.cuba:type=Emailer, doors-core.cuba:type=EntityLog, doors-core.cuba:type=FileStorage, doors-core.cuba:type=LockManager, doors-core.cuba:type=CachingFacade, doors-core.cuba:type=ClusterManager, doors-core.cuba:type=ScriptingManager, doors-core.cuba:type=ServerInfo, doors-core.cuba:type=Scheduling, doors-core.cuba:type=ObjectsCacheManager, doors-core.cuba:type=PasswordEncryptionSupport, doors-core.cuba:type=JmxNodeIdentifier, doors-core.cuba:type=JmxLogControl, doors-core.cuba:type=ClassLoaderManager, doors-core.cuba:type=StatisticsCounter, doors-core.cuba:type=BruteForceProtection, doors-core.cuba:type=QueryCacheSupport, doors-core.cuba:type=IdpSessions]
2017-01-09 12:22:57.087 DEBUG [localhost-startStop-1] com.haulmont.cuba.security.app.LoginWorkerBean - Initialize anonymous session
2017-01-09 12:22:57.090 INFO  [localhost-startStop-1] com.haulmont.cuba.core.app.ConfigStorage - Loading DB-stored app properties cache
2017-01-09 12:22:58.660 INFO  [localhost-startStop-1] com.haulmont.cuba.core.sys.MetadataImpl - Initializing metadata
2017-01-09 12:22:58.786 INFO  [localhost-startStop-1] com.haulmont.cuba.core.sys.MetadataImpl - Metadata initialized in 126ms
2017-01-09 12:23:00.003 INFO  [localhost-startStop-1] com.haulmont.cuba.core.sys.DefaultPermissionValuesConfig - Initializing default permission values
2017-01-09 12:23:00.527 INFO  [localhost-startStop-1] com.haulmont.cuba.security.app.LoginWorkerBean - Logged in: b40d7bf4-3464-c143-5cec-b443b2c1cc94 [anonymous]
2017-01-09 12:23:00.527 DEBUG [localhost-startStop-1] com.haulmont.cuba.security.app.LoginWorkerBean - Anonymous session initialized with id b40d7bf4-3464-c143-5cec-b443b2c1cc94
2017-01-09 12:23:00.527 INFO  [localhost-startStop-1] com.haulmont.cuba.core.sys.AppContextLoader - AppContext initialized
2017-01-09 12:23:00.530 INFO  [localhost-startStop-1] com.haulmont.cuba.core.sys.remoting.RemotingServlet - FrameworkServlet 'remoting': initialization started
2017-01-09 12:23:00.531 INFO  [localhost-startStop-1] com.haulmont.cuba.core.sys.CubaDefaultXmlWebApplicationContext - Refreshing WebApplicationContext for namespace 'remoting-servlet': startup date [Mon Jan 09 12:23:00 MSK 2017]; parent: com.haulmont.cuba.core.sys.CubaCoreApplicationContext@16b5edbc
2017-01-09 12:23:00.552 INFO  [localhost-startStop-1] com.haulmont.cuba.core.sys.remoting.RemoteServicesBeanCreator - Configuring remote services
2017-01-09 12:23:00.720 INFO  [localhost-startStop-1] com.haulmont.cuba.core.sys.remoting.RemotingServlet - FrameworkServlet 'remoting': initialization completed in 190 ms
2017-01-09 12:23:01.377 DEBUG [http-nio-8080-exec-12] com.haulmont.cuba.gui.theme.ThemeConstantsRepository - Loading theme constants
2017-01-09 12:23:01.385 DEBUG [http-nio-8080-exec-12] com.haulmont.cuba.web.App - Initializing application
2017-01-09 12:23:01.510 DEBUG [http-nio-8080-exec-12/doors/anonymous] com.haulmont.cuba.web.DefaultApp - connectionStateChanged connected: true, authenticated: false
2017-01-09 12:23:01.510 DEBUG [http-nio-8080-exec-12/doors/anonymous] com.haulmont.cuba.web.App - Closing all windows
2017-01-09 12:23:01.523 INFO  [http-nio-8080-exec-12/doors/anonymous] com.haulmont.cuba.core.sys.MetadataImpl - Initializing metadata
2017-01-09 12:23:01.753 INFO  [http-nio-8080-exec-12/doors/anonymous] com.haulmont.cuba.core.sys.MetadataImpl - Metadata initialized in 228ms
2017-01-09 12:23:02.260 DEBUG [http-nio-8080-exec-12/doors/anonymous] com.haulmont.cuba.web.AbstractConnection - Logged in: user=anonymous, ip=0:0:0:0:0:0:0:1, clientInfo=Web (localhost:8080/doors) Mozilla/5.0 (Macintosh; Intel Mac OS X 10_12_2) AppleWebKit/602.3.12 (KHTML, like Gecko) Version/10.0.2 Safari/602.3.12
2017-01-09 12:23:05.152 INFO  [http-nio-8080-exec-15/doors-core/anonymous] com.haulmont.cuba.security.app.LoginWorkerBean - Logged in: 75cc62a1-9d46-4efa-87b2-1e9914438c80 [admin]
2017-01-09 12:23:05.182 DEBUG [http-nio-8080-exec-15/doors/admin] com.haulmont.cuba.web.DefaultApp - connectionStateChanged connected: true, authenticated: true
2017-01-09 12:23:05.182 DEBUG [http-nio-8080-exec-15/doors/admin] com.haulmont.cuba.web.App - Closing all windows
2017-01-09 12:23:05.184 DEBUG [http-nio-8080-exec-15/doors/admin] com.haulmont.cuba.web.DefaultApp - Session reinitialized: HttpSession=org.apache.catalina.session.StandardSessionFacade@6a189edb, timeout=1800sec, UserSession=75cc62a1-9d46-4efa-87b2-1e9914438c80 [admin]
2017-01-09 12:23:05.623 INFO  [http-nio-8080-exec-15/doors/admin] com.haulmont.cuba.client.sys.ViewRepositoryClientImpl - Initializing views
2017-01-09 12:23:05.625 DEBUG [http-nio-8080-exec-15/doors/admin] com.haulmont.cuba.client.sys.ViewRepositoryClientImpl - Deploying views config: cuba-views.xml
2017-01-09 12:23:05.630 DEBUG [http-nio-8080-exec-15/doors/admin] com.haulmont.cuba.client.sys.ViewRepositoryClientImpl - Deploying views config: com/ekom/doors/views.xml
2017-01-09 12:23:05.649 DEBUG [http-nio-8080-exec-15/doors-core/admin] com.haulmont.cuba.core.app.StoreFactory - No implementation is specified for _MAIN_ store, using RdbmsStore
2017-01-09 12:23:05.702 DEBUG [http-nio-8080-exec-15/doors-core/admin] com.haulmont.cuba.core.app.RdbmsStore - loadList: metaClass=sec$UserSubstitution, view=com.haulmont.cuba.security.entity.UserSubstitution/app, query=select us from sec$UserSubstitution us where us.user.id = :userId and (us.endDate is null or us.endDate >= :currentDate) and (us.startDate is null or us.startDate <= :currentDate) and (us.substitutedUser.active = true or us.substitutedUser.active is null) order by us.substitutedUser.name
2017-01-09 12:23:06.022 DEBUG [http-nio-8080-exec-15/doors-core/admin] com.haulmont.cuba.core.app.FoldersServiceBean - Loading AppFolders
2017-01-09 12:23:06.168 DEBUG [http-nio-8080-exec-15/doors-core/admin] com.haulmont.cuba.core.app.FoldersServiceBean - Loading SearchFolders
2017-01-09 12:23:06.443 DEBUG [http-nio-8080-exec-15/doors/admin] com.haulmont.cuba.web.AbstractConnection - Logged in: user=admin, ip=0:0:0:0:0:0:0:1, clientInfo=Web (localhost:8080/doors) Mozilla/5.0 (Macintosh; Intel Mac OS X 10_12_2) AppleWebKit/602.3.12 (KHTML, like Gecko) Version/10.0.2 Safari/602.3.12
2017-01-09 12:24:39.988 INFO  [localhost-startStop-2] com.haulmont.cuba.core.sys.CubaDefaultXmlWebApplicationContext - Closing WebApplicationContext for namespace 'remoting-servlet': startup date [Mon Jan 09 12:23:00 MSK 2017]; parent: com.haulmont.cuba.core.sys.CubaCoreApplicationContext@16b5edbc
2017-01-09 12:24:40.185 INFO  [localhost-startStop-2] com.haulmont.cuba.core.sys.CubaCoreApplicationContext - Closing com.haulmont.cuba.core.sys.CubaCoreApplicationContext@16b5edbc: startup date [Mon Jan 09 12:22:50 MSK 2017]; root of context hierarchy
2017-01-09 12:24:40.187 INFO  [localhost-startStop-2] com.haulmont.cuba.core.sys.CubaThreadPoolTaskScheduler - Shutting down ExecutorService 'scheduler'
