2016-12-26 10:50:04.138 INFO  [localhost-startStop-1] com.haulmont.cuba.core.sys.AppComponents - Using app components: [com.haulmont.cuba]
2016-12-26 10:50:04.177 INFO  [localhost-startStop-1] com.haulmont.cuba.web.sys.WebAppContextLoader - Loading app properties from classpath:cuba-web-app.properties
2016-12-26 10:50:04.179 INFO  [localhost-startStop-1] com.haulmont.cuba.web.sys.WebAppContextLoader - Loading app properties from classpath:com/ekom/doors/web-app.properties
2016-12-26 10:50:04.592 INFO  [localhost-startStop-1] com.haulmont.cuba.core.sys.CubaClassPathXmlApplicationContext - Refreshing com.haulmont.cuba.core.sys.CubaClassPathXmlApplicationContext@1e5fbd0d: startup date [Mon Dec 26 10:50:04 MSK 2016]; root of context hierarchy
2016-12-26 10:50:06.343 INFO  [localhost-startStop-1] com.haulmont.cuba.web.sys.remoting.WebRemoteProxyBeanCreator - Configuring proxy beans for local service invocations: [cuba_LoginService, cuba_ServerInfoService, cuba_UserSettingService, cuba_UserManagementService, cuba_DataService, cuba_ConfigStorageService, cuba_PersistenceManagerService, cuba_LockService, cuba_UserSessionService, cuba_FoldersService, cuba_EmailService, cuba_FileStorageService, cuba_EntitySnapshotService, cuba_UniqueNumbersService, cuba_LocalizedMessageService, cuba_ResourceService, cuba_ScheduledTasksService, cuba_EntityLogService, cuba_TestingService, cuba_ObjectsCacheManagerService, cuba_DomainDescriptionService, cuba_RelatedEntitiesService, cuba_EntitySqlGenerationService, cuba_NumberIdService, cuba_QueryResultsService, cuba_DynamicAttributesCacheService, cuba_EntityRestoreService, cuba_LocalFileExchangeService, cuba_EntityImportExportService, cuba_ScreenProfilerService, cuba_ServerTokenStore, cuba_IdpService]
2016-12-26 10:50:06.901 INFO  [localhost-startStop-1] com.haulmont.chile.core.datatypes.Datatypes - Can't find /datatypes.xml, using default datatypes settings
2016-12-26 10:50:07.945 INFO  [localhost-startStop-1] com.haulmont.cuba.core.sys.CubaThreadPoolTaskScheduler - Initializing ExecutorService  'scheduler'
2016-12-26 10:50:08.253 INFO  [localhost-startStop-1] com.haulmont.cuba.core.sys.jmx.MBeanExporter - Registering beans for JMX exposure: [doors.cuba:type=ConfigStorage, doors.cuba:type=CachingFacade, doors.cuba:type=FileUploading, doors.cuba:type=JmxNodeIdentifier, doors.cuba:type=JmxLogControl, doors.cuba:type=ClassLoaderManager, doors.cuba:type=StatisticsCounter]
2016-12-26 10:50:08.333 INFO  [localhost-startStop-1] com.haulmont.cuba.web.sys.WebAppContextLoader - AppContext initialized
2016-12-26 10:50:08.377 INFO  [localhost-startStop-1] com.haulmont.cuba.web.sys.CubaDispatcherServlet - FrameworkServlet 'dispatcher': initialization started
2016-12-26 10:50:08.383 INFO  [localhost-startStop-1] com.haulmont.cuba.core.sys.CubaXmlWebApplicationContext - Refreshing WebApplicationContext for namespace 'dispatcher-servlet': startup date [Mon Dec 26 10:50:08 MSK 2016]; parent: com.haulmont.cuba.core.sys.CubaClassPathXmlApplicationContext@1e5fbd0d
2016-12-26 10:50:09.870 INFO  [localhost-startStop-1] com.haulmont.cuba.web.sys.CubaDispatcherServlet - FrameworkServlet 'dispatcher': initialization completed in 1493 ms
2016-12-26 10:50:09.872 INFO  [localhost-startStop-1] com.haulmont.restapi.sys.CubaRestApiServlet - FrameworkServlet 'rest_api': initialization started
2016-12-26 10:50:09.873 INFO  [localhost-startStop-1] com.haulmont.cuba.core.sys.CubaXmlWebApplicationContext - Refreshing WebApplicationContext for namespace 'rest_api-servlet': startup date [Mon Dec 26 10:50:09 MSK 2016]; parent: com.haulmont.cuba.core.sys.CubaClassPathXmlApplicationContext@1e5fbd0d
2016-12-26 10:50:11.404 INFO  [localhost-startStop-1] com.haulmont.restapi.sys.CubaRestApiServlet - FrameworkServlet 'rest_api': initialization completed in 1532 ms
2016-12-26 10:50:11.497 INFO  [localhost-startStop-1] com.haulmont.cuba.core.sys.AppComponents - Using app components: [com.haulmont.cuba]
2016-12-26 10:50:11.506 INFO  [localhost-startStop-1] com.haulmont.cuba.core.sys.AppContextLoader - Loading app properties from classpath:cuba-app.properties
2016-12-26 10:50:11.507 INFO  [localhost-startStop-1] com.haulmont.cuba.core.sys.AppContextLoader - Loading app properties from classpath:com/ekom/doors/app.properties
2016-12-26 10:50:11.515 INFO  [localhost-startStop-1] com.haulmont.cuba.core.sys.AppContextLoader - DbmsType of the main database is set to mssql2012
2016-12-26 10:50:11.608 INFO  [localhost-startStop-1] com.haulmont.cuba.core.sys.persistence.PersistenceConfigProcessor - Creating file /Users/home/studio-projects/Doors/build/tomcat/work/doors-core/persistence.xml
2016-12-26 10:50:11.622 INFO  [localhost-startStop-1] com.haulmont.cuba.core.sys.CubaCoreApplicationContext - Refreshing com.haulmont.cuba.core.sys.CubaCoreApplicationContext@55bef22b: startup date [Mon Dec 26 10:50:11 MSK 2016]; root of context hierarchy
2016-12-26 10:50:14.870 INFO  [localhost-startStop-1] com.haulmont.chile.core.datatypes.Datatypes - Can't find /datatypes.xml, using default datatypes settings
2016-12-26 10:50:17.326 INFO  [localhost-startStop-1] com.haulmont.cuba.core.sys.CubaThreadPoolTaskScheduler - Initializing ExecutorService  'scheduler'
2016-12-26 10:50:17.488 INFO  [localhost-startStop-1] com.haulmont.cuba.core.sys.jmx.MBeanExporter - Registering beans for JMX exposure: [doors-core.cuba:type=PersistenceManager, doors-core.cuba:type=ConfigStorage, doors-core.cuba:type=UserSessions, doors-core.cuba:type=UniqueNumbers, doors-core.cuba:type=Emailer, doors-core.cuba:type=EntityLog, doors-core.cuba:type=FileStorage, doors-core.cuba:type=LockManager, doors-core.cuba:type=CachingFacade, doors-core.cuba:type=ClusterManager, doors-core.cuba:type=ScriptingManager, doors-core.cuba:type=ServerInfo, doors-core.cuba:type=Scheduling, doors-core.cuba:type=ObjectsCacheManager, doors-core.cuba:type=PasswordEncryptionSupport, doors-core.cuba:type=JmxNodeIdentifier, doors-core.cuba:type=JmxLogControl, doors-core.cuba:type=ClassLoaderManager, doors-core.cuba:type=StatisticsCounter, doors-core.cuba:type=BruteForceProtection, doors-core.cuba:type=QueryCacheSupport, doors-core.cuba:type=IdpSessions]
2016-12-26 10:50:17.923 DEBUG [localhost-startStop-1] com.haulmont.cuba.security.app.LoginWorkerBean - Initialize anonymous session
2016-12-26 10:50:17.925 INFO  [localhost-startStop-1] com.haulmont.cuba.core.app.ConfigStorage - Loading DB-stored app properties cache
2016-12-26 10:50:18.453 INFO  [localhost-startStop-1] com.haulmont.cuba.core.sys.MetadataImpl - Initializing metadata
2016-12-26 10:50:18.568 INFO  [localhost-startStop-1] com.haulmont.cuba.core.sys.MetadataImpl - Metadata initialized in 115ms
2016-12-26 10:50:19.668 INFO  [localhost-startStop-1] com.haulmont.cuba.core.sys.DefaultPermissionValuesConfig - Initializing default permission values
2016-12-26 10:50:20.497 INFO  [localhost-startStop-1] com.haulmont.cuba.security.app.LoginWorkerBean - Logged in: b40d7bf4-3464-c143-5cec-b443b2c1cc94 [anonymous]
2016-12-26 10:50:20.498 DEBUG [localhost-startStop-1] com.haulmont.cuba.security.app.LoginWorkerBean - Anonymous session initialized with id b40d7bf4-3464-c143-5cec-b443b2c1cc94
2016-12-26 10:50:20.498 INFO  [localhost-startStop-1] com.haulmont.cuba.core.sys.AppContextLoader - AppContext initialized
2016-12-26 10:50:20.501 INFO  [localhost-startStop-1] com.haulmont.cuba.core.sys.remoting.RemotingServlet - FrameworkServlet 'remoting': initialization started
2016-12-26 10:50:20.503 INFO  [localhost-startStop-1] com.haulmont.cuba.core.sys.CubaDefaultXmlWebApplicationContext - Refreshing WebApplicationContext for namespace 'remoting-servlet': startup date [Mon Dec 26 10:50:20 MSK 2016]; parent: com.haulmont.cuba.core.sys.CubaCoreApplicationContext@55bef22b
2016-12-26 10:50:20.523 INFO  [localhost-startStop-1] com.haulmont.cuba.core.sys.remoting.RemoteServicesBeanCreator - Configuring remote services
2016-12-26 10:50:20.722 INFO  [localhost-startStop-1] com.haulmont.cuba.core.sys.remoting.RemotingServlet - FrameworkServlet 'remoting': initialization completed in 221 ms
2016-12-26 10:50:21.280 DEBUG [http-nio-8080-exec-15] com.haulmont.cuba.gui.theme.ThemeConstantsRepository - Loading theme constants
2016-12-26 10:50:21.285 DEBUG [http-nio-8080-exec-15] com.haulmont.cuba.web.App - Initializing application
2016-12-26 10:50:21.426 DEBUG [http-nio-8080-exec-15/doors/anonymous] com.haulmont.cuba.web.DefaultApp - connectionStateChanged connected: true, authenticated: false
2016-12-26 10:50:21.426 DEBUG [http-nio-8080-exec-15/doors/anonymous] com.haulmont.cuba.web.App - Closing all windows
2016-12-26 10:50:21.440 INFO  [http-nio-8080-exec-15/doors/anonymous] com.haulmont.cuba.core.sys.MetadataImpl - Initializing metadata
2016-12-26 10:50:21.623 INFO  [http-nio-8080-exec-15/doors/anonymous] com.haulmont.cuba.core.sys.MetadataImpl - Metadata initialized in 183ms
2016-12-26 10:50:21.932 DEBUG [http-nio-8080-exec-15/doors/anonymous] com.haulmont.cuba.web.AbstractConnection - Logged in: user=anonymous, ip=0:0:0:0:0:0:0:1, clientInfo=Web (localhost:8080/doors) Mozilla/5.0 (Macintosh; Intel Mac OS X 10_12_1) AppleWebKit/602.2.14 (KHTML, like Gecko) Version/10.0.1 Safari/602.2.14
2016-12-26 10:50:25.779 INFO  [http-nio-8080-exec-5/doors-core/anonymous] com.haulmont.cuba.security.app.LoginWorkerBean - Logged in: e44e18e9-a751-0d8a-8100-94823c1df859 [admin]
2016-12-26 10:50:25.794 DEBUG [http-nio-8080-exec-5/doors/admin] com.haulmont.cuba.web.DefaultApp - connectionStateChanged connected: true, authenticated: true
2016-12-26 10:50:25.795 DEBUG [http-nio-8080-exec-5/doors/admin] com.haulmont.cuba.web.App - Closing all windows
2016-12-26 10:50:25.797 DEBUG [http-nio-8080-exec-5/doors/admin] com.haulmont.cuba.web.DefaultApp - Session reinitialized: HttpSession=org.apache.catalina.session.StandardSessionFacade@f0d11cc, timeout=1800sec, UserSession=e44e18e9-a751-0d8a-8100-94823c1df859 [admin]
2016-12-26 10:50:26.273 INFO  [http-nio-8080-exec-5/doors/admin] com.haulmont.cuba.client.sys.ViewRepositoryClientImpl - Initializing views
2016-12-26 10:50:26.275 DEBUG [http-nio-8080-exec-5/doors/admin] com.haulmont.cuba.client.sys.ViewRepositoryClientImpl - Deploying views config: cuba-views.xml
2016-12-26 10:50:26.281 DEBUG [http-nio-8080-exec-5/doors/admin] com.haulmont.cuba.client.sys.ViewRepositoryClientImpl - Deploying views config: com/ekom/doors/views.xml
2016-12-26 10:50:26.298 DEBUG [http-nio-8080-exec-5/doors-core/admin] com.haulmont.cuba.core.app.StoreFactory - No implementation is specified for _MAIN_ store, using RdbmsStore
2016-12-26 10:50:26.352 DEBUG [http-nio-8080-exec-5/doors-core/admin] com.haulmont.cuba.core.app.RdbmsStore - loadList: metaClass=sec$UserSubstitution, view=com.haulmont.cuba.security.entity.UserSubstitution/app, query=select us from sec$UserSubstitution us where us.user.id = :userId and (us.endDate is null or us.endDate >= :currentDate) and (us.startDate is null or us.startDate <= :currentDate) and (us.substitutedUser.active = true or us.substitutedUser.active is null) order by us.substitutedUser.name
2016-12-26 10:50:26.693 DEBUG [http-nio-8080-exec-5/doors-core/admin] com.haulmont.cuba.core.app.FoldersServiceBean - Loading AppFolders
2016-12-26 10:50:26.870 DEBUG [http-nio-8080-exec-5/doors-core/admin] com.haulmont.cuba.core.app.FoldersServiceBean - Loading SearchFolders
2016-12-26 10:50:27.157 DEBUG [http-nio-8080-exec-5/doors/admin] com.haulmont.cuba.web.AbstractConnection - Logged in: user=admin, ip=0:0:0:0:0:0:0:1, clientInfo=Web (localhost:8080/doors) Mozilla/5.0 (Macintosh; Intel Mac OS X 10_12_1) AppleWebKit/602.2.14 (KHTML, like Gecko) Version/10.0.1 Safari/602.2.14
2016-12-26 10:52:05.912 INFO  [http-nio-8080-exec-12/doors-core/admin] com.haulmont.cuba.core.app.PersistenceManager - Loading statistics cache
2016-12-26 10:52:06.188 INFO  [http-nio-8080-exec-12/doors-core/admin] com.haulmont.cuba.core.sys.ViewRepositoryImpl - Initializing views
2016-12-26 10:52:06.324 INFO  [ClientCacheManager-pool-1-thread-1] com.haulmont.cuba.security.app.LoginWorkerBean - Logged in: be77255b-3e67-6df3-a9cd-cdebb91edcb3 [admin]
2016-12-26 10:52:06.336 DEBUG [http-nio-8080-exec-12/doors-core/admin] com.haulmont.cuba.core.app.RdbmsStore - loadList: metaClass=sec$Filter, view=com.haulmont.cuba.security.entity.FilterEntity/app, query=select f from sec$Filter f left join f.user u where f.componentId = :component and (u.id = :userId or u is null) order by f.name
2016-12-26 10:52:06.988 DEBUG [http-nio-8080-exec-12/doors-core/admin] com.haulmont.cuba.core.app.RdbmsStore - loadList: metaClass=doors$Order, view=com.ekom.doors.entity.Order/orderWithCustomerAndDoor, query=select e from doors$Order e, max=50
2016-12-26 10:52:08.971 WARN  [http-nio-8080-exec-11/doors/admin] com.haulmont.cuba.gui.xml.layout.loaders.ScrollBoxLayoutLoader - 100% height of AbstractFrame id=windowActions inside vertical scrollBox replaced with -1px height
2016-12-26 10:52:08.980 DEBUG [http-nio-8080-exec-11/doors-core/admin] com.haulmont.cuba.core.app.RdbmsStore - load: metaClass=doors$Order, id=273e4abb-22c6-76f9-94b3-a39a0361ac87, view=com.ekom.doors.entity.Order/orderWithCustomerAndDoor
2016-12-26 10:52:09.515 DEBUG [http-nio-8080-exec-11/doors-core/admin] com.haulmont.cuba.core.app.RdbmsStore - loadList: metaClass=doors$Customer, view=com.ekom.doors.entity.Customer/_local, query=select e from doors$Customer e, max=10000
2016-12-26 10:52:09.664 DEBUG [http-nio-8080-exec-11/doors-core/admin] com.haulmont.cuba.core.app.RdbmsStore - loadList: metaClass=doors$Door, view=com.ekom.doors.entity.Door/_local, query=select e from doors$Door e, max=10000
2016-12-26 11:04:54.149 INFO  [scheduler-5] com.haulmont.cuba.core.sys.TriggerFilesProcessor - Calling cuba_Messages.clearCache
2016-12-26 11:05:59.199 INFO  [scheduler-4] com.haulmont.cuba.core.sys.TriggerFilesProcessor - Calling cuba_Messages.clearCache
2016-12-26 11:07:14.244 INFO  [scheduler-4] com.haulmont.cuba.core.sys.TriggerFilesProcessor - Calling cuba_Messages.clearCache
2016-12-26 11:11:19.400 INFO  [scheduler-2] com.haulmont.cuba.core.sys.TriggerFilesProcessor - Calling cuba_Messages.clearCache
2016-12-26 11:12:09.423 INFO  [scheduler-2] com.haulmont.cuba.core.sys.TriggerFilesProcessor - Calling cuba_Messages.clearCache
2016-12-26 11:12:34.435 INFO  [scheduler-2] com.haulmont.cuba.core.sys.TriggerFilesProcessor - Calling cuba_WindowConfig.reset
2016-12-26 11:12:35.680 INFO  [localhost-startStop-2] com.haulmont.cuba.core.sys.CubaDefaultXmlWebApplicationContext - Closing WebApplicationContext for namespace 'remoting-servlet': startup date [Mon Dec 26 10:50:20 MSK 2016]; parent: com.haulmont.cuba.core.sys.CubaCoreApplicationContext@55bef22b
2016-12-26 11:12:35.963 INFO  [localhost-startStop-2] com.haulmont.cuba.core.sys.CubaCoreApplicationContext - Closing com.haulmont.cuba.core.sys.CubaCoreApplicationContext@55bef22b: startup date [Mon Dec 26 10:50:11 MSK 2016]; root of context hierarchy
2016-12-26 11:12:35.965 INFO  [localhost-startStop-2] com.haulmont.cuba.core.sys.CubaThreadPoolTaskScheduler - Shutting down ExecutorService 'scheduler'
2016-12-26 11:15:59.181 INFO  [localhost-startStop-1] com.haulmont.cuba.core.sys.AppComponents - Using app components: [com.haulmont.cuba]
2016-12-26 11:15:59.209 INFO  [localhost-startStop-1] com.haulmont.cuba.web.sys.WebAppContextLoader - Loading app properties from classpath:cuba-web-app.properties
2016-12-26 11:15:59.210 INFO  [localhost-startStop-1] com.haulmont.cuba.web.sys.WebAppContextLoader - Loading app properties from classpath:com/ekom/doors/web-app.properties
2016-12-26 11:15:59.427 INFO  [localhost-startStop-1] com.haulmont.cuba.core.sys.CubaClassPathXmlApplicationContext - Refreshing com.haulmont.cuba.core.sys.CubaClassPathXmlApplicationContext@525e1668: startup date [Mon Dec 26 11:15:59 MSK 2016]; root of context hierarchy
2016-12-26 11:16:00.875 INFO  [localhost-startStop-1] com.haulmont.cuba.web.sys.remoting.WebRemoteProxyBeanCreator - Configuring proxy beans for local service invocations: [cuba_LoginService, cuba_ServerInfoService, cuba_UserSettingService, cuba_UserManagementService, cuba_DataService, cuba_ConfigStorageService, cuba_PersistenceManagerService, cuba_LockService, cuba_UserSessionService, cuba_FoldersService, cuba_EmailService, cuba_FileStorageService, cuba_EntitySnapshotService, cuba_UniqueNumbersService, cuba_LocalizedMessageService, cuba_ResourceService, cuba_ScheduledTasksService, cuba_EntityLogService, cuba_TestingService, cuba_ObjectsCacheManagerService, cuba_DomainDescriptionService, cuba_RelatedEntitiesService, cuba_EntitySqlGenerationService, cuba_NumberIdService, cuba_QueryResultsService, cuba_DynamicAttributesCacheService, cuba_EntityRestoreService, cuba_LocalFileExchangeService, cuba_EntityImportExportService, cuba_ScreenProfilerService, cuba_ServerTokenStore, cuba_IdpService]
2016-12-26 11:16:01.409 INFO  [localhost-startStop-1] com.haulmont.chile.core.datatypes.Datatypes - Can't find /datatypes.xml, using default datatypes settings
2016-12-26 11:16:02.485 INFO  [localhost-startStop-1] com.haulmont.cuba.core.sys.CubaThreadPoolTaskScheduler - Initializing ExecutorService  'scheduler'
2016-12-26 11:16:02.906 INFO  [localhost-startStop-1] com.haulmont.cuba.core.sys.jmx.MBeanExporter - Registering beans for JMX exposure: [doors.cuba:type=ConfigStorage, doors.cuba:type=CachingFacade, doors.cuba:type=FileUploading, doors.cuba:type=JmxNodeIdentifier, doors.cuba:type=JmxLogControl, doors.cuba:type=ClassLoaderManager, doors.cuba:type=StatisticsCounter]
2016-12-26 11:16:03.012 INFO  [localhost-startStop-1] com.haulmont.cuba.web.sys.WebAppContextLoader - AppContext initialized
2016-12-26 11:16:03.077 INFO  [localhost-startStop-1] com.haulmont.cuba.web.sys.CubaDispatcherServlet - FrameworkServlet 'dispatcher': initialization started
2016-12-26 11:16:03.086 INFO  [localhost-startStop-1] com.haulmont.cuba.core.sys.CubaXmlWebApplicationContext - Refreshing WebApplicationContext for namespace 'dispatcher-servlet': startup date [Mon Dec 26 11:16:03 MSK 2016]; parent: com.haulmont.cuba.core.sys.CubaClassPathXmlApplicationContext@525e1668
2016-12-26 11:16:04.403 INFO  [localhost-startStop-1] com.haulmont.cuba.web.sys.CubaDispatcherServlet - FrameworkServlet 'dispatcher': initialization completed in 1326 ms
2016-12-26 11:16:04.405 INFO  [localhost-startStop-1] com.haulmont.restapi.sys.CubaRestApiServlet - FrameworkServlet 'rest_api': initialization started
2016-12-26 11:16:04.406 INFO  [localhost-startStop-1] com.haulmont.cuba.core.sys.CubaXmlWebApplicationContext - Refreshing WebApplicationContext for namespace 'rest_api-servlet': startup date [Mon Dec 26 11:16:04 MSK 2016]; parent: com.haulmont.cuba.core.sys.CubaClassPathXmlApplicationContext@525e1668
2016-12-26 11:16:05.883 INFO  [localhost-startStop-1] com.haulmont.restapi.sys.CubaRestApiServlet - FrameworkServlet 'rest_api': initialization completed in 1478 ms
2016-12-26 11:16:05.965 INFO  [localhost-startStop-1] com.haulmont.cuba.core.sys.AppComponents - Using app components: [com.haulmont.cuba]
2016-12-26 11:16:05.974 INFO  [localhost-startStop-1] com.haulmont.cuba.core.sys.AppContextLoader - Loading app properties from classpath:cuba-app.properties
2016-12-26 11:16:05.975 INFO  [localhost-startStop-1] com.haulmont.cuba.core.sys.AppContextLoader - Loading app properties from classpath:com/ekom/doors/app.properties
2016-12-26 11:16:05.984 INFO  [localhost-startStop-1] com.haulmont.cuba.core.sys.AppContextLoader - DbmsType of the main database is set to mssql2012
2016-12-26 11:16:06.087 INFO  [localhost-startStop-1] com.haulmont.cuba.core.sys.persistence.PersistenceConfigProcessor - Creating file /Users/home/studio-projects/Doors/build/tomcat/work/doors-core/persistence.xml
2016-12-26 11:16:06.101 INFO  [localhost-startStop-1] com.haulmont.cuba.core.sys.CubaCoreApplicationContext - Refreshing com.haulmont.cuba.core.sys.CubaCoreApplicationContext@781c0ffd: startup date [Mon Dec 26 11:16:06 MSK 2016]; root of context hierarchy
2016-12-26 11:16:09.435 INFO  [localhost-startStop-1] com.haulmont.chile.core.datatypes.Datatypes - Can't find /datatypes.xml, using default datatypes settings
2016-12-26 11:16:12.046 INFO  [localhost-startStop-1] com.haulmont.cuba.core.sys.CubaThreadPoolTaskScheduler - Initializing ExecutorService  'scheduler'
2016-12-26 11:16:12.468 INFO  [localhost-startStop-1] com.haulmont.cuba.core.sys.jmx.MBeanExporter - Registering beans for JMX exposure: [doors-core.cuba:type=PersistenceManager, doors-core.cuba:type=ConfigStorage, doors-core.cuba:type=UserSessions, doors-core.cuba:type=UniqueNumbers, doors-core.cuba:type=Emailer, doors-core.cuba:type=EntityLog, doors-core.cuba:type=FileStorage, doors-core.cuba:type=LockManager, doors-core.cuba:type=CachingFacade, doors-core.cuba:type=ClusterManager, doors-core.cuba:type=ScriptingManager, doors-core.cuba:type=ServerInfo, doors-core.cuba:type=Scheduling, doors-core.cuba:type=ObjectsCacheManager, doors-core.cuba:type=PasswordEncryptionSupport, doors-core.cuba:type=JmxNodeIdentifier, doors-core.cuba:type=JmxLogControl, doors-core.cuba:type=ClassLoaderManager, doors-core.cuba:type=StatisticsCounter, doors-core.cuba:type=BruteForceProtection, doors-core.cuba:type=QueryCacheSupport, doors-core.cuba:type=IdpSessions]
2016-12-26 11:16:12.718 DEBUG [localhost-startStop-1] com.haulmont.cuba.security.app.LoginWorkerBean - Initialize anonymous session
2016-12-26 11:16:12.720 INFO  [localhost-startStop-1] com.haulmont.cuba.core.app.ConfigStorage - Loading DB-stored app properties cache
2016-12-26 11:16:16.521 INFO  [localhost-startStop-1] com.haulmont.cuba.core.sys.MetadataImpl - Initializing metadata
2016-12-26 11:16:16.641 INFO  [localhost-startStop-1] com.haulmont.cuba.core.sys.MetadataImpl - Metadata initialized in 119ms
2016-12-26 11:16:18.528 INFO  [localhost-startStop-1] com.haulmont.cuba.core.sys.DefaultPermissionValuesConfig - Initializing default permission values
2016-12-26 11:16:20.467 INFO  [localhost-startStop-1] com.haulmont.cuba.security.app.LoginWorkerBean - Logged in: b40d7bf4-3464-c143-5cec-b443b2c1cc94 [anonymous]
2016-12-26 11:16:20.471 DEBUG [localhost-startStop-1] com.haulmont.cuba.security.app.LoginWorkerBean - Anonymous session initialized with id b40d7bf4-3464-c143-5cec-b443b2c1cc94
2016-12-26 11:16:20.471 INFO  [localhost-startStop-1] com.haulmont.cuba.core.sys.AppContextLoader - AppContext initialized
2016-12-26 11:16:20.475 INFO  [localhost-startStop-1] com.haulmont.cuba.core.sys.remoting.RemotingServlet - FrameworkServlet 'remoting': initialization started
2016-12-26 11:16:20.477 INFO  [localhost-startStop-1] com.haulmont.cuba.core.sys.CubaDefaultXmlWebApplicationContext - Refreshing WebApplicationContext for namespace 'remoting-servlet': startup date [Mon Dec 26 11:16:20 MSK 2016]; parent: com.haulmont.cuba.core.sys.CubaCoreApplicationContext@781c0ffd
2016-12-26 11:16:20.497 INFO  [localhost-startStop-1] com.haulmont.cuba.core.sys.remoting.RemoteServicesBeanCreator - Configuring remote services
2016-12-26 11:16:20.663 INFO  [localhost-startStop-1] com.haulmont.cuba.core.sys.remoting.RemotingServlet - FrameworkServlet 'remoting': initialization completed in 188 ms
2016-12-26 11:16:21.135 DEBUG [http-nio-8080-exec-7] com.haulmont.cuba.gui.theme.ThemeConstantsRepository - Loading theme constants
2016-12-26 11:16:21.141 DEBUG [http-nio-8080-exec-7] com.haulmont.cuba.web.App - Initializing application
2016-12-26 11:16:21.249 DEBUG [http-nio-8080-exec-7/doors/anonymous] com.haulmont.cuba.web.DefaultApp - connectionStateChanged connected: true, authenticated: false
2016-12-26 11:16:21.249 DEBUG [http-nio-8080-exec-7/doors/anonymous] com.haulmont.cuba.web.App - Closing all windows
2016-12-26 11:16:21.261 INFO  [http-nio-8080-exec-7/doors/anonymous] com.haulmont.cuba.core.sys.MetadataImpl - Initializing metadata
2016-12-26 11:16:21.456 INFO  [http-nio-8080-exec-7/doors/anonymous] com.haulmont.cuba.core.sys.MetadataImpl - Metadata initialized in 195ms
2016-12-26 11:16:21.781 DEBUG [http-nio-8080-exec-7/doors/anonymous] com.haulmont.cuba.web.AbstractConnection - Logged in: user=anonymous, ip=0:0:0:0:0:0:0:1, clientInfo=Web (localhost:8080/doors) Mozilla/5.0 (Macintosh; Intel Mac OS X 10_12_1) AppleWebKit/602.2.14 (KHTML, like Gecko) Version/10.0.1 Safari/602.2.14
2016-12-26 11:19:03.437 INFO  [http-nio-8080-exec-18/doors-core/anonymous] com.haulmont.cuba.security.app.LoginWorkerBean - Logged in: e0b7522d-d21b-4be7-df32-026beb0d9332 [admin]
2016-12-26 11:19:03.456 DEBUG [http-nio-8080-exec-18/doors/admin] com.haulmont.cuba.web.DefaultApp - connectionStateChanged connected: true, authenticated: true
2016-12-26 11:19:03.457 DEBUG [http-nio-8080-exec-18/doors/admin] com.haulmont.cuba.web.App - Closing all windows
2016-12-26 11:19:03.459 DEBUG [http-nio-8080-exec-18/doors/admin] com.haulmont.cuba.web.DefaultApp - Session reinitialized: HttpSession=org.apache.catalina.session.StandardSessionFacade@2418a16b, timeout=1800sec, UserSession=e0b7522d-d21b-4be7-df32-026beb0d9332 [admin]
2016-12-26 11:19:04.854 INFO  [http-nio-8080-exec-18/doors/admin] com.haulmont.cuba.client.sys.ViewRepositoryClientImpl - Initializing views
2016-12-26 11:19:04.856 DEBUG [http-nio-8080-exec-18/doors/admin] com.haulmont.cuba.client.sys.ViewRepositoryClientImpl - Deploying views config: cuba-views.xml
2016-12-26 11:19:04.862 DEBUG [http-nio-8080-exec-18/doors/admin] com.haulmont.cuba.client.sys.ViewRepositoryClientImpl - Deploying views config: com/ekom/doors/views.xml
2016-12-26 11:19:04.881 DEBUG [http-nio-8080-exec-18/doors-core/admin] com.haulmont.cuba.core.app.StoreFactory - No implementation is specified for _MAIN_ store, using RdbmsStore
2016-12-26 11:19:04.925 DEBUG [http-nio-8080-exec-18/doors-core/admin] com.haulmont.cuba.core.app.RdbmsStore - loadList: metaClass=sec$UserSubstitution, view=com.haulmont.cuba.security.entity.UserSubstitution/app, query=select us from sec$UserSubstitution us where us.user.id = :userId and (us.endDate is null or us.endDate >= :currentDate) and (us.startDate is null or us.startDate <= :currentDate) and (us.substitutedUser.active = true or us.substitutedUser.active is null) order by us.substitutedUser.name
2016-12-26 11:19:05.507 INFO  [ClientCacheManager-pool-1-thread-1] com.haulmont.cuba.security.app.LoginWorkerBean - Logged in: be3de53b-b976-ceda-840b-82f3dc9a5d2b [admin]
2016-12-26 11:19:05.918 DEBUG [http-nio-8080-exec-18/doors-core/admin] com.haulmont.cuba.core.app.FoldersServiceBean - Loading AppFolders
2016-12-26 11:19:06.279 DEBUG [http-nio-8080-exec-18/doors-core/admin] com.haulmont.cuba.core.app.FoldersServiceBean - Loading SearchFolders
2016-12-26 11:19:07.037 DEBUG [http-nio-8080-exec-18/doors/admin] com.haulmont.cuba.web.AbstractConnection - Logged in: user=admin, ip=0:0:0:0:0:0:0:1, clientInfo=Web (localhost:8080/doors) Mozilla/5.0 (Macintosh; Intel Mac OS X 10_12_1) AppleWebKit/602.2.14 (KHTML, like Gecko) Version/10.0.1 Safari/602.2.14
2016-12-26 11:19:07.062 WARN  [http-nio-8080-exec-18] com.haulmont.cuba.web.sys.CubaApplicationServlet - Too long request processing [5028 ms]: ip=0:0:0:0:0:0:0:1, url=/doors/UIDL/
2016-12-26 11:19:17.821 INFO  [http-nio-8080-exec-21/doors-core/admin] com.haulmont.cuba.core.app.PersistenceManager - Loading statistics cache
2016-12-26 11:19:18.091 INFO  [http-nio-8080-exec-21/doors-core/admin] com.haulmont.cuba.core.sys.ViewRepositoryImpl - Initializing views
2016-12-26 11:19:18.396 DEBUG [http-nio-8080-exec-21/doors-core/admin] com.haulmont.cuba.core.app.RdbmsStore - loadList: metaClass=sec$Filter, view=com.haulmont.cuba.security.entity.FilterEntity/app, query=select f from sec$Filter f left join f.user u where f.componentId = :component and (u.id = :userId or u is null) order by f.name
2016-12-26 11:19:19.568 DEBUG [http-nio-8080-exec-21/doors-core/admin] com.haulmont.cuba.core.app.RdbmsStore - loadList: metaClass=doors$Order, view=com.ekom.doors.entity.Order/orderWithCustomerAndDoor, query=select e from doors$Order e, max=50
2016-12-26 11:19:21.923 WARN  [http-nio-8080-exec-19/doors/admin] com.haulmont.cuba.gui.xml.layout.loaders.ScrollBoxLayoutLoader - 100% height of AbstractFrame id=windowActions inside vertical scrollBox replaced with -1px height
2016-12-26 11:19:21.934 DEBUG [http-nio-8080-exec-19/doors-core/admin] com.haulmont.cuba.core.app.RdbmsStore - load: metaClass=doors$Order, id=273e4abb-22c6-76f9-94b3-a39a0361ac87, view=com.ekom.doors.entity.Order/orderWithCustomerAndDoor
2016-12-26 11:19:23.091 DEBUG [http-nio-8080-exec-19/doors-core/admin] com.haulmont.cuba.core.app.RdbmsStore - loadList: metaClass=doors$Customer, view=com.ekom.doors.entity.Customer/_local, query=select e from doors$Customer e, max=10000
2016-12-26 11:19:23.356 DEBUG [http-nio-8080-exec-19/doors-core/admin] com.haulmont.cuba.core.app.RdbmsStore - loadList: metaClass=doors$Door, view=com.ekom.doors.entity.Door/_local, query=select e from doors$Door e, max=10000
2016-12-26 11:44:08.837 DEBUG [http-nio-8080-exec-22/doors-core/admin] com.haulmont.cuba.core.app.RdbmsStore - loadList: metaClass=sec$UserSubstitution, view=com.haulmont.cuba.security.entity.UserSubstitution/app, query=select us from sec$UserSubstitution us where us.user.id = :userId and (us.endDate is null or us.endDate >= :currentDate) and (us.startDate is null or us.startDate <= :currentDate) and (us.substitutedUser.active = true or us.substitutedUser.active is null) order by us.substitutedUser.name
2016-12-26 11:44:09.054 DEBUG [http-nio-8080-exec-22/doors-core/admin] com.haulmont.cuba.core.app.FoldersServiceBean - Loading AppFolders
2016-12-26 11:44:09.175 DEBUG [http-nio-8080-exec-22/doors-core/admin] com.haulmont.cuba.core.app.FoldersServiceBean - Loading SearchFolders
2016-12-26 11:44:09.463 DEBUG [http-nio-8080-exec-22] com.haulmont.cuba.web.log.AppLog - WARNING: ClientAbortException on write response to client. Most likely client (browser) closed socket.
2016-12-26 11:44:09.467 DEBUG [http-nio-8080-exec-23] com.haulmont.cuba.web.log.AppLog - WARNING: ClientAbortException on write response to client. Most likely client (browser) closed socket.
2016-12-26 11:44:12.487 INFO  [localhost-startStop-2] com.haulmont.cuba.core.sys.CubaDefaultXmlWebApplicationContext - Closing WebApplicationContext for namespace 'remoting-servlet': startup date [Mon Dec 26 11:16:20 MSK 2016]; parent: com.haulmont.cuba.core.sys.CubaCoreApplicationContext@781c0ffd
2016-12-26 11:44:12.581 INFO  [localhost-startStop-2] com.haulmont.cuba.core.sys.CubaCoreApplicationContext - Closing com.haulmont.cuba.core.sys.CubaCoreApplicationContext@781c0ffd: startup date [Mon Dec 26 11:16:06 MSK 2016]; root of context hierarchy
2016-12-26 11:44:12.582 INFO  [localhost-startStop-2] com.haulmont.cuba.core.sys.CubaThreadPoolTaskScheduler - Shutting down ExecutorService 'scheduler'
2016-12-26 11:44:16.136 INFO  [localhost-startStop-1] com.haulmont.cuba.core.sys.AppComponents - Using app components: [com.haulmont.cuba]
2016-12-26 11:44:16.162 INFO  [localhost-startStop-1] com.haulmont.cuba.web.sys.WebAppContextLoader - Loading app properties from classpath:cuba-web-app.properties
2016-12-26 11:44:16.164 INFO  [localhost-startStop-1] com.haulmont.cuba.web.sys.WebAppContextLoader - Loading app properties from classpath:com/ekom/doors/web-app.properties
2016-12-26 11:44:16.391 INFO  [localhost-startStop-1] com.haulmont.cuba.core.sys.CubaClassPathXmlApplicationContext - Refreshing com.haulmont.cuba.core.sys.CubaClassPathXmlApplicationContext@400b2d55: startup date [Mon Dec 26 11:44:16 MSK 2016]; root of context hierarchy
2016-12-26 11:44:17.909 INFO  [localhost-startStop-1] com.haulmont.cuba.web.sys.remoting.WebRemoteProxyBeanCreator - Configuring proxy beans for local service invocations: [cuba_LoginService, cuba_ServerInfoService, cuba_UserSettingService, cuba_UserManagementService, cuba_DataService, cuba_ConfigStorageService, cuba_PersistenceManagerService, cuba_LockService, cuba_UserSessionService, cuba_FoldersService, cuba_EmailService, cuba_FileStorageService, cuba_EntitySnapshotService, cuba_UniqueNumbersService, cuba_LocalizedMessageService, cuba_ResourceService, cuba_ScheduledTasksService, cuba_EntityLogService, cuba_TestingService, cuba_ObjectsCacheManagerService, cuba_DomainDescriptionService, cuba_RelatedEntitiesService, cuba_EntitySqlGenerationService, cuba_NumberIdService, cuba_QueryResultsService, cuba_DynamicAttributesCacheService, cuba_EntityRestoreService, cuba_LocalFileExchangeService, cuba_EntityImportExportService, cuba_ScreenProfilerService, cuba_ServerTokenStore, cuba_IdpService]
2016-12-26 11:44:18.414 INFO  [localhost-startStop-1] com.haulmont.chile.core.datatypes.Datatypes - Can't find /datatypes.xml, using default datatypes settings
2016-12-26 11:44:19.221 INFO  [localhost-startStop-1] com.haulmont.cuba.core.sys.CubaThreadPoolTaskScheduler - Initializing ExecutorService  'scheduler'
2016-12-26 11:44:19.470 INFO  [localhost-startStop-1] com.haulmont.cuba.core.sys.jmx.MBeanExporter - Registering beans for JMX exposure: [doors.cuba:type=ConfigStorage, doors.cuba:type=CachingFacade, doors.cuba:type=FileUploading, doors.cuba:type=JmxNodeIdentifier, doors.cuba:type=JmxLogControl, doors.cuba:type=ClassLoaderManager, doors.cuba:type=StatisticsCounter]
2016-12-26 11:44:19.535 INFO  [localhost-startStop-1] com.haulmont.cuba.web.sys.WebAppContextLoader - AppContext initialized
2016-12-26 11:44:19.582 INFO  [localhost-startStop-1] com.haulmont.cuba.web.sys.CubaDispatcherServlet - FrameworkServlet 'dispatcher': initialization started
2016-12-26 11:44:19.587 INFO  [localhost-startStop-1] com.haulmont.cuba.core.sys.CubaXmlWebApplicationContext - Refreshing WebApplicationContext for namespace 'dispatcher-servlet': startup date [Mon Dec 26 11:44:19 MSK 2016]; parent: com.haulmont.cuba.core.sys.CubaClassPathXmlApplicationContext@400b2d55
2016-12-26 11:44:20.659 INFO  [localhost-startStop-1] com.haulmont.cuba.web.sys.CubaDispatcherServlet - FrameworkServlet 'dispatcher': initialization completed in 1077 ms
2016-12-26 11:44:20.661 INFO  [localhost-startStop-1] com.haulmont.restapi.sys.CubaRestApiServlet - FrameworkServlet 'rest_api': initialization started
2016-12-26 11:44:20.662 INFO  [localhost-startStop-1] com.haulmont.cuba.core.sys.CubaXmlWebApplicationContext - Refreshing WebApplicationContext for namespace 'rest_api-servlet': startup date [Mon Dec 26 11:44:20 MSK 2016]; parent: com.haulmont.cuba.core.sys.CubaClassPathXmlApplicationContext@400b2d55
2016-12-26 11:44:21.849 INFO  [localhost-startStop-1] com.haulmont.restapi.sys.CubaRestApiServlet - FrameworkServlet 'rest_api': initialization completed in 1187 ms
2016-12-26 11:44:21.929 INFO  [localhost-startStop-1] com.haulmont.cuba.core.sys.AppComponents - Using app components: [com.haulmont.cuba]
2016-12-26 11:44:21.936 INFO  [localhost-startStop-1] com.haulmont.cuba.core.sys.AppContextLoader - Loading app properties from classpath:cuba-app.properties
2016-12-26 11:44:21.938 INFO  [localhost-startStop-1] com.haulmont.cuba.core.sys.AppContextLoader - Loading app properties from classpath:com/ekom/doors/app.properties
2016-12-26 11:44:21.945 INFO  [localhost-startStop-1] com.haulmont.cuba.core.sys.AppContextLoader - DbmsType of the main database is set to mssql2012
2016-12-26 11:44:22.037 INFO  [localhost-startStop-1] com.haulmont.cuba.core.sys.persistence.PersistenceConfigProcessor - Creating file /Users/home/studio-projects/Doors/build/tomcat/work/doors-core/persistence.xml
2016-12-26 11:44:22.050 INFO  [localhost-startStop-1] com.haulmont.cuba.core.sys.CubaCoreApplicationContext - Refreshing com.haulmont.cuba.core.sys.CubaCoreApplicationContext@2baf569a: startup date [Mon Dec 26 11:44:22 MSK 2016]; root of context hierarchy
2016-12-26 11:44:25.388 INFO  [localhost-startStop-1] com.haulmont.chile.core.datatypes.Datatypes - Can't find /datatypes.xml, using default datatypes settings
2016-12-26 11:44:27.700 INFO  [localhost-startStop-1] com.haulmont.cuba.core.sys.CubaThreadPoolTaskScheduler - Initializing ExecutorService  'scheduler'
2016-12-26 11:44:28.092 INFO  [localhost-startStop-1] com.haulmont.cuba.core.sys.jmx.MBeanExporter - Registering beans for JMX exposure: [doors-core.cuba:type=PersistenceManager, doors-core.cuba:type=ConfigStorage, doors-core.cuba:type=UserSessions, doors-core.cuba:type=UniqueNumbers, doors-core.cuba:type=Emailer, doors-core.cuba:type=EntityLog, doors-core.cuba:type=FileStorage, doors-core.cuba:type=LockManager, doors-core.cuba:type=CachingFacade, doors-core.cuba:type=ClusterManager, doors-core.cuba:type=ScriptingManager, doors-core.cuba:type=ServerInfo, doors-core.cuba:type=Scheduling, doors-core.cuba:type=ObjectsCacheManager, doors-core.cuba:type=PasswordEncryptionSupport, doors-core.cuba:type=JmxNodeIdentifier, doors-core.cuba:type=JmxLogControl, doors-core.cuba:type=ClassLoaderManager, doors-core.cuba:type=StatisticsCounter, doors-core.cuba:type=BruteForceProtection, doors-core.cuba:type=QueryCacheSupport, doors-core.cuba:type=IdpSessions]
2016-12-26 11:44:28.315 DEBUG [localhost-startStop-1] com.haulmont.cuba.security.app.LoginWorkerBean - Initialize anonymous session
2016-12-26 11:44:28.317 INFO  [localhost-startStop-1] com.haulmont.cuba.core.app.ConfigStorage - Loading DB-stored app properties cache
2016-12-26 11:44:28.821 INFO  [localhost-startStop-1] com.haulmont.cuba.core.sys.MetadataImpl - Initializing metadata
2016-12-26 11:44:28.923 INFO  [localhost-startStop-1] com.haulmont.cuba.core.sys.MetadataImpl - Metadata initialized in 102ms
2016-12-26 11:44:29.812 INFO  [localhost-startStop-1] com.haulmont.cuba.core.sys.DefaultPermissionValuesConfig - Initializing default permission values
2016-12-26 11:44:30.335 INFO  [localhost-startStop-1] com.haulmont.cuba.security.app.LoginWorkerBean - Logged in: b40d7bf4-3464-c143-5cec-b443b2c1cc94 [anonymous]
2016-12-26 11:44:30.335 DEBUG [localhost-startStop-1] com.haulmont.cuba.security.app.LoginWorkerBean - Anonymous session initialized with id b40d7bf4-3464-c143-5cec-b443b2c1cc94
2016-12-26 11:44:30.335 INFO  [localhost-startStop-1] com.haulmont.cuba.core.sys.AppContextLoader - AppContext initialized
2016-12-26 11:44:30.338 INFO  [localhost-startStop-1] com.haulmont.cuba.core.sys.remoting.RemotingServlet - FrameworkServlet 'remoting': initialization started
2016-12-26 11:44:30.340 INFO  [localhost-startStop-1] com.haulmont.cuba.core.sys.CubaDefaultXmlWebApplicationContext - Refreshing WebApplicationContext for namespace 'remoting-servlet': startup date [Mon Dec 26 11:44:30 MSK 2016]; parent: com.haulmont.cuba.core.sys.CubaCoreApplicationContext@2baf569a
2016-12-26 11:44:30.359 INFO  [localhost-startStop-1] com.haulmont.cuba.core.sys.remoting.RemoteServicesBeanCreator - Configuring remote services
2016-12-26 11:44:30.500 INFO  [localhost-startStop-1] com.haulmont.cuba.core.sys.remoting.RemotingServlet - FrameworkServlet 'remoting': initialization completed in 162 ms
2016-12-26 11:44:30.981 DEBUG [http-nio-8080-exec-12] com.haulmont.cuba.gui.theme.ThemeConstantsRepository - Loading theme constants
2016-12-26 11:44:30.987 DEBUG [http-nio-8080-exec-12] com.haulmont.cuba.web.App - Initializing application
2016-12-26 11:44:31.097 DEBUG [http-nio-8080-exec-12/doors/anonymous] com.haulmont.cuba.web.DefaultApp - connectionStateChanged connected: true, authenticated: false
2016-12-26 11:44:31.097 DEBUG [http-nio-8080-exec-12/doors/anonymous] com.haulmont.cuba.web.App - Closing all windows
2016-12-26 11:44:31.106 INFO  [http-nio-8080-exec-12/doors/anonymous] com.haulmont.cuba.core.sys.MetadataImpl - Initializing metadata
2016-12-26 11:44:31.299 INFO  [http-nio-8080-exec-12/doors/anonymous] com.haulmont.cuba.core.sys.MetadataImpl - Metadata initialized in 193ms
2016-12-26 11:44:31.561 DEBUG [http-nio-8080-exec-12/doors/anonymous] com.haulmont.cuba.web.AbstractConnection - Logged in: user=anonymous, ip=0:0:0:0:0:0:0:1, clientInfo=Web (localhost:8080/doors) Mozilla/5.0 (Macintosh; Intel Mac OS X 10_12_1) AppleWebKit/602.2.14 (KHTML, like Gecko) Version/10.0.1 Safari/602.2.14
2016-12-26 11:44:40.019 INFO  [http-nio-8080-exec-7/doors-core/anonymous] com.haulmont.cuba.security.app.LoginWorkerBean - Logged in: 1bd5699e-261d-87e9-93a4-b5a1798e1fbf [admin]
2016-12-26 11:44:40.033 DEBUG [http-nio-8080-exec-7/doors/admin] com.haulmont.cuba.web.DefaultApp - connectionStateChanged connected: true, authenticated: true
2016-12-26 11:44:40.034 DEBUG [http-nio-8080-exec-7/doors/admin] com.haulmont.cuba.web.App - Closing all windows
2016-12-26 11:44:40.036 DEBUG [http-nio-8080-exec-7/doors/admin] com.haulmont.cuba.web.DefaultApp - Session reinitialized: HttpSession=org.apache.catalina.session.StandardSessionFacade@2263f13d, timeout=1800sec, UserSession=1bd5699e-261d-87e9-93a4-b5a1798e1fbf [admin]
2016-12-26 11:44:40.446 INFO  [http-nio-8080-exec-7/doors/admin] com.haulmont.cuba.client.sys.ViewRepositoryClientImpl - Initializing views
2016-12-26 11:44:40.448 DEBUG [http-nio-8080-exec-7/doors/admin] com.haulmont.cuba.client.sys.ViewRepositoryClientImpl - Deploying views config: cuba-views.xml
2016-12-26 11:44:40.453 DEBUG [http-nio-8080-exec-7/doors/admin] com.haulmont.cuba.client.sys.ViewRepositoryClientImpl - Deploying views config: com/ekom/doors/views.xml
2016-12-26 11:44:40.468 DEBUG [http-nio-8080-exec-7/doors-core/admin] com.haulmont.cuba.core.app.StoreFactory - No implementation is specified for _MAIN_ store, using RdbmsStore
2016-12-26 11:44:40.526 DEBUG [http-nio-8080-exec-7/doors-core/admin] com.haulmont.cuba.core.app.RdbmsStore - loadList: metaClass=sec$UserSubstitution, view=com.haulmont.cuba.security.entity.UserSubstitution/app, query=select us from sec$UserSubstitution us where us.user.id = :userId and (us.endDate is null or us.endDate >= :currentDate) and (us.startDate is null or us.startDate <= :currentDate) and (us.substitutedUser.active = true or us.substitutedUser.active is null) order by us.substitutedUser.name
2016-12-26 11:44:40.830 DEBUG [http-nio-8080-exec-7/doors-core/admin] com.haulmont.cuba.core.app.FoldersServiceBean - Loading AppFolders
2016-12-26 11:44:40.966 DEBUG [http-nio-8080-exec-7/doors-core/admin] com.haulmont.cuba.core.app.FoldersServiceBean - Loading SearchFolders
2016-12-26 11:44:41.233 DEBUG [http-nio-8080-exec-7/doors/admin] com.haulmont.cuba.web.AbstractConnection - Logged in: user=admin, ip=0:0:0:0:0:0:0:1, clientInfo=Web (localhost:8080/doors) Mozilla/5.0 (Macintosh; Intel Mac OS X 10_12_1) AppleWebKit/602.2.14 (KHTML, like Gecko) Version/10.0.1 Safari/602.2.14
2016-12-26 11:44:45.722 INFO  [http-nio-8080-exec-3/doors-core/admin] com.haulmont.cuba.core.app.PersistenceManager - Loading statistics cache
2016-12-26 11:44:45.883 INFO  [http-nio-8080-exec-3/doors-core/admin] com.haulmont.cuba.core.sys.ViewRepositoryImpl - Initializing views
2016-12-26 11:44:46.019 DEBUG [http-nio-8080-exec-3/doors-core/admin] com.haulmont.cuba.core.app.RdbmsStore - loadList: metaClass=sec$Filter, view=com.haulmont.cuba.security.entity.FilterEntity/app, query=select f from sec$Filter f left join f.user u where f.componentId = :component and (u.id = :userId or u is null) order by f.name
2016-12-26 11:44:46.565 DEBUG [http-nio-8080-exec-3/doors-core/admin] com.haulmont.cuba.core.app.RdbmsStore - loadList: metaClass=doors$Customer, view=com.ekom.doors.entity.Customer/_local, query=select e from doors$Customer e order by e.name, max=50
2016-12-26 11:44:48.650 WARN  [http-nio-8080-exec-10/doors/admin] com.haulmont.cuba.gui.xml.layout.loaders.ScrollBoxLayoutLoader - 100% height of AbstractFrame id=windowActions inside vertical scrollBox replaced with -1px height
2016-12-26 11:44:48.776 DEBUG [http-nio-8080-exec-10/doors-core/admin] com.haulmont.cuba.core.app.RdbmsStore - loadList: metaClass=doors$Order, view=com.ekom.doors.entity.Order/orderWithCustomerAndDoor, query=select e from doors$Order e where e.customer.id = :ds_customerDs order by e.date, max=10000
2016-12-26 11:44:50.002 INFO  [ClientCacheManager-pool-1-thread-1] com.haulmont.cuba.security.app.LoginWorkerBean - Logged in: 2342a053-5740-2ffb-4b10-e7589094921a [admin]
2016-12-26 11:44:51.655 DEBUG [http-nio-8080-exec-11/doors-core/admin] com.haulmont.cuba.security.app.EntityLog - Loading entities
2016-12-26 11:44:51.761 DEBUG [http-nio-8080-exec-11/doors-core/admin] com.haulmont.cuba.security.app.EntityLog - Loaded: entitiesAuto=0, entitiesManual=0
2016-12-26 11:44:53.836 DEBUG [http-nio-8080-exec-6/doors-core/admin] com.haulmont.cuba.core.app.RdbmsStore - loadList: metaClass=sec$Filter, view=com.haulmont.cuba.security.entity.FilterEntity/app, query=select f from sec$Filter f left join f.user u where f.componentId = :component and (u.id = :userId or u is null) order by f.name
2016-12-26 11:44:53.933 DEBUG [http-nio-8080-exec-6/doors-core/admin] com.haulmont.cuba.core.app.RdbmsStore - loadList: metaClass=doors$Customer, view=com.ekom.doors.entity.Customer/_local, query=select e from doors$Customer e order by e.name, max=50
2016-12-26 11:45:05.979 WARN  [http-nio-8080-exec-6/doors/admin] com.haulmont.cuba.gui.xml.layout.loaders.ScrollBoxLayoutLoader - 100% height of AbstractFrame id=windowActions inside vertical scrollBox replaced with -1px height
2016-12-26 11:45:05.981 DEBUG [http-nio-8080-exec-6/doors-core/admin] com.haulmont.cuba.core.app.RdbmsStore - load: metaClass=doors$Customer, id=d6ebee81-9935-8f37-91b5-7920b993228d, view=com.ekom.doors.entity.Customer/_local
2016-12-26 11:45:06.164 DEBUG [http-nio-8080-exec-6/doors-core/admin] com.haulmont.cuba.core.app.RdbmsStore - loadList: metaClass=doors$Order, view=com.ekom.doors.entity.Order/orderWithCustomerAndDoor, query=select e from doors$Order e where e.customer.id = :ds_customerDs order by e.date, max=10000
2016-12-26 11:45:22.438 DEBUG [http-nio-8080-exec-1/doors-core/admin] com.haulmont.cuba.core.app.RdbmsStore - loadList: metaClass=sec$Filter, view=com.haulmont.cuba.security.entity.FilterEntity/app, query=select f from sec$Filter f left join f.user u where f.componentId = :component and (u.id = :userId or u is null) order by f.name
2016-12-26 11:45:22.647 DEBUG [http-nio-8080-exec-1/doors-core/admin] com.haulmont.cuba.core.app.RdbmsStore - loadList: metaClass=doors$Door, view=com.ekom.doors.entity.Door/_local, query=select e from doors$Door e, max=50
2016-12-26 11:45:32.224 DEBUG [http-nio-8080-exec-2/doors-core/admin] com.haulmont.cuba.core.app.RdbmsStore - loadList: metaClass=sec$Filter, view=com.haulmont.cuba.security.entity.FilterEntity/app, query=select f from sec$Filter f left join f.user u where f.componentId = :component and (u.id = :userId or u is null) order by f.name
2016-12-26 11:45:32.418 DEBUG [http-nio-8080-exec-2/doors-core/admin] com.haulmont.cuba.core.app.RdbmsStore - loadList: metaClass=doors$Order, view=com.ekom.doors.entity.Order/orderWithCustomerAndDoor, query=select e from doors$Order e, max=50
2016-12-26 11:45:37.752 WARN  [http-nio-8080-exec-13/doors/admin] com.haulmont.cuba.gui.xml.layout.loaders.ScrollBoxLayoutLoader - 100% height of AbstractFrame id=windowActions inside vertical scrollBox replaced with -1px height
2016-12-26 11:45:37.758 DEBUG [http-nio-8080-exec-13/doors-core/admin] com.haulmont.cuba.core.app.RdbmsStore - load: metaClass=doors$Order, id=273e4abb-22c6-76f9-94b3-a39a0361ac87, view=com.ekom.doors.entity.Order/orderWithCustomerAndDoor
2016-12-26 11:45:38.162 DEBUG [http-nio-8080-exec-13/doors-core/admin] com.haulmont.cuba.core.app.RdbmsStore - loadList: metaClass=doors$Customer, view=com.ekom.doors.entity.Customer/_local, query=select e from doors$Customer e, max=10000
2016-12-26 11:45:38.301 DEBUG [http-nio-8080-exec-13/doors-core/admin] com.haulmont.cuba.core.app.RdbmsStore - loadList: metaClass=doors$Door, view=com.ekom.doors.entity.Door/_local, query=select e from doors$Door e, max=10000
2016-12-26 11:45:53.605 DEBUG [http-nio-8080-exec-3/doors-core/admin] com.haulmont.cuba.core.app.RdbmsStore - loadList: metaClass=sec$Filter, view=com.haulmont.cuba.security.entity.FilterEntity/app, query=select f from sec$Filter f left join f.user u where f.componentId = :component and (u.id = :userId or u is null) order by f.name
2016-12-26 11:45:53.736 DEBUG [http-nio-8080-exec-3/doors-core/admin] com.haulmont.cuba.core.app.RdbmsStore - loadList: metaClass=doors$Customer, view=com.ekom.doors.entity.Customer/_local, query=select e from doors$Customer e order by e.name, max=50
2016-12-26 11:45:55.987 WARN  [http-nio-8080-exec-10/doors/admin] com.haulmont.cuba.gui.xml.layout.loaders.ScrollBoxLayoutLoader - 100% height of AbstractFrame id=windowActions inside vertical scrollBox replaced with -1px height
2016-12-26 11:45:55.993 DEBUG [http-nio-8080-exec-10/doors-core/admin] com.haulmont.cuba.core.app.RdbmsStore - loadList: metaClass=doors$Order, view=com.ekom.doors.entity.Order/orderWithCustomerAndDoor, query=select e from doors$Order e where e.customer.id = :ds_customerDs order by e.date, max=10000
2016-12-26 11:46:05.894 DEBUG [http-nio-8080-exec-10/doors-core/admin] com.haulmont.cuba.core.app.RdbmsStore - loadList: metaClass=sec$Filter, view=com.haulmont.cuba.security.entity.FilterEntity/app, query=select f from sec$Filter f left join f.user u where f.componentId = :component and (u.id = :userId or u is null) order by f.name
2016-12-26 11:46:05.983 DEBUG [http-nio-8080-exec-10/doors-core/admin] com.haulmont.cuba.core.app.RdbmsStore - loadList: metaClass=doors$Door, view=com.ekom.doors.entity.Door/_local, query=select e from doors$Door e, max=50
2016-12-26 13:03:08.881 DEBUG [scheduler-3] com.haulmont.cuba.security.app.UserSessions - Removing session due to timeout: 1bd5699e-261d-87e9-93a4-b5a1798e1fbf [admin], since: Mon Dec 26 11:44:40 MSK 2016, lastUsed: Mon Dec 26 11:46:05 MSK 2016
2016-12-26 13:04:03.590 DEBUG [http-nio-8080-exec-11] com.haulmont.cuba.web.App - Initializing application
2016-12-26 13:04:03.593 DEBUG [http-nio-8080-exec-11/doors/anonymous] com.haulmont.cuba.web.DefaultApp - connectionStateChanged connected: true, authenticated: false
2016-12-26 13:04:03.593 DEBUG [http-nio-8080-exec-11/doors/anonymous] com.haulmont.cuba.web.App - Closing all windows
2016-12-26 13:04:03.603 DEBUG [http-nio-8080-exec-11/doors/anonymous] com.haulmont.cuba.web.AbstractConnection - Logged in: user=anonymous, ip=0:0:0:0:0:0:0:1, clientInfo=Web (localhost:8080/doors) Mozilla/5.0 (Macintosh; Intel Mac OS X 10_12_1) AppleWebKit/602.2.14 (KHTML, like Gecko) Version/10.0.1 Safari/602.2.14
2016-12-26 13:04:07.039 INFO  [http-nio-8080-exec-5/doors-core/anonymous] com.haulmont.cuba.security.app.LoginWorkerBean - Logged in: 45ff5b95-b304-7b6a-c8f6-df72f3c1a23e [admin]
2016-12-26 13:04:07.051 DEBUG [http-nio-8080-exec-5/doors/admin] com.haulmont.cuba.web.DefaultApp - connectionStateChanged connected: true, authenticated: true
2016-12-26 13:04:07.051 DEBUG [http-nio-8080-exec-5/doors/admin] com.haulmont.cuba.web.App - Closing all windows
2016-12-26 13:04:07.052 DEBUG [http-nio-8080-exec-5/doors/admin] com.haulmont.cuba.web.DefaultApp - Session reinitialized: HttpSession=org.apache.catalina.session.StandardSessionFacade@5486acf8, timeout=1800sec, UserSession=45ff5b95-b304-7b6a-c8f6-df72f3c1a23e [admin]
2016-12-26 13:04:07.545 DEBUG [http-nio-8080-exec-5/doors-core/admin] com.haulmont.cuba.core.app.RdbmsStore - loadList: metaClass=sec$UserSubstitution, view=com.haulmont.cuba.security.entity.UserSubstitution/app, query=select us from sec$UserSubstitution us where us.user.id = :userId and (us.endDate is null or us.endDate >= :currentDate) and (us.startDate is null or us.startDate <= :currentDate) and (us.substitutedUser.active = true or us.substitutedUser.active is null) order by us.substitutedUser.name
2016-12-26 13:04:07.763 DEBUG [http-nio-8080-exec-5/doors-core/admin] com.haulmont.cuba.core.app.FoldersServiceBean - Loading AppFolders
2016-12-26 13:04:07.894 DEBUG [http-nio-8080-exec-5/doors-core/admin] com.haulmont.cuba.core.app.FoldersServiceBean - Loading SearchFolders
2016-12-26 13:04:08.167 DEBUG [http-nio-8080-exec-5/doors/admin] com.haulmont.cuba.web.AbstractConnection - Logged in: user=admin, ip=0:0:0:0:0:0:0:1, clientInfo=Web (localhost:8080/doors) Mozilla/5.0 (Macintosh; Intel Mac OS X 10_12_1) AppleWebKit/602.2.14 (KHTML, like Gecko) Version/10.0.1 Safari/602.2.14
2016-12-26 13:04:11.355 DEBUG [http-nio-8080-exec-9/doors-core/admin] com.haulmont.cuba.core.app.RdbmsStore - loadList: metaClass=sec$Filter, view=com.haulmont.cuba.security.entity.FilterEntity/app, query=select f from sec$Filter f left join f.user u where f.componentId = :component and (u.id = :userId or u is null) order by f.name
2016-12-26 13:04:11.600 DEBUG [http-nio-8080-exec-9/doors-core/admin] com.haulmont.cuba.core.app.RdbmsStore - loadList: metaClass=sec$Presentation, view=com.haulmont.cuba.security.entity.Presentation/app, query=select p from sec$Presentation p where p.componentId = :component and (p.user is null or p.user.id = :userId)
2016-12-26 13:04:11.782 DEBUG [http-nio-8080-exec-9/doors-core/admin] com.haulmont.cuba.core.app.RdbmsStore - loadList: metaClass=sec$User, view=com.haulmont.cuba.security.entity.User/user.browse, query=select u from sec$User u, max=50
2016-12-26 13:04:17.152 DEBUG [http-nio-8080-exec-13/doors-core/admin] com.haulmont.cuba.core.app.RdbmsStore - loadList: metaClass=sec$Role, view=com.haulmont.cuba.security.entity.Role/_local, query=select r from sec$Role r order by r.name, max=10000
2016-12-26 13:04:29.050 DEBUG [http-nio-8080-exec-2/doors-core/admin] com.haulmont.cuba.core.app.RdbmsStore - loadList: metaClass=sec$Permission, view=com.haulmont.cuba.security.entity.Permission/role.edit, query=select p from sec$Permission p where p.role.id = :ds_roleDs and p.type = 10, max=10000
2016-12-26 13:05:46.226 DEBUG [http-nio-8080-exec-9/doors-core/admin] com.haulmont.cuba.core.app.RdbmsStore - commit: commitInstances=[com.haulmont.cuba.security.entity.Permission-93674f14-d31f-8b2b-d9f1-19e5fdfc359c [new], com.haulmont.cuba.security.entity.Role-f4588c88-57a3-d413-f89d-282366291683 [new], com.haulmont.cuba.security.entity.Permission-74c48378-5fe6-2f08-40ed-e63ff719782c [new], com.haulmont.cuba.security.entity.Permission-f7725c44-a966-08f2-7cf2-50a67fdbb870 [new]], removeInstances=[]
2016-12-26 13:05:47.028 DEBUG [http-nio-8080-exec-9/doors-core/admin] com.haulmont.cuba.core.app.RdbmsStore - commit: commitInstances=[com.haulmont.cuba.security.entity.ScreenHistoryEntity-bf447ad6-49cd-8423-f706-0125d8dcdb5b [new]], removeInstances=[]
2016-12-26 13:05:52.316 DEBUG [http-nio-8080-exec-11/doors-core/admin] com.haulmont.cuba.core.app.RdbmsStore - load: metaClass=sec$Role, id=0c018061-b26f-4de2-a5be-dff348347f93, view=com.haulmont.cuba.security.entity.Role/_local
2016-12-26 13:05:52.417 DEBUG [http-nio-8080-exec-11/doors-core/admin] com.haulmont.cuba.core.app.RdbmsStore - loadList: metaClass=sec$Permission, view=com.haulmont.cuba.security.entity.Permission/role.edit, query=select p from sec$Permission p where p.role.id = :ds_roleDs and p.type = 10, max=10000
2016-12-26 13:06:04.710 DEBUG [http-nio-8080-exec-9/doors-core/admin] com.haulmont.cuba.core.app.RdbmsStore - commit: commitInstances=[com.haulmont.cuba.security.entity.Role-0c018061-b26f-4de2-a5be-dff348347f93 [detached]], removeInstances=[]
2016-12-26 13:06:05.150 DEBUG [http-nio-8080-exec-9/doors-core/admin] com.haulmont.cuba.core.app.RdbmsStore - commit: commitInstances=[com.haulmont.cuba.security.entity.ScreenHistoryEntity-c966b4dc-2e76-3ad7-a91c-98989cabef96 [new]], removeInstances=[]
2016-12-26 13:06:08.104 DEBUG [http-nio-8080-exec-7/doors-core/admin] com.haulmont.cuba.core.app.RdbmsStore - load: metaClass=sec$Role, id=f4588c88-57a3-d413-f89d-282366291683, view=com.haulmont.cuba.security.entity.Role/_local
2016-12-26 13:06:08.170 DEBUG [http-nio-8080-exec-7/doors-core/admin] com.haulmont.cuba.core.app.RdbmsStore - loadList: metaClass=sec$Permission, view=com.haulmont.cuba.security.entity.Permission/role.edit, query=select p from sec$Permission p where p.role.id = :ds_roleDs and p.type = 10, max=10000
2016-12-26 13:06:27.064 DEBUG [http-nio-8080-exec-10/doors-core/admin] com.haulmont.cuba.core.app.RdbmsStore - commit: commitInstances=[com.haulmont.cuba.security.entity.Role-f4588c88-57a3-d413-f89d-282366291683 [detached]], removeInstances=[]
2016-12-26 13:06:27.442 DEBUG [http-nio-8080-exec-10/doors-core/admin] com.haulmont.cuba.core.app.RdbmsStore - commit: commitInstances=[com.haulmont.cuba.security.entity.ScreenHistoryEntity-3fcb4999-428d-b44f-c7fa-4eda403643b6 [new]], removeInstances=[]
2016-12-26 13:06:54.861 DEBUG [http-nio-8080-exec-12/doors-core/admin] com.haulmont.cuba.core.app.RdbmsStore - loadList: metaClass=sec$Group, view=com.haulmont.cuba.security.entity.Group/group.browse, query=select g from sec$Group g order by g.name, max=10000
2016-12-26 13:06:54.992 DEBUG [http-nio-8080-exec-12/doors-core/admin] com.haulmont.cuba.core.app.RdbmsStore - loadList: metaClass=sec$User, view=com.haulmont.cuba.security.entity.User/group.browse, query=select u from sec$User u where u.group.id = :ds_groupsDs, max=50
2016-12-26 13:06:55.166 DEBUG [http-nio-8080-exec-12/doors-core/admin] com.haulmont.cuba.core.app.RdbmsStore - loadList: metaClass=sec$Constraint, view=com.haulmont.cuba.security.entity.Constraint/group.browse, query=select c from sec$Constraint c where c.group.id = :ds_groupsDs, max=10000
2016-12-26 13:06:55.334 DEBUG [http-nio-8080-exec-12/doors-core/admin] com.haulmont.cuba.core.app.RdbmsStore - loadList: metaClass=sec$SessionAttribute, view=com.haulmont.cuba.security.entity.SessionAttribute/_local, query=select a from sec$SessionAttribute a where a.group.id = :ds_groupsDs, max=10000
2016-12-26 13:06:55.489 DEBUG [http-nio-8080-exec-12/doors-core/admin] com.haulmont.cuba.core.app.RdbmsStore - loadList: metaClass=sec$Filter, view=com.haulmont.cuba.security.entity.FilterEntity/app, query=select f from sec$Filter f left join f.user u where f.componentId = :component and (u.id = :userId or u is null) order by f.name
2016-12-26 13:06:58.773 DEBUG [http-nio-8080-exec-9/doors-core/admin] com.haulmont.cuba.core.app.RdbmsStore - loadList: metaClass=sec$Role, view=null, query=select r from sec$Role r where r.defaultRole = true
2016-12-26 13:06:58.896 DEBUG [http-nio-8080-exec-9/doors-core/admin] com.haulmont.cuba.core.app.RdbmsStore - loadList: metaClass=sec$Group, view=com.haulmont.cuba.security.entity.Group/_minimal, query=select g from sec$Group
2016-12-26 13:06:58.989 DEBUG [http-nio-8080-exec-9/doors-core/admin] com.haulmont.cuba.core.app.RdbmsStore - loadList: metaClass=sec$Role, view=com.haulmont.cuba.security.entity.Role/_minimal, query=select r from sec$Role
2016-12-26 13:07:08.244 DEBUG [http-nio-8080-exec-14/doors-core/admin] com.haulmont.cuba.core.app.RdbmsStore - loadList: metaClass=sec$Filter, view=com.haulmont.cuba.security.entity.FilterEntity/app, query=select f from sec$Filter f left join f.user u where f.componentId = :component and (u.id = :userId or u is null) order by f.name
2016-12-26 13:07:08.343 DEBUG [http-nio-8080-exec-14/doors-core/admin] com.haulmont.cuba.core.app.RdbmsStore - loadList: metaClass=sec$Presentation, view=com.haulmont.cuba.security.entity.Presentation/app, query=select p from sec$Presentation p where p.componentId = :component and (p.user is null or p.user.id = :userId)
2016-12-26 13:07:08.719 DEBUG [http-nio-8080-exec-14/doors-core/admin] com.haulmont.cuba.core.app.RdbmsStore - loadList: metaClass=sec$User, view=com.haulmont.cuba.security.entity.User/user.browse, query=select u from sec$User u, max=50
2016-12-26 13:07:10.373 DEBUG [http-nio-8080-exec-7/doors-core/admin] com.haulmont.cuba.core.app.RdbmsStore - loadList: metaClass=sec$Role, view=null, query=select r from sec$Role r where r.defaultRole = true
2016-12-26 13:07:10.461 DEBUG [http-nio-8080-exec-7/doors-core/admin] com.haulmont.cuba.core.app.RdbmsStore - loadList: metaClass=sec$Group, view=com.haulmont.cuba.security.entity.Group/_minimal, query=select g from sec$Group
2016-12-26 13:07:10.523 DEBUG [http-nio-8080-exec-7/doors-core/admin] com.haulmont.cuba.core.app.RdbmsStore - loadList: metaClass=sec$Role, view=com.haulmont.cuba.security.entity.Role/_minimal, query=select r from sec$Role
2016-12-26 13:07:51.142 DEBUG [http-nio-8080-exec-14/doors-core/admin] com.haulmont.cuba.core.app.RdbmsStore - loadList: metaClass=sec$Group, view=com.haulmont.cuba.security.entity.Group/group.browse, query=select g from sec$Group, max=10000
2016-12-26 13:08:20.130 DEBUG [http-nio-8080-exec-2/doors-core/admin] com.haulmont.cuba.core.app.RdbmsStore - loadList: metaClass=sec$Role, view=com.haulmont.cuba.security.entity.Role/_local, query=select r from sec$Role r order by r.name, max=10000
2016-12-26 13:08:23.379 DEBUG [http-nio-8080-exec-6/doors-core/admin] com.haulmont.cuba.core.app.RdbmsStore - commit: commitInstances=[com.haulmont.cuba.security.entity.User-b6668691-693f-0f4b-1ff9-265ae96d3ef5 [new], com.haulmont.cuba.security.entity.UserRole-647952a5-483f-d79a-ad38-fa75f0970d1c [new]], removeInstances=[]
2016-12-26 13:08:23.956 DEBUG [http-nio-8080-exec-6/doors-core/admin] com.haulmont.cuba.core.app.RdbmsStore - commit: commitInstances=[com.haulmont.cuba.security.entity.ScreenHistoryEntity-2ed4d138-9a13-4cf7-f1dc-232e1de5767c [new]], removeInstances=[]
2016-12-26 13:08:51.024 DEBUG [http-nio-8080-exec-13/doors-core/admin] com.haulmont.cuba.core.app.RdbmsStore - load: metaClass=sec$User, id=b6668691-693f-0f4b-1ff9-265ae96d3ef5, view=com.haulmont.cuba.security.entity.User/user.edit
2016-12-26 13:08:51.422 DEBUG [http-nio-8080-exec-13/doors-core/admin] com.haulmont.cuba.core.app.RdbmsStore - loadList: metaClass=sec$Role, view=com.haulmont.cuba.security.entity.Role/_minimal, query=select r from sec$Role
2016-12-26 13:08:57.965 DEBUG [http-nio-8080-exec-5/doors-core/admin] com.haulmont.cuba.core.app.RdbmsStore - commit: commitInstances=[com.haulmont.cuba.security.entity.ScreenHistoryEntity-c0bbe527-71d5-276d-9d3c-65b8631b1faa [new]], removeInstances=[]
2016-12-26 13:09:01.244 DEBUG [http-nio-8080-exec-2/doors-core/admin] com.haulmont.cuba.core.app.RdbmsStore - load: metaClass=sec$User, id=b6668691-693f-0f4b-1ff9-265ae96d3ef5, view=com.haulmont.cuba.security.entity.User/user.edit
2016-12-26 13:09:01.516 DEBUG [http-nio-8080-exec-2/doors-core/admin] com.haulmont.cuba.core.app.RdbmsStore - loadList: metaClass=sec$Role, view=com.haulmont.cuba.security.entity.Role/_minimal, query=select r from sec$Role
2016-12-26 13:09:19.384 DEBUG [http-nio-8080-exec-2/doors-core/admin] com.haulmont.cuba.core.app.RdbmsStore - commit: commitInstances=[com.haulmont.cuba.security.entity.ScreenHistoryEntity-ac658ca1-46d3-94e2-bebe-ce0f4dc07a8a [new]], removeInstances=[]
2016-12-26 13:09:50.298 DEBUG [http-nio-8080-exec-13/doors/admin] com.haulmont.cuba.web.App - Closing all windows
2016-12-26 13:09:50.299 DEBUG [http-nio-8080-exec-13/doors-core/admin] com.haulmont.cuba.security.app.UserSessions - Removed session: 45ff5b95-b304-7b6a-c8f6-df72f3c1a23e [admin], since: Mon Dec 26 13:04:07 MSK 2016, lastUsed: Mon Dec 26 13:09:49 MSK 2016
2016-12-26 13:09:50.299 INFO  [http-nio-8080-exec-13/doors-core/admin] com.haulmont.cuba.security.app.LoginWorkerBean - Logged out: 45ff5b95-b304-7b6a-c8f6-df72f3c1a23e [admin]
2016-12-26 13:09:50.306 DEBUG [http-nio-8080-exec-13] com.haulmont.cuba.web.DefaultApp - connectionStateChanged connected: false, authenticated: false
2016-12-26 13:09:50.306 DEBUG [http-nio-8080-exec-13] com.haulmont.cuba.web.App - Closing all windows
2016-12-26 13:09:50.308 DEBUG [http-nio-8080-exec-13/doors/anonymous] com.haulmont.cuba.web.DefaultApp - connectionStateChanged connected: true, authenticated: false
2016-12-26 13:09:50.308 DEBUG [http-nio-8080-exec-13/doors/anonymous] com.haulmont.cuba.web.App - Closing all windows
2016-12-26 13:09:50.323 DEBUG [http-nio-8080-exec-13/doors/anonymous] com.haulmont.cuba.web.AbstractConnection - Logged in: user=anonymous, ip=0:0:0:0:0:0:0:1, clientInfo=Web (localhost:8080/doors) Mozilla/5.0 (Macintosh; Intel Mac OS X 10_12_1) AppleWebKit/602.2.14 (KHTML, like Gecko) Version/10.0.1 Safari/602.2.14
2016-12-26 13:10:10.345 INFO  [http-nio-8080-exec-10/doors-core/anonymous] com.haulmont.cuba.security.app.LoginWorkerBean - Logged in: 4733f418-414f-1fb5-7a38-bec9bc16b2ba [ ..]
2016-12-26 13:10:10.364 DEBUG [http-nio-8080-exec-10/doors/ ..] com.haulmont.cuba.web.DefaultApp - connectionStateChanged connected: true, authenticated: true
2016-12-26 13:10:10.364 DEBUG [http-nio-8080-exec-10/doors/ ..] com.haulmont.cuba.web.App - Closing all windows
2016-12-26 13:10:10.365 DEBUG [http-nio-8080-exec-10/doors/ ..] com.haulmont.cuba.web.DefaultApp - Session reinitialized: HttpSession=org.apache.catalina.session.StandardSessionFacade@2818d0fd, timeout=1800sec, UserSession=4733f418-414f-1fb5-7a38-bec9bc16b2ba [ ..]
2016-12-26 13:10:11.372 DEBUG [http-nio-8080-exec-10/doors-core/ ..] com.haulmont.cuba.core.app.RdbmsStore - loadList: metaClass=sec$UserSubstitution, view=com.haulmont.cuba.security.entity.UserSubstitution/app, query=select us from sec$UserSubstitution us where us.user.id = :userId and (us.endDate is null or us.endDate >= :currentDate) and (us.startDate is null or us.startDate <= :currentDate) and (us.substitutedUser.active = true or us.substitutedUser.active is null) order by us.substitutedUser.name
2016-12-26 13:10:12.341 DEBUG [http-nio-8080-exec-10/doors-core/ ..] com.haulmont.cuba.core.app.FoldersServiceBean - Loading AppFolders
2016-12-26 13:10:12.450 DEBUG [http-nio-8080-exec-10/doors-core/ ..] com.haulmont.cuba.core.app.FoldersServiceBean - Loading SearchFolders
2016-12-26 13:10:12.645 DEBUG [http-nio-8080-exec-10/doors/ ..] com.haulmont.cuba.web.AbstractConnection - Logged in: user= .., ip=0:0:0:0:0:0:0:1, clientInfo=Web (localhost:8080/doors) Mozilla/5.0 (Macintosh; Intel Mac OS X 10_12_1) AppleWebKit/602.2.14 (KHTML, like Gecko) Version/10.0.1 Safari/602.2.14
2016-12-26 13:10:12.650 WARN  [http-nio-8080-exec-10] com.haulmont.cuba.web.sys.CubaApplicationServlet - Too long request processing [10238 ms]: ip=0:0:0:0:0:0:0:1, url=/doors/UIDL/
2016-12-26 13:10:27.616 DEBUG [http-nio-8080-exec-5/doors-core/ ..] com.haulmont.cuba.core.app.RdbmsStore - loadList: metaClass=sec$Filter, view=com.haulmont.cuba.security.entity.FilterEntity/app, query=select f from sec$Filter f left join f.user u where f.componentId = :component and (u.id = :userId or u is null) order by f.name
2016-12-26 13:10:27.809 DEBUG [http-nio-8080-exec-5/doors-core/ ..] com.haulmont.cuba.core.app.RdbmsStore - loadList: metaClass=doors$Order, view=com.ekom.doors.entity.Order/orderWithCustomerAndDoor, query=select e from doors$Order e, max=50
2016-12-26 13:10:37.078 DEBUG [http-nio-8080-exec-7/doors/ ..] com.haulmont.cuba.web.App - Closing all windows
2016-12-26 13:10:37.079 DEBUG [http-nio-8080-exec-7/doors-core/ ..] com.haulmont.cuba.security.app.UserSessions - Removed session: 4733f418-414f-1fb5-7a38-bec9bc16b2ba [ ..], since: Mon Dec 26 13:10:10 MSK 2016, lastUsed: Mon Dec 26 13:10:27 MSK 2016
2016-12-26 13:10:37.079 INFO  [http-nio-8080-exec-7/doors-core/ ..] com.haulmont.cuba.security.app.LoginWorkerBean - Logged out: 4733f418-414f-1fb5-7a38-bec9bc16b2ba [ ..]
2016-12-26 13:10:37.079 DEBUG [http-nio-8080-exec-7] com.haulmont.cuba.web.DefaultApp - connectionStateChanged connected: false, authenticated: false
2016-12-26 13:10:37.079 DEBUG [http-nio-8080-exec-7] com.haulmont.cuba.web.App - Closing all windows
2016-12-26 13:10:37.081 DEBUG [http-nio-8080-exec-7/doors/anonymous] com.haulmont.cuba.web.DefaultApp - connectionStateChanged connected: true, authenticated: false
2016-12-26 13:10:37.081 DEBUG [http-nio-8080-exec-7/doors/anonymous] com.haulmont.cuba.web.App - Closing all windows
2016-12-26 13:10:37.090 DEBUG [http-nio-8080-exec-7/doors/anonymous] com.haulmont.cuba.web.AbstractConnection - Logged in: user=anonymous, ip=0:0:0:0:0:0:0:1, clientInfo=Web (localhost:8080/doors) Mozilla/5.0 (Macintosh; Intel Mac OS X 10_12_1) AppleWebKit/602.2.14 (KHTML, like Gecko) Version/10.0.1 Safari/602.2.14
2016-12-26 13:10:42.828 INFO  [http-nio-8080-exec-2/doors-core/anonymous] com.haulmont.cuba.security.app.LoginWorkerBean - Logged in: c02cbb75-20e8-fb3d-1257-82617e0d2203 [admin]
2016-12-26 13:10:42.830 DEBUG [http-nio-8080-exec-2/doors/admin] com.haulmont.cuba.web.DefaultApp - connectionStateChanged connected: true, authenticated: true
2016-12-26 13:10:42.830 DEBUG [http-nio-8080-exec-2/doors/admin] com.haulmont.cuba.web.App - Closing all windows
2016-12-26 13:10:42.831 DEBUG [http-nio-8080-exec-2/doors/admin] com.haulmont.cuba.web.DefaultApp - Session reinitialized: HttpSession=org.apache.catalina.session.StandardSessionFacade@448e824b, timeout=1800sec, UserSession=c02cbb75-20e8-fb3d-1257-82617e0d2203 [admin]
2016-12-26 13:10:43.151 DEBUG [http-nio-8080-exec-2/doors-core/admin] com.haulmont.cuba.core.app.RdbmsStore - loadList: metaClass=sec$UserSubstitution, view=com.haulmont.cuba.security.entity.UserSubstitution/app, query=select us from sec$UserSubstitution us where us.user.id = :userId and (us.endDate is null or us.endDate >= :currentDate) and (us.startDate is null or us.startDate <= :currentDate) and (us.substitutedUser.active = true or us.substitutedUser.active is null) order by us.substitutedUser.name
2016-12-26 13:10:43.329 DEBUG [http-nio-8080-exec-2/doors-core/admin] com.haulmont.cuba.core.app.FoldersServiceBean - Loading AppFolders
2016-12-26 13:10:43.414 DEBUG [http-nio-8080-exec-2/doors-core/admin] com.haulmont.cuba.core.app.FoldersServiceBean - Loading SearchFolders
2016-12-26 13:10:43.568 DEBUG [http-nio-8080-exec-2/doors/admin] com.haulmont.cuba.web.AbstractConnection - Logged in: user=admin, ip=0:0:0:0:0:0:0:1, clientInfo=Web (localhost:8080/doors) Mozilla/5.0 (Macintosh; Intel Mac OS X 10_12_1) AppleWebKit/602.2.14 (KHTML, like Gecko) Version/10.0.1 Safari/602.2.14
2016-12-26 13:10:47.431 DEBUG [http-nio-8080-exec-10/doors-core/admin] com.haulmont.cuba.core.app.RdbmsStore - loadList: metaClass=sec$Filter, view=com.haulmont.cuba.security.entity.FilterEntity/app, query=select f from sec$Filter f left join f.user u where f.componentId = :component and (u.id = :userId or u is null) order by f.name
2016-12-26 13:10:47.619 DEBUG [http-nio-8080-exec-10/doors-core/admin] com.haulmont.cuba.core.app.RdbmsStore - loadList: metaClass=sec$Presentation, view=com.haulmont.cuba.security.entity.Presentation/app, query=select p from sec$Presentation p where p.componentId = :component and (p.user is null or p.user.id = :userId)
2016-12-26 13:10:47.712 DEBUG [http-nio-8080-exec-10/doors-core/admin] com.haulmont.cuba.core.app.RdbmsStore - loadList: metaClass=sec$User, view=com.haulmont.cuba.security.entity.User/user.browse, query=select u from sec$User u, max=50
2016-12-26 13:10:49.458 DEBUG [http-nio-8080-exec-2/doors-core/admin] com.haulmont.cuba.core.app.RdbmsStore - load: metaClass=sec$User, id=b6668691-693f-0f4b-1ff9-265ae96d3ef5, view=com.haulmont.cuba.security.entity.User/user.edit
2016-12-26 13:10:49.703 DEBUG [http-nio-8080-exec-2/doors-core/admin] com.haulmont.cuba.core.app.RdbmsStore - loadList: metaClass=sec$Role, view=com.haulmont.cuba.security.entity.Role/_minimal, query=select r from sec$Role
2016-12-26 13:10:52.657 DEBUG [http-nio-8080-exec-6/doors-core/admin] com.haulmont.cuba.core.app.RdbmsStore - load: metaClass=sec$Role, id=f4588c88-57a3-d413-f89d-282366291683, view=com.haulmont.cuba.security.entity.Role/_local
2016-12-26 13:10:52.758 DEBUG [http-nio-8080-exec-6/doors-core/admin] com.haulmont.cuba.core.app.RdbmsStore - loadList: metaClass=sec$Permission, view=com.haulmont.cuba.security.entity.Permission/role.edit, query=select p from sec$Permission p where p.role.id = :ds_roleDs and p.type = 10, max=10000
2016-12-26 13:11:00.233 DEBUG [http-nio-8080-exec-11/doors-core/admin] com.haulmont.cuba.core.app.RdbmsStore - commit: commitInstances=[com.haulmont.cuba.security.entity.ScreenHistoryEntity-6c987bc2-fd6d-3c7e-e03b-9e9f0ac9531c [new]], removeInstances=[]
2016-12-26 13:11:39.803 DEBUG [http-nio-8080-exec-7/doors-core/admin] com.haulmont.cuba.core.app.RdbmsStore - commit: commitInstances=[com.haulmont.cuba.security.entity.User-b6668691-693f-0f4b-1ff9-265ae96d3ef5 [detached]], removeInstances=[]
2016-12-26 13:11:40.522 DEBUG [http-nio-8080-exec-7/doors-core/admin] com.haulmont.cuba.core.app.RdbmsStore - commit: commitInstances=[com.haulmont.cuba.security.entity.ScreenHistoryEntity-adafed4f-0abe-1d7f-0de5-d406b895129b [new]], removeInstances=[]
2016-12-26 13:11:51.437 DEBUG [http-nio-8080-exec-14/doors-core/admin] com.haulmont.cuba.core.app.RdbmsStore - loadList: metaClass=sec$UserSubstitution, view=com.haulmont.cuba.security.entity.UserSubstitution/app, query=select us from sec$UserSubstitution us where us.user.id = :userId and (us.endDate is null or us.endDate >= :currentDate) and (us.startDate is null or us.startDate <= :currentDate) and (us.substitutedUser.active = true or us.substitutedUser.active is null) order by us.substitutedUser.name
2016-12-26 13:11:51.629 DEBUG [http-nio-8080-exec-14/doors-core/admin] com.haulmont.cuba.core.app.FoldersServiceBean - Loading AppFolders
2016-12-26 13:11:51.714 DEBUG [http-nio-8080-exec-14/doors-core/admin] com.haulmont.cuba.core.app.FoldersServiceBean - Loading SearchFolders
2016-12-26 13:11:53.502 DEBUG [http-nio-8080-exec-7/doors/admin] com.haulmont.cuba.web.App - Closing all windows
2016-12-26 13:11:53.503 DEBUG [http-nio-8080-exec-7/doors-core/admin] com.haulmont.cuba.security.app.UserSessions - Removed session: c02cbb75-20e8-fb3d-1257-82617e0d2203 [admin], since: Mon Dec 26 13:10:42 MSK 2016, lastUsed: Mon Dec 26 13:11:51 MSK 2016
2016-12-26 13:11:53.503 INFO  [http-nio-8080-exec-7/doors-core/admin] com.haulmont.cuba.security.app.LoginWorkerBean - Logged out: c02cbb75-20e8-fb3d-1257-82617e0d2203 [admin]
2016-12-26 13:11:53.510 DEBUG [http-nio-8080-exec-7] com.haulmont.cuba.web.DefaultApp - connectionStateChanged connected: false, authenticated: false
2016-12-26 13:11:53.510 DEBUG [http-nio-8080-exec-7] com.haulmont.cuba.web.App - Closing all windows
2016-12-26 13:11:53.513 DEBUG [http-nio-8080-exec-7/doors/anonymous] com.haulmont.cuba.web.DefaultApp - connectionStateChanged connected: true, authenticated: false
2016-12-26 13:11:53.513 DEBUG [http-nio-8080-exec-7/doors/anonymous] com.haulmont.cuba.web.App - Closing all windows
2016-12-26 13:11:53.523 DEBUG [http-nio-8080-exec-7/doors/anonymous] com.haulmont.cuba.web.AbstractConnection - Logged in: user=anonymous, ip=0:0:0:0:0:0:0:1, clientInfo=Web (localhost:8080/doors) Mozilla/5.0 (Macintosh; Intel Mac OS X 10_12_1) AppleWebKit/602.2.14 (KHTML, like Gecko) Version/10.0.1 Safari/602.2.14
2016-12-26 13:12:06.392 INFO  [http-nio-8080-exec-13/doors-core/anonymous] com.haulmont.cuba.security.app.LoginWorkerBean - Logged in: 2264b608-12e8-5522-0bf2-92544405b41f [ ..]
2016-12-26 13:12:06.395 DEBUG [http-nio-8080-exec-13/doors/ ..] com.haulmont.cuba.web.DefaultApp - connectionStateChanged connected: true, authenticated: true
2016-12-26 13:12:06.395 DEBUG [http-nio-8080-exec-13/doors/ ..] com.haulmont.cuba.web.App - Closing all windows
2016-12-26 13:12:06.396 DEBUG [http-nio-8080-exec-13/doors/ ..] com.haulmont.cuba.web.DefaultApp - Session reinitialized: HttpSession=org.apache.catalina.session.StandardSessionFacade@5524e809, timeout=1800sec, UserSession=2264b608-12e8-5522-0bf2-92544405b41f [ ..]
2016-12-26 13:12:06.717 DEBUG [http-nio-8080-exec-13/doors-core/ ..] com.haulmont.cuba.core.app.RdbmsStore - loadList: metaClass=sec$UserSubstitution, view=com.haulmont.cuba.security.entity.UserSubstitution/app, query=select us from sec$UserSubstitution us where us.user.id = :userId and (us.endDate is null or us.endDate >= :currentDate) and (us.startDate is null or us.startDate <= :currentDate) and (us.substitutedUser.active = true or us.substitutedUser.active is null) order by us.substitutedUser.name
2016-12-26 13:12:06.908 DEBUG [http-nio-8080-exec-13/doors-core/ ..] com.haulmont.cuba.core.app.FoldersServiceBean - Loading AppFolders
2016-12-26 13:12:06.990 DEBUG [http-nio-8080-exec-13/doors-core/ ..] com.haulmont.cuba.core.app.FoldersServiceBean - Loading SearchFolders
2016-12-26 13:12:07.502 DEBUG [http-nio-8080-exec-13/doors-core/ ..] com.haulmont.cuba.core.app.RdbmsStore - loadList: metaClass=sec$UserSubstitution, view=com.haulmont.cuba.security.entity.UserSubstitution/app, query=select us from sec$UserSubstitution us where us.user.id = :userId and (us.endDate is null or us.endDate >= :currentDate) and (us.startDate is null or us.startDate <= :currentDate) and (us.substitutedUser.active = true or us.substitutedUser.active is null) order by us.substitutedUser.name
2016-12-26 13:12:07.699 DEBUG [http-nio-8080-exec-13/doors-core/ ..] com.haulmont.cuba.core.app.FoldersServiceBean - Loading AppFolders
2016-12-26 13:12:07.783 DEBUG [http-nio-8080-exec-13/doors-core/ ..] com.haulmont.cuba.core.app.FoldersServiceBean - Loading SearchFolders
2016-12-26 13:12:07.947 DEBUG [http-nio-8080-exec-13/doors/ ..] com.haulmont.cuba.web.AbstractConnection - Logged in: user= .., ip=0:0:0:0:0:0:0:1, clientInfo=Web (localhost:8080/doors) Mozilla/5.0 (Macintosh; Intel Mac OS X 10_12_1) AppleWebKit/602.2.14 (KHTML, like Gecko) Version/10.0.1 Safari/602.2.14
2016-12-26 13:12:15.209 DEBUG [http-nio-8080-exec-9/doors-core/ ..] com.haulmont.cuba.core.app.RdbmsStore - loadList: metaClass=sec$Filter, view=com.haulmont.cuba.security.entity.FilterEntity/app, query=select f from sec$Filter f left join f.user u where f.componentId = :component and (u.id = :userId or u is null) order by f.name
2016-12-26 13:12:15.397 DEBUG [http-nio-8080-exec-9/doors-core/ ..] com.haulmont.cuba.core.app.RdbmsStore - loadList: metaClass=doors$Customer, view=com.ekom.doors.entity.Customer/_local, query=select e from doors$Customer e, max=50
2016-12-26 13:18:08.455 DEBUG [http-nio-8080-exec-5/doors-core/ ..] com.haulmont.cuba.core.app.RdbmsStore - loadList: metaClass=sec$UserSubstitution, view=com.haulmont.cuba.security.entity.UserSubstitution/app, query=select us from sec$UserSubstitution us where us.user.id = :userId and (us.endDate is null or us.endDate >= :currentDate) and (us.startDate is null or us.startDate <= :currentDate) and (us.substitutedUser.active = true or us.substitutedUser.active is null) order by us.substitutedUser.name
2016-12-26 13:18:08.640 DEBUG [http-nio-8080-exec-5/doors-core/ ..] com.haulmont.cuba.core.app.FoldersServiceBean - Loading AppFolders
2016-12-26 13:18:08.726 DEBUG [http-nio-8080-exec-5/doors-core/ ..] com.haulmont.cuba.core.app.FoldersServiceBean - Loading SearchFolders
2016-12-26 13:18:12.452 DEBUG [http-nio-8080-exec-11/doors/ ..] com.haulmont.cuba.web.App - Closing all windows
2016-12-26 13:18:12.453 DEBUG [http-nio-8080-exec-11/doors-core/ ..] com.haulmont.cuba.security.app.UserSessions - Removed session: 2264b608-12e8-5522-0bf2-92544405b41f [ ..], since: Mon Dec 26 13:12:06 MSK 2016, lastUsed: Mon Dec 26 13:18:08 MSK 2016
2016-12-26 13:18:12.453 INFO  [http-nio-8080-exec-11/doors-core/ ..] com.haulmont.cuba.security.app.LoginWorkerBean - Logged out: 2264b608-12e8-5522-0bf2-92544405b41f [ ..]
2016-12-26 13:18:12.460 DEBUG [http-nio-8080-exec-11] com.haulmont.cuba.web.DefaultApp - connectionStateChanged connected: false, authenticated: false
2016-12-26 13:18:12.460 DEBUG [http-nio-8080-exec-11] com.haulmont.cuba.web.App - Closing all windows
2016-12-26 13:18:12.462 DEBUG [http-nio-8080-exec-11/doors/anonymous] com.haulmont.cuba.web.DefaultApp - connectionStateChanged connected: true, authenticated: false
2016-12-26 13:18:12.462 DEBUG [http-nio-8080-exec-11/doors/anonymous] com.haulmont.cuba.web.App - Closing all windows
2016-12-26 13:18:12.475 DEBUG [http-nio-8080-exec-11/doors/anonymous] com.haulmont.cuba.web.AbstractConnection - Logged in: user=anonymous, ip=0:0:0:0:0:0:0:1, clientInfo=Web (localhost:8080/doors) Mozilla/5.0 (Macintosh; Intel Mac OS X 10_12_1) AppleWebKit/602.2.14 (KHTML, like Gecko) Version/10.0.1 Safari/602.2.14
2016-12-26 13:18:14.548 INFO  [http-nio-8080-exec-12/doors-core/anonymous] com.haulmont.cuba.security.app.LoginWorkerBean - Logged in: 23b24862-b298-a56b-f0a8-0188725376db [admin]
2016-12-26 13:18:14.551 DEBUG [http-nio-8080-exec-12/doors/admin] com.haulmont.cuba.web.DefaultApp - connectionStateChanged connected: true, authenticated: true
2016-12-26 13:18:14.551 DEBUG [http-nio-8080-exec-12/doors/admin] com.haulmont.cuba.web.App - Closing all windows
2016-12-26 13:18:14.552 DEBUG [http-nio-8080-exec-12/doors/admin] com.haulmont.cuba.web.DefaultApp - Session reinitialized: HttpSession=org.apache.catalina.session.StandardSessionFacade@2e74fd7f, timeout=1800sec, UserSession=23b24862-b298-a56b-f0a8-0188725376db [admin]
2016-12-26 13:18:14.869 DEBUG [http-nio-8080-exec-12/doors-core/admin] com.haulmont.cuba.core.app.RdbmsStore - loadList: metaClass=sec$UserSubstitution, view=com.haulmont.cuba.security.entity.UserSubstitution/app, query=select us from sec$UserSubstitution us where us.user.id = :userId and (us.endDate is null or us.endDate >= :currentDate) and (us.startDate is null or us.startDate <= :currentDate) and (us.substitutedUser.active = true or us.substitutedUser.active is null) order by us.substitutedUser.name
2016-12-26 13:18:15.053 DEBUG [http-nio-8080-exec-12/doors-core/admin] com.haulmont.cuba.core.app.FoldersServiceBean - Loading AppFolders
2016-12-26 13:18:15.135 DEBUG [http-nio-8080-exec-12/doors-core/admin] com.haulmont.cuba.core.app.FoldersServiceBean - Loading SearchFolders
2016-12-26 13:18:15.637 DEBUG [http-nio-8080-exec-12/doors-core/admin] com.haulmont.cuba.core.app.RdbmsStore - loadList: metaClass=sec$UserSubstitution, view=com.haulmont.cuba.security.entity.UserSubstitution/app, query=select us from sec$UserSubstitution us where us.user.id = :userId and (us.endDate is null or us.endDate >= :currentDate) and (us.startDate is null or us.startDate <= :currentDate) and (us.substitutedUser.active = true or us.substitutedUser.active is null) order by us.substitutedUser.name
2016-12-26 13:18:15.814 DEBUG [http-nio-8080-exec-12/doors-core/admin] com.haulmont.cuba.core.app.FoldersServiceBean - Loading AppFolders
2016-12-26 13:18:15.898 DEBUG [http-nio-8080-exec-12/doors-core/admin] com.haulmont.cuba.core.app.FoldersServiceBean - Loading SearchFolders
2016-12-26 13:18:16.399 DEBUG [http-nio-8080-exec-12/doors-core/admin] com.haulmont.cuba.core.app.RdbmsStore - loadList: metaClass=sec$UserSubstitution, view=com.haulmont.cuba.security.entity.UserSubstitution/app, query=select us from sec$UserSubstitution us where us.user.id = :userId and (us.endDate is null or us.endDate >= :currentDate) and (us.startDate is null or us.startDate <= :currentDate) and (us.substitutedUser.active = true or us.substitutedUser.active is null) order by us.substitutedUser.name
2016-12-26 13:18:16.574 DEBUG [http-nio-8080-exec-12/doors-core/admin] com.haulmont.cuba.core.app.FoldersServiceBean - Loading AppFolders
2016-12-26 13:18:16.656 DEBUG [http-nio-8080-exec-12/doors-core/admin] com.haulmont.cuba.core.app.FoldersServiceBean - Loading SearchFolders
2016-12-26 13:18:16.806 DEBUG [http-nio-8080-exec-12/doors/admin] com.haulmont.cuba.web.AbstractConnection - Logged in: user=admin, ip=0:0:0:0:0:0:0:1, clientInfo=Web (localhost:8080/doors) Mozilla/5.0 (Macintosh; Intel Mac OS X 10_12_1) AppleWebKit/602.2.14 (KHTML, like Gecko) Version/10.0.1 Safari/602.2.14
2016-12-26 13:18:25.077 DEBUG [http-nio-8080-exec-5/doors-core/admin] com.haulmont.cuba.core.app.RdbmsStore - loadList: metaClass=sec$Filter, view=com.haulmont.cuba.security.entity.FilterEntity/app, query=select f from sec$Filter f left join f.user u where f.componentId = :component and (u.id = :userId or u is null) order by f.name
2016-12-26 13:18:25.267 DEBUG [http-nio-8080-exec-5/doors-core/admin] com.haulmont.cuba.core.app.RdbmsStore - loadList: metaClass=doors$Door, view=com.ekom.doors.entity.Door/_local, query=select e from doors$Door e, max=50
2016-12-26 13:18:33.849 DEBUG [http-nio-8080-exec-10/doors-core/admin] com.haulmont.cuba.core.app.RdbmsStore - load: metaClass=doors$Door, id=8fba8980-1bfa-41ba-7649-6e6c6b85eefd, view=com.ekom.doors.entity.Door/_local
2016-12-26 13:25:25.979 DEBUG [http-nio-8080-exec-7/doors-core/admin] com.haulmont.cuba.core.app.RdbmsStore - commit: commitInstances=[com.ekom.doors.entity.Door-028e7596-2000-ec19-cb26-2407464f3ca4 [new]], removeInstances=[]
2016-12-26 13:26:59.081 DEBUG [http-nio-8080-exec-7/doors-core/admin] com.haulmont.cuba.core.app.RdbmsStore - commit: commitInstances=[com.ekom.doors.entity.Door-45edde20-ed6a-4000-e736-66159d89c83b [new]], removeInstances=[]
2016-12-26 13:27:48.977 DEBUG [http-nio-8080-exec-9/doors-core/admin] com.haulmont.cuba.core.app.RdbmsStore - commit: commitInstances=[com.ekom.doors.entity.Door-b014d55c-12d2-8d4c-3bdf-7ebb38dfd421 [new]], removeInstances=[]
2016-12-26 13:28:08.899 DEBUG [http-nio-8080-exec-2/doors/admin] com.haulmont.cuba.web.App - Ping session
2016-12-26 13:29:45.804 DEBUG [http-nio-8080-exec-6/doors-core/admin] com.haulmont.cuba.core.app.RdbmsStore - commit: commitInstances=[com.ekom.doors.entity.Door-b75a1a26-c3f1-2cce-6cfb-2d724cdebbd3 [new]], removeInstances=[]
2016-12-26 13:30:25.255 DEBUG [http-nio-8080-exec-14/doors-core/admin] com.haulmont.cuba.core.app.RdbmsStore - commit: commitInstances=[com.ekom.doors.entity.Door-1c8aff0d-6b0d-59ae-ed88-fb69432b4780 [new]], removeInstances=[]
2016-12-26 13:32:41.204 DEBUG [http-nio-8080-exec-13/doors-core/admin] com.haulmont.cuba.core.app.RdbmsStore - load: metaClass=doors$Door, id=028e7596-2000-ec19-cb26-2407464f3ca4, view=com.ekom.doors.entity.Door/_local
2016-12-26 13:33:39.130 DEBUG [http-nio-8080-exec-12/doors-core/admin] com.haulmont.cuba.core.app.RdbmsStore - commit: commitInstances=[com.ekom.doors.entity.Door-028e7596-2000-ec19-cb26-2407464f3ca4 [detached]], removeInstances=[]
2016-12-26 13:33:43.452 DEBUG [http-nio-8080-exec-2/doors-core/admin] com.haulmont.cuba.core.app.RdbmsStore - load: metaClass=doors$Door, id=45edde20-ed6a-4000-e736-66159d89c83b, view=com.ekom.doors.entity.Door/_local
2016-12-26 13:33:46.233 DEBUG [http-nio-8080-exec-13/doors-core/admin] com.haulmont.cuba.core.app.RdbmsStore - load: metaClass=doors$Door, id=028e7596-2000-ec19-cb26-2407464f3ca4, view=com.ekom.doors.entity.Door/_local
2016-12-26 13:33:53.024 DEBUG [http-nio-8080-exec-13/doors-core/admin] com.haulmont.cuba.core.app.RdbmsStore - load: metaClass=doors$Door, id=45edde20-ed6a-4000-e736-66159d89c83b, view=com.ekom.doors.entity.Door/_local
2016-12-26 13:34:10.575 DEBUG [http-nio-8080-exec-13/doors-core/admin] com.haulmont.cuba.core.app.RdbmsStore - commit: commitInstances=[com.ekom.doors.entity.Door-45edde20-ed6a-4000-e736-66159d89c83b [detached]], removeInstances=[]
2016-12-26 13:34:11.888 DEBUG [http-nio-8080-exec-5/doors-core/admin] com.haulmont.cuba.core.app.RdbmsStore - load: metaClass=doors$Door, id=b014d55c-12d2-8d4c-3bdf-7ebb38dfd421, view=com.ekom.doors.entity.Door/_local
2016-12-26 13:34:14.607 DEBUG [http-nio-8080-exec-7/doors-core/admin] com.haulmont.cuba.core.app.RdbmsStore - commit: commitInstances=[com.ekom.doors.entity.Door-b014d55c-12d2-8d4c-3bdf-7ebb38dfd421 [detached]], removeInstances=[]
2016-12-26 13:36:06.670 DEBUG [http-nio-8080-exec-13/doors-core/admin] com.haulmont.cuba.core.app.RdbmsStore - load: metaClass=doors$Door, id=028e7596-2000-ec19-cb26-2407464f3ca4, view=com.ekom.doors.entity.Door/_local
2016-12-26 13:36:33.109 DEBUG [http-nio-8080-exec-14/doors-core/admin] com.haulmont.cuba.core.app.RdbmsStore - commit: commitInstances=[com.ekom.doors.entity.Door-028e7596-2000-ec19-cb26-2407464f3ca4 [detached]], removeInstances=[]
2016-12-26 13:36:36.215 DEBUG [http-nio-8080-exec-7/doors-core/admin] com.haulmont.cuba.core.app.RdbmsStore - load: metaClass=doors$Door, id=45edde20-ed6a-4000-e736-66159d89c83b, view=com.ekom.doors.entity.Door/_local
2016-12-26 13:36:41.731 DEBUG [http-nio-8080-exec-9/doors-core/admin] com.haulmont.cuba.core.app.RdbmsStore - commit: commitInstances=[com.ekom.doors.entity.Door-45edde20-ed6a-4000-e736-66159d89c83b [detached]], removeInstances=[]
2016-12-26 13:36:42.977 DEBUG [http-nio-8080-exec-13/doors-core/admin] com.haulmont.cuba.core.app.RdbmsStore - load: metaClass=doors$Door, id=b014d55c-12d2-8d4c-3bdf-7ebb38dfd421, view=com.ekom.doors.entity.Door/_local
2016-12-26 13:36:48.116 DEBUG [http-nio-8080-exec-11/doors-core/admin] com.haulmont.cuba.core.app.RdbmsStore - commit: commitInstances=[com.ekom.doors.entity.Door-b014d55c-12d2-8d4c-3bdf-7ebb38dfd421 [detached]], removeInstances=[]
2016-12-26 13:36:57.112 DEBUG [http-nio-8080-exec-6/doors-core/admin] com.haulmont.cuba.core.app.RdbmsStore - load: metaClass=doors$Door, id=b75a1a26-c3f1-2cce-6cfb-2d724cdebbd3, view=com.ekom.doors.entity.Door/_local
2016-12-26 13:37:00.363 DEBUG [http-nio-8080-exec-5/doors-core/admin] com.haulmont.cuba.core.app.RdbmsStore - commit: commitInstances=[com.ekom.doors.entity.Door-b75a1a26-c3f1-2cce-6cfb-2d724cdebbd3 [detached]], removeInstances=[]
2016-12-26 13:37:01.706 DEBUG [http-nio-8080-exec-7/doors-core/admin] com.haulmont.cuba.core.app.RdbmsStore - load: metaClass=doors$Door, id=1c8aff0d-6b0d-59ae-ed88-fb69432b4780, view=com.ekom.doors.entity.Door/_local
2016-12-26 13:37:04.434 DEBUG [http-nio-8080-exec-14/doors-core/admin] com.haulmont.cuba.core.app.RdbmsStore - commit: commitInstances=[com.ekom.doors.entity.Door-1c8aff0d-6b0d-59ae-ed88-fb69432b4780 [detached]], removeInstances=[]
2016-12-26 13:38:08.906 DEBUG [http-nio-8080-exec-13/doors/admin] com.haulmont.cuba.web.App - Ping session
2016-12-26 13:39:54.287 DEBUG [http-nio-8080-exec-6/doors-core/admin] com.haulmont.cuba.core.app.RdbmsStore - commit: commitInstances=[com.ekom.doors.entity.Door-3caf560e-e41e-e44b-291d-5c19e808804c [new]], removeInstances=[]
2016-12-26 13:40:26.045 DEBUG [http-nio-8080-exec-9/doors-core/admin] com.haulmont.cuba.core.app.RdbmsStore - commit: commitInstances=[com.ekom.doors.entity.Door-964f3c41-5ded-33fe-ed1f-761fb532bf52 [new]], removeInstances=[]
2016-12-26 13:40:27.231 DEBUG [http-nio-8080-exec-10/doors-core/admin] com.haulmont.cuba.core.app.RdbmsStore - load: metaClass=doors$Door, id=3caf560e-e41e-e44b-291d-5c19e808804c, view=com.ekom.doors.entity.Door/_local
2016-12-26 13:40:33.147 DEBUG [http-nio-8080-exec-13/doors-core/admin] com.haulmont.cuba.core.app.RdbmsStore - load: metaClass=doors$Door, id=964f3c41-5ded-33fe-ed1f-761fb532bf52, view=com.ekom.doors.entity.Door/_local
2016-12-26 13:40:42.596 DEBUG [http-nio-8080-exec-14/doors-core/admin] com.haulmont.cuba.core.app.RdbmsStore - commit: commitInstances=[com.ekom.doors.entity.Door-964f3c41-5ded-33fe-ed1f-761fb532bf52 [detached]], removeInstances=[]
2016-12-26 14:37:41.590 DEBUG [scheduler-5] com.haulmont.cuba.security.app.UserSessions - Removing session due to timeout: 23b24862-b298-a56b-f0a8-0188725376db [admin], since: Mon Dec 26 13:18:14 MSK 2016, lastUsed: Mon Dec 26 13:40:42 MSK 2016
2016-12-26 22:27:14.632 ERROR [ServerInfoTimer] com.haulmont.cuba.core.app.ServerInfo - Unable to update SYS_SERVER: {}
java.sql.SQLException: Network error IOException: Network is unreachable (connect failed)
	at net.sourceforge.jtds.jdbc.ConnectionJDBC2.<init>(ConnectionJDBC2.java:395) ~[jtds-1.2.4.jar:1.2.4]
	at net.sourceforge.jtds.jdbc.ConnectionJDBC3.<init>(ConnectionJDBC3.java:50) ~[jtds-1.2.4.jar:1.2.4]
	at net.sourceforge.jtds.jdbc.Driver.connect(Driver.java:184) ~[jtds-1.2.4.jar:1.2.4]
	at org.apache.tomcat.dbcp.dbcp2.DriverConnectionFactory.createConnection(DriverConnectionFactory.java:38) ~[tomcat-dbcp.jar:8.0.35]
	at org.apache.tomcat.dbcp.dbcp2.PoolableConnectionFactory.makeObject(PoolableConnectionFactory.java:255) ~[tomcat-dbcp.jar:8.0.35]
	at org.apache.tomcat.dbcp.pool2.impl.GenericObjectPool.create(GenericObjectPool.java:867) ~[tomcat-dbcp.jar:8.0.35]
	at org.apache.tomcat.dbcp.pool2.impl.GenericObjectPool.borrowObject(GenericObjectPool.java:432) ~[tomcat-dbcp.jar:8.0.35]
	at org.apache.tomcat.dbcp.pool2.impl.GenericObjectPool.borrowObject(GenericObjectPool.java:360) ~[tomcat-dbcp.jar:8.0.35]
	at org.apache.tomcat.dbcp.dbcp2.PoolingDataSource.getConnection(PoolingDataSource.java:133) ~[tomcat-dbcp.jar:8.0.35]
	at org.apache.tomcat.dbcp.dbcp2.BasicDataSource.getConnection(BasicDataSource.java:1532) ~[tomcat-dbcp.jar:8.0.35]
	at com.haulmont.bali.db.QueryRunner.prepareConnection(QueryRunner.java:258) ~[cuba-global-6.3.5.jar:6.3.5]
	at com.haulmont.bali.db.QueryRunner.update(QueryRunner.java:627) ~[cuba-global-6.3.5.jar:6.3.5]
	at com.haulmont.cuba.core.app.ServerInfo.updateCurrentServer(ServerInfo.java:177) ~[cuba-core-6.3.5.jar:6.3.5]
	at com.haulmont.cuba.core.app.ServerInfo$1.run(ServerInfo.java:129) [cuba-core-6.3.5.jar:6.3.5]
	at java.util.TimerThread.mainLoop(Timer.java:555) [na:1.8.0_112]
	at java.util.TimerThread.run(Timer.java:505) [na:1.8.0_112]
Caused by: java.net.SocketException: Network is unreachable (connect failed)
	at java.net.PlainSocketImpl.socketConnect(Native Method) ~[na:1.8.0_112]
	at java.net.AbstractPlainSocketImpl.doConnect(AbstractPlainSocketImpl.java:350) ~[na:1.8.0_112]
	at java.net.AbstractPlainSocketImpl.connectToAddress(AbstractPlainSocketImpl.java:206) ~[na:1.8.0_112]
	at java.net.AbstractPlainSocketImpl.connect(AbstractPlainSocketImpl.java:188) ~[na:1.8.0_112]
	at java.net.SocksSocketImpl.connect(SocksSocketImpl.java:392) ~[na:1.8.0_112]
	at java.net.Socket.connect(Socket.java:589) ~[na:1.8.0_112]
	at sun.reflect.NativeMethodAccessorImpl.invoke0(Native Method) ~[na:1.8.0_112]
	at sun.reflect.NativeMethodAccessorImpl.invoke(NativeMethodAccessorImpl.java:62) ~[na:1.8.0_112]
	at sun.reflect.DelegatingMethodAccessorImpl.invoke(DelegatingMethodAccessorImpl.java:43) ~[na:1.8.0_112]
	at java.lang.reflect.Method.invoke(Method.java:498) ~[na:1.8.0_112]
	at net.sourceforge.jtds.jdbc.SharedSocket.createSocketForJDBC3(SharedSocket.java:305) ~[jtds-1.2.4.jar:1.2.4]
	at net.sourceforge.jtds.jdbc.SharedSocket.<init>(SharedSocket.java:255) ~[jtds-1.2.4.jar:1.2.4]
	at net.sourceforge.jtds.jdbc.ConnectionJDBC2.<init>(ConnectionJDBC2.java:323) ~[jtds-1.2.4.jar:1.2.4]
	... 15 common frames omitted
2016-12-26 22:27:14.664 ERROR [ServerInfoTimer] com.haulmont.cuba.core.app.ServerInfo - Unable to update SYS_SERVER: {}
java.sql.SQLException: Network error IOException: Network is unreachable (connect failed)
	at net.sourceforge.jtds.jdbc.ConnectionJDBC2.<init>(ConnectionJDBC2.java:395) ~[jtds-1.2.4.jar:1.2.4]
	at net.sourceforge.jtds.jdbc.ConnectionJDBC3.<init>(ConnectionJDBC3.java:50) ~[jtds-1.2.4.jar:1.2.4]
	at net.sourceforge.jtds.jdbc.Driver.connect(Driver.java:184) ~[jtds-1.2.4.jar:1.2.4]
	at org.apache.tomcat.dbcp.dbcp2.DriverConnectionFactory.createConnection(DriverConnectionFactory.java:38) ~[tomcat-dbcp.jar:8.0.35]
	at org.apache.tomcat.dbcp.dbcp2.PoolableConnectionFactory.makeObject(PoolableConnectionFactory.java:255) ~[tomcat-dbcp.jar:8.0.35]
	at org.apache.tomcat.dbcp.pool2.impl.GenericObjectPool.create(GenericObjectPool.java:867) ~[tomcat-dbcp.jar:8.0.35]
	at org.apache.tomcat.dbcp.pool2.impl.GenericObjectPool.borrowObject(GenericObjectPool.java:432) ~[tomcat-dbcp.jar:8.0.35]
	at org.apache.tomcat.dbcp.pool2.impl.GenericObjectPool.borrowObject(GenericObjectPool.java:360) ~[tomcat-dbcp.jar:8.0.35]
	at org.apache.tomcat.dbcp.dbcp2.PoolingDataSource.getConnection(PoolingDataSource.java:133) ~[tomcat-dbcp.jar:8.0.35]
	at org.apache.tomcat.dbcp.dbcp2.BasicDataSource.getConnection(BasicDataSource.java:1532) ~[tomcat-dbcp.jar:8.0.35]
	at com.haulmont.bali.db.QueryRunner.prepareConnection(QueryRunner.java:258) ~[cuba-global-6.3.5.jar:6.3.5]
	at com.haulmont.bali.db.QueryRunner.update(QueryRunner.java:627) ~[cuba-global-6.3.5.jar:6.3.5]
	at com.haulmont.cuba.core.app.ServerInfo.updateCurrentServer(ServerInfo.java:177) ~[cuba-core-6.3.5.jar:6.3.5]
	at com.haulmont.cuba.core.app.ServerInfo$1.run(ServerInfo.java:129) [cuba-core-6.3.5.jar:6.3.5]
	at java.util.TimerThread.mainLoop(Timer.java:555) [na:1.8.0_112]
	at java.util.TimerThread.run(Timer.java:505) [na:1.8.0_112]
Caused by: java.net.SocketException: Network is unreachable (connect failed)
	at java.net.PlainSocketImpl.socketConnect(Native Method) ~[na:1.8.0_112]
	at java.net.AbstractPlainSocketImpl.doConnect(AbstractPlainSocketImpl.java:350) ~[na:1.8.0_112]
	at java.net.AbstractPlainSocketImpl.connectToAddress(AbstractPlainSocketImpl.java:206) ~[na:1.8.0_112]
	at java.net.AbstractPlainSocketImpl.connect(AbstractPlainSocketImpl.java:188) ~[na:1.8.0_112]
	at java.net.SocksSocketImpl.connect(SocksSocketImpl.java:392) ~[na:1.8.0_112]
	at java.net.Socket.connect(Socket.java:589) ~[na:1.8.0_112]
	at sun.reflect.NativeMethodAccessorImpl.invoke0(Native Method) ~[na:1.8.0_112]
	at sun.reflect.NativeMethodAccessorImpl.invoke(NativeMethodAccessorImpl.java:62) ~[na:1.8.0_112]
	at sun.reflect.DelegatingMethodAccessorImpl.invoke(DelegatingMethodAccessorImpl.java:43) ~[na:1.8.0_112]
	at java.lang.reflect.Method.invoke(Method.java:498) ~[na:1.8.0_112]
	at net.sourceforge.jtds.jdbc.SharedSocket.createSocketForJDBC3(SharedSocket.java:305) ~[jtds-1.2.4.jar:1.2.4]
	at net.sourceforge.jtds.jdbc.SharedSocket.<init>(SharedSocket.java:255) ~[jtds-1.2.4.jar:1.2.4]
	at net.sourceforge.jtds.jdbc.ConnectionJDBC2.<init>(ConnectionJDBC2.java:323) ~[jtds-1.2.4.jar:1.2.4]
	... 15 common frames omitted
