2016-12-27 09:04:54.458 ERROR [ServerInfoTimer] com.haulmont.cuba.core.app.ServerInfo - Unable to update SYS_SERVER: {}
java.sql.SQLException: Network error IOException: Operation timed out (Connection timed out)
	at net.sourceforge.jtds.jdbc.ConnectionJDBC2.<init>(ConnectionJDBC2.java:395) ~[jtds-1.2.4.jar:1.2.4]
	at net.sourceforge.jtds.jdbc.ConnectionJDBC3.<init>(ConnectionJDBC3.java:50) ~[jtds-1.2.4.jar:1.2.4]
	at net.sourceforge.jtds.jdbc.Driver.connect(Driver.java:184) ~[jtds-1.2.4.jar:1.2.4]
	at org.apache.tomcat.dbcp.dbcp2.DriverConnectionFactory.createConnection(DriverConnectionFactory.java:38) ~[tomcat-dbcp.jar:8.0.35]
	at org.apache.tomcat.dbcp.dbcp2.PoolableConnectionFactory.makeObject(PoolableConnectionFactory.java:255) ~[tomcat-dbcp.jar:8.0.35]
	at org.apache.tomcat.dbcp.pool2.impl.GenericObjectPool.create(GenericObjectPool.java:867) ~[tomcat-dbcp.jar:8.0.35]
	at org.apache.tomcat.dbcp.pool2.impl.GenericObjectPool.borrowObject(GenericObjectPool.java:432) ~[tomcat-dbcp.jar:8.0.35]
	at org.apache.tomcat.dbcp.pool2.impl.GenericObjectPool.borrowObject(GenericObjectPool.java:360) ~[tomcat-dbcp.jar:8.0.35]
	at org.apache.tomcat.dbcp.dbcp2.PoolingDataSource.getConnection(PoolingDataSource.java:133) ~[tomcat-dbcp.jar:8.0.35]
	at org.apache.tomcat.dbcp.dbcp2.BasicDataSource.getConnection(BasicDataSource.java:1532) ~[tomcat-dbcp.jar:8.0.35]
	at com.haulmont.bali.db.QueryRunner.prepareConnection(QueryRunner.java:258) ~[cuba-global-6.3.5.jar:6.3.5]
	at com.haulmont.bali.db.QueryRunner.update(QueryRunner.java:627) ~[cuba-global-6.3.5.jar:6.3.5]
	at com.haulmont.cuba.core.app.ServerInfo.updateCurrentServer(ServerInfo.java:177) ~[cuba-core-6.3.5.jar:6.3.5]
	at com.haulmont.cuba.core.app.ServerInfo$1.run(ServerInfo.java:129) [cuba-core-6.3.5.jar:6.3.5]
	at java.util.TimerThread.mainLoop(Timer.java:555) [na:1.8.0_112]
	at java.util.TimerThread.run(Timer.java:505) [na:1.8.0_112]
Caused by: java.net.ConnectException: Operation timed out (Connection timed out)
	at java.net.PlainSocketImpl.socketConnect(Native Method) ~[na:1.8.0_112]
	at java.net.AbstractPlainSocketImpl.doConnect(AbstractPlainSocketImpl.java:350) ~[na:1.8.0_112]
	at java.net.AbstractPlainSocketImpl.connectToAddress(AbstractPlainSocketImpl.java:206) ~[na:1.8.0_112]
	at java.net.AbstractPlainSocketImpl.connect(AbstractPlainSocketImpl.java:188) ~[na:1.8.0_112]
	at java.net.SocksSocketImpl.connect(SocksSocketImpl.java:392) ~[na:1.8.0_112]
	at java.net.Socket.connect(Socket.java:589) ~[na:1.8.0_112]
	at sun.reflect.NativeMethodAccessorImpl.invoke0(Native Method) ~[na:1.8.0_112]
	at sun.reflect.NativeMethodAccessorImpl.invoke(NativeMethodAccessorImpl.java:62) ~[na:1.8.0_112]
	at sun.reflect.DelegatingMethodAccessorImpl.invoke(DelegatingMethodAccessorImpl.java:43) ~[na:1.8.0_112]
	at java.lang.reflect.Method.invoke(Method.java:498) ~[na:1.8.0_112]
	at net.sourceforge.jtds.jdbc.SharedSocket.createSocketForJDBC3(SharedSocket.java:305) ~[jtds-1.2.4.jar:1.2.4]
	at net.sourceforge.jtds.jdbc.SharedSocket.<init>(SharedSocket.java:255) ~[jtds-1.2.4.jar:1.2.4]
	at net.sourceforge.jtds.jdbc.ConnectionJDBC2.<init>(ConnectionJDBC2.java:323) ~[jtds-1.2.4.jar:1.2.4]
	... 15 common frames omitted
2016-12-27 09:06:09.622 ERROR [ServerInfoTimer] com.haulmont.cuba.core.app.ServerInfo - Unable to update SYS_SERVER: {}
java.sql.SQLException: Network error IOException: Operation timed out (Connection timed out)
	at net.sourceforge.jtds.jdbc.ConnectionJDBC2.<init>(ConnectionJDBC2.java:395) ~[jtds-1.2.4.jar:1.2.4]
	at net.sourceforge.jtds.jdbc.ConnectionJDBC3.<init>(ConnectionJDBC3.java:50) ~[jtds-1.2.4.jar:1.2.4]
	at net.sourceforge.jtds.jdbc.Driver.connect(Driver.java:184) ~[jtds-1.2.4.jar:1.2.4]
	at org.apache.tomcat.dbcp.dbcp2.DriverConnectionFactory.createConnection(DriverConnectionFactory.java:38) ~[tomcat-dbcp.jar:8.0.35]
	at org.apache.tomcat.dbcp.dbcp2.PoolableConnectionFactory.makeObject(PoolableConnectionFactory.java:255) ~[tomcat-dbcp.jar:8.0.35]
	at org.apache.tomcat.dbcp.pool2.impl.GenericObjectPool.create(GenericObjectPool.java:867) ~[tomcat-dbcp.jar:8.0.35]
	at org.apache.tomcat.dbcp.pool2.impl.GenericObjectPool.borrowObject(GenericObjectPool.java:432) ~[tomcat-dbcp.jar:8.0.35]
	at org.apache.tomcat.dbcp.pool2.impl.GenericObjectPool.borrowObject(GenericObjectPool.java:360) ~[tomcat-dbcp.jar:8.0.35]
	at org.apache.tomcat.dbcp.dbcp2.PoolingDataSource.getConnection(PoolingDataSource.java:133) ~[tomcat-dbcp.jar:8.0.35]
	at org.apache.tomcat.dbcp.dbcp2.BasicDataSource.getConnection(BasicDataSource.java:1532) ~[tomcat-dbcp.jar:8.0.35]
	at com.haulmont.bali.db.QueryRunner.prepareConnection(QueryRunner.java:258) ~[cuba-global-6.3.5.jar:6.3.5]
	at com.haulmont.bali.db.QueryRunner.update(QueryRunner.java:627) ~[cuba-global-6.3.5.jar:6.3.5]
	at com.haulmont.cuba.core.app.ServerInfo.updateCurrentServer(ServerInfo.java:177) ~[cuba-core-6.3.5.jar:6.3.5]
	at com.haulmont.cuba.core.app.ServerInfo$1.run(ServerInfo.java:129) [cuba-core-6.3.5.jar:6.3.5]
	at java.util.TimerThread.mainLoop(Timer.java:555) [na:1.8.0_112]
	at java.util.TimerThread.run(Timer.java:505) [na:1.8.0_112]
Caused by: java.net.ConnectException: Operation timed out (Connection timed out)
	at java.net.PlainSocketImpl.socketConnect(Native Method) ~[na:1.8.0_112]
	at java.net.AbstractPlainSocketImpl.doConnect(AbstractPlainSocketImpl.java:350) ~[na:1.8.0_112]
	at java.net.AbstractPlainSocketImpl.connectToAddress(AbstractPlainSocketImpl.java:206) ~[na:1.8.0_112]
	at java.net.AbstractPlainSocketImpl.connect(AbstractPlainSocketImpl.java:188) ~[na:1.8.0_112]
	at java.net.SocksSocketImpl.connect(SocksSocketImpl.java:392) ~[na:1.8.0_112]
	at java.net.Socket.connect(Socket.java:589) ~[na:1.8.0_112]
	at sun.reflect.NativeMethodAccessorImpl.invoke0(Native Method) ~[na:1.8.0_112]
	at sun.reflect.NativeMethodAccessorImpl.invoke(NativeMethodAccessorImpl.java:62) ~[na:1.8.0_112]
	at sun.reflect.DelegatingMethodAccessorImpl.invoke(DelegatingMethodAccessorImpl.java:43) ~[na:1.8.0_112]
	at java.lang.reflect.Method.invoke(Method.java:498) ~[na:1.8.0_112]
	at net.sourceforge.jtds.jdbc.SharedSocket.createSocketForJDBC3(SharedSocket.java:305) ~[jtds-1.2.4.jar:1.2.4]
	at net.sourceforge.jtds.jdbc.SharedSocket.<init>(SharedSocket.java:255) ~[jtds-1.2.4.jar:1.2.4]
	at net.sourceforge.jtds.jdbc.ConnectionJDBC2.<init>(ConnectionJDBC2.java:323) ~[jtds-1.2.4.jar:1.2.4]
	... 15 common frames omitted
2016-12-27 09:07:39.280 ERROR [ServerInfoTimer] com.haulmont.cuba.core.app.ServerInfo - Unable to update SYS_SERVER: {}
java.sql.SQLException: Network error IOException: Operation timed out (Connection timed out)
	at net.sourceforge.jtds.jdbc.ConnectionJDBC2.<init>(ConnectionJDBC2.java:395) ~[jtds-1.2.4.jar:1.2.4]
	at net.sourceforge.jtds.jdbc.ConnectionJDBC3.<init>(ConnectionJDBC3.java:50) ~[jtds-1.2.4.jar:1.2.4]
	at net.sourceforge.jtds.jdbc.Driver.connect(Driver.java:184) ~[jtds-1.2.4.jar:1.2.4]
	at org.apache.tomcat.dbcp.dbcp2.DriverConnectionFactory.createConnection(DriverConnectionFactory.java:38) ~[tomcat-dbcp.jar:8.0.35]
	at org.apache.tomcat.dbcp.dbcp2.PoolableConnectionFactory.makeObject(PoolableConnectionFactory.java:255) ~[tomcat-dbcp.jar:8.0.35]
	at org.apache.tomcat.dbcp.pool2.impl.GenericObjectPool.create(GenericObjectPool.java:867) ~[tomcat-dbcp.jar:8.0.35]
	at org.apache.tomcat.dbcp.pool2.impl.GenericObjectPool.borrowObject(GenericObjectPool.java:432) ~[tomcat-dbcp.jar:8.0.35]
	at org.apache.tomcat.dbcp.pool2.impl.GenericObjectPool.borrowObject(GenericObjectPool.java:360) ~[tomcat-dbcp.jar:8.0.35]
	at org.apache.tomcat.dbcp.dbcp2.PoolingDataSource.getConnection(PoolingDataSource.java:133) ~[tomcat-dbcp.jar:8.0.35]
	at org.apache.tomcat.dbcp.dbcp2.BasicDataSource.getConnection(BasicDataSource.java:1532) ~[tomcat-dbcp.jar:8.0.35]
	at com.haulmont.bali.db.QueryRunner.prepareConnection(QueryRunner.java:258) ~[cuba-global-6.3.5.jar:6.3.5]
	at com.haulmont.bali.db.QueryRunner.update(QueryRunner.java:627) ~[cuba-global-6.3.5.jar:6.3.5]
	at com.haulmont.cuba.core.app.ServerInfo.updateCurrentServer(ServerInfo.java:177) ~[cuba-core-6.3.5.jar:6.3.5]
	at com.haulmont.cuba.core.app.ServerInfo$1.run(ServerInfo.java:129) [cuba-core-6.3.5.jar:6.3.5]
	at java.util.TimerThread.mainLoop(Timer.java:555) [na:1.8.0_112]
	at java.util.TimerThread.run(Timer.java:505) [na:1.8.0_112]
Caused by: java.net.ConnectException: Operation timed out (Connection timed out)
	at java.net.PlainSocketImpl.socketConnect(Native Method) ~[na:1.8.0_112]
	at java.net.AbstractPlainSocketImpl.doConnect(AbstractPlainSocketImpl.java:350) ~[na:1.8.0_112]
	at java.net.AbstractPlainSocketImpl.connectToAddress(AbstractPlainSocketImpl.java:206) ~[na:1.8.0_112]
	at java.net.AbstractPlainSocketImpl.connect(AbstractPlainSocketImpl.java:188) ~[na:1.8.0_112]
	at java.net.SocksSocketImpl.connect(SocksSocketImpl.java:392) ~[na:1.8.0_112]
	at java.net.Socket.connect(Socket.java:589) ~[na:1.8.0_112]
	at sun.reflect.NativeMethodAccessorImpl.invoke0(Native Method) ~[na:1.8.0_112]
	at sun.reflect.NativeMethodAccessorImpl.invoke(NativeMethodAccessorImpl.java:62) ~[na:1.8.0_112]
	at sun.reflect.DelegatingMethodAccessorImpl.invoke(DelegatingMethodAccessorImpl.java:43) ~[na:1.8.0_112]
	at java.lang.reflect.Method.invoke(Method.java:498) ~[na:1.8.0_112]
	at net.sourceforge.jtds.jdbc.SharedSocket.createSocketForJDBC3(SharedSocket.java:305) ~[jtds-1.2.4.jar:1.2.4]
	at net.sourceforge.jtds.jdbc.SharedSocket.<init>(SharedSocket.java:255) ~[jtds-1.2.4.jar:1.2.4]
	at net.sourceforge.jtds.jdbc.ConnectionJDBC2.<init>(ConnectionJDBC2.java:323) ~[jtds-1.2.4.jar:1.2.4]
	... 15 common frames omitted
2016-12-27 09:09:10.994 ERROR [ServerInfoTimer] com.haulmont.cuba.core.app.ServerInfo - Unable to update SYS_SERVER: {}
java.sql.SQLException: Network error IOException: Operation timed out (Connection timed out)
	at net.sourceforge.jtds.jdbc.ConnectionJDBC2.<init>(ConnectionJDBC2.java:395) ~[jtds-1.2.4.jar:1.2.4]
	at net.sourceforge.jtds.jdbc.ConnectionJDBC3.<init>(ConnectionJDBC3.java:50) ~[jtds-1.2.4.jar:1.2.4]
	at net.sourceforge.jtds.jdbc.Driver.connect(Driver.java:184) ~[jtds-1.2.4.jar:1.2.4]
	at org.apache.tomcat.dbcp.dbcp2.DriverConnectionFactory.createConnection(DriverConnectionFactory.java:38) ~[tomcat-dbcp.jar:8.0.35]
	at org.apache.tomcat.dbcp.dbcp2.PoolableConnectionFactory.makeObject(PoolableConnectionFactory.java:255) ~[tomcat-dbcp.jar:8.0.35]
	at org.apache.tomcat.dbcp.pool2.impl.GenericObjectPool.create(GenericObjectPool.java:867) ~[tomcat-dbcp.jar:8.0.35]
	at org.apache.tomcat.dbcp.pool2.impl.GenericObjectPool.borrowObject(GenericObjectPool.java:432) ~[tomcat-dbcp.jar:8.0.35]
	at org.apache.tomcat.dbcp.pool2.impl.GenericObjectPool.borrowObject(GenericObjectPool.java:360) ~[tomcat-dbcp.jar:8.0.35]
	at org.apache.tomcat.dbcp.dbcp2.PoolingDataSource.getConnection(PoolingDataSource.java:133) ~[tomcat-dbcp.jar:8.0.35]
	at org.apache.tomcat.dbcp.dbcp2.BasicDataSource.getConnection(BasicDataSource.java:1532) ~[tomcat-dbcp.jar:8.0.35]
	at com.haulmont.bali.db.QueryRunner.prepareConnection(QueryRunner.java:258) ~[cuba-global-6.3.5.jar:6.3.5]
	at com.haulmont.bali.db.QueryRunner.update(QueryRunner.java:627) ~[cuba-global-6.3.5.jar:6.3.5]
	at com.haulmont.cuba.core.app.ServerInfo.updateCurrentServer(ServerInfo.java:177) ~[cuba-core-6.3.5.jar:6.3.5]
	at com.haulmont.cuba.core.app.ServerInfo$1.run(ServerInfo.java:129) [cuba-core-6.3.5.jar:6.3.5]
	at java.util.TimerThread.mainLoop(Timer.java:555) [na:1.8.0_112]
	at java.util.TimerThread.run(Timer.java:505) [na:1.8.0_112]
Caused by: java.net.ConnectException: Operation timed out (Connection timed out)
	at java.net.PlainSocketImpl.socketConnect(Native Method) ~[na:1.8.0_112]
	at java.net.AbstractPlainSocketImpl.doConnect(AbstractPlainSocketImpl.java:350) ~[na:1.8.0_112]
	at java.net.AbstractPlainSocketImpl.connectToAddress(AbstractPlainSocketImpl.java:206) ~[na:1.8.0_112]
	at java.net.AbstractPlainSocketImpl.connect(AbstractPlainSocketImpl.java:188) ~[na:1.8.0_112]
	at java.net.SocksSocketImpl.connect(SocksSocketImpl.java:392) ~[na:1.8.0_112]
	at java.net.Socket.connect(Socket.java:589) ~[na:1.8.0_112]
	at sun.reflect.NativeMethodAccessorImpl.invoke0(Native Method) ~[na:1.8.0_112]
	at sun.reflect.NativeMethodAccessorImpl.invoke(NativeMethodAccessorImpl.java:62) ~[na:1.8.0_112]
	at sun.reflect.DelegatingMethodAccessorImpl.invoke(DelegatingMethodAccessorImpl.java:43) ~[na:1.8.0_112]
	at java.lang.reflect.Method.invoke(Method.java:498) ~[na:1.8.0_112]
	at net.sourceforge.jtds.jdbc.SharedSocket.createSocketForJDBC3(SharedSocket.java:305) ~[jtds-1.2.4.jar:1.2.4]
	at net.sourceforge.jtds.jdbc.SharedSocket.<init>(SharedSocket.java:255) ~[jtds-1.2.4.jar:1.2.4]
	at net.sourceforge.jtds.jdbc.ConnectionJDBC2.<init>(ConnectionJDBC2.java:323) ~[jtds-1.2.4.jar:1.2.4]
	... 15 common frames omitted
2016-12-27 09:10:43.331 ERROR [ServerInfoTimer] com.haulmont.cuba.core.app.ServerInfo - Unable to update SYS_SERVER: {}
java.sql.SQLException: Network error IOException: Operation timed out (Connection timed out)
	at net.sourceforge.jtds.jdbc.ConnectionJDBC2.<init>(ConnectionJDBC2.java:395) ~[jtds-1.2.4.jar:1.2.4]
	at net.sourceforge.jtds.jdbc.ConnectionJDBC3.<init>(ConnectionJDBC3.java:50) ~[jtds-1.2.4.jar:1.2.4]
	at net.sourceforge.jtds.jdbc.Driver.connect(Driver.java:184) ~[jtds-1.2.4.jar:1.2.4]
	at org.apache.tomcat.dbcp.dbcp2.DriverConnectionFactory.createConnection(DriverConnectionFactory.java:38) ~[tomcat-dbcp.jar:8.0.35]
	at org.apache.tomcat.dbcp.dbcp2.PoolableConnectionFactory.makeObject(PoolableConnectionFactory.java:255) ~[tomcat-dbcp.jar:8.0.35]
	at org.apache.tomcat.dbcp.pool2.impl.GenericObjectPool.create(GenericObjectPool.java:867) ~[tomcat-dbcp.jar:8.0.35]
	at org.apache.tomcat.dbcp.pool2.impl.GenericObjectPool.borrowObject(GenericObjectPool.java:432) ~[tomcat-dbcp.jar:8.0.35]
	at org.apache.tomcat.dbcp.pool2.impl.GenericObjectPool.borrowObject(GenericObjectPool.java:360) ~[tomcat-dbcp.jar:8.0.35]
	at org.apache.tomcat.dbcp.dbcp2.PoolingDataSource.getConnection(PoolingDataSource.java:133) ~[tomcat-dbcp.jar:8.0.35]
	at org.apache.tomcat.dbcp.dbcp2.BasicDataSource.getConnection(BasicDataSource.java:1532) ~[tomcat-dbcp.jar:8.0.35]
	at com.haulmont.bali.db.QueryRunner.prepareConnection(QueryRunner.java:258) ~[cuba-global-6.3.5.jar:6.3.5]
	at com.haulmont.bali.db.QueryRunner.update(QueryRunner.java:627) ~[cuba-global-6.3.5.jar:6.3.5]
	at com.haulmont.cuba.core.app.ServerInfo.updateCurrentServer(ServerInfo.java:177) ~[cuba-core-6.3.5.jar:6.3.5]
	at com.haulmont.cuba.core.app.ServerInfo$1.run(ServerInfo.java:129) [cuba-core-6.3.5.jar:6.3.5]
	at java.util.TimerThread.mainLoop(Timer.java:555) [na:1.8.0_112]
	at java.util.TimerThread.run(Timer.java:505) [na:1.8.0_112]
Caused by: java.net.ConnectException: Operation timed out (Connection timed out)
	at java.net.PlainSocketImpl.socketConnect(Native Method) ~[na:1.8.0_112]
	at java.net.AbstractPlainSocketImpl.doConnect(AbstractPlainSocketImpl.java:350) ~[na:1.8.0_112]
	at java.net.AbstractPlainSocketImpl.connectToAddress(AbstractPlainSocketImpl.java:206) ~[na:1.8.0_112]
	at java.net.AbstractPlainSocketImpl.connect(AbstractPlainSocketImpl.java:188) ~[na:1.8.0_112]
	at java.net.SocksSocketImpl.connect(SocksSocketImpl.java:392) ~[na:1.8.0_112]
	at java.net.Socket.connect(Socket.java:589) ~[na:1.8.0_112]
	at sun.reflect.GeneratedMethodAccessor257.invoke(Unknown Source) ~[na:na]
	at sun.reflect.DelegatingMethodAccessorImpl.invoke(DelegatingMethodAccessorImpl.java:43) ~[na:1.8.0_112]
	at java.lang.reflect.Method.invoke(Method.java:498) ~[na:1.8.0_112]
	at net.sourceforge.jtds.jdbc.SharedSocket.createSocketForJDBC3(SharedSocket.java:305) ~[jtds-1.2.4.jar:1.2.4]
	at net.sourceforge.jtds.jdbc.SharedSocket.<init>(SharedSocket.java:255) ~[jtds-1.2.4.jar:1.2.4]
	at net.sourceforge.jtds.jdbc.ConnectionJDBC2.<init>(ConnectionJDBC2.java:323) ~[jtds-1.2.4.jar:1.2.4]
	... 15 common frames omitted
2016-12-27 09:12:13.384 ERROR [ServerInfoTimer] com.haulmont.cuba.core.app.ServerInfo - Unable to update SYS_SERVER: {}
java.sql.SQLException: Network error IOException: Operation timed out (Connection timed out)
	at net.sourceforge.jtds.jdbc.ConnectionJDBC2.<init>(ConnectionJDBC2.java:395) ~[jtds-1.2.4.jar:1.2.4]
	at net.sourceforge.jtds.jdbc.ConnectionJDBC3.<init>(ConnectionJDBC3.java:50) ~[jtds-1.2.4.jar:1.2.4]
	at net.sourceforge.jtds.jdbc.Driver.connect(Driver.java:184) ~[jtds-1.2.4.jar:1.2.4]
	at org.apache.tomcat.dbcp.dbcp2.DriverConnectionFactory.createConnection(DriverConnectionFactory.java:38) ~[tomcat-dbcp.jar:8.0.35]
	at org.apache.tomcat.dbcp.dbcp2.PoolableConnectionFactory.makeObject(PoolableConnectionFactory.java:255) ~[tomcat-dbcp.jar:8.0.35]
	at org.apache.tomcat.dbcp.pool2.impl.GenericObjectPool.create(GenericObjectPool.java:867) ~[tomcat-dbcp.jar:8.0.35]
	at org.apache.tomcat.dbcp.pool2.impl.GenericObjectPool.borrowObject(GenericObjectPool.java:432) ~[tomcat-dbcp.jar:8.0.35]
	at org.apache.tomcat.dbcp.pool2.impl.GenericObjectPool.borrowObject(GenericObjectPool.java:360) ~[tomcat-dbcp.jar:8.0.35]
	at org.apache.tomcat.dbcp.dbcp2.PoolingDataSource.getConnection(PoolingDataSource.java:133) ~[tomcat-dbcp.jar:8.0.35]
	at org.apache.tomcat.dbcp.dbcp2.BasicDataSource.getConnection(BasicDataSource.java:1532) ~[tomcat-dbcp.jar:8.0.35]
	at com.haulmont.bali.db.QueryRunner.prepareConnection(QueryRunner.java:258) ~[cuba-global-6.3.5.jar:6.3.5]
	at com.haulmont.bali.db.QueryRunner.update(QueryRunner.java:627) ~[cuba-global-6.3.5.jar:6.3.5]
	at com.haulmont.cuba.core.app.ServerInfo.updateCurrentServer(ServerInfo.java:177) ~[cuba-core-6.3.5.jar:6.3.5]
	at com.haulmont.cuba.core.app.ServerInfo$1.run(ServerInfo.java:129) [cuba-core-6.3.5.jar:6.3.5]
	at java.util.TimerThread.mainLoop(Timer.java:555) [na:1.8.0_112]
	at java.util.TimerThread.run(Timer.java:505) [na:1.8.0_112]
Caused by: java.net.ConnectException: Operation timed out (Connection timed out)
	at java.net.PlainSocketImpl.socketConnect(Native Method) ~[na:1.8.0_112]
	at java.net.AbstractPlainSocketImpl.doConnect(AbstractPlainSocketImpl.java:350) ~[na:1.8.0_112]
	at java.net.AbstractPlainSocketImpl.connectToAddress(AbstractPlainSocketImpl.java:206) ~[na:1.8.0_112]
	at java.net.AbstractPlainSocketImpl.connect(AbstractPlainSocketImpl.java:188) ~[na:1.8.0_112]
	at java.net.SocksSocketImpl.connect(SocksSocketImpl.java:392) ~[na:1.8.0_112]
	at java.net.Socket.connect(Socket.java:589) ~[na:1.8.0_112]
	at sun.reflect.GeneratedMethodAccessor257.invoke(Unknown Source) ~[na:na]
	at sun.reflect.DelegatingMethodAccessorImpl.invoke(DelegatingMethodAccessorImpl.java:43) ~[na:1.8.0_112]
	at java.lang.reflect.Method.invoke(Method.java:498) ~[na:1.8.0_112]
	at net.sourceforge.jtds.jdbc.SharedSocket.createSocketForJDBC3(SharedSocket.java:305) ~[jtds-1.2.4.jar:1.2.4]
	at net.sourceforge.jtds.jdbc.SharedSocket.<init>(SharedSocket.java:255) ~[jtds-1.2.4.jar:1.2.4]
	at net.sourceforge.jtds.jdbc.ConnectionJDBC2.<init>(ConnectionJDBC2.java:323) ~[jtds-1.2.4.jar:1.2.4]
	... 15 common frames omitted
2016-12-27 09:13:41.246 ERROR [ServerInfoTimer] com.haulmont.cuba.core.app.ServerInfo - Unable to update SYS_SERVER: {}
java.sql.SQLException: Network error IOException: Operation timed out (Connection timed out)
	at net.sourceforge.jtds.jdbc.ConnectionJDBC2.<init>(ConnectionJDBC2.java:395) ~[jtds-1.2.4.jar:1.2.4]
	at net.sourceforge.jtds.jdbc.ConnectionJDBC3.<init>(ConnectionJDBC3.java:50) ~[jtds-1.2.4.jar:1.2.4]
	at net.sourceforge.jtds.jdbc.Driver.connect(Driver.java:184) ~[jtds-1.2.4.jar:1.2.4]
	at org.apache.tomcat.dbcp.dbcp2.DriverConnectionFactory.createConnection(DriverConnectionFactory.java:38) ~[tomcat-dbcp.jar:8.0.35]
	at org.apache.tomcat.dbcp.dbcp2.PoolableConnectionFactory.makeObject(PoolableConnectionFactory.java:255) ~[tomcat-dbcp.jar:8.0.35]
	at org.apache.tomcat.dbcp.pool2.impl.GenericObjectPool.create(GenericObjectPool.java:867) ~[tomcat-dbcp.jar:8.0.35]
	at org.apache.tomcat.dbcp.pool2.impl.GenericObjectPool.borrowObject(GenericObjectPool.java:432) ~[tomcat-dbcp.jar:8.0.35]
	at org.apache.tomcat.dbcp.pool2.impl.GenericObjectPool.borrowObject(GenericObjectPool.java:360) ~[tomcat-dbcp.jar:8.0.35]
	at org.apache.tomcat.dbcp.dbcp2.PoolingDataSource.getConnection(PoolingDataSource.java:133) ~[tomcat-dbcp.jar:8.0.35]
	at org.apache.tomcat.dbcp.dbcp2.BasicDataSource.getConnection(BasicDataSource.java:1532) ~[tomcat-dbcp.jar:8.0.35]
	at com.haulmont.bali.db.QueryRunner.prepareConnection(QueryRunner.java:258) ~[cuba-global-6.3.5.jar:6.3.5]
	at com.haulmont.bali.db.QueryRunner.update(QueryRunner.java:627) ~[cuba-global-6.3.5.jar:6.3.5]
	at com.haulmont.cuba.core.app.ServerInfo.updateCurrentServer(ServerInfo.java:177) ~[cuba-core-6.3.5.jar:6.3.5]
	at com.haulmont.cuba.core.app.ServerInfo$1.run(ServerInfo.java:129) [cuba-core-6.3.5.jar:6.3.5]
	at java.util.TimerThread.mainLoop(Timer.java:555) [na:1.8.0_112]
	at java.util.TimerThread.run(Timer.java:505) [na:1.8.0_112]
Caused by: java.net.ConnectException: Operation timed out (Connection timed out)
	at java.net.PlainSocketImpl.socketConnect(Native Method) ~[na:1.8.0_112]
	at java.net.AbstractPlainSocketImpl.doConnect(AbstractPlainSocketImpl.java:350) ~[na:1.8.0_112]
	at java.net.AbstractPlainSocketImpl.connectToAddress(AbstractPlainSocketImpl.java:206) ~[na:1.8.0_112]
	at java.net.AbstractPlainSocketImpl.connect(AbstractPlainSocketImpl.java:188) ~[na:1.8.0_112]
	at java.net.SocksSocketImpl.connect(SocksSocketImpl.java:392) ~[na:1.8.0_112]
	at java.net.Socket.connect(Socket.java:589) ~[na:1.8.0_112]
	at sun.reflect.GeneratedMethodAccessor257.invoke(Unknown Source) ~[na:na]
	at sun.reflect.DelegatingMethodAccessorImpl.invoke(DelegatingMethodAccessorImpl.java:43) ~[na:1.8.0_112]
	at java.lang.reflect.Method.invoke(Method.java:498) ~[na:1.8.0_112]
	at net.sourceforge.jtds.jdbc.SharedSocket.createSocketForJDBC3(SharedSocket.java:305) ~[jtds-1.2.4.jar:1.2.4]
	at net.sourceforge.jtds.jdbc.SharedSocket.<init>(SharedSocket.java:255) ~[jtds-1.2.4.jar:1.2.4]
	at net.sourceforge.jtds.jdbc.ConnectionJDBC2.<init>(ConnectionJDBC2.java:323) ~[jtds-1.2.4.jar:1.2.4]
	... 15 common frames omitted
2016-12-27 09:15:08.403 ERROR [ServerInfoTimer] com.haulmont.cuba.core.app.ServerInfo - Unable to update SYS_SERVER: {}
java.sql.SQLException: Network error IOException: Operation timed out (Connection timed out)
	at net.sourceforge.jtds.jdbc.ConnectionJDBC2.<init>(ConnectionJDBC2.java:395) ~[jtds-1.2.4.jar:1.2.4]
	at net.sourceforge.jtds.jdbc.ConnectionJDBC3.<init>(ConnectionJDBC3.java:50) ~[jtds-1.2.4.jar:1.2.4]
	at net.sourceforge.jtds.jdbc.Driver.connect(Driver.java:184) ~[jtds-1.2.4.jar:1.2.4]
	at org.apache.tomcat.dbcp.dbcp2.DriverConnectionFactory.createConnection(DriverConnectionFactory.java:38) ~[tomcat-dbcp.jar:8.0.35]
	at org.apache.tomcat.dbcp.dbcp2.PoolableConnectionFactory.makeObject(PoolableConnectionFactory.java:255) ~[tomcat-dbcp.jar:8.0.35]
	at org.apache.tomcat.dbcp.pool2.impl.GenericObjectPool.create(GenericObjectPool.java:867) ~[tomcat-dbcp.jar:8.0.35]
	at org.apache.tomcat.dbcp.pool2.impl.GenericObjectPool.borrowObject(GenericObjectPool.java:432) ~[tomcat-dbcp.jar:8.0.35]
	at org.apache.tomcat.dbcp.pool2.impl.GenericObjectPool.borrowObject(GenericObjectPool.java:360) ~[tomcat-dbcp.jar:8.0.35]
	at org.apache.tomcat.dbcp.dbcp2.PoolingDataSource.getConnection(PoolingDataSource.java:133) ~[tomcat-dbcp.jar:8.0.35]
	at org.apache.tomcat.dbcp.dbcp2.BasicDataSource.getConnection(BasicDataSource.java:1532) ~[tomcat-dbcp.jar:8.0.35]
	at com.haulmont.bali.db.QueryRunner.prepareConnection(QueryRunner.java:258) ~[cuba-global-6.3.5.jar:6.3.5]
	at com.haulmont.bali.db.QueryRunner.update(QueryRunner.java:627) ~[cuba-global-6.3.5.jar:6.3.5]
	at com.haulmont.cuba.core.app.ServerInfo.updateCurrentServer(ServerInfo.java:177) ~[cuba-core-6.3.5.jar:6.3.5]
	at com.haulmont.cuba.core.app.ServerInfo$1.run(ServerInfo.java:129) [cuba-core-6.3.5.jar:6.3.5]
	at java.util.TimerThread.mainLoop(Timer.java:555) [na:1.8.0_112]
	at java.util.TimerThread.run(Timer.java:505) [na:1.8.0_112]
Caused by: java.net.ConnectException: Operation timed out (Connection timed out)
	at java.net.PlainSocketImpl.socketConnect(Native Method) ~[na:1.8.0_112]
	at java.net.AbstractPlainSocketImpl.doConnect(AbstractPlainSocketImpl.java:350) ~[na:1.8.0_112]
	at java.net.AbstractPlainSocketImpl.connectToAddress(AbstractPlainSocketImpl.java:206) ~[na:1.8.0_112]
	at java.net.AbstractPlainSocketImpl.connect(AbstractPlainSocketImpl.java:188) ~[na:1.8.0_112]
	at java.net.SocksSocketImpl.connect(SocksSocketImpl.java:392) ~[na:1.8.0_112]
	at java.net.Socket.connect(Socket.java:589) ~[na:1.8.0_112]
	at sun.reflect.GeneratedMethodAccessor257.invoke(Unknown Source) ~[na:na]
	at sun.reflect.DelegatingMethodAccessorImpl.invoke(DelegatingMethodAccessorImpl.java:43) ~[na:1.8.0_112]
	at java.lang.reflect.Method.invoke(Method.java:498) ~[na:1.8.0_112]
	at net.sourceforge.jtds.jdbc.SharedSocket.createSocketForJDBC3(SharedSocket.java:305) ~[jtds-1.2.4.jar:1.2.4]
	at net.sourceforge.jtds.jdbc.SharedSocket.<init>(SharedSocket.java:255) ~[jtds-1.2.4.jar:1.2.4]
	at net.sourceforge.jtds.jdbc.ConnectionJDBC2.<init>(ConnectionJDBC2.java:323) ~[jtds-1.2.4.jar:1.2.4]
	... 15 common frames omitted
2016-12-27 09:16:37.255 ERROR [ServerInfoTimer] com.haulmont.cuba.core.app.ServerInfo - Unable to update SYS_SERVER: {}
java.sql.SQLException: Network error IOException: Operation timed out (Connection timed out)
	at net.sourceforge.jtds.jdbc.ConnectionJDBC2.<init>(ConnectionJDBC2.java:395) ~[jtds-1.2.4.jar:1.2.4]
	at net.sourceforge.jtds.jdbc.ConnectionJDBC3.<init>(ConnectionJDBC3.java:50) ~[jtds-1.2.4.jar:1.2.4]
	at net.sourceforge.jtds.jdbc.Driver.connect(Driver.java:184) ~[jtds-1.2.4.jar:1.2.4]
	at org.apache.tomcat.dbcp.dbcp2.DriverConnectionFactory.createConnection(DriverConnectionFactory.java:38) ~[tomcat-dbcp.jar:8.0.35]
	at org.apache.tomcat.dbcp.dbcp2.PoolableConnectionFactory.makeObject(PoolableConnectionFactory.java:255) ~[tomcat-dbcp.jar:8.0.35]
	at org.apache.tomcat.dbcp.pool2.impl.GenericObjectPool.create(GenericObjectPool.java:867) ~[tomcat-dbcp.jar:8.0.35]
	at org.apache.tomcat.dbcp.pool2.impl.GenericObjectPool.borrowObject(GenericObjectPool.java:432) ~[tomcat-dbcp.jar:8.0.35]
	at org.apache.tomcat.dbcp.pool2.impl.GenericObjectPool.borrowObject(GenericObjectPool.java:360) ~[tomcat-dbcp.jar:8.0.35]
	at org.apache.tomcat.dbcp.dbcp2.PoolingDataSource.getConnection(PoolingDataSource.java:133) ~[tomcat-dbcp.jar:8.0.35]
	at org.apache.tomcat.dbcp.dbcp2.BasicDataSource.getConnection(BasicDataSource.java:1532) ~[tomcat-dbcp.jar:8.0.35]
	at com.haulmont.bali.db.QueryRunner.prepareConnection(QueryRunner.java:258) ~[cuba-global-6.3.5.jar:6.3.5]
	at com.haulmont.bali.db.QueryRunner.update(QueryRunner.java:627) ~[cuba-global-6.3.5.jar:6.3.5]
	at com.haulmont.cuba.core.app.ServerInfo.updateCurrentServer(ServerInfo.java:177) ~[cuba-core-6.3.5.jar:6.3.5]
	at com.haulmont.cuba.core.app.ServerInfo$1.run(ServerInfo.java:129) [cuba-core-6.3.5.jar:6.3.5]
	at java.util.TimerThread.mainLoop(Timer.java:555) [na:1.8.0_112]
	at java.util.TimerThread.run(Timer.java:505) [na:1.8.0_112]
Caused by: java.net.ConnectException: Operation timed out (Connection timed out)
	at java.net.PlainSocketImpl.socketConnect(Native Method) ~[na:1.8.0_112]
	at java.net.AbstractPlainSocketImpl.doConnect(AbstractPlainSocketImpl.java:350) ~[na:1.8.0_112]
	at java.net.AbstractPlainSocketImpl.connectToAddress(AbstractPlainSocketImpl.java:206) ~[na:1.8.0_112]
	at java.net.AbstractPlainSocketImpl.connect(AbstractPlainSocketImpl.java:188) ~[na:1.8.0_112]
	at java.net.SocksSocketImpl.connect(SocksSocketImpl.java:392) ~[na:1.8.0_112]
	at java.net.Socket.connect(Socket.java:589) ~[na:1.8.0_112]
	at sun.reflect.GeneratedMethodAccessor257.invoke(Unknown Source) ~[na:na]
	at sun.reflect.DelegatingMethodAccessorImpl.invoke(DelegatingMethodAccessorImpl.java:43) ~[na:1.8.0_112]
	at java.lang.reflect.Method.invoke(Method.java:498) ~[na:1.8.0_112]
	at net.sourceforge.jtds.jdbc.SharedSocket.createSocketForJDBC3(SharedSocket.java:305) ~[jtds-1.2.4.jar:1.2.4]
	at net.sourceforge.jtds.jdbc.SharedSocket.<init>(SharedSocket.java:255) ~[jtds-1.2.4.jar:1.2.4]
	at net.sourceforge.jtds.jdbc.ConnectionJDBC2.<init>(ConnectionJDBC2.java:323) ~[jtds-1.2.4.jar:1.2.4]
	... 15 common frames omitted
2016-12-27 09:18:07.189 ERROR [ServerInfoTimer] com.haulmont.cuba.core.app.ServerInfo - Unable to update SYS_SERVER: {}
java.sql.SQLException: Network error IOException: Operation timed out (Connection timed out)
	at net.sourceforge.jtds.jdbc.ConnectionJDBC2.<init>(ConnectionJDBC2.java:395) ~[jtds-1.2.4.jar:1.2.4]
	at net.sourceforge.jtds.jdbc.ConnectionJDBC3.<init>(ConnectionJDBC3.java:50) ~[jtds-1.2.4.jar:1.2.4]
	at net.sourceforge.jtds.jdbc.Driver.connect(Driver.java:184) ~[jtds-1.2.4.jar:1.2.4]
	at org.apache.tomcat.dbcp.dbcp2.DriverConnectionFactory.createConnection(DriverConnectionFactory.java:38) ~[tomcat-dbcp.jar:8.0.35]
	at org.apache.tomcat.dbcp.dbcp2.PoolableConnectionFactory.makeObject(PoolableConnectionFactory.java:255) ~[tomcat-dbcp.jar:8.0.35]
	at org.apache.tomcat.dbcp.pool2.impl.GenericObjectPool.create(GenericObjectPool.java:867) ~[tomcat-dbcp.jar:8.0.35]
	at org.apache.tomcat.dbcp.pool2.impl.GenericObjectPool.borrowObject(GenericObjectPool.java:432) ~[tomcat-dbcp.jar:8.0.35]
	at org.apache.tomcat.dbcp.pool2.impl.GenericObjectPool.borrowObject(GenericObjectPool.java:360) ~[tomcat-dbcp.jar:8.0.35]
	at org.apache.tomcat.dbcp.dbcp2.PoolingDataSource.getConnection(PoolingDataSource.java:133) ~[tomcat-dbcp.jar:8.0.35]
	at org.apache.tomcat.dbcp.dbcp2.BasicDataSource.getConnection(BasicDataSource.java:1532) ~[tomcat-dbcp.jar:8.0.35]
	at com.haulmont.bali.db.QueryRunner.prepareConnection(QueryRunner.java:258) ~[cuba-global-6.3.5.jar:6.3.5]
	at com.haulmont.bali.db.QueryRunner.update(QueryRunner.java:627) ~[cuba-global-6.3.5.jar:6.3.5]
	at com.haulmont.cuba.core.app.ServerInfo.updateCurrentServer(ServerInfo.java:177) ~[cuba-core-6.3.5.jar:6.3.5]
	at com.haulmont.cuba.core.app.ServerInfo$1.run(ServerInfo.java:129) [cuba-core-6.3.5.jar:6.3.5]
	at java.util.TimerThread.mainLoop(Timer.java:555) [na:1.8.0_112]
	at java.util.TimerThread.run(Timer.java:505) [na:1.8.0_112]
Caused by: java.net.ConnectException: Operation timed out (Connection timed out)
	at java.net.PlainSocketImpl.socketConnect(Native Method) ~[na:1.8.0_112]
	at java.net.AbstractPlainSocketImpl.doConnect(AbstractPlainSocketImpl.java:350) ~[na:1.8.0_112]
	at java.net.AbstractPlainSocketImpl.connectToAddress(AbstractPlainSocketImpl.java:206) ~[na:1.8.0_112]
	at java.net.AbstractPlainSocketImpl.connect(AbstractPlainSocketImpl.java:188) ~[na:1.8.0_112]
	at java.net.SocksSocketImpl.connect(SocksSocketImpl.java:392) ~[na:1.8.0_112]
	at java.net.Socket.connect(Socket.java:589) ~[na:1.8.0_112]
	at sun.reflect.GeneratedMethodAccessor257.invoke(Unknown Source) ~[na:na]
	at sun.reflect.DelegatingMethodAccessorImpl.invoke(DelegatingMethodAccessorImpl.java:43) ~[na:1.8.0_112]
	at java.lang.reflect.Method.invoke(Method.java:498) ~[na:1.8.0_112]
	at net.sourceforge.jtds.jdbc.SharedSocket.createSocketForJDBC3(SharedSocket.java:305) ~[jtds-1.2.4.jar:1.2.4]
	at net.sourceforge.jtds.jdbc.SharedSocket.<init>(SharedSocket.java:255) ~[jtds-1.2.4.jar:1.2.4]
	at net.sourceforge.jtds.jdbc.ConnectionJDBC2.<init>(ConnectionJDBC2.java:323) ~[jtds-1.2.4.jar:1.2.4]
	... 15 common frames omitted
2016-12-27 09:19:36.456 ERROR [ServerInfoTimer] com.haulmont.cuba.core.app.ServerInfo - Unable to update SYS_SERVER: {}
java.sql.SQLException: Network error IOException: Operation timed out (Connection timed out)
	at net.sourceforge.jtds.jdbc.ConnectionJDBC2.<init>(ConnectionJDBC2.java:395) ~[jtds-1.2.4.jar:1.2.4]
	at net.sourceforge.jtds.jdbc.ConnectionJDBC3.<init>(ConnectionJDBC3.java:50) ~[jtds-1.2.4.jar:1.2.4]
	at net.sourceforge.jtds.jdbc.Driver.connect(Driver.java:184) ~[jtds-1.2.4.jar:1.2.4]
	at org.apache.tomcat.dbcp.dbcp2.DriverConnectionFactory.createConnection(DriverConnectionFactory.java:38) ~[tomcat-dbcp.jar:8.0.35]
	at org.apache.tomcat.dbcp.dbcp2.PoolableConnectionFactory.makeObject(PoolableConnectionFactory.java:255) ~[tomcat-dbcp.jar:8.0.35]
	at org.apache.tomcat.dbcp.pool2.impl.GenericObjectPool.create(GenericObjectPool.java:867) ~[tomcat-dbcp.jar:8.0.35]
	at org.apache.tomcat.dbcp.pool2.impl.GenericObjectPool.borrowObject(GenericObjectPool.java:432) ~[tomcat-dbcp.jar:8.0.35]
	at org.apache.tomcat.dbcp.pool2.impl.GenericObjectPool.borrowObject(GenericObjectPool.java:360) ~[tomcat-dbcp.jar:8.0.35]
	at org.apache.tomcat.dbcp.dbcp2.PoolingDataSource.getConnection(PoolingDataSource.java:133) ~[tomcat-dbcp.jar:8.0.35]
	at org.apache.tomcat.dbcp.dbcp2.BasicDataSource.getConnection(BasicDataSource.java:1532) ~[tomcat-dbcp.jar:8.0.35]
	at com.haulmont.bali.db.QueryRunner.prepareConnection(QueryRunner.java:258) ~[cuba-global-6.3.5.jar:6.3.5]
	at com.haulmont.bali.db.QueryRunner.update(QueryRunner.java:627) ~[cuba-global-6.3.5.jar:6.3.5]
	at com.haulmont.cuba.core.app.ServerInfo.updateCurrentServer(ServerInfo.java:177) ~[cuba-core-6.3.5.jar:6.3.5]
	at com.haulmont.cuba.core.app.ServerInfo$1.run(ServerInfo.java:129) [cuba-core-6.3.5.jar:6.3.5]
	at java.util.TimerThread.mainLoop(Timer.java:555) [na:1.8.0_112]
	at java.util.TimerThread.run(Timer.java:505) [na:1.8.0_112]
Caused by: java.net.ConnectException: Operation timed out (Connection timed out)
	at java.net.PlainSocketImpl.socketConnect(Native Method) ~[na:1.8.0_112]
	at java.net.AbstractPlainSocketImpl.doConnect(AbstractPlainSocketImpl.java:350) ~[na:1.8.0_112]
	at java.net.AbstractPlainSocketImpl.connectToAddress(AbstractPlainSocketImpl.java:206) ~[na:1.8.0_112]
	at java.net.AbstractPlainSocketImpl.connect(AbstractPlainSocketImpl.java:188) ~[na:1.8.0_112]
	at java.net.SocksSocketImpl.connect(SocksSocketImpl.java:392) ~[na:1.8.0_112]
	at java.net.Socket.connect(Socket.java:589) ~[na:1.8.0_112]
	at sun.reflect.GeneratedMethodAccessor257.invoke(Unknown Source) ~[na:na]
	at sun.reflect.DelegatingMethodAccessorImpl.invoke(DelegatingMethodAccessorImpl.java:43) ~[na:1.8.0_112]
	at java.lang.reflect.Method.invoke(Method.java:498) ~[na:1.8.0_112]
	at net.sourceforge.jtds.jdbc.SharedSocket.createSocketForJDBC3(SharedSocket.java:305) ~[jtds-1.2.4.jar:1.2.4]
	at net.sourceforge.jtds.jdbc.SharedSocket.<init>(SharedSocket.java:255) ~[jtds-1.2.4.jar:1.2.4]
	at net.sourceforge.jtds.jdbc.ConnectionJDBC2.<init>(ConnectionJDBC2.java:323) ~[jtds-1.2.4.jar:1.2.4]
	... 15 common frames omitted
2016-12-27 09:21:03.902 ERROR [ServerInfoTimer] com.haulmont.cuba.core.app.ServerInfo - Unable to update SYS_SERVER: {}
java.sql.SQLException: Network error IOException: Operation timed out (Connection timed out)
	at net.sourceforge.jtds.jdbc.ConnectionJDBC2.<init>(ConnectionJDBC2.java:395) ~[jtds-1.2.4.jar:1.2.4]
	at net.sourceforge.jtds.jdbc.ConnectionJDBC3.<init>(ConnectionJDBC3.java:50) ~[jtds-1.2.4.jar:1.2.4]
	at net.sourceforge.jtds.jdbc.Driver.connect(Driver.java:184) ~[jtds-1.2.4.jar:1.2.4]
	at org.apache.tomcat.dbcp.dbcp2.DriverConnectionFactory.createConnection(DriverConnectionFactory.java:38) ~[tomcat-dbcp.jar:8.0.35]
	at org.apache.tomcat.dbcp.dbcp2.PoolableConnectionFactory.makeObject(PoolableConnectionFactory.java:255) ~[tomcat-dbcp.jar:8.0.35]
	at org.apache.tomcat.dbcp.pool2.impl.GenericObjectPool.create(GenericObjectPool.java:867) ~[tomcat-dbcp.jar:8.0.35]
	at org.apache.tomcat.dbcp.pool2.impl.GenericObjectPool.borrowObject(GenericObjectPool.java:432) ~[tomcat-dbcp.jar:8.0.35]
	at org.apache.tomcat.dbcp.pool2.impl.GenericObjectPool.borrowObject(GenericObjectPool.java:360) ~[tomcat-dbcp.jar:8.0.35]
	at org.apache.tomcat.dbcp.dbcp2.PoolingDataSource.getConnection(PoolingDataSource.java:133) ~[tomcat-dbcp.jar:8.0.35]
	at org.apache.tomcat.dbcp.dbcp2.BasicDataSource.getConnection(BasicDataSource.java:1532) ~[tomcat-dbcp.jar:8.0.35]
	at com.haulmont.bali.db.QueryRunner.prepareConnection(QueryRunner.java:258) ~[cuba-global-6.3.5.jar:6.3.5]
	at com.haulmont.bali.db.QueryRunner.update(QueryRunner.java:627) ~[cuba-global-6.3.5.jar:6.3.5]
	at com.haulmont.cuba.core.app.ServerInfo.updateCurrentServer(ServerInfo.java:177) ~[cuba-core-6.3.5.jar:6.3.5]
	at com.haulmont.cuba.core.app.ServerInfo$1.run(ServerInfo.java:129) [cuba-core-6.3.5.jar:6.3.5]
	at java.util.TimerThread.mainLoop(Timer.java:555) [na:1.8.0_112]
	at java.util.TimerThread.run(Timer.java:505) [na:1.8.0_112]
Caused by: java.net.ConnectException: Operation timed out (Connection timed out)
	at java.net.PlainSocketImpl.socketConnect(Native Method) ~[na:1.8.0_112]
	at java.net.AbstractPlainSocketImpl.doConnect(AbstractPlainSocketImpl.java:350) ~[na:1.8.0_112]
	at java.net.AbstractPlainSocketImpl.connectToAddress(AbstractPlainSocketImpl.java:206) ~[na:1.8.0_112]
	at java.net.AbstractPlainSocketImpl.connect(AbstractPlainSocketImpl.java:188) ~[na:1.8.0_112]
	at java.net.SocksSocketImpl.connect(SocksSocketImpl.java:392) ~[na:1.8.0_112]
	at java.net.Socket.connect(Socket.java:589) ~[na:1.8.0_112]
	at sun.reflect.GeneratedMethodAccessor257.invoke(Unknown Source) ~[na:na]
	at sun.reflect.DelegatingMethodAccessorImpl.invoke(DelegatingMethodAccessorImpl.java:43) ~[na:1.8.0_112]
	at java.lang.reflect.Method.invoke(Method.java:498) ~[na:1.8.0_112]
	at net.sourceforge.jtds.jdbc.SharedSocket.createSocketForJDBC3(SharedSocket.java:305) ~[jtds-1.2.4.jar:1.2.4]
	at net.sourceforge.jtds.jdbc.SharedSocket.<init>(SharedSocket.java:255) ~[jtds-1.2.4.jar:1.2.4]
	at net.sourceforge.jtds.jdbc.ConnectionJDBC2.<init>(ConnectionJDBC2.java:323) ~[jtds-1.2.4.jar:1.2.4]
	... 15 common frames omitted
2016-12-27 09:22:20.181 ERROR [ServerInfoTimer] com.haulmont.cuba.core.app.ServerInfo - Unable to update SYS_SERVER: {}
java.sql.SQLException: Network error IOException: Operation timed out (Connection timed out)
	at net.sourceforge.jtds.jdbc.ConnectionJDBC2.<init>(ConnectionJDBC2.java:395) ~[jtds-1.2.4.jar:1.2.4]
	at net.sourceforge.jtds.jdbc.ConnectionJDBC3.<init>(ConnectionJDBC3.java:50) ~[jtds-1.2.4.jar:1.2.4]
	at net.sourceforge.jtds.jdbc.Driver.connect(Driver.java:184) ~[jtds-1.2.4.jar:1.2.4]
	at org.apache.tomcat.dbcp.dbcp2.DriverConnectionFactory.createConnection(DriverConnectionFactory.java:38) ~[tomcat-dbcp.jar:8.0.35]
	at org.apache.tomcat.dbcp.dbcp2.PoolableConnectionFactory.makeObject(PoolableConnectionFactory.java:255) ~[tomcat-dbcp.jar:8.0.35]
	at org.apache.tomcat.dbcp.pool2.impl.GenericObjectPool.create(GenericObjectPool.java:867) ~[tomcat-dbcp.jar:8.0.35]
	at org.apache.tomcat.dbcp.pool2.impl.GenericObjectPool.borrowObject(GenericObjectPool.java:432) ~[tomcat-dbcp.jar:8.0.35]
	at org.apache.tomcat.dbcp.pool2.impl.GenericObjectPool.borrowObject(GenericObjectPool.java:360) ~[tomcat-dbcp.jar:8.0.35]
	at org.apache.tomcat.dbcp.dbcp2.PoolingDataSource.getConnection(PoolingDataSource.java:133) ~[tomcat-dbcp.jar:8.0.35]
	at org.apache.tomcat.dbcp.dbcp2.BasicDataSource.getConnection(BasicDataSource.java:1532) ~[tomcat-dbcp.jar:8.0.35]
	at com.haulmont.bali.db.QueryRunner.prepareConnection(QueryRunner.java:258) ~[cuba-global-6.3.5.jar:6.3.5]
	at com.haulmont.bali.db.QueryRunner.update(QueryRunner.java:627) ~[cuba-global-6.3.5.jar:6.3.5]
	at com.haulmont.cuba.core.app.ServerInfo.updateCurrentServer(ServerInfo.java:177) ~[cuba-core-6.3.5.jar:6.3.5]
	at com.haulmont.cuba.core.app.ServerInfo$1.run(ServerInfo.java:129) [cuba-core-6.3.5.jar:6.3.5]
	at java.util.TimerThread.mainLoop(Timer.java:555) [na:1.8.0_112]
	at java.util.TimerThread.run(Timer.java:505) [na:1.8.0_112]
Caused by: java.net.ConnectException: Operation timed out (Connection timed out)
	at java.net.PlainSocketImpl.socketConnect(Native Method) ~[na:1.8.0_112]
	at java.net.AbstractPlainSocketImpl.doConnect(AbstractPlainSocketImpl.java:350) ~[na:1.8.0_112]
	at java.net.AbstractPlainSocketImpl.connectToAddress(AbstractPlainSocketImpl.java:206) ~[na:1.8.0_112]
	at java.net.AbstractPlainSocketImpl.connect(AbstractPlainSocketImpl.java:188) ~[na:1.8.0_112]
	at java.net.SocksSocketImpl.connect(SocksSocketImpl.java:392) ~[na:1.8.0_112]
	at java.net.Socket.connect(Socket.java:589) ~[na:1.8.0_112]
	at sun.reflect.GeneratedMethodAccessor257.invoke(Unknown Source) ~[na:na]
	at sun.reflect.DelegatingMethodAccessorImpl.invoke(DelegatingMethodAccessorImpl.java:43) ~[na:1.8.0_112]
	at java.lang.reflect.Method.invoke(Method.java:498) ~[na:1.8.0_112]
	at net.sourceforge.jtds.jdbc.SharedSocket.createSocketForJDBC3(SharedSocket.java:305) ~[jtds-1.2.4.jar:1.2.4]
	at net.sourceforge.jtds.jdbc.SharedSocket.<init>(SharedSocket.java:255) ~[jtds-1.2.4.jar:1.2.4]
	at net.sourceforge.jtds.jdbc.ConnectionJDBC2.<init>(ConnectionJDBC2.java:323) ~[jtds-1.2.4.jar:1.2.4]
	... 15 common frames omitted
2016-12-27 09:23:36.555 ERROR [ServerInfoTimer] com.haulmont.cuba.core.app.ServerInfo - Unable to update SYS_SERVER: {}
java.sql.SQLException: Network error IOException: Operation timed out (Connection timed out)
	at net.sourceforge.jtds.jdbc.ConnectionJDBC2.<init>(ConnectionJDBC2.java:395) ~[jtds-1.2.4.jar:1.2.4]
	at net.sourceforge.jtds.jdbc.ConnectionJDBC3.<init>(ConnectionJDBC3.java:50) ~[jtds-1.2.4.jar:1.2.4]
	at net.sourceforge.jtds.jdbc.Driver.connect(Driver.java:184) ~[jtds-1.2.4.jar:1.2.4]
	at org.apache.tomcat.dbcp.dbcp2.DriverConnectionFactory.createConnection(DriverConnectionFactory.java:38) ~[tomcat-dbcp.jar:8.0.35]
	at org.apache.tomcat.dbcp.dbcp2.PoolableConnectionFactory.makeObject(PoolableConnectionFactory.java:255) ~[tomcat-dbcp.jar:8.0.35]
	at org.apache.tomcat.dbcp.pool2.impl.GenericObjectPool.create(GenericObjectPool.java:867) ~[tomcat-dbcp.jar:8.0.35]
	at org.apache.tomcat.dbcp.pool2.impl.GenericObjectPool.borrowObject(GenericObjectPool.java:432) ~[tomcat-dbcp.jar:8.0.35]
	at org.apache.tomcat.dbcp.pool2.impl.GenericObjectPool.borrowObject(GenericObjectPool.java:360) ~[tomcat-dbcp.jar:8.0.35]
	at org.apache.tomcat.dbcp.dbcp2.PoolingDataSource.getConnection(PoolingDataSource.java:133) ~[tomcat-dbcp.jar:8.0.35]
	at org.apache.tomcat.dbcp.dbcp2.BasicDataSource.getConnection(BasicDataSource.java:1532) ~[tomcat-dbcp.jar:8.0.35]
	at com.haulmont.bali.db.QueryRunner.prepareConnection(QueryRunner.java:258) ~[cuba-global-6.3.5.jar:6.3.5]
	at com.haulmont.bali.db.QueryRunner.update(QueryRunner.java:627) ~[cuba-global-6.3.5.jar:6.3.5]
	at com.haulmont.cuba.core.app.ServerInfo.updateCurrentServer(ServerInfo.java:177) ~[cuba-core-6.3.5.jar:6.3.5]
	at com.haulmont.cuba.core.app.ServerInfo$1.run(ServerInfo.java:129) [cuba-core-6.3.5.jar:6.3.5]
	at java.util.TimerThread.mainLoop(Timer.java:555) [na:1.8.0_112]
	at java.util.TimerThread.run(Timer.java:505) [na:1.8.0_112]
Caused by: java.net.ConnectException: Operation timed out (Connection timed out)
	at java.net.PlainSocketImpl.socketConnect(Native Method) ~[na:1.8.0_112]
	at java.net.AbstractPlainSocketImpl.doConnect(AbstractPlainSocketImpl.java:350) ~[na:1.8.0_112]
	at java.net.AbstractPlainSocketImpl.connectToAddress(AbstractPlainSocketImpl.java:206) ~[na:1.8.0_112]
	at java.net.AbstractPlainSocketImpl.connect(AbstractPlainSocketImpl.java:188) ~[na:1.8.0_112]
	at java.net.SocksSocketImpl.connect(SocksSocketImpl.java:392) ~[na:1.8.0_112]
	at java.net.Socket.connect(Socket.java:589) ~[na:1.8.0_112]
	at sun.reflect.GeneratedMethodAccessor257.invoke(Unknown Source) ~[na:na]
	at sun.reflect.DelegatingMethodAccessorImpl.invoke(DelegatingMethodAccessorImpl.java:43) ~[na:1.8.0_112]
	at java.lang.reflect.Method.invoke(Method.java:498) ~[na:1.8.0_112]
	at net.sourceforge.jtds.jdbc.SharedSocket.createSocketForJDBC3(SharedSocket.java:305) ~[jtds-1.2.4.jar:1.2.4]
	at net.sourceforge.jtds.jdbc.SharedSocket.<init>(SharedSocket.java:255) ~[jtds-1.2.4.jar:1.2.4]
	at net.sourceforge.jtds.jdbc.ConnectionJDBC2.<init>(ConnectionJDBC2.java:323) ~[jtds-1.2.4.jar:1.2.4]
	... 15 common frames omitted
2016-12-27 09:24:51.891 ERROR [ServerInfoTimer] com.haulmont.cuba.core.app.ServerInfo - Unable to update SYS_SERVER: {}
java.sql.SQLException: Network error IOException: Operation timed out (Connection timed out)
	at net.sourceforge.jtds.jdbc.ConnectionJDBC2.<init>(ConnectionJDBC2.java:395) ~[jtds-1.2.4.jar:1.2.4]
	at net.sourceforge.jtds.jdbc.ConnectionJDBC3.<init>(ConnectionJDBC3.java:50) ~[jtds-1.2.4.jar:1.2.4]
	at net.sourceforge.jtds.jdbc.Driver.connect(Driver.java:184) ~[jtds-1.2.4.jar:1.2.4]
	at org.apache.tomcat.dbcp.dbcp2.DriverConnectionFactory.createConnection(DriverConnectionFactory.java:38) ~[tomcat-dbcp.jar:8.0.35]
	at org.apache.tomcat.dbcp.dbcp2.PoolableConnectionFactory.makeObject(PoolableConnectionFactory.java:255) ~[tomcat-dbcp.jar:8.0.35]
	at org.apache.tomcat.dbcp.pool2.impl.GenericObjectPool.create(GenericObjectPool.java:867) ~[tomcat-dbcp.jar:8.0.35]
	at org.apache.tomcat.dbcp.pool2.impl.GenericObjectPool.borrowObject(GenericObjectPool.java:432) ~[tomcat-dbcp.jar:8.0.35]
	at org.apache.tomcat.dbcp.pool2.impl.GenericObjectPool.borrowObject(GenericObjectPool.java:360) ~[tomcat-dbcp.jar:8.0.35]
	at org.apache.tomcat.dbcp.dbcp2.PoolingDataSource.getConnection(PoolingDataSource.java:133) ~[tomcat-dbcp.jar:8.0.35]
	at org.apache.tomcat.dbcp.dbcp2.BasicDataSource.getConnection(BasicDataSource.java:1532) ~[tomcat-dbcp.jar:8.0.35]
	at com.haulmont.bali.db.QueryRunner.prepareConnection(QueryRunner.java:258) ~[cuba-global-6.3.5.jar:6.3.5]
	at com.haulmont.bali.db.QueryRunner.update(QueryRunner.java:627) ~[cuba-global-6.3.5.jar:6.3.5]
	at com.haulmont.cuba.core.app.ServerInfo.updateCurrentServer(ServerInfo.java:177) ~[cuba-core-6.3.5.jar:6.3.5]
	at com.haulmont.cuba.core.app.ServerInfo$1.run(ServerInfo.java:129) [cuba-core-6.3.5.jar:6.3.5]
	at java.util.TimerThread.mainLoop(Timer.java:555) [na:1.8.0_112]
	at java.util.TimerThread.run(Timer.java:505) [na:1.8.0_112]
Caused by: java.net.ConnectException: Operation timed out (Connection timed out)
	at java.net.PlainSocketImpl.socketConnect(Native Method) ~[na:1.8.0_112]
	at java.net.AbstractPlainSocketImpl.doConnect(AbstractPlainSocketImpl.java:350) ~[na:1.8.0_112]
	at java.net.AbstractPlainSocketImpl.connectToAddress(AbstractPlainSocketImpl.java:206) ~[na:1.8.0_112]
	at java.net.AbstractPlainSocketImpl.connect(AbstractPlainSocketImpl.java:188) ~[na:1.8.0_112]
	at java.net.SocksSocketImpl.connect(SocksSocketImpl.java:392) ~[na:1.8.0_112]
	at java.net.Socket.connect(Socket.java:589) ~[na:1.8.0_112]
	at sun.reflect.GeneratedMethodAccessor257.invoke(Unknown Source) ~[na:na]
	at sun.reflect.DelegatingMethodAccessorImpl.invoke(DelegatingMethodAccessorImpl.java:43) ~[na:1.8.0_112]
	at java.lang.reflect.Method.invoke(Method.java:498) ~[na:1.8.0_112]
	at net.sourceforge.jtds.jdbc.SharedSocket.createSocketForJDBC3(SharedSocket.java:305) ~[jtds-1.2.4.jar:1.2.4]
	at net.sourceforge.jtds.jdbc.SharedSocket.<init>(SharedSocket.java:255) ~[jtds-1.2.4.jar:1.2.4]
	at net.sourceforge.jtds.jdbc.ConnectionJDBC2.<init>(ConnectionJDBC2.java:323) ~[jtds-1.2.4.jar:1.2.4]
	... 15 common frames omitted
2016-12-27 09:26:07.166 ERROR [ServerInfoTimer] com.haulmont.cuba.core.app.ServerInfo - Unable to update SYS_SERVER: {}
java.sql.SQLException: Network error IOException: Operation timed out (Connection timed out)
	at net.sourceforge.jtds.jdbc.ConnectionJDBC2.<init>(ConnectionJDBC2.java:395) ~[jtds-1.2.4.jar:1.2.4]
	at net.sourceforge.jtds.jdbc.ConnectionJDBC3.<init>(ConnectionJDBC3.java:50) ~[jtds-1.2.4.jar:1.2.4]
	at net.sourceforge.jtds.jdbc.Driver.connect(Driver.java:184) ~[jtds-1.2.4.jar:1.2.4]
	at org.apache.tomcat.dbcp.dbcp2.DriverConnectionFactory.createConnection(DriverConnectionFactory.java:38) ~[tomcat-dbcp.jar:8.0.35]
	at org.apache.tomcat.dbcp.dbcp2.PoolableConnectionFactory.makeObject(PoolableConnectionFactory.java:255) ~[tomcat-dbcp.jar:8.0.35]
	at org.apache.tomcat.dbcp.pool2.impl.GenericObjectPool.create(GenericObjectPool.java:867) ~[tomcat-dbcp.jar:8.0.35]
	at org.apache.tomcat.dbcp.pool2.impl.GenericObjectPool.borrowObject(GenericObjectPool.java:432) ~[tomcat-dbcp.jar:8.0.35]
	at org.apache.tomcat.dbcp.pool2.impl.GenericObjectPool.borrowObject(GenericObjectPool.java:360) ~[tomcat-dbcp.jar:8.0.35]
	at org.apache.tomcat.dbcp.dbcp2.PoolingDataSource.getConnection(PoolingDataSource.java:133) ~[tomcat-dbcp.jar:8.0.35]
	at org.apache.tomcat.dbcp.dbcp2.BasicDataSource.getConnection(BasicDataSource.java:1532) ~[tomcat-dbcp.jar:8.0.35]
	at com.haulmont.bali.db.QueryRunner.prepareConnection(QueryRunner.java:258) ~[cuba-global-6.3.5.jar:6.3.5]
	at com.haulmont.bali.db.QueryRunner.update(QueryRunner.java:627) ~[cuba-global-6.3.5.jar:6.3.5]
	at com.haulmont.cuba.core.app.ServerInfo.updateCurrentServer(ServerInfo.java:177) ~[cuba-core-6.3.5.jar:6.3.5]
	at com.haulmont.cuba.core.app.ServerInfo$1.run(ServerInfo.java:129) [cuba-core-6.3.5.jar:6.3.5]
	at java.util.TimerThread.mainLoop(Timer.java:555) [na:1.8.0_112]
	at java.util.TimerThread.run(Timer.java:505) [na:1.8.0_112]
Caused by: java.net.ConnectException: Operation timed out (Connection timed out)
	at java.net.PlainSocketImpl.socketConnect(Native Method) ~[na:1.8.0_112]
	at java.net.AbstractPlainSocketImpl.doConnect(AbstractPlainSocketImpl.java:350) ~[na:1.8.0_112]
	at java.net.AbstractPlainSocketImpl.connectToAddress(AbstractPlainSocketImpl.java:206) ~[na:1.8.0_112]
	at java.net.AbstractPlainSocketImpl.connect(AbstractPlainSocketImpl.java:188) ~[na:1.8.0_112]
	at java.net.SocksSocketImpl.connect(SocksSocketImpl.java:392) ~[na:1.8.0_112]
	at java.net.Socket.connect(Socket.java:589) ~[na:1.8.0_112]
	at sun.reflect.GeneratedMethodAccessor257.invoke(Unknown Source) ~[na:na]
	at sun.reflect.DelegatingMethodAccessorImpl.invoke(DelegatingMethodAccessorImpl.java:43) ~[na:1.8.0_112]
	at java.lang.reflect.Method.invoke(Method.java:498) ~[na:1.8.0_112]
	at net.sourceforge.jtds.jdbc.SharedSocket.createSocketForJDBC3(SharedSocket.java:305) ~[jtds-1.2.4.jar:1.2.4]
	at net.sourceforge.jtds.jdbc.SharedSocket.<init>(SharedSocket.java:255) ~[jtds-1.2.4.jar:1.2.4]
	at net.sourceforge.jtds.jdbc.ConnectionJDBC2.<init>(ConnectionJDBC2.java:323) ~[jtds-1.2.4.jar:1.2.4]
	... 15 common frames omitted
2016-12-27 09:27:23.267 ERROR [ServerInfoTimer] com.haulmont.cuba.core.app.ServerInfo - Unable to update SYS_SERVER: {}
java.sql.SQLException: Network error IOException: Operation timed out (Connection timed out)
	at net.sourceforge.jtds.jdbc.ConnectionJDBC2.<init>(ConnectionJDBC2.java:395) ~[jtds-1.2.4.jar:1.2.4]
	at net.sourceforge.jtds.jdbc.ConnectionJDBC3.<init>(ConnectionJDBC3.java:50) ~[jtds-1.2.4.jar:1.2.4]
	at net.sourceforge.jtds.jdbc.Driver.connect(Driver.java:184) ~[jtds-1.2.4.jar:1.2.4]
	at org.apache.tomcat.dbcp.dbcp2.DriverConnectionFactory.createConnection(DriverConnectionFactory.java:38) ~[tomcat-dbcp.jar:8.0.35]
	at org.apache.tomcat.dbcp.dbcp2.PoolableConnectionFactory.makeObject(PoolableConnectionFactory.java:255) ~[tomcat-dbcp.jar:8.0.35]
	at org.apache.tomcat.dbcp.pool2.impl.GenericObjectPool.create(GenericObjectPool.java:867) ~[tomcat-dbcp.jar:8.0.35]
	at org.apache.tomcat.dbcp.pool2.impl.GenericObjectPool.borrowObject(GenericObjectPool.java:432) ~[tomcat-dbcp.jar:8.0.35]
	at org.apache.tomcat.dbcp.pool2.impl.GenericObjectPool.borrowObject(GenericObjectPool.java:360) ~[tomcat-dbcp.jar:8.0.35]
	at org.apache.tomcat.dbcp.dbcp2.PoolingDataSource.getConnection(PoolingDataSource.java:133) ~[tomcat-dbcp.jar:8.0.35]
	at org.apache.tomcat.dbcp.dbcp2.BasicDataSource.getConnection(BasicDataSource.java:1532) ~[tomcat-dbcp.jar:8.0.35]
	at com.haulmont.bali.db.QueryRunner.prepareConnection(QueryRunner.java:258) ~[cuba-global-6.3.5.jar:6.3.5]
	at com.haulmont.bali.db.QueryRunner.update(QueryRunner.java:627) ~[cuba-global-6.3.5.jar:6.3.5]
	at com.haulmont.cuba.core.app.ServerInfo.updateCurrentServer(ServerInfo.java:177) ~[cuba-core-6.3.5.jar:6.3.5]
	at com.haulmont.cuba.core.app.ServerInfo$1.run(ServerInfo.java:129) [cuba-core-6.3.5.jar:6.3.5]
	at java.util.TimerThread.mainLoop(Timer.java:555) [na:1.8.0_112]
	at java.util.TimerThread.run(Timer.java:505) [na:1.8.0_112]
Caused by: java.net.ConnectException: Operation timed out (Connection timed out)
	at java.net.PlainSocketImpl.socketConnect(Native Method) ~[na:1.8.0_112]
	at java.net.AbstractPlainSocketImpl.doConnect(AbstractPlainSocketImpl.java:350) ~[na:1.8.0_112]
	at java.net.AbstractPlainSocketImpl.connectToAddress(AbstractPlainSocketImpl.java:206) ~[na:1.8.0_112]
	at java.net.AbstractPlainSocketImpl.connect(AbstractPlainSocketImpl.java:188) ~[na:1.8.0_112]
	at java.net.SocksSocketImpl.connect(SocksSocketImpl.java:392) ~[na:1.8.0_112]
	at java.net.Socket.connect(Socket.java:589) ~[na:1.8.0_112]
	at sun.reflect.GeneratedMethodAccessor257.invoke(Unknown Source) ~[na:na]
	at sun.reflect.DelegatingMethodAccessorImpl.invoke(DelegatingMethodAccessorImpl.java:43) ~[na:1.8.0_112]
	at java.lang.reflect.Method.invoke(Method.java:498) ~[na:1.8.0_112]
	at net.sourceforge.jtds.jdbc.SharedSocket.createSocketForJDBC3(SharedSocket.java:305) ~[jtds-1.2.4.jar:1.2.4]
	at net.sourceforge.jtds.jdbc.SharedSocket.<init>(SharedSocket.java:255) ~[jtds-1.2.4.jar:1.2.4]
	at net.sourceforge.jtds.jdbc.ConnectionJDBC2.<init>(ConnectionJDBC2.java:323) ~[jtds-1.2.4.jar:1.2.4]
	... 15 common frames omitted
2016-12-27 09:28:38.701 ERROR [ServerInfoTimer] com.haulmont.cuba.core.app.ServerInfo - Unable to update SYS_SERVER: {}
java.sql.SQLException: Network error IOException: Operation timed out (Connection timed out)
	at net.sourceforge.jtds.jdbc.ConnectionJDBC2.<init>(ConnectionJDBC2.java:395) ~[jtds-1.2.4.jar:1.2.4]
	at net.sourceforge.jtds.jdbc.ConnectionJDBC3.<init>(ConnectionJDBC3.java:50) ~[jtds-1.2.4.jar:1.2.4]
	at net.sourceforge.jtds.jdbc.Driver.connect(Driver.java:184) ~[jtds-1.2.4.jar:1.2.4]
	at org.apache.tomcat.dbcp.dbcp2.DriverConnectionFactory.createConnection(DriverConnectionFactory.java:38) ~[tomcat-dbcp.jar:8.0.35]
	at org.apache.tomcat.dbcp.dbcp2.PoolableConnectionFactory.makeObject(PoolableConnectionFactory.java:255) ~[tomcat-dbcp.jar:8.0.35]
	at org.apache.tomcat.dbcp.pool2.impl.GenericObjectPool.create(GenericObjectPool.java:867) ~[tomcat-dbcp.jar:8.0.35]
	at org.apache.tomcat.dbcp.pool2.impl.GenericObjectPool.borrowObject(GenericObjectPool.java:432) ~[tomcat-dbcp.jar:8.0.35]
	at org.apache.tomcat.dbcp.pool2.impl.GenericObjectPool.borrowObject(GenericObjectPool.java:360) ~[tomcat-dbcp.jar:8.0.35]
	at org.apache.tomcat.dbcp.dbcp2.PoolingDataSource.getConnection(PoolingDataSource.java:133) ~[tomcat-dbcp.jar:8.0.35]
	at org.apache.tomcat.dbcp.dbcp2.BasicDataSource.getConnection(BasicDataSource.java:1532) ~[tomcat-dbcp.jar:8.0.35]
	at com.haulmont.bali.db.QueryRunner.prepareConnection(QueryRunner.java:258) ~[cuba-global-6.3.5.jar:6.3.5]
	at com.haulmont.bali.db.QueryRunner.update(QueryRunner.java:627) ~[cuba-global-6.3.5.jar:6.3.5]
	at com.haulmont.cuba.core.app.ServerInfo.updateCurrentServer(ServerInfo.java:177) ~[cuba-core-6.3.5.jar:6.3.5]
	at com.haulmont.cuba.core.app.ServerInfo$1.run(ServerInfo.java:129) [cuba-core-6.3.5.jar:6.3.5]
	at java.util.TimerThread.mainLoop(Timer.java:555) [na:1.8.0_112]
	at java.util.TimerThread.run(Timer.java:505) [na:1.8.0_112]
Caused by: java.net.ConnectException: Operation timed out (Connection timed out)
	at java.net.PlainSocketImpl.socketConnect(Native Method) ~[na:1.8.0_112]
	at java.net.AbstractPlainSocketImpl.doConnect(AbstractPlainSocketImpl.java:350) ~[na:1.8.0_112]
	at java.net.AbstractPlainSocketImpl.connectToAddress(AbstractPlainSocketImpl.java:206) ~[na:1.8.0_112]
	at java.net.AbstractPlainSocketImpl.connect(AbstractPlainSocketImpl.java:188) ~[na:1.8.0_112]
	at java.net.SocksSocketImpl.connect(SocksSocketImpl.java:392) ~[na:1.8.0_112]
	at java.net.Socket.connect(Socket.java:589) ~[na:1.8.0_112]
	at sun.reflect.GeneratedMethodAccessor257.invoke(Unknown Source) ~[na:na]
	at sun.reflect.DelegatingMethodAccessorImpl.invoke(DelegatingMethodAccessorImpl.java:43) ~[na:1.8.0_112]
	at java.lang.reflect.Method.invoke(Method.java:498) ~[na:1.8.0_112]
	at net.sourceforge.jtds.jdbc.SharedSocket.createSocketForJDBC3(SharedSocket.java:305) ~[jtds-1.2.4.jar:1.2.4]
	at net.sourceforge.jtds.jdbc.SharedSocket.<init>(SharedSocket.java:255) ~[jtds-1.2.4.jar:1.2.4]
	at net.sourceforge.jtds.jdbc.ConnectionJDBC2.<init>(ConnectionJDBC2.java:323) ~[jtds-1.2.4.jar:1.2.4]
	... 15 common frames omitted
2016-12-27 09:29:54.854 ERROR [ServerInfoTimer] com.haulmont.cuba.core.app.ServerInfo - Unable to update SYS_SERVER: {}
java.sql.SQLException: Network error IOException: Operation timed out (Connection timed out)
	at net.sourceforge.jtds.jdbc.ConnectionJDBC2.<init>(ConnectionJDBC2.java:395) ~[jtds-1.2.4.jar:1.2.4]
	at net.sourceforge.jtds.jdbc.ConnectionJDBC3.<init>(ConnectionJDBC3.java:50) ~[jtds-1.2.4.jar:1.2.4]
	at net.sourceforge.jtds.jdbc.Driver.connect(Driver.java:184) ~[jtds-1.2.4.jar:1.2.4]
	at org.apache.tomcat.dbcp.dbcp2.DriverConnectionFactory.createConnection(DriverConnectionFactory.java:38) ~[tomcat-dbcp.jar:8.0.35]
	at org.apache.tomcat.dbcp.dbcp2.PoolableConnectionFactory.makeObject(PoolableConnectionFactory.java:255) ~[tomcat-dbcp.jar:8.0.35]
	at org.apache.tomcat.dbcp.pool2.impl.GenericObjectPool.create(GenericObjectPool.java:867) ~[tomcat-dbcp.jar:8.0.35]
	at org.apache.tomcat.dbcp.pool2.impl.GenericObjectPool.borrowObject(GenericObjectPool.java:432) ~[tomcat-dbcp.jar:8.0.35]
	at org.apache.tomcat.dbcp.pool2.impl.GenericObjectPool.borrowObject(GenericObjectPool.java:360) ~[tomcat-dbcp.jar:8.0.35]
	at org.apache.tomcat.dbcp.dbcp2.PoolingDataSource.getConnection(PoolingDataSource.java:133) ~[tomcat-dbcp.jar:8.0.35]
	at org.apache.tomcat.dbcp.dbcp2.BasicDataSource.getConnection(BasicDataSource.java:1532) ~[tomcat-dbcp.jar:8.0.35]
	at com.haulmont.bali.db.QueryRunner.prepareConnection(QueryRunner.java:258) ~[cuba-global-6.3.5.jar:6.3.5]
	at com.haulmont.bali.db.QueryRunner.update(QueryRunner.java:627) ~[cuba-global-6.3.5.jar:6.3.5]
	at com.haulmont.cuba.core.app.ServerInfo.updateCurrentServer(ServerInfo.java:177) ~[cuba-core-6.3.5.jar:6.3.5]
	at com.haulmont.cuba.core.app.ServerInfo$1.run(ServerInfo.java:129) [cuba-core-6.3.5.jar:6.3.5]
	at java.util.TimerThread.mainLoop(Timer.java:555) [na:1.8.0_112]
	at java.util.TimerThread.run(Timer.java:505) [na:1.8.0_112]
Caused by: java.net.ConnectException: Operation timed out (Connection timed out)
	at java.net.PlainSocketImpl.socketConnect(Native Method) ~[na:1.8.0_112]
	at java.net.AbstractPlainSocketImpl.doConnect(AbstractPlainSocketImpl.java:350) ~[na:1.8.0_112]
	at java.net.AbstractPlainSocketImpl.connectToAddress(AbstractPlainSocketImpl.java:206) ~[na:1.8.0_112]
	at java.net.AbstractPlainSocketImpl.connect(AbstractPlainSocketImpl.java:188) ~[na:1.8.0_112]
	at java.net.SocksSocketImpl.connect(SocksSocketImpl.java:392) ~[na:1.8.0_112]
	at java.net.Socket.connect(Socket.java:589) ~[na:1.8.0_112]
	at sun.reflect.GeneratedMethodAccessor257.invoke(Unknown Source) ~[na:na]
	at sun.reflect.DelegatingMethodAccessorImpl.invoke(DelegatingMethodAccessorImpl.java:43) ~[na:1.8.0_112]
	at java.lang.reflect.Method.invoke(Method.java:498) ~[na:1.8.0_112]
	at net.sourceforge.jtds.jdbc.SharedSocket.createSocketForJDBC3(SharedSocket.java:305) ~[jtds-1.2.4.jar:1.2.4]
	at net.sourceforge.jtds.jdbc.SharedSocket.<init>(SharedSocket.java:255) ~[jtds-1.2.4.jar:1.2.4]
	at net.sourceforge.jtds.jdbc.ConnectionJDBC2.<init>(ConnectionJDBC2.java:323) ~[jtds-1.2.4.jar:1.2.4]
	... 15 common frames omitted
2016-12-27 09:31:10.626 ERROR [ServerInfoTimer] com.haulmont.cuba.core.app.ServerInfo - Unable to update SYS_SERVER: {}
java.sql.SQLException: Network error IOException: Operation timed out (Connection timed out)
	at net.sourceforge.jtds.jdbc.ConnectionJDBC2.<init>(ConnectionJDBC2.java:395) ~[jtds-1.2.4.jar:1.2.4]
	at net.sourceforge.jtds.jdbc.ConnectionJDBC3.<init>(ConnectionJDBC3.java:50) ~[jtds-1.2.4.jar:1.2.4]
	at net.sourceforge.jtds.jdbc.Driver.connect(Driver.java:184) ~[jtds-1.2.4.jar:1.2.4]
	at org.apache.tomcat.dbcp.dbcp2.DriverConnectionFactory.createConnection(DriverConnectionFactory.java:38) ~[tomcat-dbcp.jar:8.0.35]
	at org.apache.tomcat.dbcp.dbcp2.PoolableConnectionFactory.makeObject(PoolableConnectionFactory.java:255) ~[tomcat-dbcp.jar:8.0.35]
	at org.apache.tomcat.dbcp.pool2.impl.GenericObjectPool.create(GenericObjectPool.java:867) ~[tomcat-dbcp.jar:8.0.35]
	at org.apache.tomcat.dbcp.pool2.impl.GenericObjectPool.borrowObject(GenericObjectPool.java:432) ~[tomcat-dbcp.jar:8.0.35]
	at org.apache.tomcat.dbcp.pool2.impl.GenericObjectPool.borrowObject(GenericObjectPool.java:360) ~[tomcat-dbcp.jar:8.0.35]
	at org.apache.tomcat.dbcp.dbcp2.PoolingDataSource.getConnection(PoolingDataSource.java:133) ~[tomcat-dbcp.jar:8.0.35]
	at org.apache.tomcat.dbcp.dbcp2.BasicDataSource.getConnection(BasicDataSource.java:1532) ~[tomcat-dbcp.jar:8.0.35]
	at com.haulmont.bali.db.QueryRunner.prepareConnection(QueryRunner.java:258) ~[cuba-global-6.3.5.jar:6.3.5]
	at com.haulmont.bali.db.QueryRunner.update(QueryRunner.java:627) ~[cuba-global-6.3.5.jar:6.3.5]
	at com.haulmont.cuba.core.app.ServerInfo.updateCurrentServer(ServerInfo.java:177) ~[cuba-core-6.3.5.jar:6.3.5]
	at com.haulmont.cuba.core.app.ServerInfo$1.run(ServerInfo.java:129) [cuba-core-6.3.5.jar:6.3.5]
	at java.util.TimerThread.mainLoop(Timer.java:555) [na:1.8.0_112]
	at java.util.TimerThread.run(Timer.java:505) [na:1.8.0_112]
Caused by: java.net.ConnectException: Operation timed out (Connection timed out)
	at java.net.PlainSocketImpl.socketConnect(Native Method) ~[na:1.8.0_112]
	at java.net.AbstractPlainSocketImpl.doConnect(AbstractPlainSocketImpl.java:350) ~[na:1.8.0_112]
	at java.net.AbstractPlainSocketImpl.connectToAddress(AbstractPlainSocketImpl.java:206) ~[na:1.8.0_112]
	at java.net.AbstractPlainSocketImpl.connect(AbstractPlainSocketImpl.java:188) ~[na:1.8.0_112]
	at java.net.SocksSocketImpl.connect(SocksSocketImpl.java:392) ~[na:1.8.0_112]
	at java.net.Socket.connect(Socket.java:589) ~[na:1.8.0_112]
	at sun.reflect.GeneratedMethodAccessor257.invoke(Unknown Source) ~[na:na]
	at sun.reflect.DelegatingMethodAccessorImpl.invoke(DelegatingMethodAccessorImpl.java:43) ~[na:1.8.0_112]
	at java.lang.reflect.Method.invoke(Method.java:498) ~[na:1.8.0_112]
	at net.sourceforge.jtds.jdbc.SharedSocket.createSocketForJDBC3(SharedSocket.java:305) ~[jtds-1.2.4.jar:1.2.4]
	at net.sourceforge.jtds.jdbc.SharedSocket.<init>(SharedSocket.java:255) ~[jtds-1.2.4.jar:1.2.4]
	at net.sourceforge.jtds.jdbc.ConnectionJDBC2.<init>(ConnectionJDBC2.java:323) ~[jtds-1.2.4.jar:1.2.4]
	... 15 common frames omitted
2016-12-27 09:32:25.942 ERROR [ServerInfoTimer] com.haulmont.cuba.core.app.ServerInfo - Unable to update SYS_SERVER: {}
java.sql.SQLException: Network error IOException: Operation timed out (Connection timed out)
	at net.sourceforge.jtds.jdbc.ConnectionJDBC2.<init>(ConnectionJDBC2.java:395) ~[jtds-1.2.4.jar:1.2.4]
	at net.sourceforge.jtds.jdbc.ConnectionJDBC3.<init>(ConnectionJDBC3.java:50) ~[jtds-1.2.4.jar:1.2.4]
	at net.sourceforge.jtds.jdbc.Driver.connect(Driver.java:184) ~[jtds-1.2.4.jar:1.2.4]
	at org.apache.tomcat.dbcp.dbcp2.DriverConnectionFactory.createConnection(DriverConnectionFactory.java:38) ~[tomcat-dbcp.jar:8.0.35]
	at org.apache.tomcat.dbcp.dbcp2.PoolableConnectionFactory.makeObject(PoolableConnectionFactory.java:255) ~[tomcat-dbcp.jar:8.0.35]
	at org.apache.tomcat.dbcp.pool2.impl.GenericObjectPool.create(GenericObjectPool.java:867) ~[tomcat-dbcp.jar:8.0.35]
	at org.apache.tomcat.dbcp.pool2.impl.GenericObjectPool.borrowObject(GenericObjectPool.java:432) ~[tomcat-dbcp.jar:8.0.35]
	at org.apache.tomcat.dbcp.pool2.impl.GenericObjectPool.borrowObject(GenericObjectPool.java:360) ~[tomcat-dbcp.jar:8.0.35]
	at org.apache.tomcat.dbcp.dbcp2.PoolingDataSource.getConnection(PoolingDataSource.java:133) ~[tomcat-dbcp.jar:8.0.35]
	at org.apache.tomcat.dbcp.dbcp2.BasicDataSource.getConnection(BasicDataSource.java:1532) ~[tomcat-dbcp.jar:8.0.35]
	at com.haulmont.bali.db.QueryRunner.prepareConnection(QueryRunner.java:258) ~[cuba-global-6.3.5.jar:6.3.5]
	at com.haulmont.bali.db.QueryRunner.update(QueryRunner.java:627) ~[cuba-global-6.3.5.jar:6.3.5]
	at com.haulmont.cuba.core.app.ServerInfo.updateCurrentServer(ServerInfo.java:177) ~[cuba-core-6.3.5.jar:6.3.5]
	at com.haulmont.cuba.core.app.ServerInfo$1.run(ServerInfo.java:129) [cuba-core-6.3.5.jar:6.3.5]
	at java.util.TimerThread.mainLoop(Timer.java:555) [na:1.8.0_112]
	at java.util.TimerThread.run(Timer.java:505) [na:1.8.0_112]
Caused by: java.net.ConnectException: Operation timed out (Connection timed out)
	at java.net.PlainSocketImpl.socketConnect(Native Method) ~[na:1.8.0_112]
	at java.net.AbstractPlainSocketImpl.doConnect(AbstractPlainSocketImpl.java:350) ~[na:1.8.0_112]
	at java.net.AbstractPlainSocketImpl.connectToAddress(AbstractPlainSocketImpl.java:206) ~[na:1.8.0_112]
	at java.net.AbstractPlainSocketImpl.connect(AbstractPlainSocketImpl.java:188) ~[na:1.8.0_112]
	at java.net.SocksSocketImpl.connect(SocksSocketImpl.java:392) ~[na:1.8.0_112]
	at java.net.Socket.connect(Socket.java:589) ~[na:1.8.0_112]
	at sun.reflect.GeneratedMethodAccessor257.invoke(Unknown Source) ~[na:na]
	at sun.reflect.DelegatingMethodAccessorImpl.invoke(DelegatingMethodAccessorImpl.java:43) ~[na:1.8.0_112]
	at java.lang.reflect.Method.invoke(Method.java:498) ~[na:1.8.0_112]
	at net.sourceforge.jtds.jdbc.SharedSocket.createSocketForJDBC3(SharedSocket.java:305) ~[jtds-1.2.4.jar:1.2.4]
	at net.sourceforge.jtds.jdbc.SharedSocket.<init>(SharedSocket.java:255) ~[jtds-1.2.4.jar:1.2.4]
	at net.sourceforge.jtds.jdbc.ConnectionJDBC2.<init>(ConnectionJDBC2.java:323) ~[jtds-1.2.4.jar:1.2.4]
	... 15 common frames omitted
2016-12-27 09:37:59.627 ERROR [ServerInfoTimer] com.haulmont.cuba.core.app.ServerInfo - Unable to update SYS_SERVER: {}
java.sql.SQLException: Network error IOException: Operation timed out (Connection timed out)
	at net.sourceforge.jtds.jdbc.ConnectionJDBC2.<init>(ConnectionJDBC2.java:395) ~[jtds-1.2.4.jar:1.2.4]
	at net.sourceforge.jtds.jdbc.ConnectionJDBC3.<init>(ConnectionJDBC3.java:50) ~[jtds-1.2.4.jar:1.2.4]
	at net.sourceforge.jtds.jdbc.Driver.connect(Driver.java:184) ~[jtds-1.2.4.jar:1.2.4]
	at org.apache.tomcat.dbcp.dbcp2.DriverConnectionFactory.createConnection(DriverConnectionFactory.java:38) ~[tomcat-dbcp.jar:8.0.35]
	at org.apache.tomcat.dbcp.dbcp2.PoolableConnectionFactory.makeObject(PoolableConnectionFactory.java:255) ~[tomcat-dbcp.jar:8.0.35]
	at org.apache.tomcat.dbcp.pool2.impl.GenericObjectPool.create(GenericObjectPool.java:867) ~[tomcat-dbcp.jar:8.0.35]
	at org.apache.tomcat.dbcp.pool2.impl.GenericObjectPool.borrowObject(GenericObjectPool.java:432) ~[tomcat-dbcp.jar:8.0.35]
	at org.apache.tomcat.dbcp.pool2.impl.GenericObjectPool.borrowObject(GenericObjectPool.java:360) ~[tomcat-dbcp.jar:8.0.35]
	at org.apache.tomcat.dbcp.dbcp2.PoolingDataSource.getConnection(PoolingDataSource.java:133) ~[tomcat-dbcp.jar:8.0.35]
	at org.apache.tomcat.dbcp.dbcp2.BasicDataSource.getConnection(BasicDataSource.java:1532) ~[tomcat-dbcp.jar:8.0.35]
	at com.haulmont.bali.db.QueryRunner.prepareConnection(QueryRunner.java:258) ~[cuba-global-6.3.5.jar:6.3.5]
	at com.haulmont.bali.db.QueryRunner.update(QueryRunner.java:627) ~[cuba-global-6.3.5.jar:6.3.5]
	at com.haulmont.cuba.core.app.ServerInfo.updateCurrentServer(ServerInfo.java:177) ~[cuba-core-6.3.5.jar:6.3.5]
	at com.haulmont.cuba.core.app.ServerInfo$1.run(ServerInfo.java:129) [cuba-core-6.3.5.jar:6.3.5]
	at java.util.TimerThread.mainLoop(Timer.java:555) [na:1.8.0_112]
	at java.util.TimerThread.run(Timer.java:505) [na:1.8.0_112]
Caused by: java.net.ConnectException: Operation timed out (Connection timed out)
	at java.net.PlainSocketImpl.socketConnect(Native Method) ~[na:1.8.0_112]
	at java.net.AbstractPlainSocketImpl.doConnect(AbstractPlainSocketImpl.java:350) ~[na:1.8.0_112]
	at java.net.AbstractPlainSocketImpl.connectToAddress(AbstractPlainSocketImpl.java:206) ~[na:1.8.0_112]
	at java.net.AbstractPlainSocketImpl.connect(AbstractPlainSocketImpl.java:188) ~[na:1.8.0_112]
	at java.net.SocksSocketImpl.connect(SocksSocketImpl.java:392) ~[na:1.8.0_112]
	at java.net.Socket.connect(Socket.java:589) ~[na:1.8.0_112]
	at sun.reflect.GeneratedMethodAccessor257.invoke(Unknown Source) ~[na:na]
	at sun.reflect.DelegatingMethodAccessorImpl.invoke(DelegatingMethodAccessorImpl.java:43) ~[na:1.8.0_112]
	at java.lang.reflect.Method.invoke(Method.java:498) ~[na:1.8.0_112]
	at net.sourceforge.jtds.jdbc.SharedSocket.createSocketForJDBC3(SharedSocket.java:305) ~[jtds-1.2.4.jar:1.2.4]
	at net.sourceforge.jtds.jdbc.SharedSocket.<init>(SharedSocket.java:255) ~[jtds-1.2.4.jar:1.2.4]
	at net.sourceforge.jtds.jdbc.ConnectionJDBC2.<init>(ConnectionJDBC2.java:323) ~[jtds-1.2.4.jar:1.2.4]
	... 15 common frames omitted
2016-12-27 09:39:14.662 ERROR [ServerInfoTimer] com.haulmont.cuba.core.app.ServerInfo - Unable to update SYS_SERVER: {}
java.sql.SQLException: Network error IOException: Operation timed out (Connection timed out)
	at net.sourceforge.jtds.jdbc.ConnectionJDBC2.<init>(ConnectionJDBC2.java:395) ~[jtds-1.2.4.jar:1.2.4]
	at net.sourceforge.jtds.jdbc.ConnectionJDBC3.<init>(ConnectionJDBC3.java:50) ~[jtds-1.2.4.jar:1.2.4]
	at net.sourceforge.jtds.jdbc.Driver.connect(Driver.java:184) ~[jtds-1.2.4.jar:1.2.4]
	at org.apache.tomcat.dbcp.dbcp2.DriverConnectionFactory.createConnection(DriverConnectionFactory.java:38) ~[tomcat-dbcp.jar:8.0.35]
	at org.apache.tomcat.dbcp.dbcp2.PoolableConnectionFactory.makeObject(PoolableConnectionFactory.java:255) ~[tomcat-dbcp.jar:8.0.35]
	at org.apache.tomcat.dbcp.pool2.impl.GenericObjectPool.create(GenericObjectPool.java:867) ~[tomcat-dbcp.jar:8.0.35]
	at org.apache.tomcat.dbcp.pool2.impl.GenericObjectPool.borrowObject(GenericObjectPool.java:432) ~[tomcat-dbcp.jar:8.0.35]
	at org.apache.tomcat.dbcp.pool2.impl.GenericObjectPool.borrowObject(GenericObjectPool.java:360) ~[tomcat-dbcp.jar:8.0.35]
	at org.apache.tomcat.dbcp.dbcp2.PoolingDataSource.getConnection(PoolingDataSource.java:133) ~[tomcat-dbcp.jar:8.0.35]
	at org.apache.tomcat.dbcp.dbcp2.BasicDataSource.getConnection(BasicDataSource.java:1532) ~[tomcat-dbcp.jar:8.0.35]
	at com.haulmont.bali.db.QueryRunner.prepareConnection(QueryRunner.java:258) ~[cuba-global-6.3.5.jar:6.3.5]
	at com.haulmont.bali.db.QueryRunner.update(QueryRunner.java:627) ~[cuba-global-6.3.5.jar:6.3.5]
	at com.haulmont.cuba.core.app.ServerInfo.updateCurrentServer(ServerInfo.java:177) ~[cuba-core-6.3.5.jar:6.3.5]
	at com.haulmont.cuba.core.app.ServerInfo$1.run(ServerInfo.java:129) [cuba-core-6.3.5.jar:6.3.5]
	at java.util.TimerThread.mainLoop(Timer.java:555) [na:1.8.0_112]
	at java.util.TimerThread.run(Timer.java:505) [na:1.8.0_112]
Caused by: java.net.ConnectException: Operation timed out (Connection timed out)
	at java.net.PlainSocketImpl.socketConnect(Native Method) ~[na:1.8.0_112]
	at java.net.AbstractPlainSocketImpl.doConnect(AbstractPlainSocketImpl.java:350) ~[na:1.8.0_112]
	at java.net.AbstractPlainSocketImpl.connectToAddress(AbstractPlainSocketImpl.java:206) ~[na:1.8.0_112]
	at java.net.AbstractPlainSocketImpl.connect(AbstractPlainSocketImpl.java:188) ~[na:1.8.0_112]
	at java.net.SocksSocketImpl.connect(SocksSocketImpl.java:392) ~[na:1.8.0_112]
	at java.net.Socket.connect(Socket.java:589) ~[na:1.8.0_112]
	at sun.reflect.GeneratedMethodAccessor257.invoke(Unknown Source) ~[na:na]
	at sun.reflect.DelegatingMethodAccessorImpl.invoke(DelegatingMethodAccessorImpl.java:43) ~[na:1.8.0_112]
	at java.lang.reflect.Method.invoke(Method.java:498) ~[na:1.8.0_112]
	at net.sourceforge.jtds.jdbc.SharedSocket.createSocketForJDBC3(SharedSocket.java:305) ~[jtds-1.2.4.jar:1.2.4]
	at net.sourceforge.jtds.jdbc.SharedSocket.<init>(SharedSocket.java:255) ~[jtds-1.2.4.jar:1.2.4]
	at net.sourceforge.jtds.jdbc.ConnectionJDBC2.<init>(ConnectionJDBC2.java:323) ~[jtds-1.2.4.jar:1.2.4]
	... 15 common frames omitted
2016-12-27 09:40:29.712 ERROR [ServerInfoTimer] com.haulmont.cuba.core.app.ServerInfo - Unable to update SYS_SERVER: {}
java.sql.SQLException: Network error IOException: Operation timed out (Connection timed out)
	at net.sourceforge.jtds.jdbc.ConnectionJDBC2.<init>(ConnectionJDBC2.java:395) ~[jtds-1.2.4.jar:1.2.4]
	at net.sourceforge.jtds.jdbc.ConnectionJDBC3.<init>(ConnectionJDBC3.java:50) ~[jtds-1.2.4.jar:1.2.4]
	at net.sourceforge.jtds.jdbc.Driver.connect(Driver.java:184) ~[jtds-1.2.4.jar:1.2.4]
	at org.apache.tomcat.dbcp.dbcp2.DriverConnectionFactory.createConnection(DriverConnectionFactory.java:38) ~[tomcat-dbcp.jar:8.0.35]
	at org.apache.tomcat.dbcp.dbcp2.PoolableConnectionFactory.makeObject(PoolableConnectionFactory.java:255) ~[tomcat-dbcp.jar:8.0.35]
	at org.apache.tomcat.dbcp.pool2.impl.GenericObjectPool.create(GenericObjectPool.java:867) ~[tomcat-dbcp.jar:8.0.35]
	at org.apache.tomcat.dbcp.pool2.impl.GenericObjectPool.borrowObject(GenericObjectPool.java:432) ~[tomcat-dbcp.jar:8.0.35]
	at org.apache.tomcat.dbcp.pool2.impl.GenericObjectPool.borrowObject(GenericObjectPool.java:360) ~[tomcat-dbcp.jar:8.0.35]
	at org.apache.tomcat.dbcp.dbcp2.PoolingDataSource.getConnection(PoolingDataSource.java:133) ~[tomcat-dbcp.jar:8.0.35]
	at org.apache.tomcat.dbcp.dbcp2.BasicDataSource.getConnection(BasicDataSource.java:1532) ~[tomcat-dbcp.jar:8.0.35]
	at com.haulmont.bali.db.QueryRunner.prepareConnection(QueryRunner.java:258) ~[cuba-global-6.3.5.jar:6.3.5]
	at com.haulmont.bali.db.QueryRunner.update(QueryRunner.java:627) ~[cuba-global-6.3.5.jar:6.3.5]
	at com.haulmont.cuba.core.app.ServerInfo.updateCurrentServer(ServerInfo.java:177) ~[cuba-core-6.3.5.jar:6.3.5]
	at com.haulmont.cuba.core.app.ServerInfo$1.run(ServerInfo.java:129) [cuba-core-6.3.5.jar:6.3.5]
	at java.util.TimerThread.mainLoop(Timer.java:555) [na:1.8.0_112]
	at java.util.TimerThread.run(Timer.java:505) [na:1.8.0_112]
Caused by: java.net.ConnectException: Operation timed out (Connection timed out)
	at java.net.PlainSocketImpl.socketConnect(Native Method) ~[na:1.8.0_112]
	at java.net.AbstractPlainSocketImpl.doConnect(AbstractPlainSocketImpl.java:350) ~[na:1.8.0_112]
	at java.net.AbstractPlainSocketImpl.connectToAddress(AbstractPlainSocketImpl.java:206) ~[na:1.8.0_112]
	at java.net.AbstractPlainSocketImpl.connect(AbstractPlainSocketImpl.java:188) ~[na:1.8.0_112]
	at java.net.SocksSocketImpl.connect(SocksSocketImpl.java:392) ~[na:1.8.0_112]
	at java.net.Socket.connect(Socket.java:589) ~[na:1.8.0_112]
	at sun.reflect.GeneratedMethodAccessor257.invoke(Unknown Source) ~[na:na]
	at sun.reflect.DelegatingMethodAccessorImpl.invoke(DelegatingMethodAccessorImpl.java:43) ~[na:1.8.0_112]
	at java.lang.reflect.Method.invoke(Method.java:498) ~[na:1.8.0_112]
	at net.sourceforge.jtds.jdbc.SharedSocket.createSocketForJDBC3(SharedSocket.java:305) ~[jtds-1.2.4.jar:1.2.4]
	at net.sourceforge.jtds.jdbc.SharedSocket.<init>(SharedSocket.java:255) ~[jtds-1.2.4.jar:1.2.4]
	at net.sourceforge.jtds.jdbc.ConnectionJDBC2.<init>(ConnectionJDBC2.java:323) ~[jtds-1.2.4.jar:1.2.4]
	... 15 common frames omitted
2016-12-27 09:41:44.789 ERROR [ServerInfoTimer] com.haulmont.cuba.core.app.ServerInfo - Unable to update SYS_SERVER: {}
java.sql.SQLException: Network error IOException: Operation timed out (Connection timed out)
	at net.sourceforge.jtds.jdbc.ConnectionJDBC2.<init>(ConnectionJDBC2.java:395) ~[jtds-1.2.4.jar:1.2.4]
	at net.sourceforge.jtds.jdbc.ConnectionJDBC3.<init>(ConnectionJDBC3.java:50) ~[jtds-1.2.4.jar:1.2.4]
	at net.sourceforge.jtds.jdbc.Driver.connect(Driver.java:184) ~[jtds-1.2.4.jar:1.2.4]
	at org.apache.tomcat.dbcp.dbcp2.DriverConnectionFactory.createConnection(DriverConnectionFactory.java:38) ~[tomcat-dbcp.jar:8.0.35]
	at org.apache.tomcat.dbcp.dbcp2.PoolableConnectionFactory.makeObject(PoolableConnectionFactory.java:255) ~[tomcat-dbcp.jar:8.0.35]
	at org.apache.tomcat.dbcp.pool2.impl.GenericObjectPool.create(GenericObjectPool.java:867) ~[tomcat-dbcp.jar:8.0.35]
	at org.apache.tomcat.dbcp.pool2.impl.GenericObjectPool.borrowObject(GenericObjectPool.java:432) ~[tomcat-dbcp.jar:8.0.35]
	at org.apache.tomcat.dbcp.pool2.impl.GenericObjectPool.borrowObject(GenericObjectPool.java:360) ~[tomcat-dbcp.jar:8.0.35]
	at org.apache.tomcat.dbcp.dbcp2.PoolingDataSource.getConnection(PoolingDataSource.java:133) ~[tomcat-dbcp.jar:8.0.35]
	at org.apache.tomcat.dbcp.dbcp2.BasicDataSource.getConnection(BasicDataSource.java:1532) ~[tomcat-dbcp.jar:8.0.35]
	at com.haulmont.bali.db.QueryRunner.prepareConnection(QueryRunner.java:258) ~[cuba-global-6.3.5.jar:6.3.5]
	at com.haulmont.bali.db.QueryRunner.update(QueryRunner.java:627) ~[cuba-global-6.3.5.jar:6.3.5]
	at com.haulmont.cuba.core.app.ServerInfo.updateCurrentServer(ServerInfo.java:177) ~[cuba-core-6.3.5.jar:6.3.5]
	at com.haulmont.cuba.core.app.ServerInfo$1.run(ServerInfo.java:129) [cuba-core-6.3.5.jar:6.3.5]
	at java.util.TimerThread.mainLoop(Timer.java:555) [na:1.8.0_112]
	at java.util.TimerThread.run(Timer.java:505) [na:1.8.0_112]
Caused by: java.net.ConnectException: Operation timed out (Connection timed out)
	at java.net.PlainSocketImpl.socketConnect(Native Method) ~[na:1.8.0_112]
	at java.net.AbstractPlainSocketImpl.doConnect(AbstractPlainSocketImpl.java:350) ~[na:1.8.0_112]
	at java.net.AbstractPlainSocketImpl.connectToAddress(AbstractPlainSocketImpl.java:206) ~[na:1.8.0_112]
	at java.net.AbstractPlainSocketImpl.connect(AbstractPlainSocketImpl.java:188) ~[na:1.8.0_112]
	at java.net.SocksSocketImpl.connect(SocksSocketImpl.java:392) ~[na:1.8.0_112]
	at java.net.Socket.connect(Socket.java:589) ~[na:1.8.0_112]
	at sun.reflect.GeneratedMethodAccessor257.invoke(Unknown Source) ~[na:na]
	at sun.reflect.DelegatingMethodAccessorImpl.invoke(DelegatingMethodAccessorImpl.java:43) ~[na:1.8.0_112]
	at java.lang.reflect.Method.invoke(Method.java:498) ~[na:1.8.0_112]
	at net.sourceforge.jtds.jdbc.SharedSocket.createSocketForJDBC3(SharedSocket.java:305) ~[jtds-1.2.4.jar:1.2.4]
	at net.sourceforge.jtds.jdbc.SharedSocket.<init>(SharedSocket.java:255) ~[jtds-1.2.4.jar:1.2.4]
	at net.sourceforge.jtds.jdbc.ConnectionJDBC2.<init>(ConnectionJDBC2.java:323) ~[jtds-1.2.4.jar:1.2.4]
	... 15 common frames omitted
2016-12-27 09:42:18.870 INFO  [localhost-startStop-2] com.haulmont.cuba.core.sys.CubaDefaultXmlWebApplicationContext - Closing WebApplicationContext for namespace 'remoting-servlet': startup date [Mon Dec 26 11:44:30 MSK 2016]; parent: com.haulmont.cuba.core.sys.CubaCoreApplicationContext@2baf569a
