2017-01-06 11:31:26.602 ERROR [ServerInfoTimer] com.haulmont.cuba.core.app.ServerInfo - Unable to update SYS_SERVER: {}
java.sql.SQLException: Network error IOException: Network is unreachable (connect failed)
	at net.sourceforge.jtds.jdbc.ConnectionJDBC2.<init>(ConnectionJDBC2.java:395) ~[jtds-1.2.4.jar:1.2.4]
	at net.sourceforge.jtds.jdbc.ConnectionJDBC3.<init>(ConnectionJDBC3.java:50) ~[jtds-1.2.4.jar:1.2.4]
	at net.sourceforge.jtds.jdbc.Driver.connect(Driver.java:184) ~[jtds-1.2.4.jar:1.2.4]
	at org.apache.tomcat.dbcp.dbcp2.DriverConnectionFactory.createConnection(DriverConnectionFactory.java:38) ~[tomcat-dbcp.jar:8.0.35]
	at org.apache.tomcat.dbcp.dbcp2.PoolableConnectionFactory.makeObject(PoolableConnectionFactory.java:255) ~[tomcat-dbcp.jar:8.0.35]
	at org.apache.tomcat.dbcp.pool2.impl.GenericObjectPool.create(GenericObjectPool.java:867) ~[tomcat-dbcp.jar:8.0.35]
	at org.apache.tomcat.dbcp.pool2.impl.GenericObjectPool.borrowObject(GenericObjectPool.java:432) ~[tomcat-dbcp.jar:8.0.35]
	at org.apache.tomcat.dbcp.pool2.impl.GenericObjectPool.borrowObject(GenericObjectPool.java:360) ~[tomcat-dbcp.jar:8.0.35]
	at org.apache.tomcat.dbcp.dbcp2.PoolingDataSource.getConnection(PoolingDataSource.java:133) ~[tomcat-dbcp.jar:8.0.35]
	at org.apache.tomcat.dbcp.dbcp2.BasicDataSource.getConnection(BasicDataSource.java:1532) ~[tomcat-dbcp.jar:8.0.35]
	at com.haulmont.bali.db.QueryRunner.prepareConnection(QueryRunner.java:258) ~[cuba-global-6.3.5.jar:6.3.5]
	at com.haulmont.bali.db.QueryRunner.update(QueryRunner.java:627) ~[cuba-global-6.3.5.jar:6.3.5]
	at com.haulmont.cuba.core.app.ServerInfo.updateCurrentServer(ServerInfo.java:177) ~[cuba-core-6.3.5.jar:6.3.5]
	at com.haulmont.cuba.core.app.ServerInfo$1.run(ServerInfo.java:129) [cuba-core-6.3.5.jar:6.3.5]
	at java.util.TimerThread.mainLoop(Timer.java:555) [na:1.8.0_112]
	at java.util.TimerThread.run(Timer.java:505) [na:1.8.0_112]
Caused by: java.net.SocketException: Network is unreachable (connect failed)
	at java.net.PlainSocketImpl.socketConnect(Native Method) ~[na:1.8.0_112]
	at java.net.AbstractPlainSocketImpl.doConnect(AbstractPlainSocketImpl.java:350) ~[na:1.8.0_112]
	at java.net.AbstractPlainSocketImpl.connectToAddress(AbstractPlainSocketImpl.java:206) ~[na:1.8.0_112]
	at java.net.AbstractPlainSocketImpl.connect(AbstractPlainSocketImpl.java:188) ~[na:1.8.0_112]
	at java.net.SocksSocketImpl.connect(SocksSocketImpl.java:392) ~[na:1.8.0_112]
	at java.net.Socket.connect(Socket.java:589) ~[na:1.8.0_112]
	at sun.reflect.NativeMethodAccessorImpl.invoke0(Native Method) ~[na:1.8.0_112]
	at sun.reflect.NativeMethodAccessorImpl.invoke(NativeMethodAccessorImpl.java:62) ~[na:1.8.0_112]
	at sun.reflect.DelegatingMethodAccessorImpl.invoke(DelegatingMethodAccessorImpl.java:43) ~[na:1.8.0_112]
	at java.lang.reflect.Method.invoke(Method.java:498) ~[na:1.8.0_112]
	at net.sourceforge.jtds.jdbc.SharedSocket.createSocketForJDBC3(SharedSocket.java:305) ~[jtds-1.2.4.jar:1.2.4]
	at net.sourceforge.jtds.jdbc.SharedSocket.<init>(SharedSocket.java:255) ~[jtds-1.2.4.jar:1.2.4]
	at net.sourceforge.jtds.jdbc.ConnectionJDBC2.<init>(ConnectionJDBC2.java:323) ~[jtds-1.2.4.jar:1.2.4]
	... 15 common frames omitted
2017-01-06 11:31:26.710 ERROR [ServerInfoTimer] com.haulmont.cuba.core.app.ServerInfo - Unable to update SYS_SERVER: {}
java.sql.SQLException: Network error IOException: Network is unreachable (connect failed)
	at net.sourceforge.jtds.jdbc.ConnectionJDBC2.<init>(ConnectionJDBC2.java:395) ~[jtds-1.2.4.jar:1.2.4]
	at net.sourceforge.jtds.jdbc.ConnectionJDBC3.<init>(ConnectionJDBC3.java:50) ~[jtds-1.2.4.jar:1.2.4]
	at net.sourceforge.jtds.jdbc.Driver.connect(Driver.java:184) ~[jtds-1.2.4.jar:1.2.4]
	at org.apache.tomcat.dbcp.dbcp2.DriverConnectionFactory.createConnection(DriverConnectionFactory.java:38) ~[tomcat-dbcp.jar:8.0.35]
	at org.apache.tomcat.dbcp.dbcp2.PoolableConnectionFactory.makeObject(PoolableConnectionFactory.java:255) ~[tomcat-dbcp.jar:8.0.35]
	at org.apache.tomcat.dbcp.pool2.impl.GenericObjectPool.create(GenericObjectPool.java:867) ~[tomcat-dbcp.jar:8.0.35]
	at org.apache.tomcat.dbcp.pool2.impl.GenericObjectPool.borrowObject(GenericObjectPool.java:432) ~[tomcat-dbcp.jar:8.0.35]
	at org.apache.tomcat.dbcp.pool2.impl.GenericObjectPool.borrowObject(GenericObjectPool.java:360) ~[tomcat-dbcp.jar:8.0.35]
	at org.apache.tomcat.dbcp.dbcp2.PoolingDataSource.getConnection(PoolingDataSource.java:133) ~[tomcat-dbcp.jar:8.0.35]
	at org.apache.tomcat.dbcp.dbcp2.BasicDataSource.getConnection(BasicDataSource.java:1532) ~[tomcat-dbcp.jar:8.0.35]
	at com.haulmont.bali.db.QueryRunner.prepareConnection(QueryRunner.java:258) ~[cuba-global-6.3.5.jar:6.3.5]
	at com.haulmont.bali.db.QueryRunner.update(QueryRunner.java:627) ~[cuba-global-6.3.5.jar:6.3.5]
	at com.haulmont.cuba.core.app.ServerInfo.updateCurrentServer(ServerInfo.java:177) ~[cuba-core-6.3.5.jar:6.3.5]
	at com.haulmont.cuba.core.app.ServerInfo$1.run(ServerInfo.java:129) [cuba-core-6.3.5.jar:6.3.5]
	at java.util.TimerThread.mainLoop(Timer.java:555) [na:1.8.0_112]
	at java.util.TimerThread.run(Timer.java:505) [na:1.8.0_112]
Caused by: java.net.SocketException: Network is unreachable (connect failed)
	at java.net.PlainSocketImpl.socketConnect(Native Method) ~[na:1.8.0_112]
	at java.net.AbstractPlainSocketImpl.doConnect(AbstractPlainSocketImpl.java:350) ~[na:1.8.0_112]
	at java.net.AbstractPlainSocketImpl.connectToAddress(AbstractPlainSocketImpl.java:206) ~[na:1.8.0_112]
	at java.net.AbstractPlainSocketImpl.connect(AbstractPlainSocketImpl.java:188) ~[na:1.8.0_112]
	at java.net.SocksSocketImpl.connect(SocksSocketImpl.java:392) ~[na:1.8.0_112]
	at java.net.Socket.connect(Socket.java:589) ~[na:1.8.0_112]
	at sun.reflect.NativeMethodAccessorImpl.invoke0(Native Method) ~[na:1.8.0_112]
	at sun.reflect.NativeMethodAccessorImpl.invoke(NativeMethodAccessorImpl.java:62) ~[na:1.8.0_112]
	at sun.reflect.DelegatingMethodAccessorImpl.invoke(DelegatingMethodAccessorImpl.java:43) ~[na:1.8.0_112]
	at java.lang.reflect.Method.invoke(Method.java:498) ~[na:1.8.0_112]
	at net.sourceforge.jtds.jdbc.SharedSocket.createSocketForJDBC3(SharedSocket.java:305) ~[jtds-1.2.4.jar:1.2.4]
	at net.sourceforge.jtds.jdbc.SharedSocket.<init>(SharedSocket.java:255) ~[jtds-1.2.4.jar:1.2.4]
	at net.sourceforge.jtds.jdbc.ConnectionJDBC2.<init>(ConnectionJDBC2.java:323) ~[jtds-1.2.4.jar:1.2.4]
	... 15 common frames omitted
2017-01-06 15:06:32.459 INFO  [scheduler-8] com.haulmont.cuba.core.sys.TriggerFilesProcessor - Calling cuba_Messages.clearCache
2017-01-06 15:15:20.445 DEBUG [http-nio-8080-exec-22] com.haulmont.cuba.web.App - Initializing application
2017-01-06 15:15:20.544 DEBUG [http-nio-8080-exec-22/doors/anonymous] com.haulmont.cuba.web.DefaultApp - connectionStateChanged connected: true, authenticated: false
2017-01-06 15:15:20.544 DEBUG [http-nio-8080-exec-22/doors/anonymous] com.haulmont.cuba.web.App - Closing all windows
2017-01-06 15:15:20.609 DEBUG [http-nio-8080-exec-22/doors/anonymous] com.haulmont.cuba.web.AbstractConnection - Logged in: user=anonymous, ip=0:0:0:0:0:0:0:1, clientInfo=Web (localhost:8080/doors) Mozilla/5.0 (Macintosh; Intel Mac OS X 10_12_2) AppleWebKit/602.3.12 (KHTML, like Gecko) Version/10.0.2 Safari/602.3.12
2017-01-06 15:15:24.651 INFO  [localhost-startStop-2] com.haulmont.cuba.core.sys.CubaDefaultXmlWebApplicationContext - Closing WebApplicationContext for namespace 'remoting-servlet': startup date [Wed Jan 04 20:57:34 MSK 2017]; parent: com.haulmont.cuba.core.sys.CubaCoreApplicationContext@a3a6d69
2017-01-06 15:15:24.745 INFO  [localhost-startStop-2] com.haulmont.cuba.core.sys.CubaCoreApplicationContext - Closing com.haulmont.cuba.core.sys.CubaCoreApplicationContext@a3a6d69: startup date [Wed Jan 04 20:57:26 MSK 2017]; root of context hierarchy
2017-01-06 15:15:24.756 INFO  [localhost-startStop-2] com.haulmont.cuba.core.sys.CubaThreadPoolTaskScheduler - Shutting down ExecutorService 'scheduler'
2017-01-06 15:15:33.537 INFO  [localhost-startStop-1] com.haulmont.cuba.core.sys.AppComponents - Using app components: [com.haulmont.cuba]
2017-01-06 15:15:33.574 INFO  [localhost-startStop-1] com.haulmont.cuba.web.sys.WebAppContextLoader - Loading app properties from classpath:cuba-web-app.properties
2017-01-06 15:15:33.575 INFO  [localhost-startStop-1] com.haulmont.cuba.web.sys.WebAppContextLoader - Loading app properties from classpath:com/ekom/doors/web-app.properties
2017-01-06 15:15:33.898 INFO  [localhost-startStop-1] com.haulmont.cuba.core.sys.CubaClassPathXmlApplicationContext - Refreshing com.haulmont.cuba.core.sys.CubaClassPathXmlApplicationContext@400b2d55: startup date [Fri Jan 06 15:15:33 MSK 2017]; root of context hierarchy
2017-01-06 15:15:35.582 INFO  [localhost-startStop-1] com.haulmont.cuba.web.sys.remoting.WebRemoteProxyBeanCreator - Configuring proxy beans for local service invocations: [cuba_LoginService, cuba_ServerInfoService, cuba_UserSettingService, cuba_UserManagementService, cuba_DataService, cuba_ConfigStorageService, cuba_PersistenceManagerService, cuba_LockService, cuba_UserSessionService, cuba_FoldersService, cuba_EmailService, cuba_FileStorageService, cuba_EntitySnapshotService, cuba_UniqueNumbersService, cuba_LocalizedMessageService, cuba_ResourceService, cuba_ScheduledTasksService, cuba_EntityLogService, cuba_TestingService, cuba_ObjectsCacheManagerService, cuba_DomainDescriptionService, cuba_RelatedEntitiesService, cuba_EntitySqlGenerationService, cuba_NumberIdService, cuba_QueryResultsService, cuba_DynamicAttributesCacheService, cuba_EntityRestoreService, cuba_LocalFileExchangeService, cuba_EntityImportExportService, cuba_ScreenProfilerService, cuba_ServerTokenStore, cuba_IdpService]
2017-01-06 15:15:36.108 INFO  [localhost-startStop-1] com.haulmont.chile.core.datatypes.Datatypes - Can't find /datatypes.xml, using default datatypes settings
2017-01-06 15:15:36.892 INFO  [localhost-startStop-1] com.haulmont.cuba.core.sys.CubaThreadPoolTaskScheduler - Initializing ExecutorService  'scheduler'
2017-01-06 15:15:37.166 INFO  [localhost-startStop-1] com.haulmont.cuba.core.sys.jmx.MBeanExporter - Registering beans for JMX exposure: [doors.cuba:type=ConfigStorage, doors.cuba:type=CachingFacade, doors.cuba:type=FileUploading, doors.cuba:type=JmxNodeIdentifier, doors.cuba:type=JmxLogControl, doors.cuba:type=ClassLoaderManager, doors.cuba:type=StatisticsCounter]
2017-01-06 15:15:37.239 INFO  [localhost-startStop-1] com.haulmont.cuba.web.sys.WebAppContextLoader - AppContext initialized
2017-01-06 15:15:37.289 INFO  [localhost-startStop-1] com.haulmont.cuba.web.sys.CubaDispatcherServlet - FrameworkServlet 'dispatcher': initialization started
2017-01-06 15:15:37.295 INFO  [localhost-startStop-1] com.haulmont.cuba.core.sys.CubaXmlWebApplicationContext - Refreshing WebApplicationContext for namespace 'dispatcher-servlet': startup date [Fri Jan 06 15:15:37 MSK 2017]; parent: com.haulmont.cuba.core.sys.CubaClassPathXmlApplicationContext@400b2d55
2017-01-06 15:15:38.625 INFO  [localhost-startStop-1] com.haulmont.cuba.web.sys.CubaDispatcherServlet - FrameworkServlet 'dispatcher': initialization completed in 1336 ms
2017-01-06 15:15:38.627 INFO  [localhost-startStop-1] com.haulmont.restapi.sys.CubaRestApiServlet - FrameworkServlet 'rest_api': initialization started
2017-01-06 15:15:38.628 INFO  [localhost-startStop-1] com.haulmont.cuba.core.sys.CubaXmlWebApplicationContext - Refreshing WebApplicationContext for namespace 'rest_api-servlet': startup date [Fri Jan 06 15:15:38 MSK 2017]; parent: com.haulmont.cuba.core.sys.CubaClassPathXmlApplicationContext@400b2d55
2017-01-06 15:15:39.897 INFO  [localhost-startStop-1] com.haulmont.restapi.sys.CubaRestApiServlet - FrameworkServlet 'rest_api': initialization completed in 1270 ms
2017-01-06 15:15:40.003 INFO  [localhost-startStop-1] com.haulmont.cuba.core.sys.AppComponents - Using app components: [com.haulmont.cuba]
2017-01-06 15:15:40.010 INFO  [localhost-startStop-1] com.haulmont.cuba.core.sys.AppContextLoader - Loading app properties from classpath:cuba-app.properties
2017-01-06 15:15:40.011 INFO  [localhost-startStop-1] com.haulmont.cuba.core.sys.AppContextLoader - Loading app properties from classpath:com/ekom/doors/app.properties
2017-01-06 15:15:40.019 INFO  [localhost-startStop-1] com.haulmont.cuba.core.sys.AppContextLoader - DbmsType of the main database is set to mssql2012
2017-01-06 15:15:40.116 INFO  [localhost-startStop-1] com.haulmont.cuba.core.sys.persistence.PersistenceConfigProcessor - Creating file /Users/home/studio-projects/Doors/build/tomcat/work/doors-core/persistence.xml
2017-01-06 15:15:40.131 INFO  [localhost-startStop-1] com.haulmont.cuba.core.sys.CubaCoreApplicationContext - Refreshing com.haulmont.cuba.core.sys.CubaCoreApplicationContext@360a33e7: startup date [Fri Jan 06 15:15:40 MSK 2017]; root of context hierarchy
2017-01-06 15:15:43.403 INFO  [localhost-startStop-1] com.haulmont.chile.core.datatypes.Datatypes - Can't find /datatypes.xml, using default datatypes settings
2017-01-06 15:15:45.695 INFO  [localhost-startStop-1] com.haulmont.cuba.core.sys.CubaThreadPoolTaskScheduler - Initializing ExecutorService  'scheduler'
2017-01-06 15:15:46.068 INFO  [localhost-startStop-1] com.haulmont.cuba.core.sys.jmx.MBeanExporter - Registering beans for JMX exposure: [doors-core.cuba:type=PersistenceManager, doors-core.cuba:type=ConfigStorage, doors-core.cuba:type=UserSessions, doors-core.cuba:type=UniqueNumbers, doors-core.cuba:type=Emailer, doors-core.cuba:type=EntityLog, doors-core.cuba:type=FileStorage, doors-core.cuba:type=LockManager, doors-core.cuba:type=CachingFacade, doors-core.cuba:type=ClusterManager, doors-core.cuba:type=ScriptingManager, doors-core.cuba:type=ServerInfo, doors-core.cuba:type=Scheduling, doors-core.cuba:type=ObjectsCacheManager, doors-core.cuba:type=PasswordEncryptionSupport, doors-core.cuba:type=JmxNodeIdentifier, doors-core.cuba:type=JmxLogControl, doors-core.cuba:type=ClassLoaderManager, doors-core.cuba:type=StatisticsCounter, doors-core.cuba:type=BruteForceProtection, doors-core.cuba:type=QueryCacheSupport, doors-core.cuba:type=IdpSessions]
2017-01-06 15:15:46.354 DEBUG [localhost-startStop-1] com.haulmont.cuba.security.app.LoginWorkerBean - Initialize anonymous session
2017-01-06 15:15:46.356 INFO  [localhost-startStop-1] com.haulmont.cuba.core.app.ConfigStorage - Loading DB-stored app properties cache
2017-01-06 15:15:46.859 INFO  [localhost-startStop-1] com.haulmont.cuba.core.sys.MetadataImpl - Initializing metadata
2017-01-06 15:15:46.986 INFO  [localhost-startStop-1] com.haulmont.cuba.core.sys.MetadataImpl - Metadata initialized in 127ms
2017-01-06 15:15:48.010 INFO  [localhost-startStop-1] com.haulmont.cuba.core.sys.DefaultPermissionValuesConfig - Initializing default permission values
2017-01-06 15:15:48.546 INFO  [localhost-startStop-1] com.haulmont.cuba.security.app.LoginWorkerBean - Logged in: b40d7bf4-3464-c143-5cec-b443b2c1cc94 [anonymous]
2017-01-06 15:15:48.546 DEBUG [localhost-startStop-1] com.haulmont.cuba.security.app.LoginWorkerBean - Anonymous session initialized with id b40d7bf4-3464-c143-5cec-b443b2c1cc94
2017-01-06 15:15:48.547 INFO  [localhost-startStop-1] com.haulmont.cuba.core.sys.AppContextLoader - AppContext initialized
2017-01-06 15:15:48.550 INFO  [localhost-startStop-1] com.haulmont.cuba.core.sys.remoting.RemotingServlet - FrameworkServlet 'remoting': initialization started
2017-01-06 15:15:48.551 INFO  [localhost-startStop-1] com.haulmont.cuba.core.sys.CubaDefaultXmlWebApplicationContext - Refreshing WebApplicationContext for namespace 'remoting-servlet': startup date [Fri Jan 06 15:15:48 MSK 2017]; parent: com.haulmont.cuba.core.sys.CubaCoreApplicationContext@360a33e7
2017-01-06 15:15:48.591 INFO  [localhost-startStop-1] com.haulmont.cuba.core.sys.remoting.RemoteServicesBeanCreator - Configuring remote services
2017-01-06 15:15:48.727 INFO  [localhost-startStop-1] com.haulmont.cuba.core.sys.remoting.RemotingServlet - FrameworkServlet 'remoting': initialization completed in 177 ms
2017-01-06 15:15:49.248 DEBUG [http-nio-8080-exec-34] com.haulmont.cuba.gui.theme.ThemeConstantsRepository - Loading theme constants
2017-01-06 15:15:49.256 DEBUG [http-nio-8080-exec-34] com.haulmont.cuba.web.App - Initializing application
2017-01-06 15:15:49.379 DEBUG [http-nio-8080-exec-34/doors/anonymous] com.haulmont.cuba.web.DefaultApp - connectionStateChanged connected: true, authenticated: false
2017-01-06 15:15:49.379 DEBUG [http-nio-8080-exec-34/doors/anonymous] com.haulmont.cuba.web.App - Closing all windows
2017-01-06 15:15:49.391 INFO  [http-nio-8080-exec-34/doors/anonymous] com.haulmont.cuba.core.sys.MetadataImpl - Initializing metadata
2017-01-06 15:15:49.568 INFO  [http-nio-8080-exec-34/doors/anonymous] com.haulmont.cuba.core.sys.MetadataImpl - Metadata initialized in 175ms
2017-01-06 15:15:49.843 DEBUG [http-nio-8080-exec-34/doors/anonymous] com.haulmont.cuba.web.AbstractConnection - Logged in: user=anonymous, ip=0:0:0:0:0:0:0:1, clientInfo=Web (localhost:8080/doors) Mozilla/5.0 (Macintosh; Intel Mac OS X 10_12_2) AppleWebKit/602.3.12 (KHTML, like Gecko) Version/10.0.2 Safari/602.3.12
2017-01-06 15:16:07.200 INFO  [http-nio-8080-exec-7/doors-core/anonymous] com.haulmont.cuba.security.app.LoginWorkerBean - Logged in: 3cedf1c3-d184-a1a2-914b-ae407baf3d55 [admin]
2017-01-06 15:16:07.217 DEBUG [http-nio-8080-exec-7/doors/admin] com.haulmont.cuba.web.DefaultApp - connectionStateChanged connected: true, authenticated: true
2017-01-06 15:16:07.217 DEBUG [http-nio-8080-exec-7/doors/admin] com.haulmont.cuba.web.App - Closing all windows
2017-01-06 15:16:07.219 DEBUG [http-nio-8080-exec-7/doors/admin] com.haulmont.cuba.web.DefaultApp - Session reinitialized: HttpSession=org.apache.catalina.session.StandardSessionFacade@1149ec0d, timeout=1800sec, UserSession=3cedf1c3-d184-a1a2-914b-ae407baf3d55 [admin]
2017-01-06 15:16:07.684 INFO  [http-nio-8080-exec-7/doors/admin] com.haulmont.cuba.client.sys.ViewRepositoryClientImpl - Initializing views
2017-01-06 15:16:07.686 DEBUG [http-nio-8080-exec-7/doors/admin] com.haulmont.cuba.client.sys.ViewRepositoryClientImpl - Deploying views config: cuba-views.xml
2017-01-06 15:16:07.692 DEBUG [http-nio-8080-exec-7/doors/admin] com.haulmont.cuba.client.sys.ViewRepositoryClientImpl - Deploying views config: com/ekom/doors/views.xml
2017-01-06 15:16:07.711 DEBUG [http-nio-8080-exec-7/doors-core/admin] com.haulmont.cuba.core.app.StoreFactory - No implementation is specified for _MAIN_ store, using RdbmsStore
2017-01-06 15:16:07.757 DEBUG [http-nio-8080-exec-7/doors-core/admin] com.haulmont.cuba.core.app.RdbmsStore - loadList: metaClass=sec$UserSubstitution, view=com.haulmont.cuba.security.entity.UserSubstitution/app, query=select us from sec$UserSubstitution us where us.user.id = :userId and (us.endDate is null or us.endDate >= :currentDate) and (us.startDate is null or us.startDate <= :currentDate) and (us.substitutedUser.active = true or us.substitutedUser.active is null) order by us.substitutedUser.name
2017-01-06 15:16:08.079 DEBUG [http-nio-8080-exec-7/doors-core/admin] com.haulmont.cuba.core.app.FoldersServiceBean - Loading AppFolders
2017-01-06 15:16:08.217 DEBUG [http-nio-8080-exec-7/doors-core/admin] com.haulmont.cuba.core.app.FoldersServiceBean - Loading SearchFolders
2017-01-06 15:16:08.556 DEBUG [http-nio-8080-exec-7/doors/admin] com.haulmont.cuba.web.AbstractConnection - Logged in: user=admin, ip=0:0:0:0:0:0:0:1, clientInfo=Web (localhost:8080/doors) Mozilla/5.0 (Macintosh; Intel Mac OS X 10_12_2) AppleWebKit/602.3.12 (KHTML, like Gecko) Version/10.0.2 Safari/602.3.12
2017-01-06 15:16:08.573 DEBUG [http-nio-8080-exec-7/doors-core/admin] com.haulmont.cuba.security.app.EntityLog - Loading entities
2017-01-06 15:16:08.684 DEBUG [http-nio-8080-exec-7/doors-core/admin] com.haulmont.cuba.security.app.EntityLog - Loaded: entitiesAuto=0, entitiesManual=0
2017-01-06 15:16:15.244 DEBUG [http-nio-8080-exec-18/doors-core/admin] com.haulmont.cuba.core.app.RdbmsStore - loadList: metaClass=sec$UserSubstitution, view=com.haulmont.cuba.security.entity.UserSubstitution/app, query=select us from sec$UserSubstitution us where us.user.id = :userId and (us.endDate is null or us.endDate >= :currentDate) and (us.startDate is null or us.startDate <= :currentDate) and (us.substitutedUser.active = true or us.substitutedUser.active is null) order by us.substitutedUser.name
2017-01-06 15:16:15.439 DEBUG [http-nio-8080-exec-18/doors-core/admin] com.haulmont.cuba.core.app.FoldersServiceBean - Loading AppFolders
2017-01-06 15:16:15.520 DEBUG [http-nio-8080-exec-18/doors-core/admin] com.haulmont.cuba.core.app.FoldersServiceBean - Loading SearchFolders
2017-01-06 15:16:17.855 DEBUG [http-nio-8080-exec-35/doors/admin] com.haulmont.cuba.web.App - Closing all windows
2017-01-06 15:16:17.855 DEBUG [http-nio-8080-exec-35/doors-core/admin] com.haulmont.cuba.security.app.UserSessions - Removed session: 3cedf1c3-d184-a1a2-914b-ae407baf3d55 [admin], since: Fri Jan 06 15:16:07 MSK 2017, lastUsed: Fri Jan 06 15:16:07 MSK 2017
2017-01-06 15:16:17.855 INFO  [http-nio-8080-exec-35/doors-core/admin] com.haulmont.cuba.security.app.LoginWorkerBean - Logged out: 3cedf1c3-d184-a1a2-914b-ae407baf3d55 [admin]
2017-01-06 15:16:17.863 DEBUG [http-nio-8080-exec-35] com.haulmont.cuba.web.DefaultApp - connectionStateChanged connected: false, authenticated: false
2017-01-06 15:16:17.863 DEBUG [http-nio-8080-exec-35] com.haulmont.cuba.web.App - Closing all windows
2017-01-06 15:16:17.869 DEBUG [http-nio-8080-exec-35/doors/anonymous] com.haulmont.cuba.web.DefaultApp - connectionStateChanged connected: true, authenticated: false
2017-01-06 15:16:17.869 DEBUG [http-nio-8080-exec-35/doors/anonymous] com.haulmont.cuba.web.App - Closing all windows
2017-01-06 15:16:18.105 DEBUG [http-nio-8080-exec-35/doors/anonymous] com.haulmont.cuba.web.AbstractConnection - Logged in: user=anonymous, ip=0:0:0:0:0:0:0:1, clientInfo=Web (localhost:8080/doors) Mozilla/5.0 (Macintosh; Intel Mac OS X 10_12_2) AppleWebKit/602.3.12 (KHTML, like Gecko) Version/10.0.2 Safari/602.3.12
2017-01-06 15:16:20.389 INFO  [http-nio-8080-exec-3/doors-core/anonymous] com.haulmont.cuba.security.app.LoginWorkerBean - Logged in: af85d965-df04-ecd6-91d8-2a88d9a33355 [admin]
2017-01-06 15:16:20.396 DEBUG [http-nio-8080-exec-3/doors/admin] com.haulmont.cuba.web.DefaultApp - connectionStateChanged connected: true, authenticated: true
2017-01-06 15:16:20.397 DEBUG [http-nio-8080-exec-3/doors/admin] com.haulmont.cuba.web.App - Closing all windows
2017-01-06 15:16:20.398 DEBUG [http-nio-8080-exec-3/doors/admin] com.haulmont.cuba.web.DefaultApp - Session reinitialized: HttpSession=org.apache.catalina.session.StandardSessionFacade@1f7f1367, timeout=1800sec, UserSession=af85d965-df04-ecd6-91d8-2a88d9a33355 [admin]
2017-01-06 15:16:20.720 DEBUG [http-nio-8080-exec-3/doors-core/admin] com.haulmont.cuba.core.app.RdbmsStore - loadList: metaClass=sec$UserSubstitution, view=com.haulmont.cuba.security.entity.UserSubstitution/app, query=select us from sec$UserSubstitution us where us.user.id = :userId and (us.endDate is null or us.endDate >= :currentDate) and (us.startDate is null or us.startDate <= :currentDate) and (us.substitutedUser.active = true or us.substitutedUser.active is null) order by us.substitutedUser.name
2017-01-06 15:16:20.901 DEBUG [http-nio-8080-exec-3/doors-core/admin] com.haulmont.cuba.core.app.FoldersServiceBean - Loading AppFolders
2017-01-06 15:16:20.979 DEBUG [http-nio-8080-exec-3/doors-core/admin] com.haulmont.cuba.core.app.FoldersServiceBean - Loading SearchFolders
2017-01-06 15:16:21.475 DEBUG [http-nio-8080-exec-3/doors-core/admin] com.haulmont.cuba.core.app.RdbmsStore - loadList: metaClass=sec$UserSubstitution, view=com.haulmont.cuba.security.entity.UserSubstitution/app, query=select us from sec$UserSubstitution us where us.user.id = :userId and (us.endDate is null or us.endDate >= :currentDate) and (us.startDate is null or us.startDate <= :currentDate) and (us.substitutedUser.active = true or us.substitutedUser.active is null) order by us.substitutedUser.name
2017-01-06 15:16:21.686 DEBUG [http-nio-8080-exec-3/doors-core/admin] com.haulmont.cuba.core.app.FoldersServiceBean - Loading AppFolders
2017-01-06 15:16:21.767 DEBUG [http-nio-8080-exec-3/doors-core/admin] com.haulmont.cuba.core.app.FoldersServiceBean - Loading SearchFolders
2017-01-06 15:16:21.907 DEBUG [http-nio-8080-exec-3/doors/admin] com.haulmont.cuba.web.AbstractConnection - Logged in: user=admin, ip=0:0:0:0:0:0:0:1, clientInfo=Web (localhost:8080/doors) Mozilla/5.0 (Macintosh; Intel Mac OS X 10_12_2) AppleWebKit/602.3.12 (KHTML, like Gecko) Version/10.0.2 Safari/602.3.12
2017-01-06 15:16:37.462 DEBUG [http-nio-8080-exec-28/doors-core/admin] com.haulmont.cuba.core.app.RdbmsStore - loadList: metaClass=sec$UserSubstitution, view=com.haulmont.cuba.security.entity.UserSubstitution/app, query=select us from sec$UserSubstitution us where us.user.id = :userId and (us.endDate is null or us.endDate >= :currentDate) and (us.startDate is null or us.startDate <= :currentDate) and (us.substitutedUser.active = true or us.substitutedUser.active is null) order by us.substitutedUser.name
2017-01-06 15:16:37.638 DEBUG [http-nio-8080-exec-28/doors-core/admin] com.haulmont.cuba.core.app.FoldersServiceBean - Loading AppFolders
2017-01-06 15:16:37.714 DEBUG [http-nio-8080-exec-28/doors-core/admin] com.haulmont.cuba.core.app.FoldersServiceBean - Loading SearchFolders
2017-01-06 15:16:40.007 DEBUG [http-nio-8080-exec-23/doors/admin] com.haulmont.cuba.web.App - Closing all windows
2017-01-06 15:16:40.007 DEBUG [http-nio-8080-exec-23/doors-core/admin] com.haulmont.cuba.security.app.UserSessions - Removed session: af85d965-df04-ecd6-91d8-2a88d9a33355 [admin], since: Fri Jan 06 15:16:20 MSK 2017, lastUsed: Fri Jan 06 15:16:37 MSK 2017
2017-01-06 15:16:40.007 INFO  [http-nio-8080-exec-23/doors-core/admin] com.haulmont.cuba.security.app.LoginWorkerBean - Logged out: af85d965-df04-ecd6-91d8-2a88d9a33355 [admin]
2017-01-06 15:16:40.014 DEBUG [http-nio-8080-exec-23] com.haulmont.cuba.web.DefaultApp - connectionStateChanged connected: false, authenticated: false
2017-01-06 15:16:40.014 DEBUG [http-nio-8080-exec-23] com.haulmont.cuba.web.App - Closing all windows
2017-01-06 15:16:40.019 DEBUG [http-nio-8080-exec-23/doors/anonymous] com.haulmont.cuba.web.DefaultApp - connectionStateChanged connected: true, authenticated: false
2017-01-06 15:16:40.019 DEBUG [http-nio-8080-exec-23/doors/anonymous] com.haulmont.cuba.web.App - Closing all windows
2017-01-06 15:16:40.354 DEBUG [http-nio-8080-exec-23/doors/anonymous] com.haulmont.cuba.web.AbstractConnection - Logged in: user=anonymous, ip=0:0:0:0:0:0:0:1, clientInfo=Web (localhost:8080/doors) Mozilla/5.0 (Macintosh; Intel Mac OS X 10_12_2) AppleWebKit/602.3.12 (KHTML, like Gecko) Version/10.0.2 Safari/602.3.12
2017-01-06 15:57:09.199 INFO  [localhost-startStop-2] com.haulmont.cuba.core.sys.CubaDefaultXmlWebApplicationContext - Closing WebApplicationContext for namespace 'remoting-servlet': startup date [Fri Jan 06 15:15:48 MSK 2017]; parent: com.haulmont.cuba.core.sys.CubaCoreApplicationContext@360a33e7
2017-01-06 15:57:09.365 INFO  [localhost-startStop-2] com.haulmont.cuba.core.sys.CubaCoreApplicationContext - Closing com.haulmont.cuba.core.sys.CubaCoreApplicationContext@360a33e7: startup date [Fri Jan 06 15:15:40 MSK 2017]; root of context hierarchy
2017-01-06 15:57:09.366 INFO  [localhost-startStop-2] com.haulmont.cuba.core.sys.CubaThreadPoolTaskScheduler - Shutting down ExecutorService 'scheduler'
