2016-12-23 10:29:09.393 INFO  [localhost-startStop-1] com.haulmont.cuba.core.sys.AppComponents - Using app components: [com.haulmont.cuba]
2016-12-23 10:29:09.436 INFO  [localhost-startStop-1] com.haulmont.cuba.web.sys.WebAppContextLoader - Loading app properties from classpath:cuba-web-app.properties
2016-12-23 10:29:09.438 INFO  [localhost-startStop-1] com.haulmont.cuba.web.sys.WebAppContextLoader - Loading app properties from classpath:com/ekom/doors/web-app.properties
2016-12-23 10:29:09.664 INFO  [localhost-startStop-1] com.haulmont.cuba.core.sys.CubaClassPathXmlApplicationContext - Refreshing com.haulmont.cuba.core.sys.CubaClassPathXmlApplicationContext@20fef3ea: startup date [Fri Dec 23 10:29:09 MSK 2016]; root of context hierarchy
2016-12-23 10:29:11.690 INFO  [localhost-startStop-1] com.haulmont.cuba.web.sys.remoting.WebRemoteProxyBeanCreator - Configuring proxy beans for local service invocations: [cuba_LoginService, cuba_ServerInfoService, cuba_UserSettingService, cuba_UserManagementService, cuba_DataService, cuba_ConfigStorageService, cuba_PersistenceManagerService, cuba_LockService, cuba_UserSessionService, cuba_FoldersService, cuba_EmailService, cuba_FileStorageService, cuba_EntitySnapshotService, cuba_UniqueNumbersService, cuba_LocalizedMessageService, cuba_ResourceService, cuba_ScheduledTasksService, cuba_EntityLogService, cuba_TestingService, cuba_ObjectsCacheManagerService, cuba_DomainDescriptionService, cuba_RelatedEntitiesService, cuba_EntitySqlGenerationService, cuba_NumberIdService, cuba_QueryResultsService, cuba_DynamicAttributesCacheService, cuba_EntityRestoreService, cuba_LocalFileExchangeService, cuba_EntityImportExportService, cuba_ScreenProfilerService, cuba_ServerTokenStore, cuba_IdpService]
2016-12-23 10:29:12.266 INFO  [localhost-startStop-1] com.haulmont.chile.core.datatypes.Datatypes - Can't find /datatypes.xml, using default datatypes settings
2016-12-23 10:29:13.174 INFO  [localhost-startStop-1] com.haulmont.cuba.core.sys.CubaThreadPoolTaskScheduler - Initializing ExecutorService  'scheduler'
2016-12-23 10:29:13.470 INFO  [localhost-startStop-1] com.haulmont.cuba.core.sys.jmx.MBeanExporter - Registering beans for JMX exposure: [doors.cuba:type=ConfigStorage, doors.cuba:type=CachingFacade, doors.cuba:type=FileUploading, doors.cuba:type=JmxNodeIdentifier, doors.cuba:type=JmxLogControl, doors.cuba:type=ClassLoaderManager, doors.cuba:type=StatisticsCounter]
2016-12-23 10:29:13.557 INFO  [localhost-startStop-1] com.haulmont.cuba.web.sys.WebAppContextLoader - AppContext initialized
2016-12-23 10:29:13.631 INFO  [localhost-startStop-1] com.haulmont.cuba.web.sys.CubaDispatcherServlet - FrameworkServlet 'dispatcher': initialization started
2016-12-23 10:29:13.637 INFO  [localhost-startStop-1] com.haulmont.cuba.core.sys.CubaXmlWebApplicationContext - Refreshing WebApplicationContext for namespace 'dispatcher-servlet': startup date [Fri Dec 23 10:29:13 MSK 2016]; parent: com.haulmont.cuba.core.sys.CubaClassPathXmlApplicationContext@20fef3ea
2016-12-23 10:29:14.915 INFO  [localhost-startStop-1] com.haulmont.cuba.web.sys.CubaDispatcherServlet - FrameworkServlet 'dispatcher': initialization completed in 1284 ms
2016-12-23 10:29:14.917 INFO  [localhost-startStop-1] com.haulmont.restapi.sys.CubaRestApiServlet - FrameworkServlet 'rest_api': initialization started
2016-12-23 10:29:14.918 INFO  [localhost-startStop-1] com.haulmont.cuba.core.sys.CubaXmlWebApplicationContext - Refreshing WebApplicationContext for namespace 'rest_api-servlet': startup date [Fri Dec 23 10:29:14 MSK 2016]; parent: com.haulmont.cuba.core.sys.CubaClassPathXmlApplicationContext@20fef3ea
2016-12-23 10:29:16.482 INFO  [localhost-startStop-1] com.haulmont.restapi.sys.CubaRestApiServlet - FrameworkServlet 'rest_api': initialization completed in 1564 ms
2016-12-23 10:29:16.664 INFO  [localhost-startStop-1] com.haulmont.cuba.core.sys.AppComponents - Using app components: [com.haulmont.cuba]
2016-12-23 10:29:16.677 INFO  [localhost-startStop-1] com.haulmont.cuba.core.sys.AppContextLoader - Loading app properties from classpath:cuba-app.properties
2016-12-23 10:29:16.683 INFO  [localhost-startStop-1] com.haulmont.cuba.core.sys.AppContextLoader - Loading app properties from classpath:com/ekom/doors/app.properties
2016-12-23 10:29:16.700 INFO  [localhost-startStop-1] com.haulmont.cuba.core.sys.AppContextLoader - DbmsType of the main database is set to mssql2012
2016-12-23 10:29:16.836 INFO  [localhost-startStop-1] com.haulmont.cuba.core.sys.persistence.PersistenceConfigProcessor - Creating file E:\Work\Cuba Projects\Doors\build\tomcat\work\doors-core\persistence.xml
2016-12-23 10:29:16.855 INFO  [localhost-startStop-1] com.haulmont.cuba.core.sys.CubaCoreApplicationContext - Refreshing com.haulmont.cuba.core.sys.CubaCoreApplicationContext@37a7a0c2: startup date [Fri Dec 23 10:29:16 MSK 2016]; root of context hierarchy
2016-12-23 10:29:20.855 INFO  [localhost-startStop-1] com.haulmont.chile.core.datatypes.Datatypes - Can't find /datatypes.xml, using default datatypes settings
2016-12-23 10:29:23.846 INFO  [localhost-startStop-1] com.haulmont.cuba.core.sys.CubaThreadPoolTaskScheduler - Initializing ExecutorService  'scheduler'
2016-12-23 10:29:24.197 INFO  [localhost-startStop-1] com.haulmont.cuba.core.sys.jmx.MBeanExporter - Registering beans for JMX exposure: [doors-core.cuba:type=PersistenceManager, doors-core.cuba:type=ConfigStorage, doors-core.cuba:type=UserSessions, doors-core.cuba:type=UniqueNumbers, doors-core.cuba:type=Emailer, doors-core.cuba:type=EntityLog, doors-core.cuba:type=FileStorage, doors-core.cuba:type=LockManager, doors-core.cuba:type=CachingFacade, doors-core.cuba:type=ClusterManager, doors-core.cuba:type=ScriptingManager, doors-core.cuba:type=ServerInfo, doors-core.cuba:type=Scheduling, doors-core.cuba:type=ObjectsCacheManager, doors-core.cuba:type=PasswordEncryptionSupport, doors-core.cuba:type=JmxNodeIdentifier, doors-core.cuba:type=JmxLogControl, doors-core.cuba:type=ClassLoaderManager, doors-core.cuba:type=StatisticsCounter, doors-core.cuba:type=BruteForceProtection, doors-core.cuba:type=QueryCacheSupport, doors-core.cuba:type=IdpSessions]
2016-12-23 10:29:24.451 DEBUG [localhost-startStop-1] com.haulmont.cuba.security.app.LoginWorkerBean - Initialize anonymous session
2016-12-23 10:29:24.454 INFO  [localhost-startStop-1] com.haulmont.cuba.core.app.ConfigStorage - Loading DB-stored app properties cache
2016-12-23 10:29:24.990 INFO  [localhost-startStop-1] com.haulmont.cuba.core.sys.MetadataImpl - Initializing metadata
2016-12-23 10:29:25.142 INFO  [localhost-startStop-1] com.haulmont.cuba.core.sys.MetadataImpl - Metadata initialized in 152ms
2016-12-23 10:29:26.214 INFO  [localhost-startStop-1] com.haulmont.cuba.core.sys.DefaultPermissionValuesConfig - Initializing default permission values
2016-12-23 10:29:26.763 INFO  [localhost-startStop-1] com.haulmont.cuba.security.app.LoginWorkerBean - Logged in: b40d7bf4-3464-c143-5cec-b443b2c1cc94 [anonymous]
2016-12-23 10:29:26.764 DEBUG [localhost-startStop-1] com.haulmont.cuba.security.app.LoginWorkerBean - Anonymous session initialized with id b40d7bf4-3464-c143-5cec-b443b2c1cc94
2016-12-23 10:29:26.764 INFO  [localhost-startStop-1] com.haulmont.cuba.core.sys.AppContextLoader - AppContext initialized
2016-12-23 10:29:26.771 INFO  [localhost-startStop-1] com.haulmont.cuba.core.sys.remoting.RemotingServlet - FrameworkServlet 'remoting': initialization started
2016-12-23 10:29:26.775 INFO  [localhost-startStop-1] com.haulmont.cuba.core.sys.CubaDefaultXmlWebApplicationContext - Refreshing WebApplicationContext for namespace 'remoting-servlet': startup date [Fri Dec 23 10:29:26 MSK 2016]; parent: com.haulmont.cuba.core.sys.CubaCoreApplicationContext@37a7a0c2
2016-12-23 10:29:26.858 INFO  [localhost-startStop-1] com.haulmont.cuba.core.sys.remoting.RemoteServicesBeanCreator - Configuring remote services
2016-12-23 10:29:27.053 INFO  [localhost-startStop-1] com.haulmont.cuba.core.sys.remoting.RemotingServlet - FrameworkServlet 'remoting': initialization completed in 282 ms
2016-12-23 10:29:27.810 DEBUG [http-nio-8080-exec-8] com.haulmont.cuba.gui.theme.ThemeConstantsRepository - Loading theme constants
2016-12-23 10:29:27.828 DEBUG [http-nio-8080-exec-8] com.haulmont.cuba.web.App - Initializing application
2016-12-23 10:29:27.997 DEBUG [http-nio-8080-exec-8/doors/anonymous] com.haulmont.cuba.web.DefaultApp - connectionStateChanged connected: true, authenticated: false
2016-12-23 10:29:27.997 DEBUG [http-nio-8080-exec-8/doors/anonymous] com.haulmont.cuba.web.App - Closing all windows
2016-12-23 10:29:28.023 INFO  [http-nio-8080-exec-8/doors/anonymous] com.haulmont.cuba.core.sys.MetadataImpl - Initializing metadata
2016-12-23 10:29:28.234 INFO  [http-nio-8080-exec-8/doors/anonymous] com.haulmont.cuba.core.sys.MetadataImpl - Metadata initialized in 211ms
2016-12-23 10:29:28.626 DEBUG [http-nio-8080-exec-8/doors/anonymous] com.haulmont.cuba.web.AbstractConnection - Logged in: user=anonymous, ip=0:0:0:0:0:0:0:1, clientInfo=Web (localhost:8080/doors) Mozilla/5.0 (Windows NT 10.0; Win64; x64) AppleWebKit/537.36 (KHTML, like Gecko) Chrome/55.0.2883.87 Safari/537.36
2016-12-23 10:29:30.733 INFO  [http-nio-8080-exec-20/doors-core/anonymous] com.haulmont.cuba.security.app.LoginWorkerBean - Logged in: 69e47bc9-5d91-b1aa-6eb2-876203fa919c [admin]
2016-12-23 10:29:30.752 DEBUG [http-nio-8080-exec-20/doors/admin] com.haulmont.cuba.web.DefaultApp - connectionStateChanged connected: true, authenticated: true
2016-12-23 10:29:30.753 DEBUG [http-nio-8080-exec-20/doors/admin] com.haulmont.cuba.web.App - Closing all windows
2016-12-23 10:29:30.756 DEBUG [http-nio-8080-exec-20/doors/admin] com.haulmont.cuba.web.DefaultApp - Session reinitialized: HttpSession=org.apache.catalina.session.StandardSessionFacade@20977447, timeout=1800sec, UserSession=69e47bc9-5d91-b1aa-6eb2-876203fa919c [admin]
2016-12-23 10:29:31.440 INFO  [http-nio-8080-exec-20/doors/admin] com.haulmont.cuba.client.sys.ViewRepositoryClientImpl - Initializing views
2016-12-23 10:29:31.444 DEBUG [http-nio-8080-exec-20/doors/admin] com.haulmont.cuba.client.sys.ViewRepositoryClientImpl - Deploying views config: cuba-views.xml
2016-12-23 10:29:31.453 DEBUG [http-nio-8080-exec-20/doors/admin] com.haulmont.cuba.client.sys.ViewRepositoryClientImpl - Deploying views config: com/ekom/doors/views.xml
2016-12-23 10:29:31.474 DEBUG [http-nio-8080-exec-20/doors-core/admin] com.haulmont.cuba.core.app.StoreFactory - No implementation is specified for _MAIN_ store, using RdbmsStore
2016-12-23 10:29:31.548 DEBUG [http-nio-8080-exec-20/doors-core/admin] com.haulmont.cuba.core.app.RdbmsStore - loadList: metaClass=sec$UserSubstitution, view=com.haulmont.cuba.security.entity.UserSubstitution/app, query=select us from sec$UserSubstitution us where us.user.id = :userId and (us.endDate is null or us.endDate >= :currentDate) and (us.startDate is null or us.startDate <= :currentDate) and (us.substitutedUser.active = true or us.substitutedUser.active is null) order by us.substitutedUser.name
2016-12-23 10:29:31.838 DEBUG [http-nio-8080-exec-20/doors-core/admin] com.haulmont.cuba.core.app.FoldersServiceBean - Loading AppFolders
2016-12-23 10:29:32.057 DEBUG [http-nio-8080-exec-20/doors-core/admin] com.haulmont.cuba.core.app.FoldersServiceBean - Loading SearchFolders
2016-12-23 10:29:32.482 DEBUG [http-nio-8080-exec-20/doors/admin] com.haulmont.cuba.web.AbstractConnection - Logged in: user=admin, ip=0:0:0:0:0:0:0:1, clientInfo=Web (localhost:8080/doors) Mozilla/5.0 (Windows NT 10.0; Win64; x64) AppleWebKit/537.36 (KHTML, like Gecko) Chrome/55.0.2883.87 Safari/537.36
2016-12-23 10:29:36.178 INFO  [http-nio-8080-exec-12/doors-core/admin] com.haulmont.cuba.core.app.PersistenceManager - Loading statistics cache
2016-12-23 10:29:36.341 INFO  [http-nio-8080-exec-12/doors-core/admin] com.haulmont.cuba.core.sys.ViewRepositoryImpl - Initializing views
2016-12-23 10:29:36.484 DEBUG [http-nio-8080-exec-12/doors-core/admin] com.haulmont.cuba.core.app.RdbmsStore - loadList: metaClass=sec$Filter, view=com.haulmont.cuba.security.entity.FilterEntity/app, query=select f from sec$Filter f left join f.user u where f.componentId = :component and (u.id = :userId or u is null) order by f.name
2016-12-23 10:29:37.180 DEBUG [http-nio-8080-exec-12/doors-core/admin] com.haulmont.cuba.core.app.RdbmsStore - loadList: metaClass=doors$Order, view=com.ekom.doors.entity.Order/orderWithCustomerAndDoor, query=select e from doors$Order e, max=50
2016-12-23 10:29:38.872 WARN  [http-nio-8080-exec-8/doors/admin] com.haulmont.cuba.gui.xml.layout.loaders.ScrollBoxLayoutLoader - 100% height of AbstractFrame id=windowActions inside vertical scrollBox replaced with -1px height
2016-12-23 10:29:38.987 DEBUG [http-nio-8080-exec-8/doors-core/admin] com.haulmont.cuba.core.app.RdbmsStore - loadList: metaClass=doors$Customer, view=com.ekom.doors.entity.Customer/_local, query=select e from doors$Customer e, max=10000
2016-12-23 10:29:39.151 DEBUG [http-nio-8080-exec-8/doors-core/admin] com.haulmont.cuba.core.app.RdbmsStore - loadList: metaClass=doors$Door, view=com.ekom.doors.entity.Door/_local, query=select e from doors$Door e, max=10000
2016-12-23 10:29:43.974 INFO  [ClientCacheManager-pool-1-thread-1] com.haulmont.cuba.security.app.LoginWorkerBean - Logged in: f2ea24b0-e30c-4d31-d210-303350ef47df [admin]
2016-12-23 10:31:08.782 INFO  [scheduler-3] com.haulmont.cuba.core.sys.TriggerFilesProcessor - Calling cuba_Messages.clearCache
2016-12-23 10:31:53.800 INFO  [scheduler-5] com.haulmont.cuba.core.sys.TriggerFilesProcessor - Calling cuba_Messages.clearCache
2016-12-23 10:33:18.826 INFO  [scheduler-2] com.haulmont.cuba.core.sys.TriggerFilesProcessor - Calling cuba_WindowConfig.reset
2016-12-23 10:44:56.163 INFO  [localhost-startStop-2] com.haulmont.cuba.core.sys.CubaDefaultXmlWebApplicationContext - Closing WebApplicationContext for namespace 'remoting-servlet': startup date [Fri Dec 23 10:29:26 MSK 2016]; parent: com.haulmont.cuba.core.sys.CubaCoreApplicationContext@37a7a0c2
2016-12-23 10:44:56.229 INFO  [localhost-startStop-2] com.haulmont.cuba.core.sys.CubaCoreApplicationContext - Closing com.haulmont.cuba.core.sys.CubaCoreApplicationContext@37a7a0c2: startup date [Fri Dec 23 10:29:16 MSK 2016]; root of context hierarchy
2016-12-23 10:44:56.231 INFO  [localhost-startStop-2] com.haulmont.cuba.core.sys.CubaThreadPoolTaskScheduler - Shutting down ExecutorService 'scheduler'
2016-12-23 10:50:30.900 INFO  [localhost-startStop-1] com.haulmont.cuba.core.sys.AppComponents - Using app components: [com.haulmont.cuba]
2016-12-23 10:50:30.927 INFO  [localhost-startStop-1] com.haulmont.cuba.web.sys.WebAppContextLoader - Loading app properties from classpath:cuba-web-app.properties
2016-12-23 10:50:30.929 INFO  [localhost-startStop-1] com.haulmont.cuba.web.sys.WebAppContextLoader - Loading app properties from classpath:com/ekom/doors/web-app.properties
2016-12-23 10:50:31.147 INFO  [localhost-startStop-1] com.haulmont.cuba.core.sys.CubaClassPathXmlApplicationContext - Refreshing com.haulmont.cuba.core.sys.CubaClassPathXmlApplicationContext@719014da: startup date [Fri Dec 23 10:50:31 MSK 2016]; root of context hierarchy
2016-12-23 10:50:33.086 INFO  [localhost-startStop-1] com.haulmont.cuba.web.sys.remoting.WebRemoteProxyBeanCreator - Configuring proxy beans for local service invocations: [cuba_LoginService, cuba_ServerInfoService, cuba_UserSettingService, cuba_UserManagementService, cuba_DataService, cuba_ConfigStorageService, cuba_PersistenceManagerService, cuba_LockService, cuba_UserSessionService, cuba_FoldersService, cuba_EmailService, cuba_FileStorageService, cuba_EntitySnapshotService, cuba_UniqueNumbersService, cuba_LocalizedMessageService, cuba_ResourceService, cuba_ScheduledTasksService, cuba_EntityLogService, cuba_TestingService, cuba_ObjectsCacheManagerService, cuba_DomainDescriptionService, cuba_RelatedEntitiesService, cuba_EntitySqlGenerationService, cuba_NumberIdService, cuba_QueryResultsService, cuba_DynamicAttributesCacheService, cuba_EntityRestoreService, cuba_LocalFileExchangeService, cuba_EntityImportExportService, cuba_ScreenProfilerService, cuba_ServerTokenStore, cuba_IdpService]
2016-12-23 10:50:33.614 INFO  [localhost-startStop-1] com.haulmont.chile.core.datatypes.Datatypes - Can't find /datatypes.xml, using default datatypes settings
2016-12-23 10:50:34.481 INFO  [localhost-startStop-1] com.haulmont.cuba.core.sys.CubaThreadPoolTaskScheduler - Initializing ExecutorService  'scheduler'
2016-12-23 10:50:34.761 INFO  [localhost-startStop-1] com.haulmont.cuba.core.sys.jmx.MBeanExporter - Registering beans for JMX exposure: [doors.cuba:type=ConfigStorage, doors.cuba:type=CachingFacade, doors.cuba:type=FileUploading, doors.cuba:type=JmxNodeIdentifier, doors.cuba:type=JmxLogControl, doors.cuba:type=ClassLoaderManager, doors.cuba:type=StatisticsCounter]
2016-12-23 10:50:34.832 INFO  [localhost-startStop-1] com.haulmont.cuba.web.sys.WebAppContextLoader - AppContext initialized
2016-12-23 10:50:34.868 INFO  [localhost-startStop-1] com.haulmont.cuba.web.sys.CubaDispatcherServlet - FrameworkServlet 'dispatcher': initialization started
2016-12-23 10:50:34.874 INFO  [localhost-startStop-1] com.haulmont.cuba.core.sys.CubaXmlWebApplicationContext - Refreshing WebApplicationContext for namespace 'dispatcher-servlet': startup date [Fri Dec 23 10:50:34 MSK 2016]; parent: com.haulmont.cuba.core.sys.CubaClassPathXmlApplicationContext@719014da
2016-12-23 10:50:36.122 INFO  [localhost-startStop-1] com.haulmont.cuba.web.sys.CubaDispatcherServlet - FrameworkServlet 'dispatcher': initialization completed in 1253 ms
2016-12-23 10:50:36.124 INFO  [localhost-startStop-1] com.haulmont.restapi.sys.CubaRestApiServlet - FrameworkServlet 'rest_api': initialization started
2016-12-23 10:50:36.125 INFO  [localhost-startStop-1] com.haulmont.cuba.core.sys.CubaXmlWebApplicationContext - Refreshing WebApplicationContext for namespace 'rest_api-servlet': startup date [Fri Dec 23 10:50:36 MSK 2016]; parent: com.haulmont.cuba.core.sys.CubaClassPathXmlApplicationContext@719014da
2016-12-23 10:50:37.599 INFO  [localhost-startStop-1] com.haulmont.restapi.sys.CubaRestApiServlet - FrameworkServlet 'rest_api': initialization completed in 1475 ms
2016-12-23 10:50:37.722 INFO  [localhost-startStop-1] com.haulmont.cuba.core.sys.AppComponents - Using app components: [com.haulmont.cuba]
2016-12-23 10:50:37.737 INFO  [localhost-startStop-1] com.haulmont.cuba.core.sys.AppContextLoader - Loading app properties from classpath:cuba-app.properties
2016-12-23 10:50:37.738 INFO  [localhost-startStop-1] com.haulmont.cuba.core.sys.AppContextLoader - Loading app properties from classpath:com/ekom/doors/app.properties
2016-12-23 10:50:37.753 INFO  [localhost-startStop-1] com.haulmont.cuba.core.sys.AppContextLoader - DbmsType of the main database is set to mssql2012
2016-12-23 10:50:37.864 INFO  [localhost-startStop-1] com.haulmont.cuba.core.sys.persistence.PersistenceConfigProcessor - Creating file E:\Work\Cuba Projects\Doors\build\tomcat\work\doors-core\persistence.xml
2016-12-23 10:50:37.879 INFO  [localhost-startStop-1] com.haulmont.cuba.core.sys.CubaCoreApplicationContext - Refreshing com.haulmont.cuba.core.sys.CubaCoreApplicationContext@36ea4b48: startup date [Fri Dec 23 10:50:37 MSK 2016]; root of context hierarchy
2016-12-23 10:50:40.912 INFO  [localhost-startStop-1] com.haulmont.chile.core.datatypes.Datatypes - Can't find /datatypes.xml, using default datatypes settings
2016-12-23 10:50:43.652 INFO  [localhost-startStop-1] com.haulmont.cuba.core.sys.CubaThreadPoolTaskScheduler - Initializing ExecutorService  'scheduler'
2016-12-23 10:50:43.806 INFO  [localhost-startStop-1] com.haulmont.cuba.core.sys.jmx.MBeanExporter - Registering beans for JMX exposure: [doors-core.cuba:type=PersistenceManager, doors-core.cuba:type=ConfigStorage, doors-core.cuba:type=UserSessions, doors-core.cuba:type=UniqueNumbers, doors-core.cuba:type=Emailer, doors-core.cuba:type=EntityLog, doors-core.cuba:type=FileStorage, doors-core.cuba:type=LockManager, doors-core.cuba:type=CachingFacade, doors-core.cuba:type=ClusterManager, doors-core.cuba:type=ScriptingManager, doors-core.cuba:type=ServerInfo, doors-core.cuba:type=Scheduling, doors-core.cuba:type=ObjectsCacheManager, doors-core.cuba:type=PasswordEncryptionSupport, doors-core.cuba:type=JmxNodeIdentifier, doors-core.cuba:type=JmxLogControl, doors-core.cuba:type=ClassLoaderManager, doors-core.cuba:type=StatisticsCounter, doors-core.cuba:type=BruteForceProtection, doors-core.cuba:type=QueryCacheSupport, doors-core.cuba:type=IdpSessions]
2016-12-23 10:50:44.067 DEBUG [localhost-startStop-1] com.haulmont.cuba.security.app.LoginWorkerBean - Initialize anonymous session
2016-12-23 10:50:44.070 INFO  [localhost-startStop-1] com.haulmont.cuba.core.app.ConfigStorage - Loading DB-stored app properties cache
2016-12-23 10:50:44.550 INFO  [localhost-startStop-1] com.haulmont.cuba.core.sys.MetadataImpl - Initializing metadata
2016-12-23 10:50:44.680 INFO  [localhost-startStop-1] com.haulmont.cuba.core.sys.MetadataImpl - Metadata initialized in 129ms
2016-12-23 10:50:45.584 INFO  [localhost-startStop-1] com.haulmont.cuba.core.sys.DefaultPermissionValuesConfig - Initializing default permission values
2016-12-23 10:50:46.132 INFO  [localhost-startStop-1] com.haulmont.cuba.security.app.LoginWorkerBean - Logged in: b40d7bf4-3464-c143-5cec-b443b2c1cc94 [anonymous]
2016-12-23 10:50:46.132 DEBUG [localhost-startStop-1] com.haulmont.cuba.security.app.LoginWorkerBean - Anonymous session initialized with id b40d7bf4-3464-c143-5cec-b443b2c1cc94
2016-12-23 10:50:46.132 INFO  [localhost-startStop-1] com.haulmont.cuba.core.sys.AppContextLoader - AppContext initialized
2016-12-23 10:50:46.136 INFO  [localhost-startStop-1] com.haulmont.cuba.core.sys.remoting.RemotingServlet - FrameworkServlet 'remoting': initialization started
2016-12-23 10:50:46.138 INFO  [localhost-startStop-1] com.haulmont.cuba.core.sys.CubaDefaultXmlWebApplicationContext - Refreshing WebApplicationContext for namespace 'remoting-servlet': startup date [Fri Dec 23 10:50:46 MSK 2016]; parent: com.haulmont.cuba.core.sys.CubaCoreApplicationContext@36ea4b48
2016-12-23 10:50:46.167 INFO  [localhost-startStop-1] com.haulmont.cuba.core.sys.remoting.RemoteServicesBeanCreator - Configuring remote services
2016-12-23 10:50:46.320 INFO  [localhost-startStop-1] com.haulmont.cuba.core.sys.remoting.RemotingServlet - FrameworkServlet 'remoting': initialization completed in 184 ms
2016-12-23 10:52:36.980 DEBUG [http-nio-8080-exec-16] com.haulmont.cuba.gui.theme.ThemeConstantsRepository - Loading theme constants
2016-12-23 10:52:36.987 DEBUG [http-nio-8080-exec-16] com.haulmont.cuba.web.App - Initializing application
2016-12-23 10:52:37.126 DEBUG [http-nio-8080-exec-16/doors/anonymous] com.haulmont.cuba.web.DefaultApp - connectionStateChanged connected: true, authenticated: false
2016-12-23 10:52:37.126 DEBUG [http-nio-8080-exec-16/doors/anonymous] com.haulmont.cuba.web.App - Closing all windows
2016-12-23 10:52:37.140 INFO  [http-nio-8080-exec-16/doors/anonymous] com.haulmont.cuba.core.sys.MetadataImpl - Initializing metadata
2016-12-23 10:52:37.380 INFO  [http-nio-8080-exec-16/doors/anonymous] com.haulmont.cuba.core.sys.MetadataImpl - Metadata initialized in 240ms
2016-12-23 10:52:37.699 DEBUG [http-nio-8080-exec-16/doors/anonymous] com.haulmont.cuba.web.AbstractConnection - Logged in: user=anonymous, ip=0:0:0:0:0:0:0:1, clientInfo=Web (localhost:8080/doors) Mozilla/5.0 (Windows NT 10.0; Win64; x64) AppleWebKit/537.36 (KHTML, like Gecko) Chrome/55.0.2883.87 Safari/537.36
2016-12-23 10:52:39.708 INFO  [http-nio-8080-exec-4/doors-core/anonymous] com.haulmont.cuba.security.app.LoginWorkerBean - Logged in: caf0f279-172e-c519-4d13-97bbebf2a499 [admin]
2016-12-23 10:52:39.734 DEBUG [http-nio-8080-exec-4/doors/admin] com.haulmont.cuba.web.DefaultApp - connectionStateChanged connected: true, authenticated: true
2016-12-23 10:52:39.735 DEBUG [http-nio-8080-exec-4/doors/admin] com.haulmont.cuba.web.App - Closing all windows
2016-12-23 10:52:39.738 DEBUG [http-nio-8080-exec-4/doors/admin] com.haulmont.cuba.web.DefaultApp - Session reinitialized: HttpSession=org.apache.catalina.session.StandardSessionFacade@f9bc12, timeout=1800sec, UserSession=caf0f279-172e-c519-4d13-97bbebf2a499 [admin]
2016-12-23 10:52:40.205 INFO  [http-nio-8080-exec-4/doors/admin] com.haulmont.cuba.client.sys.ViewRepositoryClientImpl - Initializing views
2016-12-23 10:52:40.208 DEBUG [http-nio-8080-exec-4/doors/admin] com.haulmont.cuba.client.sys.ViewRepositoryClientImpl - Deploying views config: cuba-views.xml
2016-12-23 10:52:40.213 DEBUG [http-nio-8080-exec-4/doors/admin] com.haulmont.cuba.client.sys.ViewRepositoryClientImpl - Deploying views config: com/ekom/doors/views.xml
2016-12-23 10:52:40.230 DEBUG [http-nio-8080-exec-4/doors-core/admin] com.haulmont.cuba.core.app.StoreFactory - No implementation is specified for _MAIN_ store, using RdbmsStore
2016-12-23 10:52:40.286 DEBUG [http-nio-8080-exec-4/doors-core/admin] com.haulmont.cuba.core.app.RdbmsStore - loadList: metaClass=sec$UserSubstitution, view=com.haulmont.cuba.security.entity.UserSubstitution/app, query=select us from sec$UserSubstitution us where us.user.id = :userId and (us.endDate is null or us.endDate >= :currentDate) and (us.startDate is null or us.startDate <= :currentDate) and (us.substitutedUser.active = true or us.substitutedUser.active is null) order by us.substitutedUser.name
2016-12-23 10:52:40.568 DEBUG [http-nio-8080-exec-4/doors-core/admin] com.haulmont.cuba.core.app.FoldersServiceBean - Loading AppFolders
2016-12-23 10:52:40.711 DEBUG [http-nio-8080-exec-4/doors-core/admin] com.haulmont.cuba.core.app.FoldersServiceBean - Loading SearchFolders
2016-12-23 10:52:41.031 DEBUG [http-nio-8080-exec-4/doors/admin] com.haulmont.cuba.web.AbstractConnection - Logged in: user=admin, ip=0:0:0:0:0:0:0:1, clientInfo=Web (localhost:8080/doors) Mozilla/5.0 (Windows NT 10.0; Win64; x64) AppleWebKit/537.36 (KHTML, like Gecko) Chrome/55.0.2883.87 Safari/537.36
2016-12-23 10:52:43.705 INFO  [http-nio-8080-exec-2/doors-core/admin] com.haulmont.cuba.core.app.PersistenceManager - Loading statistics cache
2016-12-23 10:52:43.875 INFO  [http-nio-8080-exec-2/doors-core/admin] com.haulmont.cuba.core.sys.ViewRepositoryImpl - Initializing views
2016-12-23 10:52:44.050 DEBUG [http-nio-8080-exec-2/doors-core/admin] com.haulmont.cuba.core.app.RdbmsStore - loadList: metaClass=sec$Filter, view=com.haulmont.cuba.security.entity.FilterEntity/app, query=select f from sec$Filter f left join f.user u where f.componentId = :component and (u.id = :userId or u is null) order by f.name
2016-12-23 10:52:44.688 DEBUG [http-nio-8080-exec-2/doors-core/admin] com.haulmont.cuba.core.app.RdbmsStore - loadList: metaClass=doors$Order, view=com.ekom.doors.entity.Order/orderWithCustomerAndDoor, query=select e from doors$Order e, max=50
2016-12-23 10:52:46.740 WARN  [http-nio-8080-exec-12/doors/admin] com.haulmont.cuba.gui.xml.layout.loaders.ScrollBoxLayoutLoader - 100% height of AbstractFrame id=windowActions inside vertical scrollBox replaced with -1px height
2016-12-23 10:52:46.866 DEBUG [http-nio-8080-exec-12/doors-core/admin] com.haulmont.cuba.core.app.RdbmsStore - loadList: metaClass=doors$Customer, view=com.ekom.doors.entity.Customer/_local, query=select e from doors$Customer e, max=10000
2016-12-23 10:52:47.058 DEBUG [http-nio-8080-exec-12/doors-core/admin] com.haulmont.cuba.core.app.RdbmsStore - loadList: metaClass=doors$Door, view=com.ekom.doors.entity.Door/_local, query=select e from doors$Door e, max=10000
2016-12-23 10:52:55.295 INFO  [ClientCacheManager-pool-1-thread-1] com.haulmont.cuba.security.app.LoginWorkerBean - Logged in: 9856851b-8dbe-a9e5-2c2e-ed7bc1ca9fd5 [admin]
2016-12-23 10:56:45.184 INFO  [scheduler-2] com.haulmont.cuba.core.sys.TriggerFilesProcessor - Calling cuba_Messages.clearCache
2016-12-23 11:00:05.244 INFO  [scheduler-2] com.haulmont.cuba.core.sys.TriggerFilesProcessor - Calling cuba_WindowConfig.reset
2016-12-23 11:01:40.276 INFO  [scheduler-3] com.haulmont.cuba.core.sys.TriggerFilesProcessor - Calling cuba_WindowConfig.reset
2016-12-23 11:01:44.865 INFO  [localhost-startStop-2] com.haulmont.cuba.core.sys.CubaDefaultXmlWebApplicationContext - Closing WebApplicationContext for namespace 'remoting-servlet': startup date [Fri Dec 23 10:50:46 MSK 2016]; parent: com.haulmont.cuba.core.sys.CubaCoreApplicationContext@36ea4b48
2016-12-23 11:01:45.029 INFO  [localhost-startStop-2] com.haulmont.cuba.core.sys.CubaCoreApplicationContext - Closing com.haulmont.cuba.core.sys.CubaCoreApplicationContext@36ea4b48: startup date [Fri Dec 23 10:50:37 MSK 2016]; root of context hierarchy
2016-12-23 11:01:45.031 INFO  [localhost-startStop-2] com.haulmont.cuba.core.sys.CubaThreadPoolTaskScheduler - Shutting down ExecutorService 'scheduler'
2016-12-23 11:02:00.438 INFO  [localhost-startStop-1] com.haulmont.cuba.core.sys.AppComponents - Using app components: [com.haulmont.cuba]
2016-12-23 11:02:00.469 INFO  [localhost-startStop-1] com.haulmont.cuba.web.sys.WebAppContextLoader - Loading app properties from classpath:cuba-web-app.properties
2016-12-23 11:02:00.471 INFO  [localhost-startStop-1] com.haulmont.cuba.web.sys.WebAppContextLoader - Loading app properties from classpath:com/ekom/doors/web-app.properties
2016-12-23 11:02:00.676 INFO  [localhost-startStop-1] com.haulmont.cuba.core.sys.CubaClassPathXmlApplicationContext - Refreshing com.haulmont.cuba.core.sys.CubaClassPathXmlApplicationContext@15b56394: startup date [Fri Dec 23 11:02:00 MSK 2016]; root of context hierarchy
2016-12-23 11:02:02.539 INFO  [localhost-startStop-1] com.haulmont.cuba.web.sys.remoting.WebRemoteProxyBeanCreator - Configuring proxy beans for local service invocations: [cuba_LoginService, cuba_ServerInfoService, cuba_UserSettingService, cuba_UserManagementService, cuba_DataService, cuba_ConfigStorageService, cuba_PersistenceManagerService, cuba_LockService, cuba_UserSessionService, cuba_FoldersService, cuba_EmailService, cuba_FileStorageService, cuba_EntitySnapshotService, cuba_UniqueNumbersService, cuba_LocalizedMessageService, cuba_ResourceService, cuba_ScheduledTasksService, cuba_EntityLogService, cuba_TestingService, cuba_ObjectsCacheManagerService, cuba_DomainDescriptionService, cuba_RelatedEntitiesService, cuba_EntitySqlGenerationService, cuba_NumberIdService, cuba_QueryResultsService, cuba_DynamicAttributesCacheService, cuba_EntityRestoreService, cuba_LocalFileExchangeService, cuba_EntityImportExportService, cuba_ScreenProfilerService, cuba_ServerTokenStore, cuba_IdpService]
2016-12-23 11:02:03.086 INFO  [localhost-startStop-1] com.haulmont.chile.core.datatypes.Datatypes - Can't find /datatypes.xml, using default datatypes settings
2016-12-23 11:02:04.001 INFO  [localhost-startStop-1] com.haulmont.cuba.core.sys.CubaThreadPoolTaskScheduler - Initializing ExecutorService  'scheduler'
2016-12-23 11:02:04.274 INFO  [localhost-startStop-1] com.haulmont.cuba.core.sys.jmx.MBeanExporter - Registering beans for JMX exposure: [doors.cuba:type=ConfigStorage, doors.cuba:type=CachingFacade, doors.cuba:type=FileUploading, doors.cuba:type=JmxNodeIdentifier, doors.cuba:type=JmxLogControl, doors.cuba:type=ClassLoaderManager, doors.cuba:type=StatisticsCounter]
2016-12-23 11:02:04.343 INFO  [localhost-startStop-1] com.haulmont.cuba.web.sys.WebAppContextLoader - AppContext initialized
2016-12-23 11:02:04.380 INFO  [localhost-startStop-1] com.haulmont.cuba.web.sys.CubaDispatcherServlet - FrameworkServlet 'dispatcher': initialization started
2016-12-23 11:02:04.386 INFO  [localhost-startStop-1] com.haulmont.cuba.core.sys.CubaXmlWebApplicationContext - Refreshing WebApplicationContext for namespace 'dispatcher-servlet': startup date [Fri Dec 23 11:02:04 MSK 2016]; parent: com.haulmont.cuba.core.sys.CubaClassPathXmlApplicationContext@15b56394
2016-12-23 11:02:05.658 INFO  [localhost-startStop-1] com.haulmont.cuba.web.sys.CubaDispatcherServlet - FrameworkServlet 'dispatcher': initialization completed in 1278 ms
2016-12-23 11:02:05.661 INFO  [localhost-startStop-1] com.haulmont.restapi.sys.CubaRestApiServlet - FrameworkServlet 'rest_api': initialization started
2016-12-23 11:02:05.662 INFO  [localhost-startStop-1] com.haulmont.cuba.core.sys.CubaXmlWebApplicationContext - Refreshing WebApplicationContext for namespace 'rest_api-servlet': startup date [Fri Dec 23 11:02:05 MSK 2016]; parent: com.haulmont.cuba.core.sys.CubaClassPathXmlApplicationContext@15b56394
2016-12-23 11:02:07.180 INFO  [localhost-startStop-1] com.haulmont.restapi.sys.CubaRestApiServlet - FrameworkServlet 'rest_api': initialization completed in 1519 ms
2016-12-23 11:02:07.297 INFO  [localhost-startStop-1] com.haulmont.cuba.core.sys.AppComponents - Using app components: [com.haulmont.cuba]
2016-12-23 11:02:07.309 INFO  [localhost-startStop-1] com.haulmont.cuba.core.sys.AppContextLoader - Loading app properties from classpath:cuba-app.properties
2016-12-23 11:02:07.310 INFO  [localhost-startStop-1] com.haulmont.cuba.core.sys.AppContextLoader - Loading app properties from classpath:com/ekom/doors/app.properties
2016-12-23 11:02:07.321 INFO  [localhost-startStop-1] com.haulmont.cuba.core.sys.AppContextLoader - DbmsType of the main database is set to mssql2012
2016-12-23 11:02:07.421 INFO  [localhost-startStop-1] com.haulmont.cuba.core.sys.persistence.PersistenceConfigProcessor - Creating file E:\Work\Cuba Projects\Doors\build\tomcat\work\doors-core\persistence.xml
2016-12-23 11:02:07.438 INFO  [localhost-startStop-1] com.haulmont.cuba.core.sys.CubaCoreApplicationContext - Refreshing com.haulmont.cuba.core.sys.CubaCoreApplicationContext@7b700429: startup date [Fri Dec 23 11:02:07 MSK 2016]; root of context hierarchy
2016-12-23 11:02:10.591 INFO  [localhost-startStop-1] com.haulmont.chile.core.datatypes.Datatypes - Can't find /datatypes.xml, using default datatypes settings
2016-12-23 11:02:13.376 INFO  [localhost-startStop-1] com.haulmont.cuba.core.sys.CubaThreadPoolTaskScheduler - Initializing ExecutorService  'scheduler'
2016-12-23 11:02:13.705 INFO  [localhost-startStop-1] com.haulmont.cuba.core.sys.jmx.MBeanExporter - Registering beans for JMX exposure: [doors-core.cuba:type=PersistenceManager, doors-core.cuba:type=ConfigStorage, doors-core.cuba:type=UserSessions, doors-core.cuba:type=UniqueNumbers, doors-core.cuba:type=Emailer, doors-core.cuba:type=EntityLog, doors-core.cuba:type=FileStorage, doors-core.cuba:type=LockManager, doors-core.cuba:type=CachingFacade, doors-core.cuba:type=ClusterManager, doors-core.cuba:type=ScriptingManager, doors-core.cuba:type=ServerInfo, doors-core.cuba:type=Scheduling, doors-core.cuba:type=ObjectsCacheManager, doors-core.cuba:type=PasswordEncryptionSupport, doors-core.cuba:type=JmxNodeIdentifier, doors-core.cuba:type=JmxLogControl, doors-core.cuba:type=ClassLoaderManager, doors-core.cuba:type=StatisticsCounter, doors-core.cuba:type=BruteForceProtection, doors-core.cuba:type=QueryCacheSupport, doors-core.cuba:type=IdpSessions]
2016-12-23 11:02:13.956 DEBUG [localhost-startStop-1] com.haulmont.cuba.security.app.LoginWorkerBean - Initialize anonymous session
2016-12-23 11:02:13.960 INFO  [localhost-startStop-1] com.haulmont.cuba.core.app.ConfigStorage - Loading DB-stored app properties cache
2016-12-23 11:02:14.491 INFO  [localhost-startStop-1] com.haulmont.cuba.core.sys.MetadataImpl - Initializing metadata
2016-12-23 11:02:14.617 INFO  [localhost-startStop-1] com.haulmont.cuba.core.sys.MetadataImpl - Metadata initialized in 126ms
2016-12-23 11:02:15.529 INFO  [localhost-startStop-1] com.haulmont.cuba.core.sys.DefaultPermissionValuesConfig - Initializing default permission values
2016-12-23 11:02:16.101 INFO  [localhost-startStop-1] com.haulmont.cuba.security.app.LoginWorkerBean - Logged in: b40d7bf4-3464-c143-5cec-b443b2c1cc94 [anonymous]
2016-12-23 11:02:16.102 DEBUG [localhost-startStop-1] com.haulmont.cuba.security.app.LoginWorkerBean - Anonymous session initialized with id b40d7bf4-3464-c143-5cec-b443b2c1cc94
2016-12-23 11:02:16.102 INFO  [localhost-startStop-1] com.haulmont.cuba.core.sys.AppContextLoader - AppContext initialized
2016-12-23 11:02:16.106 INFO  [localhost-startStop-1] com.haulmont.cuba.core.sys.remoting.RemotingServlet - FrameworkServlet 'remoting': initialization started
2016-12-23 11:02:16.108 INFO  [localhost-startStop-1] com.haulmont.cuba.core.sys.CubaDefaultXmlWebApplicationContext - Refreshing WebApplicationContext for namespace 'remoting-servlet': startup date [Fri Dec 23 11:02:16 MSK 2016]; parent: com.haulmont.cuba.core.sys.CubaCoreApplicationContext@7b700429
2016-12-23 11:02:16.134 INFO  [localhost-startStop-1] com.haulmont.cuba.core.sys.remoting.RemoteServicesBeanCreator - Configuring remote services
2016-12-23 11:02:16.292 INFO  [localhost-startStop-1] com.haulmont.cuba.core.sys.remoting.RemotingServlet - FrameworkServlet 'remoting': initialization completed in 186 ms
2016-12-23 11:02:20.147 DEBUG [http-nio-8080-exec-17] com.haulmont.cuba.gui.theme.ThemeConstantsRepository - Loading theme constants
2016-12-23 11:02:20.157 DEBUG [http-nio-8080-exec-17] com.haulmont.cuba.web.App - Initializing application
2016-12-23 11:02:20.281 DEBUG [http-nio-8080-exec-17/doors/anonymous] com.haulmont.cuba.web.DefaultApp - connectionStateChanged connected: true, authenticated: false
2016-12-23 11:02:20.282 DEBUG [http-nio-8080-exec-17/doors/anonymous] com.haulmont.cuba.web.App - Closing all windows
2016-12-23 11:02:20.293 INFO  [http-nio-8080-exec-17/doors/anonymous] com.haulmont.cuba.core.sys.MetadataImpl - Initializing metadata
2016-12-23 11:02:20.534 INFO  [http-nio-8080-exec-17/doors/anonymous] com.haulmont.cuba.core.sys.MetadataImpl - Metadata initialized in 241ms
2016-12-23 11:02:20.938 DEBUG [http-nio-8080-exec-17/doors/anonymous] com.haulmont.cuba.web.AbstractConnection - Logged in: user=anonymous, ip=0:0:0:0:0:0:0:1, clientInfo=Web (localhost:8080/doors) Mozilla/5.0 (Windows NT 10.0; Win64; x64) AppleWebKit/537.36 (KHTML, like Gecko) Chrome/55.0.2883.87 Safari/537.36
2016-12-23 11:02:23.213 INFO  [http-nio-8080-exec-6/doors-core/anonymous] com.haulmont.cuba.security.app.LoginWorkerBean - Logged in: 1d68e43f-d005-a904-e5fb-2c1fe42af503 [admin]
2016-12-23 11:02:23.242 DEBUG [http-nio-8080-exec-6/doors/admin] com.haulmont.cuba.web.DefaultApp - connectionStateChanged connected: true, authenticated: true
2016-12-23 11:02:23.243 DEBUG [http-nio-8080-exec-6/doors/admin] com.haulmont.cuba.web.App - Closing all windows
2016-12-23 11:02:23.245 DEBUG [http-nio-8080-exec-6/doors/admin] com.haulmont.cuba.web.DefaultApp - Session reinitialized: HttpSession=org.apache.catalina.session.StandardSessionFacade@1074e9c6, timeout=1800sec, UserSession=1d68e43f-d005-a904-e5fb-2c1fe42af503 [admin]
2016-12-23 11:02:23.732 INFO  [http-nio-8080-exec-6/doors/admin] com.haulmont.cuba.client.sys.ViewRepositoryClientImpl - Initializing views
2016-12-23 11:02:23.734 DEBUG [http-nio-8080-exec-6/doors/admin] com.haulmont.cuba.client.sys.ViewRepositoryClientImpl - Deploying views config: cuba-views.xml
2016-12-23 11:02:23.739 DEBUG [http-nio-8080-exec-6/doors/admin] com.haulmont.cuba.client.sys.ViewRepositoryClientImpl - Deploying views config: com/ekom/doors/views.xml
2016-12-23 11:02:23.754 DEBUG [http-nio-8080-exec-6/doors-core/admin] com.haulmont.cuba.core.app.StoreFactory - No implementation is specified for _MAIN_ store, using RdbmsStore
2016-12-23 11:02:23.831 DEBUG [http-nio-8080-exec-6/doors-core/admin] com.haulmont.cuba.core.app.RdbmsStore - loadList: metaClass=sec$UserSubstitution, view=com.haulmont.cuba.security.entity.UserSubstitution/app, query=select us from sec$UserSubstitution us where us.user.id = :userId and (us.endDate is null or us.endDate >= :currentDate) and (us.startDate is null or us.startDate <= :currentDate) and (us.substitutedUser.active = true or us.substitutedUser.active is null) order by us.substitutedUser.name
2016-12-23 11:02:24.133 DEBUG [http-nio-8080-exec-6/doors-core/admin] com.haulmont.cuba.core.app.FoldersServiceBean - Loading AppFolders
2016-12-23 11:02:24.278 DEBUG [http-nio-8080-exec-6/doors-core/admin] com.haulmont.cuba.core.app.FoldersServiceBean - Loading SearchFolders
2016-12-23 11:02:24.587 DEBUG [http-nio-8080-exec-6/doors/admin] com.haulmont.cuba.web.AbstractConnection - Logged in: user=admin, ip=0:0:0:0:0:0:0:1, clientInfo=Web (localhost:8080/doors) Mozilla/5.0 (Windows NT 10.0; Win64; x64) AppleWebKit/537.36 (KHTML, like Gecko) Chrome/55.0.2883.87 Safari/537.36
2016-12-23 11:02:29.490 INFO  [http-nio-8080-exec-8/doors-core/admin] com.haulmont.cuba.core.app.PersistenceManager - Loading statistics cache
2016-12-23 11:02:29.643 INFO  [http-nio-8080-exec-8/doors-core/admin] com.haulmont.cuba.core.sys.ViewRepositoryImpl - Initializing views
2016-12-23 11:02:29.804 DEBUG [http-nio-8080-exec-8/doors-core/admin] com.haulmont.cuba.core.app.RdbmsStore - loadList: metaClass=sec$Filter, view=com.haulmont.cuba.security.entity.FilterEntity/app, query=select f from sec$Filter f left join f.user u where f.componentId = :component and (u.id = :userId or u is null) order by f.name
2016-12-23 11:02:30.387 DEBUG [http-nio-8080-exec-8/doors-core/admin] com.haulmont.cuba.core.app.RdbmsStore - loadList: metaClass=doors$Order, view=com.ekom.doors.entity.Order/orderWithCustomerAndDoor, query=select e from doors$Order e, max=50
2016-12-23 11:02:32.520 WARN  [http-nio-8080-exec-17/doors/admin] com.haulmont.cuba.gui.xml.layout.loaders.ScrollBoxLayoutLoader - 100% height of AbstractFrame id=windowActions inside vertical scrollBox replaced with -1px height
2016-12-23 11:02:32.651 DEBUG [http-nio-8080-exec-17/doors-core/admin] com.haulmont.cuba.core.app.RdbmsStore - loadList: metaClass=doors$Customer, view=com.ekom.doors.entity.Customer/_local, query=select e from doors$Customer e, max=10000
2016-12-23 11:02:32.850 DEBUG [http-nio-8080-exec-17/doors-core/admin] com.haulmont.cuba.core.app.RdbmsStore - loadList: metaClass=doors$Door, view=com.ekom.doors.entity.Door/_local, query=select e from doors$Door e, max=10000
2016-12-23 11:02:34.869 INFO  [ClientCacheManager-pool-1-thread-1] com.haulmont.cuba.security.app.LoginWorkerBean - Logged in: ace07bf6-914b-998e-7699-88d723060b06 [admin]
2016-12-23 11:06:00.398 DEBUG [http-nio-8080-exec-13/doors-core/admin] com.haulmont.cuba.core.app.RdbmsStore - loadList: metaClass=sec$Filter, view=com.haulmont.cuba.security.entity.FilterEntity/app, query=select f from sec$Filter f left join f.user u where f.componentId = :component and (u.id = :userId or u is null) order by f.name
2016-12-23 11:06:00.542 DEBUG [http-nio-8080-exec-13/doors-core/admin] com.haulmont.cuba.core.app.RdbmsStore - loadList: metaClass=doors$Customer, view=com.ekom.doors.entity.Customer/_local, query=select e from doors$Customer e, max=50
2016-12-23 11:06:06.561 DEBUG [http-nio-8080-exec-5/doors-core/admin] com.haulmont.cuba.core.app.RdbmsStore - load: metaClass=doors$Customer, id=d6ebee81-9935-8f37-91b5-7920b993228d, view=com.ekom.doors.entity.Customer/_local
2016-12-23 11:06:06.843 DEBUG [http-nio-8080-exec-5/doors-core/admin] com.haulmont.cuba.core.app.RdbmsStore - loadList: metaClass=doors$Order, view=com.ekom.doors.entity.Order/_local, query=select e from doors$Order e where e.customer.id = :ds_customerDs order by e.date, max=10000
2016-12-23 11:07:55.886 DEBUG [http-nio-8080-exec-11/doors-core/admin] com.haulmont.cuba.core.app.RdbmsStore - commit: commitInstances=[com.ekom.doors.entity.Customer-d6ebee81-9935-8f37-91b5-7920b993228d [detached]], removeInstances=[]
2016-12-23 11:07:55.988 DEBUG [http-nio-8080-exec-11/doors-core/admin] com.haulmont.cuba.security.app.EntityLog - Loading entities
2016-12-23 11:07:56.065 DEBUG [http-nio-8080-exec-11/doors-core/admin] com.haulmont.cuba.security.app.EntityLog - Loaded: entitiesAuto=0, entitiesManual=0
2016-12-23 11:09:39.720 INFO  [scheduler-1] com.haulmont.cuba.core.sys.TriggerFilesProcessor - Calling cuba_WindowConfig.reset
2016-12-23 11:09:46.679 DEBUG [http-nio-8080-exec-1/doors-core/admin] com.haulmont.cuba.core.app.RdbmsStore - loadList: metaClass=sec$Filter, view=com.haulmont.cuba.security.entity.FilterEntity/app, query=select f from sec$Filter f left join f.user u where f.componentId = :component and (u.id = :userId or u is null) order by f.name
2016-12-23 11:09:46.744 DEBUG [http-nio-8080-exec-1/doors-core/admin] com.haulmont.cuba.core.app.RdbmsStore - loadList: metaClass=doors$Customer, view=com.ekom.doors.entity.Customer/_local, query=select e from doors$Customer e, max=50
2016-12-23 11:09:48.662 WARN  [http-nio-8080-exec-16/doors/admin] com.haulmont.cuba.gui.xml.layout.loaders.ScrollBoxLayoutLoader - 100% height of AbstractFrame id=windowActions inside vertical scrollBox replaced with -1px height
2016-12-23 11:09:48.670 DEBUG [http-nio-8080-exec-16/doors-core/admin] com.haulmont.cuba.core.app.RdbmsStore - loadList: metaClass=doors$Order, view=com.ekom.doors.entity.Order/_local, query=select e from doors$Order e where e.customer.id = :ds_customerDs order by e.date, max=10000
2016-12-23 11:09:58.550 DEBUG [http-nio-8080-exec-6/doors-core/admin] com.haulmont.cuba.core.app.RdbmsStore - loadList: metaClass=sec$Filter, view=com.haulmont.cuba.security.entity.FilterEntity/app, query=select f from sec$Filter f left join f.user u where f.componentId = :component and (u.id = :userId or u is null) order by f.name
2016-12-23 11:09:58.634 DEBUG [http-nio-8080-exec-6/doors-core/admin] com.haulmont.cuba.core.app.RdbmsStore - loadList: metaClass=doors$Customer, view=com.ekom.doors.entity.Customer/_local, query=select e from doors$Customer e, max=50
2016-12-23 11:09:59.838 WARN  [http-nio-8080-exec-1/doors/admin] com.haulmont.cuba.gui.xml.layout.loaders.ScrollBoxLayoutLoader - 100% height of AbstractFrame id=windowActions inside vertical scrollBox replaced with -1px height
2016-12-23 11:09:59.840 DEBUG [http-nio-8080-exec-1/doors-core/admin] com.haulmont.cuba.core.app.RdbmsStore - load: metaClass=doors$Customer, id=d6ebee81-9935-8f37-91b5-7920b993228d, view=com.ekom.doors.entity.Customer/_local
2016-12-23 11:09:59.927 DEBUG [http-nio-8080-exec-1/doors-core/admin] com.haulmont.cuba.core.app.RdbmsStore - loadList: metaClass=doors$Order, view=com.ekom.doors.entity.Order/_local, query=select e from doors$Order e where e.customer.id = :ds_customerDs order by e.date, max=10000
2016-12-23 11:10:06.013 DEBUG [http-nio-8080-exec-2/doors-core/admin] com.haulmont.cuba.core.app.RdbmsStore - loadList: metaClass=sec$Filter, view=com.haulmont.cuba.security.entity.FilterEntity/app, query=select f from sec$Filter f left join f.user u where f.componentId = :component and (u.id = :userId or u is null) order by f.name
2016-12-23 11:10:06.171 DEBUG [http-nio-8080-exec-2/doors-core/admin] com.haulmont.cuba.core.app.RdbmsStore - loadList: metaClass=doors$Door, view=com.ekom.doors.entity.Door/_local, query=select e from doors$Door e, max=50
2016-12-23 11:10:56.353 DEBUG [http-nio-8080-exec-7/doors-core/admin] com.haulmont.cuba.core.app.RdbmsStore - commit: commitInstances=[com.ekom.doors.entity.Door-8fba8980-1bfa-41ba-7649-6e6c6b85eefd [new]], removeInstances=[]
2016-12-23 11:11:00.565 DEBUG [http-nio-8080-exec-1/doors-core/admin] com.haulmont.cuba.core.app.RdbmsStore - loadList: metaClass=sec$Filter, view=com.haulmont.cuba.security.entity.FilterEntity/app, query=select f from sec$Filter f left join f.user u where f.componentId = :component and (u.id = :userId or u is null) order by f.name
2016-12-23 11:11:00.622 DEBUG [http-nio-8080-exec-1/doors-core/admin] com.haulmont.cuba.core.app.RdbmsStore - loadList: metaClass=doors$Order, view=com.ekom.doors.entity.Order/orderWithCustomerAndDoor, query=select e from doors$Order e, max=50
2016-12-23 11:11:02.021 WARN  [http-nio-8080-exec-8/doors/admin] com.haulmont.cuba.gui.xml.layout.loaders.ScrollBoxLayoutLoader - 100% height of AbstractFrame id=windowActions inside vertical scrollBox replaced with -1px height
2016-12-23 11:11:02.027 DEBUG [http-nio-8080-exec-8/doors-core/admin] com.haulmont.cuba.core.app.RdbmsStore - loadList: metaClass=doors$Customer, view=com.ekom.doors.entity.Customer/_local, query=select e from doors$Customer e, max=10000
2016-12-23 11:11:02.122 DEBUG [http-nio-8080-exec-8/doors-core/admin] com.haulmont.cuba.core.app.RdbmsStore - loadList: metaClass=doors$Door, view=com.ekom.doors.entity.Door/_local, query=select e from doors$Door e, max=10000
2016-12-23 11:11:20.676 DEBUG [http-nio-8080-exec-9/doors-core/admin] com.haulmont.cuba.core.app.RdbmsStore - loadList: metaClass=sec$Filter, view=com.haulmont.cuba.security.entity.FilterEntity/app, query=select f from sec$Filter f left join f.user u where f.componentId = :component and (u.id = :userId or u is null) order by f.name
2016-12-23 11:11:20.812 DEBUG [http-nio-8080-exec-9/doors-core/admin] com.haulmont.cuba.core.app.RdbmsStore - loadList: metaClass=doors$Customer, view=com.ekom.doors.entity.Customer/_local, query=select e from doors$Customer e, max=50
2016-12-23 11:12:21.138 DEBUG [http-nio-8080-exec-7/doors/admin] com.haulmont.cuba.web.App - Ping session
2016-12-23 11:12:52.017 DEBUG [http-nio-8080-exec-12/doors-core/admin] com.haulmont.cuba.core.app.RdbmsStore - commit: commitInstances=[com.ekom.doors.entity.Order-273e4abb-22c6-76f9-94b3-a39a0361ac87 [new]], removeInstances=[]
2016-12-23 11:13:05.761 DEBUG [http-nio-8080-exec-4/doors-core/admin] com.haulmont.cuba.core.app.RdbmsStore - loadList: metaClass=sec$Filter, view=com.haulmont.cuba.security.entity.FilterEntity/app, query=select f from sec$Filter f left join f.user u where f.componentId = :component and (u.id = :userId or u is null) order by f.name
2016-12-23 11:13:05.879 DEBUG [http-nio-8080-exec-4/doors-core/admin] com.haulmont.cuba.core.app.RdbmsStore - loadList: metaClass=doors$Customer, view=com.ekom.doors.entity.Customer/_local, query=select e from doors$Customer e order by e.name, max=50
2016-12-23 11:13:07.291 WARN  [http-nio-8080-exec-3/doors/admin] com.haulmont.cuba.gui.xml.layout.loaders.ScrollBoxLayoutLoader - 100% height of AbstractFrame id=windowActions inside vertical scrollBox replaced with -1px height
2016-12-23 11:13:07.293 DEBUG [http-nio-8080-exec-3/doors-core/admin] com.haulmont.cuba.core.app.RdbmsStore - load: metaClass=doors$Customer, id=d6ebee81-9935-8f37-91b5-7920b993228d, view=com.ekom.doors.entity.Customer/_local
2016-12-23 11:13:07.376 DEBUG [http-nio-8080-exec-3/doors-core/admin] com.haulmont.cuba.core.app.RdbmsStore - loadList: metaClass=doors$Order, view=com.ekom.doors.entity.Order/_local, query=select e from doors$Order e where e.customer.id = :ds_customerDs order by e.date, max=10000
2016-12-23 11:13:07.559 ERROR [http-nio-8080-exec-3/doors/admin] com.haulmont.cuba.web.log.AppLog - Exception in com.haulmont.cuba.web.gui.components.WebTable$1: 
com.vaadin.event.ListenerMethod$MethodException: Invocation of method itemClick in com.haulmont.cuba.web.gui.components.WebAbstractTable$$Lambda$85/41375514 failed.
	at com.vaadin.event.ListenerMethod.receiveEvent(ListenerMethod.java:528)
	at com.vaadin.event.EventRouter.fireEvent(EventRouter.java:198)
	at com.vaadin.event.EventRouter.fireEvent(EventRouter.java:161)
	at com.vaadin.server.AbstractClientConnector.fireEvent(AbstractClientConnector.java:1030)
	at com.vaadin.ui.Table.handleClickEvent(Table.java:3219)
	at com.vaadin.ui.Table.changeVariables(Table.java:2995)
	at com.haulmont.cuba.web.toolkit.ui.CubaTable.changeVariables(CubaTable.java:250)
	at com.vaadin.server.communication.ServerRpcHandler.changeVariables(ServerRpcHandler.java:609)
	at com.vaadin.server.communication.ServerRpcHandler.handleInvocations(ServerRpcHandler.java:428)
	at com.vaadin.server.communication.ServerRpcHandler.handleRpc(ServerRpcHandler.java:274)
	at com.vaadin.server.communication.UidlRequestHandler.synchronizedHandleRequest(UidlRequestHandler.java:79)
	at com.haulmont.cuba.web.sys.CubaVaadinServletService$CubaUidlRequestHandler.lambda$synchronizedHandleRequest$111(CubaVaadinServletService.java:314)
	at com.haulmont.cuba.web.sys.CubaVaadinServletService.withUserSession(CubaVaadinServletService.java:196)
	at com.haulmont.cuba.web.sys.CubaVaadinServletService$CubaUidlRequestHandler.synchronizedHandleRequest(CubaVaadinServletService.java:314)
	at com.vaadin.server.SynchronizedRequestHandler.handleRequest(SynchronizedRequestHandler.java:41)
	at com.vaadin.server.VaadinService.handleRequest(VaadinService.java:1424)
	at com.vaadin.server.VaadinServlet.service(VaadinServlet.java:369)
	at com.haulmont.cuba.web.sys.CubaApplicationServlet.serviceAppRequest(CubaApplicationServlet.java:278)
	at com.haulmont.cuba.web.sys.CubaApplicationServlet.service(CubaApplicationServlet.java:187)
	at javax.servlet.http.HttpServlet.service(HttpServlet.java:729)
	at org.apache.catalina.core.ApplicationFilterChain.internalDoFilter(ApplicationFilterChain.java:292)
	at org.apache.catalina.core.ApplicationFilterChain.doFilter(ApplicationFilterChain.java:207)
	at org.apache.tomcat.websocket.server.WsFilter.doFilter(WsFilter.java:52)
	at org.apache.catalina.core.ApplicationFilterChain.internalDoFilter(ApplicationFilterChain.java:240)
	at org.apache.catalina.core.ApplicationFilterChain.doFilter(ApplicationFilterChain.java:207)
	at com.haulmont.cuba.web.sys.CubaHttpFilter.handleNotFiltered(CubaHttpFilter.java:108)
	at com.haulmont.cuba.web.sys.CubaHttpFilter.doFilter(CubaHttpFilter.java:95)
	at org.apache.catalina.core.ApplicationFilterChain.internalDoFilter(ApplicationFilterChain.java:240)
	at org.apache.catalina.core.ApplicationFilterChain.doFilter(ApplicationFilterChain.java:207)
	at org.apache.catalina.core.StandardWrapperValve.invoke(StandardWrapperValve.java:212)
	at org.apache.catalina.core.StandardContextValve.invoke(StandardContextValve.java:106)
	at org.apache.catalina.authenticator.AuthenticatorBase.invoke(AuthenticatorBase.java:502)
	at org.apache.catalina.core.StandardHostValve.invoke(StandardHostValve.java:141)
	at org.apache.catalina.valves.ErrorReportValve.invoke(ErrorReportValve.java:79)
	at org.apache.catalina.valves.AbstractAccessLogValve.invoke(AbstractAccessLogValve.java:616)
	at org.apache.catalina.core.StandardEngineValve.invoke(StandardEngineValve.java:88)
	at org.apache.catalina.connector.CoyoteAdapter.service(CoyoteAdapter.java:528)
	at org.apache.coyote.http11.AbstractHttp11Processor.process(AbstractHttp11Processor.java:1099)
	at org.apache.coyote.AbstractProtocol$AbstractConnectionHandler.process(AbstractProtocol.java:672)
	at org.apache.tomcat.util.net.NioEndpoint$SocketProcessor.doRun(NioEndpoint.java:1520)
	at org.apache.tomcat.util.net.NioEndpoint$SocketProcessor.run(NioEndpoint.java:1476)
	at java.util.concurrent.ThreadPoolExecutor.runWorker(ThreadPoolExecutor.java:1142)
	at java.util.concurrent.ThreadPoolExecutor$Worker.run(ThreadPoolExecutor.java:617)
	at org.apache.tomcat.util.threads.TaskThread$WrappingRunnable.run(TaskThread.java:61)
	at java.lang.Thread.run(Thread.java:745)
Caused by: com.vaadin.ui.Table$CacheUpdateException: Error during Table cache update.
	at com.vaadin.ui.Table.maybeThrowCacheUpdateExceptions(Table.java:1800)
	at com.vaadin.ui.Table.refreshRenderedCells(Table.java:1789)
	at com.vaadin.ui.Table.refreshRowCache(Table.java:2729)
	at com.vaadin.ui.Table.containerItemSetChange(Table.java:4666)
	at com.haulmont.cuba.web.gui.data.CollectionDsWrapper.fireItemSetChanged(CollectionDsWrapper.java:111)
	at com.haulmont.cuba.web.gui.data.CollectionDsWrapper$ContainerDatasourceCollectionChangeListener.collectionChanged(CollectionDsWrapper.java:273)
	at com.haulmont.cuba.gui.data.impl.WeakDsListenerAdapter.collectionChanged(WeakDsListenerAdapter.java:46)
	at com.haulmont.cuba.gui.data.impl.AbstractCollectionDatasource.fireCollectionChanged(AbstractCollectionDatasource.java:374)
	at com.haulmont.cuba.gui.data.impl.CollectionDatasourceImpl.afterRefresh(CollectionDatasourceImpl.java:185)
	at com.haulmont.cuba.gui.data.impl.CollectionDatasourceImpl.refresh(CollectionDatasourceImpl.java:150)
	at com.haulmont.cuba.gui.data.impl.CollectionDatasourceImpl.refresh(CollectionDatasourceImpl.java:106)
	at com.haulmont.cuba.gui.data.impl.CollectionDatasourceImpl.setSuspended(CollectionDatasourceImpl.java:651)
	at com.haulmont.cuba.gui.data.impl.DsContextImpl.resumeSuspended(DsContextImpl.java:83)
	at com.haulmont.cuba.gui.WindowManager.afterShowWindow(WindowManager.java:968)
	at com.haulmont.cuba.web.WebWindowManager.showWindow(WebWindowManager.java:398)
	at com.haulmont.cuba.gui.WindowManager.openEditor(WindowManager.java:727)
	at com.haulmont.cuba.web.WebWindowManager.openEditor(WebWindowManager.java:157)
	at com.haulmont.cuba.gui.components.WindowDelegate.openEditor(WindowDelegate.java:250)
	at com.haulmont.cuba.web.gui.WebWindow.openEditor(WebWindow.java:471)
	at com.haulmont.cuba.gui.components.actions.EditAction.internalOpenEditor(EditAction.java:195)
	at com.haulmont.cuba.gui.components.actions.EditAction.actionPerform(EditAction.java:188)
	at com.haulmont.cuba.web.gui.components.WebAbstractTable.handleClickAction(WebAbstractTable.java:706)
	at com.haulmont.cuba.web.gui.components.WebAbstractTable.lambda$initComponent$4fd149ee$1(WebAbstractTable.java:590)
	at sun.reflect.NativeMethodAccessorImpl.invoke0(Native Method)
	at sun.reflect.NativeMethodAccessorImpl.invoke(NativeMethodAccessorImpl.java:62)
	at sun.reflect.DelegatingMethodAccessorImpl.invoke(DelegatingMethodAccessorImpl.java:43)
	at java.lang.reflect.Method.invoke(Method.java:498)
	at com.vaadin.event.ListenerMethod.receiveEvent(ListenerMethod.java:508)
	... 44 more
Caused by: java.lang.RuntimeException: java.lang.reflect.InvocationTargetException
	at com.haulmont.chile.core.model.utils.MethodsCache.invokeGetter(MethodsCache.java:74)
	at com.haulmont.chile.core.model.impl.AbstractInstance.getValue(AbstractInstance.java:98)
	at com.haulmont.cuba.core.entity.BaseGenericIdEntity.getValue(BaseGenericIdEntity.java:150)
	at com.haulmont.chile.core.model.utils.InstanceUtils.getValueEx(InstanceUtils.java:138)
	at com.haulmont.cuba.web.gui.data.PropertyWrapper.getValue(PropertyWrapper.java:76)
	at com.haulmont.cuba.web.gui.components.WebAbstractTable$TablePropertyWrapper.getValue(WebAbstractTable.java:1848)
	at com.haulmont.cuba.web.gui.data.PropertyWrapper.getFormattedValue(PropertyWrapper.java:149)
	at com.haulmont.cuba.web.gui.components.WebAbstractTable$TablePropertyWrapper.getFormattedValue(WebAbstractTable.java:1834)
	at com.haulmont.cuba.web.toolkit.ui.CubaTable.formatPropertyValue(CubaTable.java:238)
	at com.haulmont.cuba.web.toolkit.ui.CubaTable.getPropertyValue(CubaTable.java:198)
	at com.vaadin.ui.Table.parseItemIdToCells(Table.java:2424)
	at com.vaadin.ui.Table.getVisibleCellsNoCache(Table.java:2275)
	at com.vaadin.ui.Table.refreshRenderedCells(Table.java:1778)
	... 70 more
Caused by: java.lang.reflect.InvocationTargetException
	at sun.reflect.GeneratedMethodAccessor109.invoke(Unknown Source)
	at sun.reflect.DelegatingMethodAccessorImpl.invoke(DelegatingMethodAccessorImpl.java:43)
	at java.lang.reflect.Method.invoke(Method.java:498)
	at com.haulmont.chile.core.model.utils.MethodsCache.invokeGetter(MethodsCache.java:72)
	... 82 more
Caused by: java.lang.IllegalStateException: Cannot get unfetched attribute [door] from detached object com.ekom.doors.entity.Order-273e4abb-22c6-76f9-94b3-a39a0361ac87 [detached].
	at org.eclipse.persistence.internal.queries.EntityFetchGroup.onUnfetchedAttribute(EntityFetchGroup.java:98)
	at com.haulmont.cuba.core.sys.persistence.CubaEntityFetchGroup.onUnfetchedAttribute(CubaEntityFetchGroup.java:61)
	at org.eclipse.persistence.internal.jpa.EntityManagerImpl.processUnfetchedAttribute(EntityManagerImpl.java:2846)
	at com.haulmont.chile.core.model.impl.AbstractInstance._persistence_checkFetched(AbstractInstance.java)
	at com.ekom.doors.entity.Order._persistence_get_door(Order.java)
	at com.ekom.doors.entity.Order.getDoor(Order.java:124)
	... 86 more

2016-12-23 11:14:09.798 INFO  [scheduler-4] com.haulmont.cuba.core.sys.TriggerFilesProcessor - Calling cuba_WindowConfig.reset
2016-12-23 11:14:12.873 WARN  [http-nio-8080-exec-8/doors/admin] com.haulmont.cuba.gui.xml.layout.loaders.ScrollBoxLayoutLoader - 100% height of AbstractFrame id=windowActions inside vertical scrollBox replaced with -1px height
2016-12-23 11:14:12.874 DEBUG [http-nio-8080-exec-8/doors-core/admin] com.haulmont.cuba.core.app.RdbmsStore - load: metaClass=doors$Customer, id=d6ebee81-9935-8f37-91b5-7920b993228d, view=com.ekom.doors.entity.Customer/_local
2016-12-23 11:14:12.932 DEBUG [http-nio-8080-exec-8/doors-core/admin] com.haulmont.cuba.core.app.RdbmsStore - loadList: metaClass=doors$Order, view=com.ekom.doors.entity.Order/orderWithCustomerAndDoor, query=select e from doors$Order e where e.customer.id = :ds_customerDs order by e.date, max=10000
2016-12-23 11:14:38.853 DEBUG [http-nio-8080-exec-1/doors-core/admin] com.haulmont.cuba.core.app.RdbmsStore - loadList: metaClass=sec$Filter, view=com.haulmont.cuba.security.entity.FilterEntity/app, query=select f from sec$Filter f left join f.user u where f.componentId = :component and (u.id = :userId or u is null) order by f.name
2016-12-23 11:14:38.935 DEBUG [http-nio-8080-exec-1/doors-core/admin] com.haulmont.cuba.core.app.RdbmsStore - loadList: metaClass=doors$Order, view=com.ekom.doors.entity.Order/orderWithCustomerAndDoor, query=select e from doors$Order e, max=50
2016-12-23 11:14:40.558 WARN  [http-nio-8080-exec-18/doors/admin] com.haulmont.cuba.gui.xml.layout.loaders.ScrollBoxLayoutLoader - 100% height of AbstractFrame id=windowActions inside vertical scrollBox replaced with -1px height
2016-12-23 11:14:40.560 DEBUG [http-nio-8080-exec-18/doors-core/admin] com.haulmont.cuba.core.app.RdbmsStore - load: metaClass=doors$Order, id=273e4abb-22c6-76f9-94b3-a39a0361ac87, view=com.ekom.doors.entity.Order/orderWithCustomerAndDoor
2016-12-23 11:14:40.939 DEBUG [http-nio-8080-exec-18/doors-core/admin] com.haulmont.cuba.core.app.RdbmsStore - loadList: metaClass=doors$Customer, view=com.ekom.doors.entity.Customer/_local, query=select e from doors$Customer e, max=10000
2016-12-23 11:14:41.049 DEBUG [http-nio-8080-exec-18/doors-core/admin] com.haulmont.cuba.core.app.RdbmsStore - loadList: metaClass=doors$Door, view=com.ekom.doors.entity.Door/_local, query=select e from doors$Door e, max=10000
2016-12-23 11:21:04.917 INFO  [scheduler-3] com.haulmont.cuba.core.sys.TriggerFilesProcessor - Calling cuba_WindowConfig.reset
2016-12-23 11:21:07.770 DEBUG [http-nio-8080-exec-3/doors-core/admin] com.haulmont.cuba.core.app.RdbmsStore - loadList: metaClass=sec$UserSubstitution, view=com.haulmont.cuba.security.entity.UserSubstitution/app, query=select us from sec$UserSubstitution us where us.user.id = :userId and (us.endDate is null or us.endDate >= :currentDate) and (us.startDate is null or us.startDate <= :currentDate) and (us.substitutedUser.active = true or us.substitutedUser.active is null) order by us.substitutedUser.name
2016-12-23 11:21:07.916 DEBUG [http-nio-8080-exec-3/doors-core/admin] com.haulmont.cuba.core.app.FoldersServiceBean - Loading AppFolders
2016-12-23 11:21:07.987 DEBUG [http-nio-8080-exec-3/doors-core/admin] com.haulmont.cuba.core.app.FoldersServiceBean - Loading SearchFolders
2016-12-23 11:21:10.756 DEBUG [http-nio-8080-exec-14/doors-core/admin] com.haulmont.cuba.core.app.RdbmsStore - loadList: metaClass=sec$Filter, view=com.haulmont.cuba.security.entity.FilterEntity/app, query=select f from sec$Filter f left join f.user u where f.componentId = :component and (u.id = :userId or u is null) order by f.name
2016-12-23 11:21:10.838 DEBUG [http-nio-8080-exec-14/doors-core/admin] com.haulmont.cuba.core.app.RdbmsStore - loadList: metaClass=doors$Order, view=com.ekom.doors.entity.Order/orderWithCustomerAndDoor, query=select e from doors$Order e, max=50
2016-12-23 11:31:08.203 DEBUG [http-nio-8080-exec-6/doors/admin] com.haulmont.cuba.web.App - Ping session
2016-12-23 11:41:08.626 DEBUG [http-nio-8080-exec-16/doors/admin] com.haulmont.cuba.web.App - Ping session
2016-12-23 11:51:09.626 DEBUG [http-nio-8080-exec-7/doors/admin] com.haulmont.cuba.web.App - Ping session
2016-12-23 11:57:23.185 INFO  [localhost-startStop-2] com.haulmont.cuba.core.sys.CubaDefaultXmlWebApplicationContext - Closing WebApplicationContext for namespace 'remoting-servlet': startup date [Fri Dec 23 11:02:16 MSK 2016]; parent: com.haulmont.cuba.core.sys.CubaCoreApplicationContext@7b700429
2016-12-23 11:57:23.267 INFO  [localhost-startStop-2] com.haulmont.cuba.core.sys.CubaCoreApplicationContext - Closing com.haulmont.cuba.core.sys.CubaCoreApplicationContext@7b700429: startup date [Fri Dec 23 11:02:07 MSK 2016]; root of context hierarchy
2016-12-23 11:57:23.271 INFO  [localhost-startStop-2] com.haulmont.cuba.core.sys.CubaThreadPoolTaskScheduler - Shutting down ExecutorService 'scheduler'
2016-12-23 11:57:42.534 INFO  [localhost-startStop-1] com.haulmont.cuba.core.sys.AppComponents - Using app components: [com.haulmont.cuba]
2016-12-23 11:57:42.562 INFO  [localhost-startStop-1] com.haulmont.cuba.web.sys.WebAppContextLoader - Loading app properties from classpath:cuba-web-app.properties
2016-12-23 11:57:42.564 INFO  [localhost-startStop-1] com.haulmont.cuba.web.sys.WebAppContextLoader - Loading app properties from classpath:com/ekom/doors/web-app.properties
2016-12-23 11:57:42.779 INFO  [localhost-startStop-1] com.haulmont.cuba.core.sys.CubaClassPathXmlApplicationContext - Refreshing com.haulmont.cuba.core.sys.CubaClassPathXmlApplicationContext@3120bc7: startup date [Fri Dec 23 11:57:42 MSK 2016]; root of context hierarchy
2016-12-23 11:57:44.747 INFO  [localhost-startStop-1] com.haulmont.cuba.web.sys.remoting.WebRemoteProxyBeanCreator - Configuring proxy beans for local service invocations: [cuba_LoginService, cuba_ServerInfoService, cuba_UserSettingService, cuba_UserManagementService, cuba_DataService, cuba_ConfigStorageService, cuba_PersistenceManagerService, cuba_LockService, cuba_UserSessionService, cuba_FoldersService, cuba_EmailService, cuba_FileStorageService, cuba_EntitySnapshotService, cuba_UniqueNumbersService, cuba_LocalizedMessageService, cuba_ResourceService, cuba_ScheduledTasksService, cuba_EntityLogService, cuba_TestingService, cuba_ObjectsCacheManagerService, cuba_DomainDescriptionService, cuba_RelatedEntitiesService, cuba_EntitySqlGenerationService, cuba_NumberIdService, cuba_QueryResultsService, cuba_DynamicAttributesCacheService, cuba_EntityRestoreService, cuba_LocalFileExchangeService, cuba_EntityImportExportService, cuba_ScreenProfilerService, cuba_ServerTokenStore, cuba_IdpService]
2016-12-23 11:57:45.295 INFO  [localhost-startStop-1] com.haulmont.chile.core.datatypes.Datatypes - Can't find /datatypes.xml, using default datatypes settings
2016-12-23 11:57:46.165 INFO  [localhost-startStop-1] com.haulmont.cuba.core.sys.CubaThreadPoolTaskScheduler - Initializing ExecutorService  'scheduler'
2016-12-23 11:57:46.496 INFO  [localhost-startStop-1] com.haulmont.cuba.core.sys.jmx.MBeanExporter - Registering beans for JMX exposure: [doors.cuba:type=ConfigStorage, doors.cuba:type=CachingFacade, doors.cuba:type=FileUploading, doors.cuba:type=JmxNodeIdentifier, doors.cuba:type=JmxLogControl, doors.cuba:type=ClassLoaderManager, doors.cuba:type=StatisticsCounter]
2016-12-23 11:57:46.582 INFO  [localhost-startStop-1] com.haulmont.cuba.web.sys.WebAppContextLoader - AppContext initialized
2016-12-23 11:57:46.624 INFO  [localhost-startStop-1] com.haulmont.cuba.web.sys.CubaDispatcherServlet - FrameworkServlet 'dispatcher': initialization started
2016-12-23 11:57:46.631 INFO  [localhost-startStop-1] com.haulmont.cuba.core.sys.CubaXmlWebApplicationContext - Refreshing WebApplicationContext for namespace 'dispatcher-servlet': startup date [Fri Dec 23 11:57:46 MSK 2016]; parent: com.haulmont.cuba.core.sys.CubaClassPathXmlApplicationContext@3120bc7
2016-12-23 11:57:47.986 INFO  [localhost-startStop-1] com.haulmont.cuba.web.sys.CubaDispatcherServlet - FrameworkServlet 'dispatcher': initialization completed in 1362 ms
2016-12-23 11:57:47.988 INFO  [localhost-startStop-1] com.haulmont.restapi.sys.CubaRestApiServlet - FrameworkServlet 'rest_api': initialization started
2016-12-23 11:57:47.989 INFO  [localhost-startStop-1] com.haulmont.cuba.core.sys.CubaXmlWebApplicationContext - Refreshing WebApplicationContext for namespace 'rest_api-servlet': startup date [Fri Dec 23 11:57:47 MSK 2016]; parent: com.haulmont.cuba.core.sys.CubaClassPathXmlApplicationContext@3120bc7
2016-12-23 11:57:49.478 INFO  [localhost-startStop-1] com.haulmont.restapi.sys.CubaRestApiServlet - FrameworkServlet 'rest_api': initialization completed in 1490 ms
2016-12-23 11:57:49.623 INFO  [localhost-startStop-1] com.haulmont.cuba.core.sys.AppComponents - Using app components: [com.haulmont.cuba]
2016-12-23 11:57:49.636 INFO  [localhost-startStop-1] com.haulmont.cuba.core.sys.AppContextLoader - Loading app properties from classpath:cuba-app.properties
2016-12-23 11:57:49.637 INFO  [localhost-startStop-1] com.haulmont.cuba.core.sys.AppContextLoader - Loading app properties from classpath:com/ekom/doors/app.properties
2016-12-23 11:57:49.648 INFO  [localhost-startStop-1] com.haulmont.cuba.core.sys.AppContextLoader - DbmsType of the main database is set to mssql2012
2016-12-23 11:57:49.778 INFO  [localhost-startStop-1] com.haulmont.cuba.core.sys.persistence.PersistenceConfigProcessor - Creating file E:\Work\Cuba Projects\Doors\build\tomcat\work\doors-core\persistence.xml
2016-12-23 11:57:49.797 INFO  [localhost-startStop-1] com.haulmont.cuba.core.sys.CubaCoreApplicationContext - Refreshing com.haulmont.cuba.core.sys.CubaCoreApplicationContext@300b5322: startup date [Fri Dec 23 11:57:49 MSK 2016]; root of context hierarchy
2016-12-23 11:57:53.124 INFO  [localhost-startStop-1] com.haulmont.chile.core.datatypes.Datatypes - Can't find /datatypes.xml, using default datatypes settings
2016-12-23 11:57:56.025 INFO  [localhost-startStop-1] com.haulmont.cuba.core.sys.CubaThreadPoolTaskScheduler - Initializing ExecutorService  'scheduler'
2016-12-23 11:57:56.417 INFO  [localhost-startStop-1] com.haulmont.cuba.core.sys.jmx.MBeanExporter - Registering beans for JMX exposure: [doors-core.cuba:type=PersistenceManager, doors-core.cuba:type=ConfigStorage, doors-core.cuba:type=UserSessions, doors-core.cuba:type=UniqueNumbers, doors-core.cuba:type=Emailer, doors-core.cuba:type=EntityLog, doors-core.cuba:type=FileStorage, doors-core.cuba:type=LockManager, doors-core.cuba:type=CachingFacade, doors-core.cuba:type=ClusterManager, doors-core.cuba:type=ScriptingManager, doors-core.cuba:type=ServerInfo, doors-core.cuba:type=Scheduling, doors-core.cuba:type=ObjectsCacheManager, doors-core.cuba:type=PasswordEncryptionSupport, doors-core.cuba:type=JmxNodeIdentifier, doors-core.cuba:type=JmxLogControl, doors-core.cuba:type=ClassLoaderManager, doors-core.cuba:type=StatisticsCounter, doors-core.cuba:type=BruteForceProtection, doors-core.cuba:type=QueryCacheSupport, doors-core.cuba:type=IdpSessions]
2016-12-23 11:57:56.694 DEBUG [localhost-startStop-1] com.haulmont.cuba.security.app.LoginWorkerBean - Initialize anonymous session
2016-12-23 11:57:56.697 INFO  [localhost-startStop-1] com.haulmont.cuba.core.app.ConfigStorage - Loading DB-stored app properties cache
2016-12-23 11:57:57.172 INFO  [localhost-startStop-1] com.haulmont.cuba.core.sys.MetadataImpl - Initializing metadata
2016-12-23 11:57:57.322 INFO  [localhost-startStop-1] com.haulmont.cuba.core.sys.MetadataImpl - Metadata initialized in 150ms
2016-12-23 11:57:58.251 INFO  [localhost-startStop-1] com.haulmont.cuba.core.sys.DefaultPermissionValuesConfig - Initializing default permission values
2016-12-23 11:57:58.786 INFO  [localhost-startStop-1] com.haulmont.cuba.security.app.LoginWorkerBean - Logged in: b40d7bf4-3464-c143-5cec-b443b2c1cc94 [anonymous]
2016-12-23 11:57:58.787 DEBUG [localhost-startStop-1] com.haulmont.cuba.security.app.LoginWorkerBean - Anonymous session initialized with id b40d7bf4-3464-c143-5cec-b443b2c1cc94
2016-12-23 11:57:58.787 INFO  [localhost-startStop-1] com.haulmont.cuba.core.sys.AppContextLoader - AppContext initialized
2016-12-23 11:57:58.790 INFO  [localhost-startStop-1] com.haulmont.cuba.core.sys.remoting.RemotingServlet - FrameworkServlet 'remoting': initialization started
2016-12-23 11:57:58.793 INFO  [localhost-startStop-1] com.haulmont.cuba.core.sys.CubaDefaultXmlWebApplicationContext - Refreshing WebApplicationContext for namespace 'remoting-servlet': startup date [Fri Dec 23 11:57:58 MSK 2016]; parent: com.haulmont.cuba.core.sys.CubaCoreApplicationContext@300b5322
2016-12-23 11:57:58.822 INFO  [localhost-startStop-1] com.haulmont.cuba.core.sys.remoting.RemoteServicesBeanCreator - Configuring remote services
2016-12-23 11:57:59.005 INFO  [localhost-startStop-1] com.haulmont.cuba.core.sys.remoting.RemotingServlet - FrameworkServlet 'remoting': initialization completed in 214 ms
2016-12-23 11:58:11.764 DEBUG [http-nio-8080-exec-12] com.haulmont.cuba.gui.theme.ThemeConstantsRepository - Loading theme constants
2016-12-23 11:58:11.774 DEBUG [http-nio-8080-exec-12] com.haulmont.cuba.web.App - Initializing application
2016-12-23 11:58:11.934 DEBUG [http-nio-8080-exec-12/doors/anonymous] com.haulmont.cuba.web.DefaultApp - connectionStateChanged connected: true, authenticated: false
2016-12-23 11:58:11.935 DEBUG [http-nio-8080-exec-12/doors/anonymous] com.haulmont.cuba.web.App - Closing all windows
2016-12-23 11:58:11.951 INFO  [http-nio-8080-exec-12/doors/anonymous] com.haulmont.cuba.core.sys.MetadataImpl - Initializing metadata
2016-12-23 11:58:12.211 INFO  [http-nio-8080-exec-12/doors/anonymous] com.haulmont.cuba.core.sys.MetadataImpl - Metadata initialized in 260ms
2016-12-23 11:58:12.585 DEBUG [http-nio-8080-exec-12/doors/anonymous] com.haulmont.cuba.web.AbstractConnection - Logged in: user=anonymous, ip=0:0:0:0:0:0:0:1, clientInfo=Web (localhost:8080/doors) Mozilla/5.0 (Windows NT 10.0; Win64; x64) AppleWebKit/537.36 (KHTML, like Gecko) Chrome/55.0.2883.87 Safari/537.36
2016-12-23 11:58:14.469 INFO  [http-nio-8080-exec-14/doors-core/anonymous] com.haulmont.cuba.security.app.LoginWorkerBean - Logged in: f611d1af-29d1-4fbb-ce5c-a98b73887021 [admin]
2016-12-23 11:58:14.483 DEBUG [http-nio-8080-exec-14/doors/admin] com.haulmont.cuba.web.DefaultApp - connectionStateChanged connected: true, authenticated: true
2016-12-23 11:58:14.483 DEBUG [http-nio-8080-exec-14/doors/admin] com.haulmont.cuba.web.App - Closing all windows
2016-12-23 11:58:14.486 DEBUG [http-nio-8080-exec-14/doors/admin] com.haulmont.cuba.web.DefaultApp - Session reinitialized: HttpSession=org.apache.catalina.session.StandardSessionFacade@6c5f35cf, timeout=1800sec, UserSession=f611d1af-29d1-4fbb-ce5c-a98b73887021 [admin]
2016-12-23 11:58:14.966 INFO  [http-nio-8080-exec-14/doors/admin] com.haulmont.cuba.client.sys.ViewRepositoryClientImpl - Initializing views
2016-12-23 11:58:14.968 DEBUG [http-nio-8080-exec-14/doors/admin] com.haulmont.cuba.client.sys.ViewRepositoryClientImpl - Deploying views config: cuba-views.xml
2016-12-23 11:58:14.974 DEBUG [http-nio-8080-exec-14/doors/admin] com.haulmont.cuba.client.sys.ViewRepositoryClientImpl - Deploying views config: com/ekom/doors/views.xml
2016-12-23 11:58:14.994 DEBUG [http-nio-8080-exec-14/doors-core/admin] com.haulmont.cuba.core.app.StoreFactory - No implementation is specified for _MAIN_ store, using RdbmsStore
2016-12-23 11:58:15.054 DEBUG [http-nio-8080-exec-14/doors-core/admin] com.haulmont.cuba.core.app.RdbmsStore - loadList: metaClass=sec$UserSubstitution, view=com.haulmont.cuba.security.entity.UserSubstitution/app, query=select us from sec$UserSubstitution us where us.user.id = :userId and (us.endDate is null or us.endDate >= :currentDate) and (us.startDate is null or us.startDate <= :currentDate) and (us.substitutedUser.active = true or us.substitutedUser.active is null) order by us.substitutedUser.name
2016-12-23 11:58:15.345 DEBUG [http-nio-8080-exec-14/doors-core/admin] com.haulmont.cuba.core.app.FoldersServiceBean - Loading AppFolders
2016-12-23 11:58:15.489 DEBUG [http-nio-8080-exec-14/doors-core/admin] com.haulmont.cuba.core.app.FoldersServiceBean - Loading SearchFolders
2016-12-23 11:58:15.807 DEBUG [http-nio-8080-exec-14/doors/admin] com.haulmont.cuba.web.AbstractConnection - Logged in: user=admin, ip=0:0:0:0:0:0:0:1, clientInfo=Web (localhost:8080/doors) Mozilla/5.0 (Windows NT 10.0; Win64; x64) AppleWebKit/537.36 (KHTML, like Gecko) Chrome/55.0.2883.87 Safari/537.36
2016-12-23 12:03:24.524 INFO  [localhost-startStop-2] com.haulmont.cuba.core.sys.CubaDefaultXmlWebApplicationContext - Closing WebApplicationContext for namespace 'remoting-servlet': startup date [Fri Dec 23 11:57:58 MSK 2016]; parent: com.haulmont.cuba.core.sys.CubaCoreApplicationContext@300b5322
2016-12-23 12:03:24.606 INFO  [localhost-startStop-2] com.haulmont.cuba.core.sys.CubaCoreApplicationContext - Closing com.haulmont.cuba.core.sys.CubaCoreApplicationContext@300b5322: startup date [Fri Dec 23 11:57:49 MSK 2016]; root of context hierarchy
2016-12-23 12:03:24.608 INFO  [localhost-startStop-2] com.haulmont.cuba.core.sys.CubaThreadPoolTaskScheduler - Shutting down ExecutorService 'scheduler'
2016-12-23 12:03:37.517 INFO  [localhost-startStop-1] com.haulmont.cuba.core.sys.AppComponents - Using app components: [com.haulmont.cuba]
2016-12-23 12:03:37.544 INFO  [localhost-startStop-1] com.haulmont.cuba.web.sys.WebAppContextLoader - Loading app properties from classpath:cuba-web-app.properties
2016-12-23 12:03:37.545 INFO  [localhost-startStop-1] com.haulmont.cuba.web.sys.WebAppContextLoader - Loading app properties from classpath:com/ekom/doors/web-app.properties
2016-12-23 12:03:37.750 INFO  [localhost-startStop-1] com.haulmont.cuba.core.sys.CubaClassPathXmlApplicationContext - Refreshing com.haulmont.cuba.core.sys.CubaClassPathXmlApplicationContext@1c4f4715: startup date [Fri Dec 23 12:03:37 MSK 2016]; root of context hierarchy
2016-12-23 12:03:39.604 INFO  [localhost-startStop-1] com.haulmont.cuba.web.sys.remoting.WebRemoteProxyBeanCreator - Configuring proxy beans for local service invocations: [cuba_LoginService, cuba_ServerInfoService, cuba_UserSettingService, cuba_UserManagementService, cuba_DataService, cuba_ConfigStorageService, cuba_PersistenceManagerService, cuba_LockService, cuba_UserSessionService, cuba_FoldersService, cuba_EmailService, cuba_FileStorageService, cuba_EntitySnapshotService, cuba_UniqueNumbersService, cuba_LocalizedMessageService, cuba_ResourceService, cuba_ScheduledTasksService, cuba_EntityLogService, cuba_TestingService, cuba_ObjectsCacheManagerService, cuba_DomainDescriptionService, cuba_RelatedEntitiesService, cuba_EntitySqlGenerationService, cuba_NumberIdService, cuba_QueryResultsService, cuba_DynamicAttributesCacheService, cuba_EntityRestoreService, cuba_LocalFileExchangeService, cuba_EntityImportExportService, cuba_ScreenProfilerService, cuba_ServerTokenStore, cuba_IdpService]
2016-12-23 12:03:40.130 INFO  [localhost-startStop-1] com.haulmont.chile.core.datatypes.Datatypes - Can't find /datatypes.xml, using default datatypes settings
2016-12-23 12:03:40.931 INFO  [localhost-startStop-1] com.haulmont.cuba.core.sys.CubaThreadPoolTaskScheduler - Initializing ExecutorService  'scheduler'
2016-12-23 12:03:41.232 INFO  [localhost-startStop-1] com.haulmont.cuba.core.sys.jmx.MBeanExporter - Registering beans for JMX exposure: [doors.cuba:type=ConfigStorage, doors.cuba:type=CachingFacade, doors.cuba:type=FileUploading, doors.cuba:type=JmxNodeIdentifier, doors.cuba:type=JmxLogControl, doors.cuba:type=ClassLoaderManager, doors.cuba:type=StatisticsCounter]
2016-12-23 12:03:41.313 INFO  [localhost-startStop-1] com.haulmont.cuba.web.sys.WebAppContextLoader - AppContext initialized
2016-12-23 12:03:41.356 INFO  [localhost-startStop-1] com.haulmont.cuba.web.sys.CubaDispatcherServlet - FrameworkServlet 'dispatcher': initialization started
2016-12-23 12:03:41.364 INFO  [localhost-startStop-1] com.haulmont.cuba.core.sys.CubaXmlWebApplicationContext - Refreshing WebApplicationContext for namespace 'dispatcher-servlet': startup date [Fri Dec 23 12:03:41 MSK 2016]; parent: com.haulmont.cuba.core.sys.CubaClassPathXmlApplicationContext@1c4f4715
2016-12-23 12:03:42.522 INFO  [localhost-startStop-1] com.haulmont.cuba.web.sys.CubaDispatcherServlet - FrameworkServlet 'dispatcher': initialization completed in 1165 ms
2016-12-23 12:03:42.525 INFO  [localhost-startStop-1] com.haulmont.restapi.sys.CubaRestApiServlet - FrameworkServlet 'rest_api': initialization started
2016-12-23 12:03:42.526 INFO  [localhost-startStop-1] com.haulmont.cuba.core.sys.CubaXmlWebApplicationContext - Refreshing WebApplicationContext for namespace 'rest_api-servlet': startup date [Fri Dec 23 12:03:42 MSK 2016]; parent: com.haulmont.cuba.core.sys.CubaClassPathXmlApplicationContext@1c4f4715
2016-12-23 12:03:44.084 INFO  [localhost-startStop-1] com.haulmont.restapi.sys.CubaRestApiServlet - FrameworkServlet 'rest_api': initialization completed in 1559 ms
2016-12-23 12:03:44.228 INFO  [localhost-startStop-1] com.haulmont.cuba.core.sys.AppComponents - Using app components: [com.haulmont.cuba]
2016-12-23 12:03:44.240 INFO  [localhost-startStop-1] com.haulmont.cuba.core.sys.AppContextLoader - Loading app properties from classpath:cuba-app.properties
2016-12-23 12:03:44.242 INFO  [localhost-startStop-1] com.haulmont.cuba.core.sys.AppContextLoader - Loading app properties from classpath:com/ekom/doors/app.properties
2016-12-23 12:03:44.256 INFO  [localhost-startStop-1] com.haulmont.cuba.core.sys.AppContextLoader - DbmsType of the main database is set to mssql2012
2016-12-23 12:03:44.364 INFO  [localhost-startStop-1] com.haulmont.cuba.core.sys.persistence.PersistenceConfigProcessor - Creating file E:\Work\Cuba Projects\Doors\build\tomcat\work\doors-core\persistence.xml
2016-12-23 12:03:44.382 INFO  [localhost-startStop-1] com.haulmont.cuba.core.sys.CubaCoreApplicationContext - Refreshing com.haulmont.cuba.core.sys.CubaCoreApplicationContext@48d98307: startup date [Fri Dec 23 12:03:44 MSK 2016]; root of context hierarchy
2016-12-23 12:03:47.595 INFO  [localhost-startStop-1] com.haulmont.chile.core.datatypes.Datatypes - Can't find /datatypes.xml, using default datatypes settings
2016-12-23 12:03:50.149 INFO  [localhost-startStop-1] com.haulmont.cuba.core.sys.CubaThreadPoolTaskScheduler - Initializing ExecutorService  'scheduler'
2016-12-23 12:03:50.489 INFO  [localhost-startStop-1] com.haulmont.cuba.core.sys.jmx.MBeanExporter - Registering beans for JMX exposure: [doors-core.cuba:type=PersistenceManager, doors-core.cuba:type=ConfigStorage, doors-core.cuba:type=UserSessions, doors-core.cuba:type=UniqueNumbers, doors-core.cuba:type=Emailer, doors-core.cuba:type=EntityLog, doors-core.cuba:type=FileStorage, doors-core.cuba:type=LockManager, doors-core.cuba:type=CachingFacade, doors-core.cuba:type=ClusterManager, doors-core.cuba:type=ScriptingManager, doors-core.cuba:type=ServerInfo, doors-core.cuba:type=Scheduling, doors-core.cuba:type=ObjectsCacheManager, doors-core.cuba:type=PasswordEncryptionSupport, doors-core.cuba:type=JmxNodeIdentifier, doors-core.cuba:type=JmxLogControl, doors-core.cuba:type=ClassLoaderManager, doors-core.cuba:type=StatisticsCounter, doors-core.cuba:type=BruteForceProtection, doors-core.cuba:type=QueryCacheSupport, doors-core.cuba:type=IdpSessions]
2016-12-23 12:03:50.741 DEBUG [localhost-startStop-1] com.haulmont.cuba.security.app.LoginWorkerBean - Initialize anonymous session
2016-12-23 12:03:50.744 INFO  [localhost-startStop-1] com.haulmont.cuba.core.app.ConfigStorage - Loading DB-stored app properties cache
2016-12-23 12:03:51.205 INFO  [localhost-startStop-1] com.haulmont.cuba.core.sys.MetadataImpl - Initializing metadata
2016-12-23 12:03:51.323 INFO  [localhost-startStop-1] com.haulmont.cuba.core.sys.MetadataImpl - Metadata initialized in 118ms
2016-12-23 12:03:52.193 INFO  [localhost-startStop-1] com.haulmont.cuba.core.sys.DefaultPermissionValuesConfig - Initializing default permission values
2016-12-23 12:03:52.674 INFO  [localhost-startStop-1] com.haulmont.cuba.security.app.LoginWorkerBean - Logged in: b40d7bf4-3464-c143-5cec-b443b2c1cc94 [anonymous]
2016-12-23 12:03:52.674 DEBUG [localhost-startStop-1] com.haulmont.cuba.security.app.LoginWorkerBean - Anonymous session initialized with id b40d7bf4-3464-c143-5cec-b443b2c1cc94
2016-12-23 12:03:52.674 INFO  [localhost-startStop-1] com.haulmont.cuba.core.sys.AppContextLoader - AppContext initialized
2016-12-23 12:03:52.678 INFO  [localhost-startStop-1] com.haulmont.cuba.core.sys.remoting.RemotingServlet - FrameworkServlet 'remoting': initialization started
2016-12-23 12:03:52.680 INFO  [localhost-startStop-1] com.haulmont.cuba.core.sys.CubaDefaultXmlWebApplicationContext - Refreshing WebApplicationContext for namespace 'remoting-servlet': startup date [Fri Dec 23 12:03:52 MSK 2016]; parent: com.haulmont.cuba.core.sys.CubaCoreApplicationContext@48d98307
2016-12-23 12:03:52.704 INFO  [localhost-startStop-1] com.haulmont.cuba.core.sys.remoting.RemoteServicesBeanCreator - Configuring remote services
2016-12-23 12:03:52.878 INFO  [localhost-startStop-1] com.haulmont.cuba.core.sys.remoting.RemotingServlet - FrameworkServlet 'remoting': initialization completed in 200 ms
2016-12-23 12:04:36.853 DEBUG [http-nio-8080-exec-12] com.haulmont.cuba.gui.theme.ThemeConstantsRepository - Loading theme constants
2016-12-23 12:04:36.862 DEBUG [http-nio-8080-exec-12] com.haulmont.cuba.web.App - Initializing application
2016-12-23 12:04:36.988 DEBUG [http-nio-8080-exec-12/doors/anonymous] com.haulmont.cuba.web.DefaultApp - connectionStateChanged connected: true, authenticated: false
2016-12-23 12:04:36.989 DEBUG [http-nio-8080-exec-12/doors/anonymous] com.haulmont.cuba.web.App - Closing all windows
2016-12-23 12:04:37.000 INFO  [http-nio-8080-exec-12/doors/anonymous] com.haulmont.cuba.core.sys.MetadataImpl - Initializing metadata
2016-12-23 12:04:37.262 INFO  [http-nio-8080-exec-12/doors/anonymous] com.haulmont.cuba.core.sys.MetadataImpl - Metadata initialized in 262ms
2016-12-23 12:04:37.611 DEBUG [http-nio-8080-exec-12/doors/anonymous] com.haulmont.cuba.web.AbstractConnection - Logged in: user=anonymous, ip=0:0:0:0:0:0:0:1, clientInfo=Web (localhost:8080/doors) Mozilla/5.0 (Windows NT 10.0; Win64; x64) AppleWebKit/537.36 (KHTML, like Gecko) Chrome/55.0.2883.87 Safari/537.36
2016-12-23 12:04:39.936 INFO  [http-nio-8080-exec-1/doors-core/anonymous] com.haulmont.cuba.security.app.LoginWorkerBean - Logged in: 06a6ea5d-75ae-0cae-6dd5-8ca0d919e2ae [admin]
2016-12-23 12:04:39.952 DEBUG [http-nio-8080-exec-1/doors/admin] com.haulmont.cuba.web.DefaultApp - connectionStateChanged connected: true, authenticated: true
2016-12-23 12:04:39.953 DEBUG [http-nio-8080-exec-1/doors/admin] com.haulmont.cuba.web.App - Closing all windows
2016-12-23 12:04:39.955 DEBUG [http-nio-8080-exec-1/doors/admin] com.haulmont.cuba.web.DefaultApp - Session reinitialized: HttpSession=org.apache.catalina.session.StandardSessionFacade@35e68177, timeout=1800sec, UserSession=06a6ea5d-75ae-0cae-6dd5-8ca0d919e2ae [admin]
2016-12-23 12:04:40.369 INFO  [http-nio-8080-exec-1/doors/admin] com.haulmont.cuba.client.sys.ViewRepositoryClientImpl - Initializing views
2016-12-23 12:04:40.372 DEBUG [http-nio-8080-exec-1/doors/admin] com.haulmont.cuba.client.sys.ViewRepositoryClientImpl - Deploying views config: cuba-views.xml
2016-12-23 12:04:40.376 DEBUG [http-nio-8080-exec-1/doors/admin] com.haulmont.cuba.client.sys.ViewRepositoryClientImpl - Deploying views config: com/ekom/doors/views.xml
2016-12-23 12:04:40.394 DEBUG [http-nio-8080-exec-1/doors-core/admin] com.haulmont.cuba.core.app.StoreFactory - No implementation is specified for _MAIN_ store, using RdbmsStore
2016-12-23 12:04:40.468 DEBUG [http-nio-8080-exec-1/doors-core/admin] com.haulmont.cuba.core.app.RdbmsStore - loadList: metaClass=sec$UserSubstitution, view=com.haulmont.cuba.security.entity.UserSubstitution/app, query=select us from sec$UserSubstitution us where us.user.id = :userId and (us.endDate is null or us.endDate >= :currentDate) and (us.startDate is null or us.startDate <= :currentDate) and (us.substitutedUser.active = true or us.substitutedUser.active is null) order by us.substitutedUser.name
2016-12-23 12:04:40.737 DEBUG [http-nio-8080-exec-1/doors-core/admin] com.haulmont.cuba.core.app.FoldersServiceBean - Loading AppFolders
2016-12-23 12:04:40.858 DEBUG [http-nio-8080-exec-1/doors-core/admin] com.haulmont.cuba.core.app.FoldersServiceBean - Loading SearchFolders
2016-12-23 12:04:41.133 DEBUG [http-nio-8080-exec-1/doors/admin] com.haulmont.cuba.web.AbstractConnection - Logged in: user=admin, ip=0:0:0:0:0:0:0:1, clientInfo=Web (localhost:8080/doors) Mozilla/5.0 (Windows NT 10.0; Win64; x64) AppleWebKit/537.36 (KHTML, like Gecko) Chrome/55.0.2883.87 Safari/537.36
2016-12-23 12:04:45.492 INFO  [http-nio-8080-exec-7/doors-core/admin] com.haulmont.cuba.core.app.PersistenceManager - Loading statistics cache
2016-12-23 12:04:45.645 INFO  [http-nio-8080-exec-7/doors-core/admin] com.haulmont.cuba.core.sys.ViewRepositoryImpl - Initializing views
2016-12-23 12:04:45.787 DEBUG [http-nio-8080-exec-7/doors-core/admin] com.haulmont.cuba.core.app.RdbmsStore - loadList: metaClass=sec$Filter, view=com.haulmont.cuba.security.entity.FilterEntity/app, query=select f from sec$Filter f left join f.user u where f.componentId = :component and (u.id = :userId or u is null) order by f.name
2016-12-23 12:04:46.298 DEBUG [http-nio-8080-exec-7/doors-core/admin] com.haulmont.cuba.core.app.RdbmsStore - loadList: metaClass=doors$Order, view=com.ekom.doors.entity.Order/orderWithCustomerAndDoor, query=select e from doors$Order e, max=50
2016-12-23 12:14:38.631 DEBUG [http-nio-8080-exec-18/doors/admin] com.haulmont.cuba.web.App - Ping session
2016-12-23 12:24:39.628 DEBUG [http-nio-8080-exec-19/doors/admin] com.haulmont.cuba.web.App - Ping session
2016-12-23 12:34:40.627 DEBUG [http-nio-8080-exec-16/doors/admin] com.haulmont.cuba.web.App - Ping session
2016-12-23 12:44:41.627 DEBUG [http-nio-8080-exec-18/doors/admin] com.haulmont.cuba.web.App - Ping session
2016-12-23 12:54:42.627 DEBUG [http-nio-8080-exec-19/doors/admin] com.haulmont.cuba.web.App - Ping session
2016-12-23 13:04:43.625 DEBUG [http-nio-8080-exec-14/doors/admin] com.haulmont.cuba.web.App - Ping session
2016-12-23 13:14:44.627 DEBUG [http-nio-8080-exec-18/doors/admin] com.haulmont.cuba.web.App - Ping session
2016-12-23 13:24:45.627 DEBUG [http-nio-8080-exec-19/doors/admin] com.haulmont.cuba.web.App - Ping session
2016-12-23 13:34:46.627 DEBUG [http-nio-8080-exec-14/doors/admin] com.haulmont.cuba.web.App - Ping session
2016-12-23 13:44:46.635 DEBUG [http-nio-8080-exec-6/doors/admin] com.haulmont.cuba.web.App - Ping session
2016-12-23 14:14:50.736 DEBUG [scheduler-6] com.haulmont.cuba.security.app.UserSessions - Removing session due to timeout: 06a6ea5d-75ae-0cae-6dd5-8ca0d919e2ae [admin], since: Fri Dec 23 12:04:39 MSK 2016, lastUsed: Fri Dec 23 13:44:46 MSK 2016
2016-12-23 15:25:27.493 INFO  [localhost-startStop-2] com.haulmont.cuba.core.sys.CubaDefaultXmlWebApplicationContext - Closing WebApplicationContext for namespace 'remoting-servlet': startup date [Fri Dec 23 12:03:52 MSK 2016]; parent: com.haulmont.cuba.core.sys.CubaCoreApplicationContext@48d98307
2016-12-23 15:25:27.565 INFO  [localhost-startStop-2] com.haulmont.cuba.core.sys.CubaCoreApplicationContext - Closing com.haulmont.cuba.core.sys.CubaCoreApplicationContext@48d98307: startup date [Fri Dec 23 12:03:44 MSK 2016]; root of context hierarchy
2016-12-23 15:25:27.571 INFO  [localhost-startStop-2] com.haulmont.cuba.core.sys.CubaThreadPoolTaskScheduler - Shutting down ExecutorService 'scheduler'
