23-Dec-2016 10:29:08.211 INFO [main] org.apache.catalina.startup.VersionLoggerListener.log Server version:        Apache Tomcat/8.0.35
23-Dec-2016 10:29:08.218 INFO [main] org.apache.catalina.startup.VersionLoggerListener.log Server built:          May 11 2016 21:57:08 UTC
23-Dec-2016 10:29:08.219 INFO [main] org.apache.catalina.startup.VersionLoggerListener.log Server number:         8.0.35.0
23-Dec-2016 10:29:08.219 INFO [main] org.apache.catalina.startup.VersionLoggerListener.log OS Name:               Windows 10
23-Dec-2016 10:29:08.220 INFO [main] org.apache.catalina.startup.VersionLoggerListener.log OS Version:            10.0
23-Dec-2016 10:29:08.221 INFO [main] org.apache.catalina.startup.VersionLoggerListener.log Architecture:          amd64
23-Dec-2016 10:29:08.221 INFO [main] org.apache.catalina.startup.VersionLoggerListener.log Java Home:             C:\Program Files\Java\jdk1.8.0_111\jre
23-Dec-2016 10:29:08.222 INFO [main] org.apache.catalina.startup.VersionLoggerListener.log JVM Version:           1.8.0_111-b14
23-Dec-2016 10:29:08.222 INFO [main] org.apache.catalina.startup.VersionLoggerListener.log JVM Vendor:            Oracle Corporation
23-Dec-2016 10:29:08.224 INFO [main] org.apache.catalina.startup.VersionLoggerListener.log CATALINA_BASE:         E:\Work\Cuba Projects\Doors\build\tomcat
23-Dec-2016 10:29:08.224 INFO [main] org.apache.catalina.startup.VersionLoggerListener.log CATALINA_HOME:         E:\Work\Cuba Projects\Doors\build\tomcat
23-Dec-2016 10:29:08.225 INFO [main] org.apache.catalina.startup.VersionLoggerListener.log Command line argument: -Djdk.tls.ephemeralDHKeySize=2048
23-Dec-2016 10:29:08.225 INFO [main] org.apache.catalina.startup.VersionLoggerListener.log Command line argument: -Djava.util.logging.config.file=E:\Work\Cuba Projects\Doors\build\tomcat\conf\logging.properties
23-Dec-2016 10:29:08.226 INFO [main] org.apache.catalina.startup.VersionLoggerListener.log Command line argument: -Djava.util.logging.manager=org.apache.juli.ClassLoaderLogManager
23-Dec-2016 10:29:08.226 INFO [main] org.apache.catalina.startup.VersionLoggerListener.log Command line argument: -Xrunjdwp:transport=dt_socket,address=8787,server=y,suspend=n
23-Dec-2016 10:29:08.227 INFO [main] org.apache.catalina.startup.VersionLoggerListener.log Command line argument: -Xmx512m
23-Dec-2016 10:29:08.229 INFO [main] org.apache.catalina.startup.VersionLoggerListener.log Command line argument: -Dfile.encoding=UTF-8
23-Dec-2016 10:29:08.230 INFO [main] org.apache.catalina.startup.VersionLoggerListener.log Command line argument: -Dlogback.configurationFile=../conf/logback.xml
23-Dec-2016 10:29:08.230 INFO [main] org.apache.catalina.startup.VersionLoggerListener.log Command line argument: -Dcom.sun.management.jmxremote
23-Dec-2016 10:29:08.231 INFO [main] org.apache.catalina.startup.VersionLoggerListener.log Command line argument: -Djava.endorsed.dirs=E:\Work\Cuba Projects\Doors\build\tomcat\endorsed
23-Dec-2016 10:29:08.231 INFO [main] org.apache.catalina.startup.VersionLoggerListener.log Command line argument: -Dcatalina.base=E:\Work\Cuba Projects\Doors\build\tomcat
23-Dec-2016 10:29:08.232 INFO [main] org.apache.catalina.startup.VersionLoggerListener.log Command line argument: -Dcatalina.home=E:\Work\Cuba Projects\Doors\build\tomcat
23-Dec-2016 10:29:08.232 INFO [main] org.apache.catalina.startup.VersionLoggerListener.log Command line argument: -Djava.io.tmpdir=E:\Work\Cuba Projects\Doors\build\tomcat\temp
23-Dec-2016 10:29:08.233 INFO [main] org.apache.catalina.core.AprLifecycleListener.lifecycleEvent The APR based Apache Tomcat Native library which allows optimal performance in production environments was not found on the java.library.path: C:\Program Files\Java\jdk1.8.0_111\bin;C:\WINDOWS\Sun\Java\bin;C:\WINDOWS\system32;C:\WINDOWS;C:\ProgramData\Oracle\Java\javapath;C:\Windows\system32;C:\Windows;C:\Windows\System32\Wbem;C:\Windows\System32\WindowsPowerShell\v1.0\;C:\Program Files (x86)\NVIDIA Corporation\PhysX\Common;C:\Program Files (x86)\Common Files\Acronis\SnapAPI\;C:\Program Files (x86)\Skype\Phone\;C:\WINDOWS\system32\config\systemprofile\.dnx\bin;C:\Program Files\Microsoft DNX\Dnvm\;C:\Program Files\Microsoft SQL Server\120\Tools\Binn\;C:\WINDOWS\system32;C:\WINDOWS;C:\WINDOWS\System32\Wbem;C:\WINDOWS\System32\WindowsPowerShell\v1.0\;C:\Program Files (x86)\Microsoft SQL Server\100\Tools\Binn\;C:\Program Files\Microsoft SQL Server\100\Tools\Binn\;C:\Program Files\Microsoft SQL Server\100\DTS\Binn\;C:\Users\Sergey\AppData\Local\Microsoft\WindowsApps;;.
23-Dec-2016 10:29:08.417 INFO [main] org.apache.coyote.AbstractProtocol.init Initializing ProtocolHandler ["http-nio-8080"]
23-Dec-2016 10:29:08.471 INFO [main] org.apache.tomcat.util.net.NioSelectorPool.getSharedSelector Using a shared selector for servlet write/read
23-Dec-2016 10:29:08.473 INFO [main] org.apache.coyote.AbstractProtocol.init Initializing ProtocolHandler ["ajp-nio-8009"]
23-Dec-2016 10:29:08.475 INFO [main] org.apache.tomcat.util.net.NioSelectorPool.getSharedSelector Using a shared selector for servlet write/read
23-Dec-2016 10:29:08.476 INFO [main] org.apache.catalina.startup.Catalina.load Initialization processed in 539 ms
23-Dec-2016 10:29:08.500 INFO [main] org.apache.catalina.core.StandardService.startInternal Starting service Catalina
23-Dec-2016 10:29:08.501 INFO [main] org.apache.catalina.core.StandardEngine.startInternal Starting Servlet Engine: Apache Tomcat/8.0.35
23-Dec-2016 10:29:08.510 INFO [localhost-startStop-1] org.apache.catalina.startup.HostConfig.deployDirectory Deploying web application directory E:\Work\Cuba Projects\Doors\build\tomcat\webapps\doors
23-Dec-2016 10:29:09.195 INFO [localhost-startStop-1] org.atmosphere.cpr.AtmosphereFramework.addAtmosphereHandler Installed AtmosphereHandler com.vaadin.server.communication.PushAtmosphereHandler mapped to context-path: /*
23-Dec-2016 10:29:09.195 INFO [localhost-startStop-1] org.atmosphere.cpr.AtmosphereFramework.addAtmosphereHandler Installed the following AtmosphereInterceptor mapped to AtmosphereHandler com.vaadin.server.communication.PushAtmosphereHandler
23-Dec-2016 10:29:09.200 INFO [localhost-startStop-1] org.atmosphere.util.IOUtils.readServiceFile META-INF/services/org.atmosphere.cpr.AtmosphereFramework not found in class loader
23-Dec-2016 10:29:09.225 INFO [localhost-startStop-1] org.atmosphere.cpr.AtmosphereFramework.autoConfigureService Atmosphere is using org.atmosphere.util.VoidAnnotationProcessor for processing annotation
23-Dec-2016 10:29:09.245 INFO [localhost-startStop-1] org.atmosphere.cpr.AtmosphereFramework.initWebSocket Installed WebSocketProtocol org.atmosphere.websocket.protocol.SimpleHttpProtocol 
23-Dec-2016 10:29:09.257 INFO [localhost-startStop-1] org.atmosphere.container.JSR356AsyncSupport.<init> JSR 356 Mapping path /{path}
23-Dec-2016 10:29:09.275 INFO [localhost-startStop-1] org.atmosphere.cpr.AtmosphereFramework.configureAtmosphereInterceptor Installing Default AtmosphereInterceptors
23-Dec-2016 10:29:09.277 INFO [localhost-startStop-1] org.atmosphere.cpr.AtmosphereFramework.newAInterceptor 	org.atmosphere.interceptor.CorsInterceptor : CORS Interceptor Support
23-Dec-2016 10:29:09.279 INFO [localhost-startStop-1] org.atmosphere.cpr.AtmosphereFramework.newAInterceptor 	org.atmosphere.interceptor.CacheHeadersInterceptor : Default Response's Headers Interceptor
23-Dec-2016 10:29:09.281 INFO [localhost-startStop-1] org.atmosphere.cpr.AtmosphereFramework.newAInterceptor 	org.atmosphere.interceptor.PaddingAtmosphereInterceptor : Browser Padding Interceptor Support
23-Dec-2016 10:29:09.283 INFO [localhost-startStop-1] org.atmosphere.cpr.AtmosphereFramework.newAInterceptor 	org.atmosphere.interceptor.AndroidAtmosphereInterceptor : Android Interceptor Support
23-Dec-2016 10:29:09.283 INFO [localhost-startStop-1] org.atmosphere.cpr.AtmosphereFramework.configureAtmosphereInterceptor Dropping Interceptor org.atmosphere.interceptor.HeartbeatInterceptor
23-Dec-2016 10:29:09.285 INFO [localhost-startStop-1] org.atmosphere.cpr.AtmosphereFramework.newAInterceptor 	org.atmosphere.interceptor.SSEAtmosphereInterceptor : SSE Interceptor Support
23-Dec-2016 10:29:09.288 INFO [localhost-startStop-1] org.atmosphere.cpr.AtmosphereFramework.newAInterceptor 	org.atmosphere.interceptor.JSONPAtmosphereInterceptor : JSONP Interceptor Support
23-Dec-2016 10:29:09.291 INFO [localhost-startStop-1] org.atmosphere.cpr.AtmosphereFramework.newAInterceptor 	org.atmosphere.interceptor.JavaScriptProtocol : Atmosphere JavaScript Protocol
23-Dec-2016 10:29:09.293 INFO [localhost-startStop-1] org.atmosphere.cpr.AtmosphereFramework.newAInterceptor 	org.atmosphere.interceptor.WebSocketMessageSuspendInterceptor : org.atmosphere.interceptor.WebSocketMessageSuspendInterceptor
23-Dec-2016 10:29:09.294 INFO [localhost-startStop-1] org.atmosphere.cpr.AtmosphereFramework.newAInterceptor 	org.atmosphere.interceptor.OnDisconnectInterceptor : Browser disconnection detection
23-Dec-2016 10:29:09.296 INFO [localhost-startStop-1] org.atmosphere.cpr.AtmosphereFramework.newAInterceptor 	org.atmosphere.interceptor.IdleResourceInterceptor : org.atmosphere.interceptor.IdleResourceInterceptor
23-Dec-2016 10:29:09.297 INFO [localhost-startStop-1] org.atmosphere.cpr.AtmosphereFramework.configureAtmosphereInterceptor Set org.atmosphere.cpr.AtmosphereInterceptor.disableDefaults to disable them.
23-Dec-2016 10:29:09.301 INFO [localhost-startStop-1] org.atmosphere.cpr.AtmosphereFramework.info Using EndpointMapper class org.atmosphere.util.DefaultEndpointMapper
23-Dec-2016 10:29:09.302 INFO [localhost-startStop-1] org.atmosphere.cpr.AtmosphereFramework.info Using BroadcasterCache: org.atmosphere.cache.UUIDBroadcasterCache
23-Dec-2016 10:29:09.302 INFO [localhost-startStop-1] org.atmosphere.cpr.AtmosphereFramework.info Default Broadcaster Class: org.atmosphere.cpr.DefaultBroadcaster
23-Dec-2016 10:29:09.303 INFO [localhost-startStop-1] org.atmosphere.cpr.AtmosphereFramework.info Broadcaster Polling Wait Time 100
23-Dec-2016 10:29:09.303 INFO [localhost-startStop-1] org.atmosphere.cpr.AtmosphereFramework.info Shared ExecutorService supported: true
23-Dec-2016 10:29:09.304 INFO [localhost-startStop-1] org.atmosphere.cpr.AtmosphereFramework.info Messaging Thread Pool Size: Unlimited
23-Dec-2016 10:29:09.305 INFO [localhost-startStop-1] org.atmosphere.cpr.AtmosphereFramework.info Async I/O Thread Pool Size: 200
23-Dec-2016 10:29:09.306 INFO [localhost-startStop-1] org.atmosphere.cpr.AtmosphereFramework.info Using BroadcasterFactory: org.atmosphere.cpr.DefaultBroadcasterFactory
23-Dec-2016 10:29:09.306 INFO [localhost-startStop-1] org.atmosphere.cpr.AtmosphereFramework.info Using WebSocketProcessor: org.atmosphere.websocket.DefaultWebSocketProcessor
23-Dec-2016 10:29:09.311 INFO [localhost-startStop-1] org.atmosphere.cpr.AtmosphereFramework.info Invoke AtmosphereInterceptor on WebSocket message true
23-Dec-2016 10:29:09.312 INFO [localhost-startStop-1] org.atmosphere.cpr.AtmosphereFramework.info HttpSession supported: true
23-Dec-2016 10:29:09.312 INFO [localhost-startStop-1] org.atmosphere.cpr.AtmosphereFramework.info Atmosphere is using DefaultAtmosphereObjectFactory for dependency injection and object creation
23-Dec-2016 10:29:09.313 INFO [localhost-startStop-1] org.atmosphere.cpr.AtmosphereFramework.info Atmosphere is using async support: org.atmosphere.container.JSR356AsyncSupport running under container: Apache Tomcat/8.0.35 using javax.servlet/3.0 and jsr356/WebSocket API
23-Dec-2016 10:29:09.313 INFO [localhost-startStop-1] org.atmosphere.cpr.AtmosphereFramework.info Atmosphere Framework 2.2.7.vaadin1 started.
23-Dec-2016 10:29:09.318 INFO [localhost-startStop-1] org.atmosphere.cpr.AtmosphereFramework.interceptor Installed AtmosphereInterceptor  Track Message Size Interceptor using | with priority BEFORE_DEFAULT 
23-Dec-2016 10:29:16.506 INFO [localhost-startStop-1] org.apache.catalina.startup.HostConfig.deployDirectory Deployment of web application directory E:\Work\Cuba Projects\Doors\build\tomcat\webapps\doors has finished in 7,995 ms
23-Dec-2016 10:29:16.507 INFO [localhost-startStop-1] org.apache.catalina.startup.HostConfig.deployDirectory Deploying web application directory E:\Work\Cuba Projects\Doors\build\tomcat\webapps\doors-core
23-Dec-2016 10:29:27.059 INFO [localhost-startStop-1] org.apache.catalina.startup.HostConfig.deployDirectory Deployment of web application directory E:\Work\Cuba Projects\Doors\build\tomcat\webapps\doors-core has finished in 10,551 ms
23-Dec-2016 10:29:27.083 INFO [main] org.apache.coyote.AbstractProtocol.start Starting ProtocolHandler ["http-nio-8080"]
23-Dec-2016 10:29:27.108 INFO [main] org.apache.coyote.AbstractProtocol.start Starting ProtocolHandler ["ajp-nio-8009"]
23-Dec-2016 10:29:27.110 INFO [main] org.apache.catalina.startup.Catalina.start Server startup in 18633 ms
23-Dec-2016 10:29:27.274 WARNING [http-nio-8080-exec-10] com.vaadin.server.DefaultDeploymentConfiguration.checkProductionMode 
=================================================================
Vaadin is running in DEBUG MODE.
Add productionMode=true to web.xml to disable debug features.
To show debug window, add ?debug to your application URL.
=================================================================
23-Dec-2016 10:44:56.054 INFO [main] org.apache.catalina.core.StandardServer.await A valid shutdown command was received via the shutdown port. Stopping the Server instance.
23-Dec-2016 10:44:56.055 INFO [main] org.apache.coyote.AbstractProtocol.pause Pausing ProtocolHandler ["http-nio-8080"]
23-Dec-2016 10:44:56.107 INFO [main] org.apache.coyote.AbstractProtocol.pause Pausing ProtocolHandler ["ajp-nio-8009"]
23-Dec-2016 10:44:56.159 INFO [main] org.apache.catalina.core.StandardService.stopInternal Stopping service Catalina
23-Dec-2016 10:44:56.297 INFO [main] org.apache.coyote.AbstractProtocol.stop Stopping ProtocolHandler ["http-nio-8080"]
23-Dec-2016 10:44:56.302 INFO [main] org.apache.coyote.AbstractProtocol.stop Stopping ProtocolHandler ["ajp-nio-8009"]
23-Dec-2016 10:44:56.303 INFO [main] org.apache.coyote.AbstractProtocol.destroy Destroying ProtocolHandler ["http-nio-8080"]
23-Dec-2016 10:44:56.305 INFO [main] org.apache.coyote.AbstractProtocol.destroy Destroying ProtocolHandler ["ajp-nio-8009"]
23-Dec-2016 10:50:29.607 INFO [main] org.apache.catalina.startup.VersionLoggerListener.log Server version:        Apache Tomcat/8.0.35
23-Dec-2016 10:50:29.614 INFO [main] org.apache.catalina.startup.VersionLoggerListener.log Server built:          May 11 2016 21:57:08 UTC
23-Dec-2016 10:50:29.615 INFO [main] org.apache.catalina.startup.VersionLoggerListener.log Server number:         8.0.35.0
23-Dec-2016 10:50:29.615 INFO [main] org.apache.catalina.startup.VersionLoggerListener.log OS Name:               Windows 10
23-Dec-2016 10:50:29.616 INFO [main] org.apache.catalina.startup.VersionLoggerListener.log OS Version:            10.0
23-Dec-2016 10:50:29.617 INFO [main] org.apache.catalina.startup.VersionLoggerListener.log Architecture:          amd64
23-Dec-2016 10:50:29.617 INFO [main] org.apache.catalina.startup.VersionLoggerListener.log Java Home:             C:\Program Files\Java\jdk1.8.0_111\jre
23-Dec-2016 10:50:29.618 INFO [main] org.apache.catalina.startup.VersionLoggerListener.log JVM Version:           1.8.0_111-b14
23-Dec-2016 10:50:29.618 INFO [main] org.apache.catalina.startup.VersionLoggerListener.log JVM Vendor:            Oracle Corporation
23-Dec-2016 10:50:29.620 INFO [main] org.apache.catalina.startup.VersionLoggerListener.log CATALINA_BASE:         E:\Work\Cuba Projects\Doors\build\tomcat
23-Dec-2016 10:50:29.620 INFO [main] org.apache.catalina.startup.VersionLoggerListener.log CATALINA_HOME:         E:\Work\Cuba Projects\Doors\build\tomcat
23-Dec-2016 10:50:29.621 INFO [main] org.apache.catalina.startup.VersionLoggerListener.log Command line argument: -Djdk.tls.ephemeralDHKeySize=2048
23-Dec-2016 10:50:29.621 INFO [main] org.apache.catalina.startup.VersionLoggerListener.log Command line argument: -Djava.util.logging.config.file=E:\Work\Cuba Projects\Doors\build\tomcat\conf\logging.properties
23-Dec-2016 10:50:29.622 INFO [main] org.apache.catalina.startup.VersionLoggerListener.log Command line argument: -Djava.util.logging.manager=org.apache.juli.ClassLoaderLogManager
23-Dec-2016 10:50:29.622 INFO [main] org.apache.catalina.startup.VersionLoggerListener.log Command line argument: -Xrunjdwp:transport=dt_socket,address=8787,server=y,suspend=n
23-Dec-2016 10:50:29.625 INFO [main] org.apache.catalina.startup.VersionLoggerListener.log Command line argument: -Xmx512m
23-Dec-2016 10:50:29.626 INFO [main] org.apache.catalina.startup.VersionLoggerListener.log Command line argument: -Dfile.encoding=UTF-8
23-Dec-2016 10:50:29.626 INFO [main] org.apache.catalina.startup.VersionLoggerListener.log Command line argument: -Dlogback.configurationFile=../conf/logback.xml
23-Dec-2016 10:50:29.627 INFO [main] org.apache.catalina.startup.VersionLoggerListener.log Command line argument: -Dcom.sun.management.jmxremote
23-Dec-2016 10:50:29.628 INFO [main] org.apache.catalina.startup.VersionLoggerListener.log Command line argument: -Djava.endorsed.dirs=E:\Work\Cuba Projects\Doors\build\tomcat\endorsed
23-Dec-2016 10:50:29.628 INFO [main] org.apache.catalina.startup.VersionLoggerListener.log Command line argument: -Dcatalina.base=E:\Work\Cuba Projects\Doors\build\tomcat
23-Dec-2016 10:50:29.629 INFO [main] org.apache.catalina.startup.VersionLoggerListener.log Command line argument: -Dcatalina.home=E:\Work\Cuba Projects\Doors\build\tomcat
23-Dec-2016 10:50:29.629 INFO [main] org.apache.catalina.startup.VersionLoggerListener.log Command line argument: -Djava.io.tmpdir=E:\Work\Cuba Projects\Doors\build\tomcat\temp
23-Dec-2016 10:50:29.630 INFO [main] org.apache.catalina.core.AprLifecycleListener.lifecycleEvent The APR based Apache Tomcat Native library which allows optimal performance in production environments was not found on the java.library.path: C:\Program Files\Java\jdk1.8.0_111\bin;C:\WINDOWS\Sun\Java\bin;C:\WINDOWS\system32;C:\WINDOWS;C:\ProgramData\Oracle\Java\javapath;C:\Windows\system32;C:\Windows;C:\Windows\System32\Wbem;C:\Windows\System32\WindowsPowerShell\v1.0\;C:\Program Files (x86)\NVIDIA Corporation\PhysX\Common;C:\Program Files (x86)\Common Files\Acronis\SnapAPI\;C:\Program Files (x86)\Skype\Phone\;C:\WINDOWS\system32\config\systemprofile\.dnx\bin;C:\Program Files\Microsoft DNX\Dnvm\;C:\Program Files\Microsoft SQL Server\120\Tools\Binn\;C:\WINDOWS\system32;C:\WINDOWS;C:\WINDOWS\System32\Wbem;C:\WINDOWS\System32\WindowsPowerShell\v1.0\;C:\Program Files (x86)\Microsoft SQL Server\100\Tools\Binn\;C:\Program Files\Microsoft SQL Server\100\Tools\Binn\;C:\Program Files\Microsoft SQL Server\100\DTS\Binn\;C:\Users\Sergey\AppData\Local\Microsoft\WindowsApps;;.
23-Dec-2016 10:50:29.790 INFO [main] org.apache.coyote.AbstractProtocol.init Initializing ProtocolHandler ["http-nio-8080"]
23-Dec-2016 10:50:29.867 INFO [main] org.apache.tomcat.util.net.NioSelectorPool.getSharedSelector Using a shared selector for servlet write/read
23-Dec-2016 10:50:29.872 INFO [main] org.apache.coyote.AbstractProtocol.init Initializing ProtocolHandler ["ajp-nio-8009"]
23-Dec-2016 10:50:29.875 INFO [main] org.apache.tomcat.util.net.NioSelectorPool.getSharedSelector Using a shared selector for servlet write/read
23-Dec-2016 10:50:29.876 INFO [main] org.apache.catalina.startup.Catalina.load Initialization processed in 549 ms
23-Dec-2016 10:50:29.907 INFO [main] org.apache.catalina.core.StandardService.startInternal Starting service Catalina
23-Dec-2016 10:50:29.908 INFO [main] org.apache.catalina.core.StandardEngine.startInternal Starting Servlet Engine: Apache Tomcat/8.0.35
23-Dec-2016 10:50:29.919 INFO [localhost-startStop-1] org.apache.catalina.startup.HostConfig.deployDirectory Deploying web application directory E:\Work\Cuba Projects\Doors\build\tomcat\webapps\doors
23-Dec-2016 10:50:30.706 INFO [localhost-startStop-1] org.atmosphere.cpr.AtmosphereFramework.addAtmosphereHandler Installed AtmosphereHandler com.vaadin.server.communication.PushAtmosphereHandler mapped to context-path: /*
23-Dec-2016 10:50:30.707 INFO [localhost-startStop-1] org.atmosphere.cpr.AtmosphereFramework.addAtmosphereHandler Installed the following AtmosphereInterceptor mapped to AtmosphereHandler com.vaadin.server.communication.PushAtmosphereHandler
23-Dec-2016 10:50:30.712 INFO [localhost-startStop-1] org.atmosphere.util.IOUtils.readServiceFile META-INF/services/org.atmosphere.cpr.AtmosphereFramework not found in class loader
23-Dec-2016 10:50:30.736 INFO [localhost-startStop-1] org.atmosphere.cpr.AtmosphereFramework.autoConfigureService Atmosphere is using org.atmosphere.util.VoidAnnotationProcessor for processing annotation
23-Dec-2016 10:50:30.751 INFO [localhost-startStop-1] org.atmosphere.cpr.AtmosphereFramework.initWebSocket Installed WebSocketProtocol org.atmosphere.websocket.protocol.SimpleHttpProtocol 
23-Dec-2016 10:50:30.763 INFO [localhost-startStop-1] org.atmosphere.container.JSR356AsyncSupport.<init> JSR 356 Mapping path /{path}
23-Dec-2016 10:50:30.781 INFO [localhost-startStop-1] org.atmosphere.cpr.AtmosphereFramework.configureAtmosphereInterceptor Installing Default AtmosphereInterceptors
23-Dec-2016 10:50:30.783 INFO [localhost-startStop-1] org.atmosphere.cpr.AtmosphereFramework.newAInterceptor 	org.atmosphere.interceptor.CorsInterceptor : CORS Interceptor Support
23-Dec-2016 10:50:30.785 INFO [localhost-startStop-1] org.atmosphere.cpr.AtmosphereFramework.newAInterceptor 	org.atmosphere.interceptor.CacheHeadersInterceptor : Default Response's Headers Interceptor
23-Dec-2016 10:50:30.788 INFO [localhost-startStop-1] org.atmosphere.cpr.AtmosphereFramework.newAInterceptor 	org.atmosphere.interceptor.PaddingAtmosphereInterceptor : Browser Padding Interceptor Support
23-Dec-2016 10:50:30.790 INFO [localhost-startStop-1] org.atmosphere.cpr.AtmosphereFramework.newAInterceptor 	org.atmosphere.interceptor.AndroidAtmosphereInterceptor : Android Interceptor Support
23-Dec-2016 10:50:30.791 INFO [localhost-startStop-1] org.atmosphere.cpr.AtmosphereFramework.configureAtmosphereInterceptor Dropping Interceptor org.atmosphere.interceptor.HeartbeatInterceptor
23-Dec-2016 10:50:30.793 INFO [localhost-startStop-1] org.atmosphere.cpr.AtmosphereFramework.newAInterceptor 	org.atmosphere.interceptor.SSEAtmosphereInterceptor : SSE Interceptor Support
23-Dec-2016 10:50:30.795 INFO [localhost-startStop-1] org.atmosphere.cpr.AtmosphereFramework.newAInterceptor 	org.atmosphere.interceptor.JSONPAtmosphereInterceptor : JSONP Interceptor Support
23-Dec-2016 10:50:30.798 INFO [localhost-startStop-1] org.atmosphere.cpr.AtmosphereFramework.newAInterceptor 	org.atmosphere.interceptor.JavaScriptProtocol : Atmosphere JavaScript Protocol
23-Dec-2016 10:50:30.799 INFO [localhost-startStop-1] org.atmosphere.cpr.AtmosphereFramework.newAInterceptor 	org.atmosphere.interceptor.WebSocketMessageSuspendInterceptor : org.atmosphere.interceptor.WebSocketMessageSuspendInterceptor
23-Dec-2016 10:50:30.800 INFO [localhost-startStop-1] org.atmosphere.cpr.AtmosphereFramework.newAInterceptor 	org.atmosphere.interceptor.OnDisconnectInterceptor : Browser disconnection detection
23-Dec-2016 10:50:30.801 INFO [localhost-startStop-1] org.atmosphere.cpr.AtmosphereFramework.newAInterceptor 	org.atmosphere.interceptor.IdleResourceInterceptor : org.atmosphere.interceptor.IdleResourceInterceptor
23-Dec-2016 10:50:30.802 INFO [localhost-startStop-1] org.atmosphere.cpr.AtmosphereFramework.configureAtmosphereInterceptor Set org.atmosphere.cpr.AtmosphereInterceptor.disableDefaults to disable them.
23-Dec-2016 10:50:30.806 INFO [localhost-startStop-1] org.atmosphere.cpr.AtmosphereFramework.info Using EndpointMapper class org.atmosphere.util.DefaultEndpointMapper
23-Dec-2016 10:50:30.807 INFO [localhost-startStop-1] org.atmosphere.cpr.AtmosphereFramework.info Using BroadcasterCache: org.atmosphere.cache.UUIDBroadcasterCache
23-Dec-2016 10:50:30.807 INFO [localhost-startStop-1] org.atmosphere.cpr.AtmosphereFramework.info Default Broadcaster Class: org.atmosphere.cpr.DefaultBroadcaster
23-Dec-2016 10:50:30.808 INFO [localhost-startStop-1] org.atmosphere.cpr.AtmosphereFramework.info Broadcaster Polling Wait Time 100
23-Dec-2016 10:50:30.809 INFO [localhost-startStop-1] org.atmosphere.cpr.AtmosphereFramework.info Shared ExecutorService supported: true
23-Dec-2016 10:50:30.810 INFO [localhost-startStop-1] org.atmosphere.cpr.AtmosphereFramework.info Messaging Thread Pool Size: Unlimited
23-Dec-2016 10:50:30.810 INFO [localhost-startStop-1] org.atmosphere.cpr.AtmosphereFramework.info Async I/O Thread Pool Size: 200
23-Dec-2016 10:50:30.811 INFO [localhost-startStop-1] org.atmosphere.cpr.AtmosphereFramework.info Using BroadcasterFactory: org.atmosphere.cpr.DefaultBroadcasterFactory
23-Dec-2016 10:50:30.812 INFO [localhost-startStop-1] org.atmosphere.cpr.AtmosphereFramework.info Using WebSocketProcessor: org.atmosphere.websocket.DefaultWebSocketProcessor
23-Dec-2016 10:50:30.820 INFO [localhost-startStop-1] org.atmosphere.cpr.AtmosphereFramework.info Invoke AtmosphereInterceptor on WebSocket message true
23-Dec-2016 10:50:30.820 INFO [localhost-startStop-1] org.atmosphere.cpr.AtmosphereFramework.info HttpSession supported: true
23-Dec-2016 10:50:30.821 INFO [localhost-startStop-1] org.atmosphere.cpr.AtmosphereFramework.info Atmosphere is using DefaultAtmosphereObjectFactory for dependency injection and object creation
23-Dec-2016 10:50:30.822 INFO [localhost-startStop-1] org.atmosphere.cpr.AtmosphereFramework.info Atmosphere is using async support: org.atmosphere.container.JSR356AsyncSupport running under container: Apache Tomcat/8.0.35 using javax.servlet/3.0 and jsr356/WebSocket API
23-Dec-2016 10:50:30.822 INFO [localhost-startStop-1] org.atmosphere.cpr.AtmosphereFramework.info Atmosphere Framework 2.2.7.vaadin1 started.
23-Dec-2016 10:50:30.827 INFO [localhost-startStop-1] org.atmosphere.cpr.AtmosphereFramework.interceptor Installed AtmosphereInterceptor  Track Message Size Interceptor using | with priority BEFORE_DEFAULT 
23-Dec-2016 10:50:37.613 INFO [localhost-startStop-1] org.apache.catalina.startup.HostConfig.deployDirectory Deployment of web application directory E:\Work\Cuba Projects\Doors\build\tomcat\webapps\doors has finished in 7,693 ms
23-Dec-2016 10:50:37.613 INFO [localhost-startStop-1] org.apache.catalina.startup.HostConfig.deployDirectory Deploying web application directory E:\Work\Cuba Projects\Doors\build\tomcat\webapps\doors-core
23-Dec-2016 10:50:46.323 INFO [localhost-startStop-1] org.apache.catalina.startup.HostConfig.deployDirectory Deployment of web application directory E:\Work\Cuba Projects\Doors\build\tomcat\webapps\doors-core has finished in 8,710 ms
23-Dec-2016 10:50:46.327 INFO [main] org.apache.coyote.AbstractProtocol.start Starting ProtocolHandler ["http-nio-8080"]
23-Dec-2016 10:50:46.336 INFO [main] org.apache.coyote.AbstractProtocol.start Starting ProtocolHandler ["ajp-nio-8009"]
23-Dec-2016 10:50:46.338 INFO [main] org.apache.catalina.startup.Catalina.start Server startup in 16461 ms
23-Dec-2016 10:52:36.600 WARNING [http-nio-8080-exec-2] com.vaadin.server.DefaultDeploymentConfiguration.checkProductionMode 
=================================================================
Vaadin is running in DEBUG MODE.
Add productionMode=true to web.xml to disable debug features.
To show debug window, add ?debug to your application URL.
=================================================================
23-Dec-2016 11:01:44.751 INFO [main] org.apache.catalina.core.StandardServer.await A valid shutdown command was received via the shutdown port. Stopping the Server instance.
23-Dec-2016 11:01:44.753 INFO [main] org.apache.coyote.AbstractProtocol.pause Pausing ProtocolHandler ["http-nio-8080"]
23-Dec-2016 11:01:44.806 INFO [main] org.apache.coyote.AbstractProtocol.pause Pausing ProtocolHandler ["ajp-nio-8009"]
23-Dec-2016 11:01:44.857 INFO [main] org.apache.catalina.core.StandardService.stopInternal Stopping service Catalina
23-Dec-2016 11:01:45.102 INFO [main] org.apache.coyote.AbstractProtocol.stop Stopping ProtocolHandler ["http-nio-8080"]
23-Dec-2016 11:01:45.106 INFO [main] org.apache.coyote.AbstractProtocol.stop Stopping ProtocolHandler ["ajp-nio-8009"]
23-Dec-2016 11:01:45.107 INFO [main] org.apache.coyote.AbstractProtocol.destroy Destroying ProtocolHandler ["http-nio-8080"]
23-Dec-2016 11:01:45.108 INFO [main] org.apache.coyote.AbstractProtocol.destroy Destroying ProtocolHandler ["ajp-nio-8009"]
23-Dec-2016 11:01:59.187 INFO [main] org.apache.catalina.startup.VersionLoggerListener.log Server version:        Apache Tomcat/8.0.35
23-Dec-2016 11:01:59.195 INFO [main] org.apache.catalina.startup.VersionLoggerListener.log Server built:          May 11 2016 21:57:08 UTC
23-Dec-2016 11:01:59.196 INFO [main] org.apache.catalina.startup.VersionLoggerListener.log Server number:         8.0.35.0
23-Dec-2016 11:01:59.197 INFO [main] org.apache.catalina.startup.VersionLoggerListener.log OS Name:               Windows 10
23-Dec-2016 11:01:59.197 INFO [main] org.apache.catalina.startup.VersionLoggerListener.log OS Version:            10.0
23-Dec-2016 11:01:59.198 INFO [main] org.apache.catalina.startup.VersionLoggerListener.log Architecture:          amd64
23-Dec-2016 11:01:59.199 INFO [main] org.apache.catalina.startup.VersionLoggerListener.log Java Home:             C:\Program Files\Java\jdk1.8.0_111\jre
23-Dec-2016 11:01:59.200 INFO [main] org.apache.catalina.startup.VersionLoggerListener.log JVM Version:           1.8.0_111-b14
23-Dec-2016 11:01:59.200 INFO [main] org.apache.catalina.startup.VersionLoggerListener.log JVM Vendor:            Oracle Corporation
23-Dec-2016 11:01:59.202 INFO [main] org.apache.catalina.startup.VersionLoggerListener.log CATALINA_BASE:         E:\Work\Cuba Projects\Doors\build\tomcat
23-Dec-2016 11:01:59.203 INFO [main] org.apache.catalina.startup.VersionLoggerListener.log CATALINA_HOME:         E:\Work\Cuba Projects\Doors\build\tomcat
23-Dec-2016 11:01:59.204 INFO [main] org.apache.catalina.startup.VersionLoggerListener.log Command line argument: -Djdk.tls.ephemeralDHKeySize=2048
23-Dec-2016 11:01:59.205 INFO [main] org.apache.catalina.startup.VersionLoggerListener.log Command line argument: -Djava.util.logging.config.file=E:\Work\Cuba Projects\Doors\build\tomcat\conf\logging.properties
23-Dec-2016 11:01:59.206 INFO [main] org.apache.catalina.startup.VersionLoggerListener.log Command line argument: -Djava.util.logging.manager=org.apache.juli.ClassLoaderLogManager
23-Dec-2016 11:01:59.207 INFO [main] org.apache.catalina.startup.VersionLoggerListener.log Command line argument: -Xrunjdwp:transport=dt_socket,address=8787,server=y,suspend=n
23-Dec-2016 11:01:59.208 INFO [main] org.apache.catalina.startup.VersionLoggerListener.log Command line argument: -Xmx512m
23-Dec-2016 11:01:59.208 INFO [main] org.apache.catalina.startup.VersionLoggerListener.log Command line argument: -Dfile.encoding=UTF-8
23-Dec-2016 11:01:59.209 INFO [main] org.apache.catalina.startup.VersionLoggerListener.log Command line argument: -Dlogback.configurationFile=../conf/logback.xml
23-Dec-2016 11:01:59.210 INFO [main] org.apache.catalina.startup.VersionLoggerListener.log Command line argument: -Dcom.sun.management.jmxremote
23-Dec-2016 11:01:59.211 INFO [main] org.apache.catalina.startup.VersionLoggerListener.log Command line argument: -Djava.endorsed.dirs=E:\Work\Cuba Projects\Doors\build\tomcat\endorsed
23-Dec-2016 11:01:59.211 INFO [main] org.apache.catalina.startup.VersionLoggerListener.log Command line argument: -Dcatalina.base=E:\Work\Cuba Projects\Doors\build\tomcat
23-Dec-2016 11:01:59.212 INFO [main] org.apache.catalina.startup.VersionLoggerListener.log Command line argument: -Dcatalina.home=E:\Work\Cuba Projects\Doors\build\tomcat
23-Dec-2016 11:01:59.212 INFO [main] org.apache.catalina.startup.VersionLoggerListener.log Command line argument: -Djava.io.tmpdir=E:\Work\Cuba Projects\Doors\build\tomcat\temp
23-Dec-2016 11:01:59.213 INFO [main] org.apache.catalina.core.AprLifecycleListener.lifecycleEvent The APR based Apache Tomcat Native library which allows optimal performance in production environments was not found on the java.library.path: C:\Program Files\Java\jdk1.8.0_111\bin;C:\WINDOWS\Sun\Java\bin;C:\WINDOWS\system32;C:\WINDOWS;C:\ProgramData\Oracle\Java\javapath;C:\Windows\system32;C:\Windows;C:\Windows\System32\Wbem;C:\Windows\System32\WindowsPowerShell\v1.0\;C:\Program Files (x86)\NVIDIA Corporation\PhysX\Common;C:\Program Files (x86)\Common Files\Acronis\SnapAPI\;C:\Program Files (x86)\Skype\Phone\;C:\WINDOWS\system32\config\systemprofile\.dnx\bin;C:\Program Files\Microsoft DNX\Dnvm\;C:\Program Files\Microsoft SQL Server\120\Tools\Binn\;C:\WINDOWS\system32;C:\WINDOWS;C:\WINDOWS\System32\Wbem;C:\WINDOWS\System32\WindowsPowerShell\v1.0\;C:\Program Files (x86)\Microsoft SQL Server\100\Tools\Binn\;C:\Program Files\Microsoft SQL Server\100\Tools\Binn\;C:\Program Files\Microsoft SQL Server\100\DTS\Binn\;C:\Users\Sergey\AppData\Local\Microsoft\WindowsApps;;.
23-Dec-2016 11:01:59.394 INFO [main] org.apache.coyote.AbstractProtocol.init Initializing ProtocolHandler ["http-nio-8080"]
23-Dec-2016 11:01:59.460 INFO [main] org.apache.tomcat.util.net.NioSelectorPool.getSharedSelector Using a shared selector for servlet write/read
23-Dec-2016 11:01:59.464 INFO [main] org.apache.coyote.AbstractProtocol.init Initializing ProtocolHandler ["ajp-nio-8009"]
23-Dec-2016 11:01:59.467 INFO [main] org.apache.tomcat.util.net.NioSelectorPool.getSharedSelector Using a shared selector for servlet write/read
23-Dec-2016 11:01:59.468 INFO [main] org.apache.catalina.startup.Catalina.load Initialization processed in 577 ms
23-Dec-2016 11:01:59.497 INFO [main] org.apache.catalina.core.StandardService.startInternal Starting service Catalina
23-Dec-2016 11:01:59.498 INFO [main] org.apache.catalina.core.StandardEngine.startInternal Starting Servlet Engine: Apache Tomcat/8.0.35
23-Dec-2016 11:01:59.511 INFO [localhost-startStop-1] org.apache.catalina.startup.HostConfig.deployDirectory Deploying web application directory E:\Work\Cuba Projects\Doors\build\tomcat\webapps\doors
23-Dec-2016 11:02:00.234 INFO [localhost-startStop-1] org.atmosphere.cpr.AtmosphereFramework.addAtmosphereHandler Installed AtmosphereHandler com.vaadin.server.communication.PushAtmosphereHandler mapped to context-path: /*
23-Dec-2016 11:02:00.235 INFO [localhost-startStop-1] org.atmosphere.cpr.AtmosphereFramework.addAtmosphereHandler Installed the following AtmosphereInterceptor mapped to AtmosphereHandler com.vaadin.server.communication.PushAtmosphereHandler
23-Dec-2016 11:02:00.240 INFO [localhost-startStop-1] org.atmosphere.util.IOUtils.readServiceFile META-INF/services/org.atmosphere.cpr.AtmosphereFramework not found in class loader
23-Dec-2016 11:02:00.263 INFO [localhost-startStop-1] org.atmosphere.cpr.AtmosphereFramework.autoConfigureService Atmosphere is using org.atmosphere.util.VoidAnnotationProcessor for processing annotation
23-Dec-2016 11:02:00.278 INFO [localhost-startStop-1] org.atmosphere.cpr.AtmosphereFramework.initWebSocket Installed WebSocketProtocol org.atmosphere.websocket.protocol.SimpleHttpProtocol 
23-Dec-2016 11:02:00.289 INFO [localhost-startStop-1] org.atmosphere.container.JSR356AsyncSupport.<init> JSR 356 Mapping path /{path}
23-Dec-2016 11:02:00.306 INFO [localhost-startStop-1] org.atmosphere.cpr.AtmosphereFramework.configureAtmosphereInterceptor Installing Default AtmosphereInterceptors
23-Dec-2016 11:02:00.308 INFO [localhost-startStop-1] org.atmosphere.cpr.AtmosphereFramework.newAInterceptor 	org.atmosphere.interceptor.CorsInterceptor : CORS Interceptor Support
23-Dec-2016 11:02:00.309 INFO [localhost-startStop-1] org.atmosphere.cpr.AtmosphereFramework.newAInterceptor 	org.atmosphere.interceptor.CacheHeadersInterceptor : Default Response's Headers Interceptor
23-Dec-2016 11:02:00.312 INFO [localhost-startStop-1] org.atmosphere.cpr.AtmosphereFramework.newAInterceptor 	org.atmosphere.interceptor.PaddingAtmosphereInterceptor : Browser Padding Interceptor Support
23-Dec-2016 11:02:00.313 INFO [localhost-startStop-1] org.atmosphere.cpr.AtmosphereFramework.newAInterceptor 	org.atmosphere.interceptor.AndroidAtmosphereInterceptor : Android Interceptor Support
23-Dec-2016 11:02:00.314 INFO [localhost-startStop-1] org.atmosphere.cpr.AtmosphereFramework.configureAtmosphereInterceptor Dropping Interceptor org.atmosphere.interceptor.HeartbeatInterceptor
23-Dec-2016 11:02:00.316 INFO [localhost-startStop-1] org.atmosphere.cpr.AtmosphereFramework.newAInterceptor 	org.atmosphere.interceptor.SSEAtmosphereInterceptor : SSE Interceptor Support
23-Dec-2016 11:02:00.319 INFO [localhost-startStop-1] org.atmosphere.cpr.AtmosphereFramework.newAInterceptor 	org.atmosphere.interceptor.JSONPAtmosphereInterceptor : JSONP Interceptor Support
23-Dec-2016 11:02:00.324 INFO [localhost-startStop-1] org.atmosphere.cpr.AtmosphereFramework.newAInterceptor 	org.atmosphere.interceptor.JavaScriptProtocol : Atmosphere JavaScript Protocol
23-Dec-2016 11:02:00.325 INFO [localhost-startStop-1] org.atmosphere.cpr.AtmosphereFramework.newAInterceptor 	org.atmosphere.interceptor.WebSocketMessageSuspendInterceptor : org.atmosphere.interceptor.WebSocketMessageSuspendInterceptor
23-Dec-2016 11:02:00.327 INFO [localhost-startStop-1] org.atmosphere.cpr.AtmosphereFramework.newAInterceptor 	org.atmosphere.interceptor.OnDisconnectInterceptor : Browser disconnection detection
23-Dec-2016 11:02:00.329 INFO [localhost-startStop-1] org.atmosphere.cpr.AtmosphereFramework.newAInterceptor 	org.atmosphere.interceptor.IdleResourceInterceptor : org.atmosphere.interceptor.IdleResourceInterceptor
23-Dec-2016 11:02:00.329 INFO [localhost-startStop-1] org.atmosphere.cpr.AtmosphereFramework.configureAtmosphereInterceptor Set org.atmosphere.cpr.AtmosphereInterceptor.disableDefaults to disable them.
23-Dec-2016 11:02:00.333 INFO [localhost-startStop-1] org.atmosphere.cpr.AtmosphereFramework.info Using EndpointMapper class org.atmosphere.util.DefaultEndpointMapper
23-Dec-2016 11:02:00.333 INFO [localhost-startStop-1] org.atmosphere.cpr.AtmosphereFramework.info Using BroadcasterCache: org.atmosphere.cache.UUIDBroadcasterCache
23-Dec-2016 11:02:00.334 INFO [localhost-startStop-1] org.atmosphere.cpr.AtmosphereFramework.info Default Broadcaster Class: org.atmosphere.cpr.DefaultBroadcaster
23-Dec-2016 11:02:00.335 INFO [localhost-startStop-1] org.atmosphere.cpr.AtmosphereFramework.info Broadcaster Polling Wait Time 100
23-Dec-2016 11:02:00.337 INFO [localhost-startStop-1] org.atmosphere.cpr.AtmosphereFramework.info Shared ExecutorService supported: true
23-Dec-2016 11:02:00.337 INFO [localhost-startStop-1] org.atmosphere.cpr.AtmosphereFramework.info Messaging Thread Pool Size: Unlimited
23-Dec-2016 11:02:00.338 INFO [localhost-startStop-1] org.atmosphere.cpr.AtmosphereFramework.info Async I/O Thread Pool Size: 200
23-Dec-2016 11:02:00.338 INFO [localhost-startStop-1] org.atmosphere.cpr.AtmosphereFramework.info Using BroadcasterFactory: org.atmosphere.cpr.DefaultBroadcasterFactory
23-Dec-2016 11:02:00.339 INFO [localhost-startStop-1] org.atmosphere.cpr.AtmosphereFramework.info Using WebSocketProcessor: org.atmosphere.websocket.DefaultWebSocketProcessor
23-Dec-2016 11:02:00.346 INFO [localhost-startStop-1] org.atmosphere.cpr.AtmosphereFramework.info Invoke AtmosphereInterceptor on WebSocket message true
23-Dec-2016 11:02:00.347 INFO [localhost-startStop-1] org.atmosphere.cpr.AtmosphereFramework.info HttpSession supported: true
23-Dec-2016 11:02:00.347 INFO [localhost-startStop-1] org.atmosphere.cpr.AtmosphereFramework.info Atmosphere is using DefaultAtmosphereObjectFactory for dependency injection and object creation
23-Dec-2016 11:02:00.348 INFO [localhost-startStop-1] org.atmosphere.cpr.AtmosphereFramework.info Atmosphere is using async support: org.atmosphere.container.JSR356AsyncSupport running under container: Apache Tomcat/8.0.35 using javax.servlet/3.0 and jsr356/WebSocket API
23-Dec-2016 11:02:00.348 INFO [localhost-startStop-1] org.atmosphere.cpr.AtmosphereFramework.info Atmosphere Framework 2.2.7.vaadin1 started.
23-Dec-2016 11:02:00.352 INFO [localhost-startStop-1] org.atmosphere.cpr.AtmosphereFramework.interceptor Installed AtmosphereInterceptor  Track Message Size Interceptor using | with priority BEFORE_DEFAULT 
23-Dec-2016 11:02:07.192 INFO [localhost-startStop-1] org.apache.catalina.startup.HostConfig.deployDirectory Deployment of web application directory E:\Work\Cuba Projects\Doors\build\tomcat\webapps\doors has finished in 7,680 ms
23-Dec-2016 11:02:07.193 INFO [localhost-startStop-1] org.apache.catalina.startup.HostConfig.deployDirectory Deploying web application directory E:\Work\Cuba Projects\Doors\build\tomcat\webapps\doors-core
23-Dec-2016 11:02:16.295 INFO [localhost-startStop-1] org.apache.catalina.startup.HostConfig.deployDirectory Deployment of web application directory E:\Work\Cuba Projects\Doors\build\tomcat\webapps\doors-core has finished in 9,102 ms
23-Dec-2016 11:02:16.300 INFO [main] org.apache.coyote.AbstractProtocol.start Starting ProtocolHandler ["http-nio-8080"]
23-Dec-2016 11:02:16.309 INFO [main] org.apache.coyote.AbstractProtocol.start Starting ProtocolHandler ["ajp-nio-8009"]
23-Dec-2016 11:02:16.312 INFO [main] org.apache.catalina.startup.Catalina.start Server startup in 16843 ms
23-Dec-2016 11:02:19.735 WARNING [http-nio-8080-exec-12] com.vaadin.server.DefaultDeploymentConfiguration.checkProductionMode 
=================================================================
Vaadin is running in DEBUG MODE.
Add productionMode=true to web.xml to disable debug features.
To show debug window, add ?debug to your application URL.
=================================================================
23-Dec-2016 11:45:05.763 INFO [http-nio-8080-exec-17] com.vaadin.server.communication.AtmospherePushConnection.disconnect Timeout waiting for messages to be sent to client before disconnect
23-Dec-2016 11:57:23.063 INFO [main] org.apache.catalina.core.StandardServer.await A valid shutdown command was received via the shutdown port. Stopping the Server instance.
23-Dec-2016 11:57:23.066 INFO [main] org.apache.coyote.AbstractProtocol.pause Pausing ProtocolHandler ["http-nio-8080"]
23-Dec-2016 11:57:23.119 INFO [main] org.apache.coyote.AbstractProtocol.pause Pausing ProtocolHandler ["ajp-nio-8009"]
23-Dec-2016 11:57:23.171 INFO [main] org.apache.catalina.core.StandardService.stopInternal Stopping service Catalina
23-Dec-2016 11:57:23.346 INFO [main] org.apache.coyote.AbstractProtocol.stop Stopping ProtocolHandler ["http-nio-8080"]
23-Dec-2016 11:57:23.430 INFO [main] org.apache.coyote.AbstractProtocol.stop Stopping ProtocolHandler ["ajp-nio-8009"]
23-Dec-2016 11:57:23.431 INFO [main] org.apache.coyote.AbstractProtocol.destroy Destroying ProtocolHandler ["http-nio-8080"]
23-Dec-2016 11:57:23.433 INFO [main] org.apache.coyote.AbstractProtocol.destroy Destroying ProtocolHandler ["ajp-nio-8009"]
23-Dec-2016 11:57:41.112 INFO [main] org.apache.catalina.startup.VersionLoggerListener.log Server version:        Apache Tomcat/8.0.35
23-Dec-2016 11:57:41.122 INFO [main] org.apache.catalina.startup.VersionLoggerListener.log Server built:          May 11 2016 21:57:08 UTC
23-Dec-2016 11:57:41.123 INFO [main] org.apache.catalina.startup.VersionLoggerListener.log Server number:         8.0.35.0
23-Dec-2016 11:57:41.124 INFO [main] org.apache.catalina.startup.VersionLoggerListener.log OS Name:               Windows 10
23-Dec-2016 11:57:41.125 INFO [main] org.apache.catalina.startup.VersionLoggerListener.log OS Version:            10.0
23-Dec-2016 11:57:41.126 INFO [main] org.apache.catalina.startup.VersionLoggerListener.log Architecture:          amd64
23-Dec-2016 11:57:41.127 INFO [main] org.apache.catalina.startup.VersionLoggerListener.log Java Home:             C:\Program Files\Java\jdk1.8.0_111\jre
23-Dec-2016 11:57:41.128 INFO [main] org.apache.catalina.startup.VersionLoggerListener.log JVM Version:           1.8.0_111-b14
23-Dec-2016 11:57:41.129 INFO [main] org.apache.catalina.startup.VersionLoggerListener.log JVM Vendor:            Oracle Corporation
23-Dec-2016 11:57:41.132 INFO [main] org.apache.catalina.startup.VersionLoggerListener.log CATALINA_BASE:         E:\Work\Cuba Projects\Doors\build\tomcat
23-Dec-2016 11:57:41.133 INFO [main] org.apache.catalina.startup.VersionLoggerListener.log CATALINA_HOME:         E:\Work\Cuba Projects\Doors\build\tomcat
23-Dec-2016 11:57:41.134 INFO [main] org.apache.catalina.startup.VersionLoggerListener.log Command line argument: -Djdk.tls.ephemeralDHKeySize=2048
23-Dec-2016 11:57:41.135 INFO [main] org.apache.catalina.startup.VersionLoggerListener.log Command line argument: -Djava.util.logging.config.file=E:\Work\Cuba Projects\Doors\build\tomcat\conf\logging.properties
23-Dec-2016 11:57:41.135 INFO [main] org.apache.catalina.startup.VersionLoggerListener.log Command line argument: -Djava.util.logging.manager=org.apache.juli.ClassLoaderLogManager
23-Dec-2016 11:57:41.136 INFO [main] org.apache.catalina.startup.VersionLoggerListener.log Command line argument: -Xrunjdwp:transport=dt_socket,address=8787,server=y,suspend=n
23-Dec-2016 11:57:41.137 INFO [main] org.apache.catalina.startup.VersionLoggerListener.log Command line argument: -Xmx512m
23-Dec-2016 11:57:41.137 INFO [main] org.apache.catalina.startup.VersionLoggerListener.log Command line argument: -Dfile.encoding=UTF-8
23-Dec-2016 11:57:41.138 INFO [main] org.apache.catalina.startup.VersionLoggerListener.log Command line argument: -Dlogback.configurationFile=../conf/logback.xml
23-Dec-2016 11:57:41.139 INFO [main] org.apache.catalina.startup.VersionLoggerListener.log Command line argument: -Dcom.sun.management.jmxremote
23-Dec-2016 11:57:41.140 INFO [main] org.apache.catalina.startup.VersionLoggerListener.log Command line argument: -Djava.endorsed.dirs=E:\Work\Cuba Projects\Doors\build\tomcat\endorsed
23-Dec-2016 11:57:41.143 INFO [main] org.apache.catalina.startup.VersionLoggerListener.log Command line argument: -Dcatalina.base=E:\Work\Cuba Projects\Doors\build\tomcat
23-Dec-2016 11:57:41.144 INFO [main] org.apache.catalina.startup.VersionLoggerListener.log Command line argument: -Dcatalina.home=E:\Work\Cuba Projects\Doors\build\tomcat
23-Dec-2016 11:57:41.145 INFO [main] org.apache.catalina.startup.VersionLoggerListener.log Command line argument: -Djava.io.tmpdir=E:\Work\Cuba Projects\Doors\build\tomcat\temp
23-Dec-2016 11:57:41.145 INFO [main] org.apache.catalina.core.AprLifecycleListener.lifecycleEvent The APR based Apache Tomcat Native library which allows optimal performance in production environments was not found on the java.library.path: C:\Program Files\Java\jdk1.8.0_111\bin;C:\WINDOWS\Sun\Java\bin;C:\WINDOWS\system32;C:\WINDOWS;C:\ProgramData\Oracle\Java\javapath;C:\Windows\system32;C:\Windows;C:\Windows\System32\Wbem;C:\Windows\System32\WindowsPowerShell\v1.0\;C:\Program Files (x86)\NVIDIA Corporation\PhysX\Common;C:\Program Files (x86)\Common Files\Acronis\SnapAPI\;C:\Program Files (x86)\Skype\Phone\;C:\WINDOWS\system32\config\systemprofile\.dnx\bin;C:\Program Files\Microsoft DNX\Dnvm\;C:\Program Files\Microsoft SQL Server\120\Tools\Binn\;C:\WINDOWS\system32;C:\WINDOWS;C:\WINDOWS\System32\Wbem;C:\WINDOWS\System32\WindowsPowerShell\v1.0\;C:\Program Files (x86)\Microsoft SQL Server\100\Tools\Binn\;C:\Program Files\Microsoft SQL Server\100\Tools\Binn\;C:\Program Files\Microsoft SQL Server\100\DTS\Binn\;C:\Users\Sergey\AppData\Local\Microsoft\WindowsApps;;.
23-Dec-2016 11:57:41.350 INFO [main] org.apache.coyote.AbstractProtocol.init Initializing ProtocolHandler ["http-nio-8080"]
23-Dec-2016 11:57:41.426 INFO [main] org.apache.tomcat.util.net.NioSelectorPool.getSharedSelector Using a shared selector for servlet write/read
23-Dec-2016 11:57:41.430 INFO [main] org.apache.coyote.AbstractProtocol.init Initializing ProtocolHandler ["ajp-nio-8009"]
23-Dec-2016 11:57:41.432 INFO [main] org.apache.tomcat.util.net.NioSelectorPool.getSharedSelector Using a shared selector for servlet write/read
23-Dec-2016 11:57:41.433 INFO [main] org.apache.catalina.startup.Catalina.load Initialization processed in 656 ms
23-Dec-2016 11:57:41.465 INFO [main] org.apache.catalina.core.StandardService.startInternal Starting service Catalina
23-Dec-2016 11:57:41.466 INFO [main] org.apache.catalina.core.StandardEngine.startInternal Starting Servlet Engine: Apache Tomcat/8.0.35
23-Dec-2016 11:57:41.477 INFO [localhost-startStop-1] org.apache.catalina.startup.HostConfig.deployDirectory Deploying web application directory E:\Work\Cuba Projects\Doors\build\tomcat\webapps\doors
23-Dec-2016 11:57:42.333 INFO [localhost-startStop-1] org.atmosphere.cpr.AtmosphereFramework.addAtmosphereHandler Installed AtmosphereHandler com.vaadin.server.communication.PushAtmosphereHandler mapped to context-path: /*
23-Dec-2016 11:57:42.333 INFO [localhost-startStop-1] org.atmosphere.cpr.AtmosphereFramework.addAtmosphereHandler Installed the following AtmosphereInterceptor mapped to AtmosphereHandler com.vaadin.server.communication.PushAtmosphereHandler
23-Dec-2016 11:57:42.339 INFO [localhost-startStop-1] org.atmosphere.util.IOUtils.readServiceFile META-INF/services/org.atmosphere.cpr.AtmosphereFramework not found in class loader
23-Dec-2016 11:57:42.366 INFO [localhost-startStop-1] org.atmosphere.cpr.AtmosphereFramework.autoConfigureService Atmosphere is using org.atmosphere.util.VoidAnnotationProcessor for processing annotation
23-Dec-2016 11:57:42.380 INFO [localhost-startStop-1] org.atmosphere.cpr.AtmosphereFramework.initWebSocket Installed WebSocketProtocol org.atmosphere.websocket.protocol.SimpleHttpProtocol 
23-Dec-2016 11:57:42.391 INFO [localhost-startStop-1] org.atmosphere.container.JSR356AsyncSupport.<init> JSR 356 Mapping path /{path}
23-Dec-2016 11:57:42.409 INFO [localhost-startStop-1] org.atmosphere.cpr.AtmosphereFramework.configureAtmosphereInterceptor Installing Default AtmosphereInterceptors
23-Dec-2016 11:57:42.411 INFO [localhost-startStop-1] org.atmosphere.cpr.AtmosphereFramework.newAInterceptor 	org.atmosphere.interceptor.CorsInterceptor : CORS Interceptor Support
23-Dec-2016 11:57:42.412 INFO [localhost-startStop-1] org.atmosphere.cpr.AtmosphereFramework.newAInterceptor 	org.atmosphere.interceptor.CacheHeadersInterceptor : Default Response's Headers Interceptor
23-Dec-2016 11:57:42.415 INFO [localhost-startStop-1] org.atmosphere.cpr.AtmosphereFramework.newAInterceptor 	org.atmosphere.interceptor.PaddingAtmosphereInterceptor : Browser Padding Interceptor Support
23-Dec-2016 11:57:42.417 INFO [localhost-startStop-1] org.atmosphere.cpr.AtmosphereFramework.newAInterceptor 	org.atmosphere.interceptor.AndroidAtmosphereInterceptor : Android Interceptor Support
23-Dec-2016 11:57:42.417 INFO [localhost-startStop-1] org.atmosphere.cpr.AtmosphereFramework.configureAtmosphereInterceptor Dropping Interceptor org.atmosphere.interceptor.HeartbeatInterceptor
23-Dec-2016 11:57:42.420 INFO [localhost-startStop-1] org.atmosphere.cpr.AtmosphereFramework.newAInterceptor 	org.atmosphere.interceptor.SSEAtmosphereInterceptor : SSE Interceptor Support
23-Dec-2016 11:57:42.421 INFO [localhost-startStop-1] org.atmosphere.cpr.AtmosphereFramework.newAInterceptor 	org.atmosphere.interceptor.JSONPAtmosphereInterceptor : JSONP Interceptor Support
23-Dec-2016 11:57:42.424 INFO [localhost-startStop-1] org.atmosphere.cpr.AtmosphereFramework.newAInterceptor 	org.atmosphere.interceptor.JavaScriptProtocol : Atmosphere JavaScript Protocol
23-Dec-2016 11:57:42.426 INFO [localhost-startStop-1] org.atmosphere.cpr.AtmosphereFramework.newAInterceptor 	org.atmosphere.interceptor.WebSocketMessageSuspendInterceptor : org.atmosphere.interceptor.WebSocketMessageSuspendInterceptor
23-Dec-2016 11:57:42.427 INFO [localhost-startStop-1] org.atmosphere.cpr.AtmosphereFramework.newAInterceptor 	org.atmosphere.interceptor.OnDisconnectInterceptor : Browser disconnection detection
23-Dec-2016 11:57:42.429 INFO [localhost-startStop-1] org.atmosphere.cpr.AtmosphereFramework.newAInterceptor 	org.atmosphere.interceptor.IdleResourceInterceptor : org.atmosphere.interceptor.IdleResourceInterceptor
23-Dec-2016 11:57:42.430 INFO [localhost-startStop-1] org.atmosphere.cpr.AtmosphereFramework.configureAtmosphereInterceptor Set org.atmosphere.cpr.AtmosphereInterceptor.disableDefaults to disable them.
23-Dec-2016 11:57:42.434 INFO [localhost-startStop-1] org.atmosphere.cpr.AtmosphereFramework.info Using EndpointMapper class org.atmosphere.util.DefaultEndpointMapper
23-Dec-2016 11:57:42.435 INFO [localhost-startStop-1] org.atmosphere.cpr.AtmosphereFramework.info Using BroadcasterCache: org.atmosphere.cache.UUIDBroadcasterCache
23-Dec-2016 11:57:42.435 INFO [localhost-startStop-1] org.atmosphere.cpr.AtmosphereFramework.info Default Broadcaster Class: org.atmosphere.cpr.DefaultBroadcaster
23-Dec-2016 11:57:42.436 INFO [localhost-startStop-1] org.atmosphere.cpr.AtmosphereFramework.info Broadcaster Polling Wait Time 100
23-Dec-2016 11:57:42.436 INFO [localhost-startStop-1] org.atmosphere.cpr.AtmosphereFramework.info Shared ExecutorService supported: true
23-Dec-2016 11:57:42.436 INFO [localhost-startStop-1] org.atmosphere.cpr.AtmosphereFramework.info Messaging Thread Pool Size: Unlimited
23-Dec-2016 11:57:42.437 INFO [localhost-startStop-1] org.atmosphere.cpr.AtmosphereFramework.info Async I/O Thread Pool Size: 200
23-Dec-2016 11:57:42.437 INFO [localhost-startStop-1] org.atmosphere.cpr.AtmosphereFramework.info Using BroadcasterFactory: org.atmosphere.cpr.DefaultBroadcasterFactory
23-Dec-2016 11:57:42.438 INFO [localhost-startStop-1] org.atmosphere.cpr.AtmosphereFramework.info Using WebSocketProcessor: org.atmosphere.websocket.DefaultWebSocketProcessor
23-Dec-2016 11:57:42.446 INFO [localhost-startStop-1] org.atmosphere.cpr.AtmosphereFramework.info Invoke AtmosphereInterceptor on WebSocket message true
23-Dec-2016 11:57:42.447 INFO [localhost-startStop-1] org.atmosphere.cpr.AtmosphereFramework.info HttpSession supported: true
23-Dec-2016 11:57:42.448 INFO [localhost-startStop-1] org.atmosphere.cpr.AtmosphereFramework.info Atmosphere is using DefaultAtmosphereObjectFactory for dependency injection and object creation
23-Dec-2016 11:57:42.448 INFO [localhost-startStop-1] org.atmosphere.cpr.AtmosphereFramework.info Atmosphere is using async support: org.atmosphere.container.JSR356AsyncSupport running under container: Apache Tomcat/8.0.35 using javax.servlet/3.0 and jsr356/WebSocket API
23-Dec-2016 11:57:42.450 INFO [localhost-startStop-1] org.atmosphere.cpr.AtmosphereFramework.info Atmosphere Framework 2.2.7.vaadin1 started.
23-Dec-2016 11:57:42.460 INFO [localhost-startStop-1] org.atmosphere.cpr.AtmosphereFramework.interceptor Installed AtmosphereInterceptor  Track Message Size Interceptor using | with priority BEFORE_DEFAULT 
23-Dec-2016 11:57:49.490 INFO [localhost-startStop-1] org.apache.catalina.startup.HostConfig.deployDirectory Deployment of web application directory E:\Work\Cuba Projects\Doors\build\tomcat\webapps\doors has finished in 8,012 ms
23-Dec-2016 11:57:49.491 INFO [localhost-startStop-1] org.apache.catalina.startup.HostConfig.deployDirectory Deploying web application directory E:\Work\Cuba Projects\Doors\build\tomcat\webapps\doors-core
23-Dec-2016 11:57:59.008 INFO [localhost-startStop-1] org.apache.catalina.startup.HostConfig.deployDirectory Deployment of web application directory E:\Work\Cuba Projects\Doors\build\tomcat\webapps\doors-core has finished in 9,517 ms
23-Dec-2016 11:57:59.012 INFO [main] org.apache.coyote.AbstractProtocol.start Starting ProtocolHandler ["http-nio-8080"]
23-Dec-2016 11:57:59.021 INFO [main] org.apache.coyote.AbstractProtocol.start Starting ProtocolHandler ["ajp-nio-8009"]
23-Dec-2016 11:57:59.023 INFO [main] org.apache.catalina.startup.Catalina.start Server startup in 17588 ms
23-Dec-2016 11:57:59.102 WARNING [http-nio-8080-exec-2] com.vaadin.server.DefaultDeploymentConfiguration.checkProductionMode 
=================================================================
Vaadin is running in DEBUG MODE.
Add productionMode=true to web.xml to disable debug features.
To show debug window, add ?debug to your application URL.
=================================================================
23-Dec-2016 12:03:24.410 INFO [main] org.apache.catalina.core.StandardServer.await A valid shutdown command was received via the shutdown port. Stopping the Server instance.
23-Dec-2016 12:03:24.411 INFO [main] org.apache.coyote.AbstractProtocol.pause Pausing ProtocolHandler ["http-nio-8080"]
23-Dec-2016 12:03:24.465 INFO [main] org.apache.coyote.AbstractProtocol.pause Pausing ProtocolHandler ["ajp-nio-8009"]
23-Dec-2016 12:03:24.517 INFO [main] org.apache.catalina.core.StandardService.stopInternal Stopping service Catalina
23-Dec-2016 12:03:24.671 INFO [main] org.apache.coyote.AbstractProtocol.stop Stopping ProtocolHandler ["http-nio-8080"]
23-Dec-2016 12:03:24.763 INFO [main] org.apache.coyote.AbstractProtocol.stop Stopping ProtocolHandler ["ajp-nio-8009"]
23-Dec-2016 12:03:24.764 INFO [main] org.apache.coyote.AbstractProtocol.destroy Destroying ProtocolHandler ["http-nio-8080"]
23-Dec-2016 12:03:24.767 INFO [main] org.apache.coyote.AbstractProtocol.destroy Destroying ProtocolHandler ["ajp-nio-8009"]
23-Dec-2016 12:03:36.285 INFO [main] org.apache.catalina.startup.VersionLoggerListener.log Server version:        Apache Tomcat/8.0.35
23-Dec-2016 12:03:36.291 INFO [main] org.apache.catalina.startup.VersionLoggerListener.log Server built:          May 11 2016 21:57:08 UTC
23-Dec-2016 12:03:36.292 INFO [main] org.apache.catalina.startup.VersionLoggerListener.log Server number:         8.0.35.0
23-Dec-2016 12:03:36.292 INFO [main] org.apache.catalina.startup.VersionLoggerListener.log OS Name:               Windows 10
23-Dec-2016 12:03:36.293 INFO [main] org.apache.catalina.startup.VersionLoggerListener.log OS Version:            10.0
23-Dec-2016 12:03:36.293 INFO [main] org.apache.catalina.startup.VersionLoggerListener.log Architecture:          amd64
23-Dec-2016 12:03:36.294 INFO [main] org.apache.catalina.startup.VersionLoggerListener.log Java Home:             C:\Program Files\Java\jdk1.8.0_111\jre
23-Dec-2016 12:03:36.294 INFO [main] org.apache.catalina.startup.VersionLoggerListener.log JVM Version:           1.8.0_111-b14
23-Dec-2016 12:03:36.295 INFO [main] org.apache.catalina.startup.VersionLoggerListener.log JVM Vendor:            Oracle Corporation
23-Dec-2016 12:03:36.296 INFO [main] org.apache.catalina.startup.VersionLoggerListener.log CATALINA_BASE:         E:\Work\Cuba Projects\Doors\build\tomcat
23-Dec-2016 12:03:36.297 INFO [main] org.apache.catalina.startup.VersionLoggerListener.log CATALINA_HOME:         E:\Work\Cuba Projects\Doors\build\tomcat
23-Dec-2016 12:03:36.297 INFO [main] org.apache.catalina.startup.VersionLoggerListener.log Command line argument: -Djdk.tls.ephemeralDHKeySize=2048
23-Dec-2016 12:03:36.298 INFO [main] org.apache.catalina.startup.VersionLoggerListener.log Command line argument: -Djava.util.logging.config.file=E:\Work\Cuba Projects\Doors\build\tomcat\conf\logging.properties
23-Dec-2016 12:03:36.298 INFO [main] org.apache.catalina.startup.VersionLoggerListener.log Command line argument: -Djava.util.logging.manager=org.apache.juli.ClassLoaderLogManager
23-Dec-2016 12:03:36.299 INFO [main] org.apache.catalina.startup.VersionLoggerListener.log Command line argument: -Xrunjdwp:transport=dt_socket,address=8787,server=y,suspend=n
23-Dec-2016 12:03:36.300 INFO [main] org.apache.catalina.startup.VersionLoggerListener.log Command line argument: -Xmx512m
23-Dec-2016 12:03:36.302 INFO [main] org.apache.catalina.startup.VersionLoggerListener.log Command line argument: -Dfile.encoding=UTF-8
23-Dec-2016 12:03:36.303 INFO [main] org.apache.catalina.startup.VersionLoggerListener.log Command line argument: -Dlogback.configurationFile=../conf/logback.xml
23-Dec-2016 12:03:36.303 INFO [main] org.apache.catalina.startup.VersionLoggerListener.log Command line argument: -Dcom.sun.management.jmxremote
23-Dec-2016 12:03:36.304 INFO [main] org.apache.catalina.startup.VersionLoggerListener.log Command line argument: -Djava.endorsed.dirs=E:\Work\Cuba Projects\Doors\build\tomcat\endorsed
23-Dec-2016 12:03:36.304 INFO [main] org.apache.catalina.startup.VersionLoggerListener.log Command line argument: -Dcatalina.base=E:\Work\Cuba Projects\Doors\build\tomcat
23-Dec-2016 12:03:36.304 INFO [main] org.apache.catalina.startup.VersionLoggerListener.log Command line argument: -Dcatalina.home=E:\Work\Cuba Projects\Doors\build\tomcat
23-Dec-2016 12:03:36.305 INFO [main] org.apache.catalina.startup.VersionLoggerListener.log Command line argument: -Djava.io.tmpdir=E:\Work\Cuba Projects\Doors\build\tomcat\temp
23-Dec-2016 12:03:36.305 INFO [main] org.apache.catalina.core.AprLifecycleListener.lifecycleEvent The APR based Apache Tomcat Native library which allows optimal performance in production environments was not found on the java.library.path: C:\Program Files\Java\jdk1.8.0_111\bin;C:\WINDOWS\Sun\Java\bin;C:\WINDOWS\system32;C:\WINDOWS;C:\ProgramData\Oracle\Java\javapath;C:\Windows\system32;C:\Windows;C:\Windows\System32\Wbem;C:\Windows\System32\WindowsPowerShell\v1.0\;C:\Program Files (x86)\NVIDIA Corporation\PhysX\Common;C:\Program Files (x86)\Common Files\Acronis\SnapAPI\;C:\Program Files (x86)\Skype\Phone\;C:\WINDOWS\system32\config\systemprofile\.dnx\bin;C:\Program Files\Microsoft DNX\Dnvm\;C:\Program Files\Microsoft SQL Server\120\Tools\Binn\;C:\WINDOWS\system32;C:\WINDOWS;C:\WINDOWS\System32\Wbem;C:\WINDOWS\System32\WindowsPowerShell\v1.0\;C:\Program Files (x86)\Microsoft SQL Server\100\Tools\Binn\;C:\Program Files\Microsoft SQL Server\100\Tools\Binn\;C:\Program Files\Microsoft SQL Server\100\DTS\Binn\;C:\Users\Sergey\AppData\Local\Microsoft\WindowsApps;;.
23-Dec-2016 12:03:36.485 INFO [main] org.apache.coyote.AbstractProtocol.init Initializing ProtocolHandler ["http-nio-8080"]
23-Dec-2016 12:03:36.551 INFO [main] org.apache.tomcat.util.net.NioSelectorPool.getSharedSelector Using a shared selector for servlet write/read
23-Dec-2016 12:03:36.555 INFO [main] org.apache.coyote.AbstractProtocol.init Initializing ProtocolHandler ["ajp-nio-8009"]
23-Dec-2016 12:03:36.557 INFO [main] org.apache.tomcat.util.net.NioSelectorPool.getSharedSelector Using a shared selector for servlet write/read
23-Dec-2016 12:03:36.558 INFO [main] org.apache.catalina.startup.Catalina.load Initialization processed in 565 ms
23-Dec-2016 12:03:36.589 INFO [main] org.apache.catalina.core.StandardService.startInternal Starting service Catalina
23-Dec-2016 12:03:36.590 INFO [main] org.apache.catalina.core.StandardEngine.startInternal Starting Servlet Engine: Apache Tomcat/8.0.35
23-Dec-2016 12:03:36.602 INFO [localhost-startStop-1] org.apache.catalina.startup.HostConfig.deployDirectory Deploying web application directory E:\Work\Cuba Projects\Doors\build\tomcat\webapps\doors
23-Dec-2016 12:03:37.340 INFO [localhost-startStop-1] org.atmosphere.cpr.AtmosphereFramework.addAtmosphereHandler Installed AtmosphereHandler com.vaadin.server.communication.PushAtmosphereHandler mapped to context-path: /*
23-Dec-2016 12:03:37.341 INFO [localhost-startStop-1] org.atmosphere.cpr.AtmosphereFramework.addAtmosphereHandler Installed the following AtmosphereInterceptor mapped to AtmosphereHandler com.vaadin.server.communication.PushAtmosphereHandler
23-Dec-2016 12:03:37.346 INFO [localhost-startStop-1] org.atmosphere.util.IOUtils.readServiceFile META-INF/services/org.atmosphere.cpr.AtmosphereFramework not found in class loader
23-Dec-2016 12:03:37.367 INFO [localhost-startStop-1] org.atmosphere.cpr.AtmosphereFramework.autoConfigureService Atmosphere is using org.atmosphere.util.VoidAnnotationProcessor for processing annotation
23-Dec-2016 12:03:37.381 INFO [localhost-startStop-1] org.atmosphere.cpr.AtmosphereFramework.initWebSocket Installed WebSocketProtocol org.atmosphere.websocket.protocol.SimpleHttpProtocol 
23-Dec-2016 12:03:37.391 INFO [localhost-startStop-1] org.atmosphere.container.JSR356AsyncSupport.<init> JSR 356 Mapping path /{path}
23-Dec-2016 12:03:37.407 INFO [localhost-startStop-1] org.atmosphere.cpr.AtmosphereFramework.configureAtmosphereInterceptor Installing Default AtmosphereInterceptors
23-Dec-2016 12:03:37.409 INFO [localhost-startStop-1] org.atmosphere.cpr.AtmosphereFramework.newAInterceptor 	org.atmosphere.interceptor.CorsInterceptor : CORS Interceptor Support
23-Dec-2016 12:03:37.410 INFO [localhost-startStop-1] org.atmosphere.cpr.AtmosphereFramework.newAInterceptor 	org.atmosphere.interceptor.CacheHeadersInterceptor : Default Response's Headers Interceptor
23-Dec-2016 12:03:37.412 INFO [localhost-startStop-1] org.atmosphere.cpr.AtmosphereFramework.newAInterceptor 	org.atmosphere.interceptor.PaddingAtmosphereInterceptor : Browser Padding Interceptor Support
23-Dec-2016 12:03:37.413 INFO [localhost-startStop-1] org.atmosphere.cpr.AtmosphereFramework.newAInterceptor 	org.atmosphere.interceptor.AndroidAtmosphereInterceptor : Android Interceptor Support
23-Dec-2016 12:03:37.414 INFO [localhost-startStop-1] org.atmosphere.cpr.AtmosphereFramework.configureAtmosphereInterceptor Dropping Interceptor org.atmosphere.interceptor.HeartbeatInterceptor
23-Dec-2016 12:03:37.415 INFO [localhost-startStop-1] org.atmosphere.cpr.AtmosphereFramework.newAInterceptor 	org.atmosphere.interceptor.SSEAtmosphereInterceptor : SSE Interceptor Support
23-Dec-2016 12:03:37.416 INFO [localhost-startStop-1] org.atmosphere.cpr.AtmosphereFramework.newAInterceptor 	org.atmosphere.interceptor.JSONPAtmosphereInterceptor : JSONP Interceptor Support
23-Dec-2016 12:03:37.419 INFO [localhost-startStop-1] org.atmosphere.cpr.AtmosphereFramework.newAInterceptor 	org.atmosphere.interceptor.JavaScriptProtocol : Atmosphere JavaScript Protocol
23-Dec-2016 12:03:37.421 INFO [localhost-startStop-1] org.atmosphere.cpr.AtmosphereFramework.newAInterceptor 	org.atmosphere.interceptor.WebSocketMessageSuspendInterceptor : org.atmosphere.interceptor.WebSocketMessageSuspendInterceptor
23-Dec-2016 12:03:37.422 INFO [localhost-startStop-1] org.atmosphere.cpr.AtmosphereFramework.newAInterceptor 	org.atmosphere.interceptor.OnDisconnectInterceptor : Browser disconnection detection
23-Dec-2016 12:03:37.423 INFO [localhost-startStop-1] org.atmosphere.cpr.AtmosphereFramework.newAInterceptor 	org.atmosphere.interceptor.IdleResourceInterceptor : org.atmosphere.interceptor.IdleResourceInterceptor
23-Dec-2016 12:03:37.423 INFO [localhost-startStop-1] org.atmosphere.cpr.AtmosphereFramework.configureAtmosphereInterceptor Set org.atmosphere.cpr.AtmosphereInterceptor.disableDefaults to disable them.
23-Dec-2016 12:03:37.427 INFO [localhost-startStop-1] org.atmosphere.cpr.AtmosphereFramework.info Using EndpointMapper class org.atmosphere.util.DefaultEndpointMapper
23-Dec-2016 12:03:37.427 INFO [localhost-startStop-1] org.atmosphere.cpr.AtmosphereFramework.info Using BroadcasterCache: org.atmosphere.cache.UUIDBroadcasterCache
23-Dec-2016 12:03:37.428 INFO [localhost-startStop-1] org.atmosphere.cpr.AtmosphereFramework.info Default Broadcaster Class: org.atmosphere.cpr.DefaultBroadcaster
23-Dec-2016 12:03:37.432 INFO [localhost-startStop-1] org.atmosphere.cpr.AtmosphereFramework.info Broadcaster Polling Wait Time 100
23-Dec-2016 12:03:37.433 INFO [localhost-startStop-1] org.atmosphere.cpr.AtmosphereFramework.info Shared ExecutorService supported: true
23-Dec-2016 12:03:37.433 INFO [localhost-startStop-1] org.atmosphere.cpr.AtmosphereFramework.info Messaging Thread Pool Size: Unlimited
23-Dec-2016 12:03:37.434 INFO [localhost-startStop-1] org.atmosphere.cpr.AtmosphereFramework.info Async I/O Thread Pool Size: 200
23-Dec-2016 12:03:37.434 INFO [localhost-startStop-1] org.atmosphere.cpr.AtmosphereFramework.info Using BroadcasterFactory: org.atmosphere.cpr.DefaultBroadcasterFactory
23-Dec-2016 12:03:37.435 INFO [localhost-startStop-1] org.atmosphere.cpr.AtmosphereFramework.info Using WebSocketProcessor: org.atmosphere.websocket.DefaultWebSocketProcessor
23-Dec-2016 12:03:37.439 INFO [localhost-startStop-1] org.atmosphere.cpr.AtmosphereFramework.info Invoke AtmosphereInterceptor on WebSocket message true
23-Dec-2016 12:03:37.440 INFO [localhost-startStop-1] org.atmosphere.cpr.AtmosphereFramework.info HttpSession supported: true
23-Dec-2016 12:03:37.440 INFO [localhost-startStop-1] org.atmosphere.cpr.AtmosphereFramework.info Atmosphere is using DefaultAtmosphereObjectFactory for dependency injection and object creation
23-Dec-2016 12:03:37.441 INFO [localhost-startStop-1] org.atmosphere.cpr.AtmosphereFramework.info Atmosphere is using async support: org.atmosphere.container.JSR356AsyncSupport running under container: Apache Tomcat/8.0.35 using javax.servlet/3.0 and jsr356/WebSocket API
23-Dec-2016 12:03:37.441 INFO [localhost-startStop-1] org.atmosphere.cpr.AtmosphereFramework.info Atmosphere Framework 2.2.7.vaadin1 started.
23-Dec-2016 12:03:37.445 INFO [localhost-startStop-1] org.atmosphere.cpr.AtmosphereFramework.interceptor Installed AtmosphereInterceptor  Track Message Size Interceptor using | with priority BEFORE_DEFAULT 
23-Dec-2016 12:03:44.099 INFO [localhost-startStop-1] org.apache.catalina.startup.HostConfig.deployDirectory Deployment of web application directory E:\Work\Cuba Projects\Doors\build\tomcat\webapps\doors has finished in 7,496 ms
23-Dec-2016 12:03:44.100 INFO [localhost-startStop-1] org.apache.catalina.startup.HostConfig.deployDirectory Deploying web application directory E:\Work\Cuba Projects\Doors\build\tomcat\webapps\doors-core
23-Dec-2016 12:03:52.881 INFO [localhost-startStop-1] org.apache.catalina.startup.HostConfig.deployDirectory Deployment of web application directory E:\Work\Cuba Projects\Doors\build\tomcat\webapps\doors-core has finished in 8,781 ms
23-Dec-2016 12:03:52.885 INFO [main] org.apache.coyote.AbstractProtocol.start Starting ProtocolHandler ["http-nio-8080"]
23-Dec-2016 12:03:52.894 INFO [main] org.apache.coyote.AbstractProtocol.start Starting ProtocolHandler ["ajp-nio-8009"]
23-Dec-2016 12:03:52.897 INFO [main] org.apache.catalina.startup.Catalina.start Server startup in 16338 ms
23-Dec-2016 12:03:52.983 WARNING [http-nio-8080-exec-1] com.vaadin.server.DefaultDeploymentConfiguration.checkProductionMode 
=================================================================
Vaadin is running in DEBUG MODE.
Add productionMode=true to web.xml to disable debug features.
To show debug window, add ?debug to your application URL.
=================================================================
23-Dec-2016 15:25:27.360 INFO [main] org.apache.catalina.core.StandardServer.await A valid shutdown command was received via the shutdown port. Stopping the Server instance.
23-Dec-2016 15:25:27.364 INFO [main] org.apache.coyote.AbstractProtocol.pause Pausing ProtocolHandler ["http-nio-8080"]
23-Dec-2016 15:25:27.417 INFO [main] org.apache.coyote.AbstractProtocol.pause Pausing ProtocolHandler ["ajp-nio-8009"]
23-Dec-2016 15:25:27.468 INFO [main] org.apache.catalina.core.StandardService.stopInternal Stopping service Catalina
23-Dec-2016 15:25:27.616 SEVERE [localhost-startStop-2] org.atmosphere.container.JSR356Endpoint.onError 
 java.io.IOException: Key must be cancelled
	at org.apache.coyote.http11.upgrade.NioServletOutputStream.doWriteInternal(NioServletOutputStream.java:84)
	at org.apache.coyote.http11.upgrade.NioServletOutputStream.doWrite(NioServletOutputStream.java:61)
	at org.apache.coyote.http11.upgrade.AbstractServletOutputStream.writeInternal(AbstractServletOutputStream.java:165)
	at org.apache.coyote.http11.upgrade.AbstractServletOutputStream.write(AbstractServletOutputStream.java:132)
	at org.apache.tomcat.websocket.server.WsRemoteEndpointImplServer.onWritePossible(WsRemoteEndpointImplServer.java:98)
	at org.apache.tomcat.websocket.server.WsRemoteEndpointImplServer.doWrite(WsRemoteEndpointImplServer.java:79)
	at org.apache.tomcat.websocket.WsRemoteEndpointImplBase.writeMessagePart(WsRemoteEndpointImplBase.java:453)
	at org.apache.tomcat.websocket.WsRemoteEndpointImplBase.startMessage(WsRemoteEndpointImplBase.java:341)
	at org.apache.tomcat.websocket.WsRemoteEndpointImplBase.startMessageBlock(WsRemoteEndpointImplBase.java:273)
	at org.apache.tomcat.websocket.WsSession.sendCloseMessage(WsSession.java:588)
	at org.apache.tomcat.websocket.WsSession.doClose(WsSession.java:490)
	at org.apache.tomcat.websocket.WsSession.close(WsSession.java:455)
	at org.apache.tomcat.websocket.WsWebSocketContainer.destroy(WsWebSocketContainer.java:926)
	at org.apache.tomcat.websocket.server.WsServerContainer.destroy(WsServerContainer.java:286)
	at org.apache.tomcat.websocket.server.WsContextListener.contextDestroyed(WsContextListener.java:48)
	at org.apache.catalina.core.StandardContext.listenerStop(StandardContext.java:4858)
	at org.apache.catalina.core.StandardContext.stopInternal(StandardContext.java:5495)
	at org.apache.catalina.util.LifecycleBase.stop(LifecycleBase.java:224)
	at org.apache.catalina.core.ContainerBase$StopChild.call(ContainerBase.java:1423)
	at org.apache.catalina.core.ContainerBase$StopChild.call(ContainerBase.java:1412)
	at java.util.concurrent.FutureTask.run(FutureTask.java:266)
	at java.util.concurrent.ThreadPoolExecutor.runWorker(ThreadPoolExecutor.java:1142)
	at java.util.concurrent.ThreadPoolExecutor$Worker.run(ThreadPoolExecutor.java:617)
	at java.lang.Thread.run(Thread.java:745)

23-Dec-2016 15:25:27.635 INFO [main] org.apache.coyote.AbstractProtocol.stop Stopping ProtocolHandler ["http-nio-8080"]
23-Dec-2016 15:25:27.640 INFO [main] org.apache.coyote.AbstractProtocol.stop Stopping ProtocolHandler ["ajp-nio-8009"]
23-Dec-2016 15:25:27.715 INFO [main] org.apache.coyote.AbstractProtocol.destroy Destroying ProtocolHandler ["http-nio-8080"]
23-Dec-2016 15:25:27.718 INFO [main] org.apache.coyote.AbstractProtocol.destroy Destroying ProtocolHandler ["ajp-nio-8009"]
