26-Dec-2016 10:50:02.715 INFO [main] org.apache.catalina.startup.VersionLoggerListener.log Server version:        Apache Tomcat/8.0.35
26-Dec-2016 10:50:02.722 INFO [main] org.apache.catalina.startup.VersionLoggerListener.log Server built:          May 11 2016 21:57:08 UTC
26-Dec-2016 10:50:02.723 INFO [main] org.apache.catalina.startup.VersionLoggerListener.log Server number:         8.0.35.0
26-Dec-2016 10:50:02.724 INFO [main] org.apache.catalina.startup.VersionLoggerListener.log OS Name:               Mac OS X
26-Dec-2016 10:50:02.725 INFO [main] org.apache.catalina.startup.VersionLoggerListener.log OS Version:            10.12.1
26-Dec-2016 10:50:02.726 INFO [main] org.apache.catalina.startup.VersionLoggerListener.log Architecture:          x86_64
26-Dec-2016 10:50:02.727 INFO [main] org.apache.catalina.startup.VersionLoggerListener.log Java Home:             /Library/Java/JavaVirtualMachines/jdk1.8.0_112.jdk/Contents/Home/jre
26-Dec-2016 10:50:02.728 INFO [main] org.apache.catalina.startup.VersionLoggerListener.log JVM Version:           1.8.0_112-b16
26-Dec-2016 10:50:02.729 INFO [main] org.apache.catalina.startup.VersionLoggerListener.log JVM Vendor:            Oracle Corporation
26-Dec-2016 10:50:02.729 INFO [main] org.apache.catalina.startup.VersionLoggerListener.log CATALINA_BASE:         /Users/home/studio-projects/Doors/build/tomcat
26-Dec-2016 10:50:02.730 INFO [main] org.apache.catalina.startup.VersionLoggerListener.log CATALINA_HOME:         /Users/home/studio-projects/Doors/build/tomcat
26-Dec-2016 10:50:02.731 INFO [main] org.apache.catalina.startup.VersionLoggerListener.log Command line argument: -Djava.util.logging.config.file=/Users/home/studio-projects/Doors/build/tomcat/conf/logging.properties
26-Dec-2016 10:50:02.732 INFO [main] org.apache.catalina.startup.VersionLoggerListener.log Command line argument: -Djava.util.logging.manager=org.apache.juli.ClassLoaderLogManager
26-Dec-2016 10:50:02.732 INFO [main] org.apache.catalina.startup.VersionLoggerListener.log Command line argument: -Xmx512m
26-Dec-2016 10:50:02.733 INFO [main] org.apache.catalina.startup.VersionLoggerListener.log Command line argument: -Dfile.encoding=UTF-8
26-Dec-2016 10:50:02.733 INFO [main] org.apache.catalina.startup.VersionLoggerListener.log Command line argument: -Dlogback.configurationFile=../conf/logback.xml
26-Dec-2016 10:50:02.734 INFO [main] org.apache.catalina.startup.VersionLoggerListener.log Command line argument: -Dcom.sun.management.jmxremote
26-Dec-2016 10:50:02.735 INFO [main] org.apache.catalina.startup.VersionLoggerListener.log Command line argument: -Xrunjdwp:transport=dt_socket,address=8787,server=y,suspend=n
26-Dec-2016 10:50:02.735 INFO [main] org.apache.catalina.startup.VersionLoggerListener.log Command line argument: -Djava.endorsed.dirs=/Users/home/studio-projects/Doors/build/tomcat/endorsed
26-Dec-2016 10:50:02.736 INFO [main] org.apache.catalina.startup.VersionLoggerListener.log Command line argument: -Dcatalina.base=/Users/home/studio-projects/Doors/build/tomcat
26-Dec-2016 10:50:02.736 INFO [main] org.apache.catalina.startup.VersionLoggerListener.log Command line argument: -Dcatalina.home=/Users/home/studio-projects/Doors/build/tomcat
26-Dec-2016 10:50:02.737 INFO [main] org.apache.catalina.startup.VersionLoggerListener.log Command line argument: -Djava.io.tmpdir=/Users/home/studio-projects/Doors/build/tomcat/temp
26-Dec-2016 10:50:02.737 INFO [main] org.apache.catalina.core.AprLifecycleListener.lifecycleEvent The APR based Apache Tomcat Native library which allows optimal performance in production environments was not found on the java.library.path: /Users/home/Library/Java/Extensions:/Library/Java/Extensions:/Network/Library/Java/Extensions:/System/Library/Java/Extensions:/usr/lib/java:.
26-Dec-2016 10:50:02.967 INFO [main] org.apache.coyote.AbstractProtocol.init Initializing ProtocolHandler ["http-nio-8080"]
26-Dec-2016 10:50:02.993 INFO [main] org.apache.tomcat.util.net.NioSelectorPool.getSharedSelector Using a shared selector for servlet write/read
26-Dec-2016 10:50:02.998 INFO [main] org.apache.coyote.AbstractProtocol.init Initializing ProtocolHandler ["ajp-nio-8009"]
26-Dec-2016 10:50:03.000 INFO [main] org.apache.tomcat.util.net.NioSelectorPool.getSharedSelector Using a shared selector for servlet write/read
26-Dec-2016 10:50:03.001 INFO [main] org.apache.catalina.startup.Catalina.load Initialization processed in 650 ms
26-Dec-2016 10:50:03.031 INFO [main] org.apache.catalina.core.StandardService.startInternal Starting service Catalina
26-Dec-2016 10:50:03.032 INFO [main] org.apache.catalina.core.StandardEngine.startInternal Starting Servlet Engine: Apache Tomcat/8.0.35
26-Dec-2016 10:50:03.041 INFO [localhost-startStop-1] org.apache.catalina.startup.HostConfig.deployDirectory Deploying web application directory /Users/home/studio-projects/Doors/build/tomcat/webapps/doors
26-Dec-2016 10:50:03.880 INFO [localhost-startStop-1] org.atmosphere.cpr.AtmosphereFramework.addAtmosphereHandler Installed AtmosphereHandler com.vaadin.server.communication.PushAtmosphereHandler mapped to context-path: /*
26-Dec-2016 10:50:03.881 INFO [localhost-startStop-1] org.atmosphere.cpr.AtmosphereFramework.addAtmosphereHandler Installed the following AtmosphereInterceptor mapped to AtmosphereHandler com.vaadin.server.communication.PushAtmosphereHandler
26-Dec-2016 10:50:03.885 INFO [localhost-startStop-1] org.atmosphere.util.IOUtils.readServiceFile META-INF/services/org.atmosphere.cpr.AtmosphereFramework not found in class loader
26-Dec-2016 10:50:03.908 INFO [localhost-startStop-1] org.atmosphere.cpr.AtmosphereFramework.autoConfigureService Atmosphere is using org.atmosphere.util.VoidAnnotationProcessor for processing annotation
26-Dec-2016 10:50:03.923 INFO [localhost-startStop-1] org.atmosphere.cpr.AtmosphereFramework.initWebSocket Installed WebSocketProtocol org.atmosphere.websocket.protocol.SimpleHttpProtocol 
26-Dec-2016 10:50:03.934 INFO [localhost-startStop-1] org.atmosphere.container.JSR356AsyncSupport.<init> JSR 356 Mapping path /{path}
26-Dec-2016 10:50:03.955 INFO [localhost-startStop-1] org.atmosphere.cpr.AtmosphereFramework.configureAtmosphereInterceptor Installing Default AtmosphereInterceptors
26-Dec-2016 10:50:03.956 INFO [localhost-startStop-1] org.atmosphere.cpr.AtmosphereFramework.newAInterceptor 	org.atmosphere.interceptor.CorsInterceptor : CORS Interceptor Support
26-Dec-2016 10:50:03.956 INFO [localhost-startStop-1] org.atmosphere.cpr.AtmosphereFramework.newAInterceptor 	org.atmosphere.interceptor.CacheHeadersInterceptor : Default Response's Headers Interceptor
26-Dec-2016 10:50:03.958 INFO [localhost-startStop-1] org.atmosphere.cpr.AtmosphereFramework.newAInterceptor 	org.atmosphere.interceptor.PaddingAtmosphereInterceptor : Browser Padding Interceptor Support
26-Dec-2016 10:50:03.959 INFO [localhost-startStop-1] org.atmosphere.cpr.AtmosphereFramework.newAInterceptor 	org.atmosphere.interceptor.AndroidAtmosphereInterceptor : Android Interceptor Support
26-Dec-2016 10:50:03.959 INFO [localhost-startStop-1] org.atmosphere.cpr.AtmosphereFramework.configureAtmosphereInterceptor Dropping Interceptor org.atmosphere.interceptor.HeartbeatInterceptor
26-Dec-2016 10:50:03.960 INFO [localhost-startStop-1] org.atmosphere.cpr.AtmosphereFramework.newAInterceptor 	org.atmosphere.interceptor.SSEAtmosphereInterceptor : SSE Interceptor Support
26-Dec-2016 10:50:03.961 INFO [localhost-startStop-1] org.atmosphere.cpr.AtmosphereFramework.newAInterceptor 	org.atmosphere.interceptor.JSONPAtmosphereInterceptor : JSONP Interceptor Support
26-Dec-2016 10:50:03.963 INFO [localhost-startStop-1] org.atmosphere.cpr.AtmosphereFramework.newAInterceptor 	org.atmosphere.interceptor.JavaScriptProtocol : Atmosphere JavaScript Protocol
26-Dec-2016 10:50:03.964 INFO [localhost-startStop-1] org.atmosphere.cpr.AtmosphereFramework.newAInterceptor 	org.atmosphere.interceptor.WebSocketMessageSuspendInterceptor : org.atmosphere.interceptor.WebSocketMessageSuspendInterceptor
26-Dec-2016 10:50:03.965 INFO [localhost-startStop-1] org.atmosphere.cpr.AtmosphereFramework.newAInterceptor 	org.atmosphere.interceptor.OnDisconnectInterceptor : Browser disconnection detection
26-Dec-2016 10:50:03.966 INFO [localhost-startStop-1] org.atmosphere.cpr.AtmosphereFramework.newAInterceptor 	org.atmosphere.interceptor.IdleResourceInterceptor : org.atmosphere.interceptor.IdleResourceInterceptor
26-Dec-2016 10:50:03.966 INFO [localhost-startStop-1] org.atmosphere.cpr.AtmosphereFramework.configureAtmosphereInterceptor Set org.atmosphere.cpr.AtmosphereInterceptor.disableDefaults to disable them.
26-Dec-2016 10:50:03.970 INFO [localhost-startStop-1] org.atmosphere.cpr.AtmosphereFramework.info Using EndpointMapper class org.atmosphere.util.DefaultEndpointMapper
26-Dec-2016 10:50:03.971 INFO [localhost-startStop-1] org.atmosphere.cpr.AtmosphereFramework.info Using BroadcasterCache: org.atmosphere.cache.UUIDBroadcasterCache
26-Dec-2016 10:50:03.971 INFO [localhost-startStop-1] org.atmosphere.cpr.AtmosphereFramework.info Default Broadcaster Class: org.atmosphere.cpr.DefaultBroadcaster
26-Dec-2016 10:50:03.971 INFO [localhost-startStop-1] org.atmosphere.cpr.AtmosphereFramework.info Broadcaster Polling Wait Time 100
26-Dec-2016 10:50:03.972 INFO [localhost-startStop-1] org.atmosphere.cpr.AtmosphereFramework.info Shared ExecutorService supported: true
26-Dec-2016 10:50:03.972 INFO [localhost-startStop-1] org.atmosphere.cpr.AtmosphereFramework.info Messaging Thread Pool Size: Unlimited
26-Dec-2016 10:50:03.972 INFO [localhost-startStop-1] org.atmosphere.cpr.AtmosphereFramework.info Async I/O Thread Pool Size: 200
26-Dec-2016 10:50:03.973 INFO [localhost-startStop-1] org.atmosphere.cpr.AtmosphereFramework.info Using BroadcasterFactory: org.atmosphere.cpr.DefaultBroadcasterFactory
26-Dec-2016 10:50:03.973 INFO [localhost-startStop-1] org.atmosphere.cpr.AtmosphereFramework.info Using WebSocketProcessor: org.atmosphere.websocket.DefaultWebSocketProcessor
26-Dec-2016 10:50:03.978 INFO [localhost-startStop-1] org.atmosphere.cpr.AtmosphereFramework.info Invoke AtmosphereInterceptor on WebSocket message true
26-Dec-2016 10:50:03.978 INFO [localhost-startStop-1] org.atmosphere.cpr.AtmosphereFramework.info HttpSession supported: true
26-Dec-2016 10:50:03.978 INFO [localhost-startStop-1] org.atmosphere.cpr.AtmosphereFramework.info Atmosphere is using DefaultAtmosphereObjectFactory for dependency injection and object creation
26-Dec-2016 10:50:03.979 INFO [localhost-startStop-1] org.atmosphere.cpr.AtmosphereFramework.info Atmosphere is using async support: org.atmosphere.container.JSR356AsyncSupport running under container: Apache Tomcat/8.0.35 using javax.servlet/3.0 and jsr356/WebSocket API
26-Dec-2016 10:50:03.979 INFO [localhost-startStop-1] org.atmosphere.cpr.AtmosphereFramework.info Atmosphere Framework 2.2.7.vaadin1 started.
26-Dec-2016 10:50:03.983 INFO [localhost-startStop-1] org.atmosphere.cpr.AtmosphereFramework.interceptor Installed AtmosphereInterceptor  Track Message Size Interceptor using | with priority BEFORE_DEFAULT 
26-Dec-2016 10:50:11.419 INFO [localhost-startStop-1] org.apache.catalina.startup.HostConfig.deployDirectory Deployment of web application directory /Users/home/studio-projects/Doors/build/tomcat/webapps/doors has finished in 8,376 ms
26-Dec-2016 10:50:11.420 INFO [localhost-startStop-1] org.apache.catalina.startup.HostConfig.deployDirectory Deploying web application directory /Users/home/studio-projects/Doors/build/tomcat/webapps/doors-core
26-Dec-2016 10:50:20.724 INFO [localhost-startStop-1] org.apache.catalina.startup.HostConfig.deployDirectory Deployment of web application directory /Users/home/studio-projects/Doors/build/tomcat/webapps/doors-core has finished in 9,304 ms
26-Dec-2016 10:50:20.729 INFO [main] org.apache.coyote.AbstractProtocol.start Starting ProtocolHandler ["http-nio-8080"]
26-Dec-2016 10:50:20.738 INFO [main] org.apache.coyote.AbstractProtocol.start Starting ProtocolHandler ["ajp-nio-8009"]
26-Dec-2016 10:50:20.739 INFO [main] org.apache.catalina.startup.Catalina.start Server startup in 17737 ms
26-Dec-2016 10:50:20.875 WARNING [http-nio-8080-exec-8] com.vaadin.server.DefaultDeploymentConfiguration.checkProductionMode 
=================================================================
Vaadin is running in DEBUG MODE.
Add productionMode=true to web.xml to disable debug features.
To show debug window, add ?debug to your application URL.
=================================================================
26-Dec-2016 11:12:35.558 INFO [main] org.apache.catalina.core.StandardServer.await A valid shutdown command was received via the shutdown port. Stopping the Server instance.
26-Dec-2016 11:12:35.565 INFO [main] org.apache.coyote.AbstractProtocol.pause Pausing ProtocolHandler ["http-nio-8080"]
26-Dec-2016 11:12:35.621 INFO [main] org.apache.coyote.AbstractProtocol.pause Pausing ProtocolHandler ["ajp-nio-8009"]
26-Dec-2016 11:12:35.675 INFO [main] org.apache.catalina.core.StandardService.stopInternal Stopping service Catalina
26-Dec-2016 11:12:36.024 INFO [main] org.apache.coyote.AbstractProtocol.stop Stopping ProtocolHandler ["http-nio-8080"]
26-Dec-2016 11:12:36.027 INFO [main] org.apache.coyote.AbstractProtocol.stop Stopping ProtocolHandler ["ajp-nio-8009"]
26-Dec-2016 11:12:36.028 INFO [main] org.apache.coyote.AbstractProtocol.destroy Destroying ProtocolHandler ["http-nio-8080"]
26-Dec-2016 11:12:36.028 INFO [main] org.apache.coyote.AbstractProtocol.destroy Destroying ProtocolHandler ["ajp-nio-8009"]
26-Dec-2016 11:15:58.139 INFO [main] org.apache.catalina.startup.VersionLoggerListener.log Server version:        Apache Tomcat/8.0.35
26-Dec-2016 11:15:58.146 INFO [main] org.apache.catalina.startup.VersionLoggerListener.log Server built:          May 11 2016 21:57:08 UTC
26-Dec-2016 11:15:58.147 INFO [main] org.apache.catalina.startup.VersionLoggerListener.log Server number:         8.0.35.0
26-Dec-2016 11:15:58.147 INFO [main] org.apache.catalina.startup.VersionLoggerListener.log OS Name:               Mac OS X
26-Dec-2016 11:15:58.148 INFO [main] org.apache.catalina.startup.VersionLoggerListener.log OS Version:            10.12.1
26-Dec-2016 11:15:58.149 INFO [main] org.apache.catalina.startup.VersionLoggerListener.log Architecture:          x86_64
26-Dec-2016 11:15:58.149 INFO [main] org.apache.catalina.startup.VersionLoggerListener.log Java Home:             /Library/Java/JavaVirtualMachines/jdk1.8.0_112.jdk/Contents/Home/jre
26-Dec-2016 11:15:58.150 INFO [main] org.apache.catalina.startup.VersionLoggerListener.log JVM Version:           1.8.0_112-b16
26-Dec-2016 11:15:58.151 INFO [main] org.apache.catalina.startup.VersionLoggerListener.log JVM Vendor:            Oracle Corporation
26-Dec-2016 11:15:58.151 INFO [main] org.apache.catalina.startup.VersionLoggerListener.log CATALINA_BASE:         /Users/home/studio-projects/Doors/build/tomcat
26-Dec-2016 11:15:58.152 INFO [main] org.apache.catalina.startup.VersionLoggerListener.log CATALINA_HOME:         /Users/home/studio-projects/Doors/build/tomcat
26-Dec-2016 11:15:58.153 INFO [main] org.apache.catalina.startup.VersionLoggerListener.log Command line argument: -Djava.util.logging.config.file=/Users/home/studio-projects/Doors/build/tomcat/conf/logging.properties
26-Dec-2016 11:15:58.154 INFO [main] org.apache.catalina.startup.VersionLoggerListener.log Command line argument: -Djava.util.logging.manager=org.apache.juli.ClassLoaderLogManager
26-Dec-2016 11:15:58.155 INFO [main] org.apache.catalina.startup.VersionLoggerListener.log Command line argument: -Xmx512m
26-Dec-2016 11:15:58.155 INFO [main] org.apache.catalina.startup.VersionLoggerListener.log Command line argument: -Dfile.encoding=UTF-8
26-Dec-2016 11:15:58.156 INFO [main] org.apache.catalina.startup.VersionLoggerListener.log Command line argument: -Dlogback.configurationFile=../conf/logback.xml
26-Dec-2016 11:15:58.156 INFO [main] org.apache.catalina.startup.VersionLoggerListener.log Command line argument: -Dcom.sun.management.jmxremote
26-Dec-2016 11:15:58.157 INFO [main] org.apache.catalina.startup.VersionLoggerListener.log Command line argument: -Xrunjdwp:transport=dt_socket,address=8787,server=y,suspend=n
26-Dec-2016 11:15:58.157 INFO [main] org.apache.catalina.startup.VersionLoggerListener.log Command line argument: -Djava.endorsed.dirs=/Users/home/studio-projects/Doors/build/tomcat/endorsed
26-Dec-2016 11:15:58.158 INFO [main] org.apache.catalina.startup.VersionLoggerListener.log Command line argument: -Dcatalina.base=/Users/home/studio-projects/Doors/build/tomcat
26-Dec-2016 11:15:58.158 INFO [main] org.apache.catalina.startup.VersionLoggerListener.log Command line argument: -Dcatalina.home=/Users/home/studio-projects/Doors/build/tomcat
26-Dec-2016 11:15:58.159 INFO [main] org.apache.catalina.startup.VersionLoggerListener.log Command line argument: -Djava.io.tmpdir=/Users/home/studio-projects/Doors/build/tomcat/temp
26-Dec-2016 11:15:58.159 INFO [main] org.apache.catalina.core.AprLifecycleListener.lifecycleEvent The APR based Apache Tomcat Native library which allows optimal performance in production environments was not found on the java.library.path: /Users/home/Library/Java/Extensions:/Library/Java/Extensions:/Network/Library/Java/Extensions:/System/Library/Java/Extensions:/usr/lib/java:.
26-Dec-2016 11:15:58.309 INFO [main] org.apache.coyote.AbstractProtocol.init Initializing ProtocolHandler ["http-nio-8080"]
26-Dec-2016 11:15:58.332 INFO [main] org.apache.tomcat.util.net.NioSelectorPool.getSharedSelector Using a shared selector for servlet write/read
26-Dec-2016 11:15:58.335 INFO [main] org.apache.coyote.AbstractProtocol.init Initializing ProtocolHandler ["ajp-nio-8009"]
26-Dec-2016 11:15:58.337 INFO [main] org.apache.tomcat.util.net.NioSelectorPool.getSharedSelector Using a shared selector for servlet write/read
26-Dec-2016 11:15:58.337 INFO [main] org.apache.catalina.startup.Catalina.load Initialization processed in 516 ms
26-Dec-2016 11:15:58.360 INFO [main] org.apache.catalina.core.StandardService.startInternal Starting service Catalina
26-Dec-2016 11:15:58.361 INFO [main] org.apache.catalina.core.StandardEngine.startInternal Starting Servlet Engine: Apache Tomcat/8.0.35
26-Dec-2016 11:15:58.368 INFO [localhost-startStop-1] org.apache.catalina.startup.HostConfig.deployDirectory Deploying web application directory /Users/home/studio-projects/Doors/build/tomcat/webapps/doors
26-Dec-2016 11:15:58.964 INFO [localhost-startStop-1] org.atmosphere.cpr.AtmosphereFramework.addAtmosphereHandler Installed AtmosphereHandler com.vaadin.server.communication.PushAtmosphereHandler mapped to context-path: /*
26-Dec-2016 11:15:58.965 INFO [localhost-startStop-1] org.atmosphere.cpr.AtmosphereFramework.addAtmosphereHandler Installed the following AtmosphereInterceptor mapped to AtmosphereHandler com.vaadin.server.communication.PushAtmosphereHandler
26-Dec-2016 11:15:58.969 INFO [localhost-startStop-1] org.atmosphere.util.IOUtils.readServiceFile META-INF/services/org.atmosphere.cpr.AtmosphereFramework not found in class loader
26-Dec-2016 11:15:58.989 INFO [localhost-startStop-1] org.atmosphere.cpr.AtmosphereFramework.autoConfigureService Atmosphere is using org.atmosphere.util.VoidAnnotationProcessor for processing annotation
26-Dec-2016 11:15:59.003 INFO [localhost-startStop-1] org.atmosphere.cpr.AtmosphereFramework.initWebSocket Installed WebSocketProtocol org.atmosphere.websocket.protocol.SimpleHttpProtocol 
26-Dec-2016 11:15:59.012 INFO [localhost-startStop-1] org.atmosphere.container.JSR356AsyncSupport.<init> JSR 356 Mapping path /{path}
26-Dec-2016 11:15:59.028 INFO [localhost-startStop-1] org.atmosphere.cpr.AtmosphereFramework.configureAtmosphereInterceptor Installing Default AtmosphereInterceptors
26-Dec-2016 11:15:59.029 INFO [localhost-startStop-1] org.atmosphere.cpr.AtmosphereFramework.newAInterceptor 	org.atmosphere.interceptor.CorsInterceptor : CORS Interceptor Support
26-Dec-2016 11:15:59.030 INFO [localhost-startStop-1] org.atmosphere.cpr.AtmosphereFramework.newAInterceptor 	org.atmosphere.interceptor.CacheHeadersInterceptor : Default Response's Headers Interceptor
26-Dec-2016 11:15:59.031 INFO [localhost-startStop-1] org.atmosphere.cpr.AtmosphereFramework.newAInterceptor 	org.atmosphere.interceptor.PaddingAtmosphereInterceptor : Browser Padding Interceptor Support
26-Dec-2016 11:15:59.032 INFO [localhost-startStop-1] org.atmosphere.cpr.AtmosphereFramework.newAInterceptor 	org.atmosphere.interceptor.AndroidAtmosphereInterceptor : Android Interceptor Support
26-Dec-2016 11:15:59.032 INFO [localhost-startStop-1] org.atmosphere.cpr.AtmosphereFramework.configureAtmosphereInterceptor Dropping Interceptor org.atmosphere.interceptor.HeartbeatInterceptor
26-Dec-2016 11:15:59.034 INFO [localhost-startStop-1] org.atmosphere.cpr.AtmosphereFramework.newAInterceptor 	org.atmosphere.interceptor.SSEAtmosphereInterceptor : SSE Interceptor Support
26-Dec-2016 11:15:59.035 INFO [localhost-startStop-1] org.atmosphere.cpr.AtmosphereFramework.newAInterceptor 	org.atmosphere.interceptor.JSONPAtmosphereInterceptor : JSONP Interceptor Support
26-Dec-2016 11:15:59.037 INFO [localhost-startStop-1] org.atmosphere.cpr.AtmosphereFramework.newAInterceptor 	org.atmosphere.interceptor.JavaScriptProtocol : Atmosphere JavaScript Protocol
26-Dec-2016 11:15:59.038 INFO [localhost-startStop-1] org.atmosphere.cpr.AtmosphereFramework.newAInterceptor 	org.atmosphere.interceptor.WebSocketMessageSuspendInterceptor : org.atmosphere.interceptor.WebSocketMessageSuspendInterceptor
26-Dec-2016 11:15:59.039 INFO [localhost-startStop-1] org.atmosphere.cpr.AtmosphereFramework.newAInterceptor 	org.atmosphere.interceptor.OnDisconnectInterceptor : Browser disconnection detection
26-Dec-2016 11:15:59.039 INFO [localhost-startStop-1] org.atmosphere.cpr.AtmosphereFramework.newAInterceptor 	org.atmosphere.interceptor.IdleResourceInterceptor : org.atmosphere.interceptor.IdleResourceInterceptor
26-Dec-2016 11:15:59.040 INFO [localhost-startStop-1] org.atmosphere.cpr.AtmosphereFramework.configureAtmosphereInterceptor Set org.atmosphere.cpr.AtmosphereInterceptor.disableDefaults to disable them.
26-Dec-2016 11:15:59.044 INFO [localhost-startStop-1] org.atmosphere.cpr.AtmosphereFramework.info Using EndpointMapper class org.atmosphere.util.DefaultEndpointMapper
26-Dec-2016 11:15:59.044 INFO [localhost-startStop-1] org.atmosphere.cpr.AtmosphereFramework.info Using BroadcasterCache: org.atmosphere.cache.UUIDBroadcasterCache
26-Dec-2016 11:15:59.045 INFO [localhost-startStop-1] org.atmosphere.cpr.AtmosphereFramework.info Default Broadcaster Class: org.atmosphere.cpr.DefaultBroadcaster
26-Dec-2016 11:15:59.045 INFO [localhost-startStop-1] org.atmosphere.cpr.AtmosphereFramework.info Broadcaster Polling Wait Time 100
26-Dec-2016 11:15:59.045 INFO [localhost-startStop-1] org.atmosphere.cpr.AtmosphereFramework.info Shared ExecutorService supported: true
26-Dec-2016 11:15:59.046 INFO [localhost-startStop-1] org.atmosphere.cpr.AtmosphereFramework.info Messaging Thread Pool Size: Unlimited
26-Dec-2016 11:15:59.046 INFO [localhost-startStop-1] org.atmosphere.cpr.AtmosphereFramework.info Async I/O Thread Pool Size: 200
26-Dec-2016 11:15:59.046 INFO [localhost-startStop-1] org.atmosphere.cpr.AtmosphereFramework.info Using BroadcasterFactory: org.atmosphere.cpr.DefaultBroadcasterFactory
26-Dec-2016 11:15:59.046 INFO [localhost-startStop-1] org.atmosphere.cpr.AtmosphereFramework.info Using WebSocketProcessor: org.atmosphere.websocket.DefaultWebSocketProcessor
26-Dec-2016 11:15:59.051 INFO [localhost-startStop-1] org.atmosphere.cpr.AtmosphereFramework.info Invoke AtmosphereInterceptor on WebSocket message true
26-Dec-2016 11:15:59.051 INFO [localhost-startStop-1] org.atmosphere.cpr.AtmosphereFramework.info HttpSession supported: true
26-Dec-2016 11:15:59.051 INFO [localhost-startStop-1] org.atmosphere.cpr.AtmosphereFramework.info Atmosphere is using DefaultAtmosphereObjectFactory for dependency injection and object creation
26-Dec-2016 11:15:59.052 INFO [localhost-startStop-1] org.atmosphere.cpr.AtmosphereFramework.info Atmosphere is using async support: org.atmosphere.container.JSR356AsyncSupport running under container: Apache Tomcat/8.0.35 using javax.servlet/3.0 and jsr356/WebSocket API
26-Dec-2016 11:15:59.052 INFO [localhost-startStop-1] org.atmosphere.cpr.AtmosphereFramework.info Atmosphere Framework 2.2.7.vaadin1 started.
26-Dec-2016 11:15:59.056 INFO [localhost-startStop-1] org.atmosphere.cpr.AtmosphereFramework.interceptor Installed AtmosphereInterceptor  Track Message Size Interceptor using | with priority BEFORE_DEFAULT 
26-Dec-2016 11:16:05.896 INFO [localhost-startStop-1] org.apache.catalina.startup.HostConfig.deployDirectory Deployment of web application directory /Users/home/studio-projects/Doors/build/tomcat/webapps/doors has finished in 7,526 ms
26-Dec-2016 11:16:05.896 INFO [localhost-startStop-1] org.apache.catalina.startup.HostConfig.deployDirectory Deploying web application directory /Users/home/studio-projects/Doors/build/tomcat/webapps/doors-core
26-Dec-2016 11:16:20.665 INFO [localhost-startStop-1] org.apache.catalina.startup.HostConfig.deployDirectory Deployment of web application directory /Users/home/studio-projects/Doors/build/tomcat/webapps/doors-core has finished in 14,769 ms
26-Dec-2016 11:16:20.670 INFO [main] org.apache.coyote.AbstractProtocol.start Starting ProtocolHandler ["http-nio-8080"]
26-Dec-2016 11:16:20.678 INFO [main] org.apache.coyote.AbstractProtocol.start Starting ProtocolHandler ["ajp-nio-8009"]
26-Dec-2016 11:16:20.679 INFO [main] org.apache.catalina.startup.Catalina.start Server startup in 22341 ms
26-Dec-2016 11:16:20.811 WARNING [http-nio-8080-exec-22] com.vaadin.server.DefaultDeploymentConfiguration.checkProductionMode 
=================================================================
Vaadin is running in DEBUG MODE.
Add productionMode=true to web.xml to disable debug features.
To show debug window, add ?debug to your application URL.
=================================================================
26-Dec-2016 11:44:12.375 INFO [main] org.apache.catalina.core.StandardServer.await A valid shutdown command was received via the shutdown port. Stopping the Server instance.
26-Dec-2016 11:44:12.377 INFO [main] org.apache.coyote.AbstractProtocol.pause Pausing ProtocolHandler ["http-nio-8080"]
26-Dec-2016 11:44:12.431 INFO [main] org.apache.coyote.AbstractProtocol.pause Pausing ProtocolHandler ["ajp-nio-8009"]
26-Dec-2016 11:44:12.483 INFO [main] org.apache.catalina.core.StandardService.stopInternal Stopping service Catalina
26-Dec-2016 11:44:12.630 INFO [main] org.apache.coyote.AbstractProtocol.stop Stopping ProtocolHandler ["http-nio-8080"]
26-Dec-2016 11:44:12.634 INFO [main] org.apache.coyote.AbstractProtocol.stop Stopping ProtocolHandler ["ajp-nio-8009"]
26-Dec-2016 11:44:12.706 INFO [main] org.apache.coyote.AbstractProtocol.destroy Destroying ProtocolHandler ["http-nio-8080"]
26-Dec-2016 11:44:12.708 INFO [main] org.apache.coyote.AbstractProtocol.destroy Destroying ProtocolHandler ["ajp-nio-8009"]
26-Dec-2016 11:44:15.076 INFO [main] org.apache.catalina.startup.VersionLoggerListener.log Server version:        Apache Tomcat/8.0.35
26-Dec-2016 11:44:15.083 INFO [main] org.apache.catalina.startup.VersionLoggerListener.log Server built:          May 11 2016 21:57:08 UTC
26-Dec-2016 11:44:15.084 INFO [main] org.apache.catalina.startup.VersionLoggerListener.log Server number:         8.0.35.0
26-Dec-2016 11:44:15.085 INFO [main] org.apache.catalina.startup.VersionLoggerListener.log OS Name:               Mac OS X
26-Dec-2016 11:44:15.086 INFO [main] org.apache.catalina.startup.VersionLoggerListener.log OS Version:            10.12.1
26-Dec-2016 11:44:15.086 INFO [main] org.apache.catalina.startup.VersionLoggerListener.log Architecture:          x86_64
26-Dec-2016 11:44:15.087 INFO [main] org.apache.catalina.startup.VersionLoggerListener.log Java Home:             /Library/Java/JavaVirtualMachines/jdk1.8.0_112.jdk/Contents/Home/jre
26-Dec-2016 11:44:15.088 INFO [main] org.apache.catalina.startup.VersionLoggerListener.log JVM Version:           1.8.0_112-b16
26-Dec-2016 11:44:15.088 INFO [main] org.apache.catalina.startup.VersionLoggerListener.log JVM Vendor:            Oracle Corporation
26-Dec-2016 11:44:15.089 INFO [main] org.apache.catalina.startup.VersionLoggerListener.log CATALINA_BASE:         /Users/home/studio-projects/Doors/build/tomcat
26-Dec-2016 11:44:15.090 INFO [main] org.apache.catalina.startup.VersionLoggerListener.log CATALINA_HOME:         /Users/home/studio-projects/Doors/build/tomcat
26-Dec-2016 11:44:15.091 INFO [main] org.apache.catalina.startup.VersionLoggerListener.log Command line argument: -Djava.util.logging.config.file=/Users/home/studio-projects/Doors/build/tomcat/conf/logging.properties
26-Dec-2016 11:44:15.091 INFO [main] org.apache.catalina.startup.VersionLoggerListener.log Command line argument: -Djava.util.logging.manager=org.apache.juli.ClassLoaderLogManager
26-Dec-2016 11:44:15.092 INFO [main] org.apache.catalina.startup.VersionLoggerListener.log Command line argument: -Xmx512m
26-Dec-2016 11:44:15.093 INFO [main] org.apache.catalina.startup.VersionLoggerListener.log Command line argument: -Dfile.encoding=UTF-8
26-Dec-2016 11:44:15.093 INFO [main] org.apache.catalina.startup.VersionLoggerListener.log Command line argument: -Dlogback.configurationFile=../conf/logback.xml
26-Dec-2016 11:44:15.094 INFO [main] org.apache.catalina.startup.VersionLoggerListener.log Command line argument: -Dcom.sun.management.jmxremote
26-Dec-2016 11:44:15.094 INFO [main] org.apache.catalina.startup.VersionLoggerListener.log Command line argument: -Xrunjdwp:transport=dt_socket,address=8787,server=y,suspend=n
26-Dec-2016 11:44:15.095 INFO [main] org.apache.catalina.startup.VersionLoggerListener.log Command line argument: -Djava.endorsed.dirs=/Users/home/studio-projects/Doors/build/tomcat/endorsed
26-Dec-2016 11:44:15.096 INFO [main] org.apache.catalina.startup.VersionLoggerListener.log Command line argument: -Dcatalina.base=/Users/home/studio-projects/Doors/build/tomcat
26-Dec-2016 11:44:15.096 INFO [main] org.apache.catalina.startup.VersionLoggerListener.log Command line argument: -Dcatalina.home=/Users/home/studio-projects/Doors/build/tomcat
26-Dec-2016 11:44:15.097 INFO [main] org.apache.catalina.startup.VersionLoggerListener.log Command line argument: -Djava.io.tmpdir=/Users/home/studio-projects/Doors/build/tomcat/temp
26-Dec-2016 11:44:15.097 INFO [main] org.apache.catalina.core.AprLifecycleListener.lifecycleEvent The APR based Apache Tomcat Native library which allows optimal performance in production environments was not found on the java.library.path: /Users/home/Library/Java/Extensions:/Library/Java/Extensions:/Network/Library/Java/Extensions:/System/Library/Java/Extensions:/usr/lib/java:.
26-Dec-2016 11:44:15.258 INFO [main] org.apache.coyote.AbstractProtocol.init Initializing ProtocolHandler ["http-nio-8080"]
26-Dec-2016 11:44:15.281 INFO [main] org.apache.tomcat.util.net.NioSelectorPool.getSharedSelector Using a shared selector for servlet write/read
26-Dec-2016 11:44:15.284 INFO [main] org.apache.coyote.AbstractProtocol.init Initializing ProtocolHandler ["ajp-nio-8009"]
26-Dec-2016 11:44:15.286 INFO [main] org.apache.tomcat.util.net.NioSelectorPool.getSharedSelector Using a shared selector for servlet write/read
26-Dec-2016 11:44:15.287 INFO [main] org.apache.catalina.startup.Catalina.load Initialization processed in 550 ms
26-Dec-2016 11:44:15.310 INFO [main] org.apache.catalina.core.StandardService.startInternal Starting service Catalina
26-Dec-2016 11:44:15.311 INFO [main] org.apache.catalina.core.StandardEngine.startInternal Starting Servlet Engine: Apache Tomcat/8.0.35
26-Dec-2016 11:44:15.318 INFO [localhost-startStop-1] org.apache.catalina.startup.HostConfig.deployDirectory Deploying web application directory /Users/home/studio-projects/Doors/build/tomcat/webapps/doors
26-Dec-2016 11:44:15.913 INFO [localhost-startStop-1] org.atmosphere.cpr.AtmosphereFramework.addAtmosphereHandler Installed AtmosphereHandler com.vaadin.server.communication.PushAtmosphereHandler mapped to context-path: /*
26-Dec-2016 11:44:15.914 INFO [localhost-startStop-1] org.atmosphere.cpr.AtmosphereFramework.addAtmosphereHandler Installed the following AtmosphereInterceptor mapped to AtmosphereHandler com.vaadin.server.communication.PushAtmosphereHandler
26-Dec-2016 11:44:15.918 INFO [localhost-startStop-1] org.atmosphere.util.IOUtils.readServiceFile META-INF/services/org.atmosphere.cpr.AtmosphereFramework not found in class loader
26-Dec-2016 11:44:15.940 INFO [localhost-startStop-1] org.atmosphere.cpr.AtmosphereFramework.autoConfigureService Atmosphere is using org.atmosphere.util.VoidAnnotationProcessor for processing annotation
26-Dec-2016 11:44:15.955 INFO [localhost-startStop-1] org.atmosphere.cpr.AtmosphereFramework.initWebSocket Installed WebSocketProtocol org.atmosphere.websocket.protocol.SimpleHttpProtocol 
26-Dec-2016 11:44:15.965 INFO [localhost-startStop-1] org.atmosphere.container.JSR356AsyncSupport.<init> JSR 356 Mapping path /{path}
26-Dec-2016 11:44:15.984 INFO [localhost-startStop-1] org.atmosphere.cpr.AtmosphereFramework.configureAtmosphereInterceptor Installing Default AtmosphereInterceptors
26-Dec-2016 11:44:15.985 INFO [localhost-startStop-1] org.atmosphere.cpr.AtmosphereFramework.newAInterceptor 	org.atmosphere.interceptor.CorsInterceptor : CORS Interceptor Support
26-Dec-2016 11:44:15.986 INFO [localhost-startStop-1] org.atmosphere.cpr.AtmosphereFramework.newAInterceptor 	org.atmosphere.interceptor.CacheHeadersInterceptor : Default Response's Headers Interceptor
26-Dec-2016 11:44:15.987 INFO [localhost-startStop-1] org.atmosphere.cpr.AtmosphereFramework.newAInterceptor 	org.atmosphere.interceptor.PaddingAtmosphereInterceptor : Browser Padding Interceptor Support
26-Dec-2016 11:44:15.988 INFO [localhost-startStop-1] org.atmosphere.cpr.AtmosphereFramework.newAInterceptor 	org.atmosphere.interceptor.AndroidAtmosphereInterceptor : Android Interceptor Support
26-Dec-2016 11:44:15.989 INFO [localhost-startStop-1] org.atmosphere.cpr.AtmosphereFramework.configureAtmosphereInterceptor Dropping Interceptor org.atmosphere.interceptor.HeartbeatInterceptor
26-Dec-2016 11:44:15.990 INFO [localhost-startStop-1] org.atmosphere.cpr.AtmosphereFramework.newAInterceptor 	org.atmosphere.interceptor.SSEAtmosphereInterceptor : SSE Interceptor Support
26-Dec-2016 11:44:15.991 INFO [localhost-startStop-1] org.atmosphere.cpr.AtmosphereFramework.newAInterceptor 	org.atmosphere.interceptor.JSONPAtmosphereInterceptor : JSONP Interceptor Support
26-Dec-2016 11:44:15.993 INFO [localhost-startStop-1] org.atmosphere.cpr.AtmosphereFramework.newAInterceptor 	org.atmosphere.interceptor.JavaScriptProtocol : Atmosphere JavaScript Protocol
26-Dec-2016 11:44:15.994 INFO [localhost-startStop-1] org.atmosphere.cpr.AtmosphereFramework.newAInterceptor 	org.atmosphere.interceptor.WebSocketMessageSuspendInterceptor : org.atmosphere.interceptor.WebSocketMessageSuspendInterceptor
26-Dec-2016 11:44:15.994 INFO [localhost-startStop-1] org.atmosphere.cpr.AtmosphereFramework.newAInterceptor 	org.atmosphere.interceptor.OnDisconnectInterceptor : Browser disconnection detection
26-Dec-2016 11:44:15.995 INFO [localhost-startStop-1] org.atmosphere.cpr.AtmosphereFramework.newAInterceptor 	org.atmosphere.interceptor.IdleResourceInterceptor : org.atmosphere.interceptor.IdleResourceInterceptor
26-Dec-2016 11:44:15.996 INFO [localhost-startStop-1] org.atmosphere.cpr.AtmosphereFramework.configureAtmosphereInterceptor Set org.atmosphere.cpr.AtmosphereInterceptor.disableDefaults to disable them.
26-Dec-2016 11:44:15.999 INFO [localhost-startStop-1] org.atmosphere.cpr.AtmosphereFramework.info Using EndpointMapper class org.atmosphere.util.DefaultEndpointMapper
26-Dec-2016 11:44:16.000 INFO [localhost-startStop-1] org.atmosphere.cpr.AtmosphereFramework.info Using BroadcasterCache: org.atmosphere.cache.UUIDBroadcasterCache
26-Dec-2016 11:44:16.000 INFO [localhost-startStop-1] org.atmosphere.cpr.AtmosphereFramework.info Default Broadcaster Class: org.atmosphere.cpr.DefaultBroadcaster
26-Dec-2016 11:44:16.001 INFO [localhost-startStop-1] org.atmosphere.cpr.AtmosphereFramework.info Broadcaster Polling Wait Time 100
26-Dec-2016 11:44:16.001 INFO [localhost-startStop-1] org.atmosphere.cpr.AtmosphereFramework.info Shared ExecutorService supported: true
26-Dec-2016 11:44:16.001 INFO [localhost-startStop-1] org.atmosphere.cpr.AtmosphereFramework.info Messaging Thread Pool Size: Unlimited
26-Dec-2016 11:44:16.002 INFO [localhost-startStop-1] org.atmosphere.cpr.AtmosphereFramework.info Async I/O Thread Pool Size: 200
26-Dec-2016 11:44:16.002 INFO [localhost-startStop-1] org.atmosphere.cpr.AtmosphereFramework.info Using BroadcasterFactory: org.atmosphere.cpr.DefaultBroadcasterFactory
26-Dec-2016 11:44:16.002 INFO [localhost-startStop-1] org.atmosphere.cpr.AtmosphereFramework.info Using WebSocketProcessor: org.atmosphere.websocket.DefaultWebSocketProcessor
26-Dec-2016 11:44:16.007 INFO [localhost-startStop-1] org.atmosphere.cpr.AtmosphereFramework.info Invoke AtmosphereInterceptor on WebSocket message true
26-Dec-2016 11:44:16.008 INFO [localhost-startStop-1] org.atmosphere.cpr.AtmosphereFramework.info HttpSession supported: true
26-Dec-2016 11:44:16.008 INFO [localhost-startStop-1] org.atmosphere.cpr.AtmosphereFramework.info Atmosphere is using DefaultAtmosphereObjectFactory for dependency injection and object creation
26-Dec-2016 11:44:16.008 INFO [localhost-startStop-1] org.atmosphere.cpr.AtmosphereFramework.info Atmosphere is using async support: org.atmosphere.container.JSR356AsyncSupport running under container: Apache Tomcat/8.0.35 using javax.servlet/3.0 and jsr356/WebSocket API
26-Dec-2016 11:44:16.009 INFO [localhost-startStop-1] org.atmosphere.cpr.AtmosphereFramework.info Atmosphere Framework 2.2.7.vaadin1 started.
26-Dec-2016 11:44:16.012 INFO [localhost-startStop-1] org.atmosphere.cpr.AtmosphereFramework.interceptor Installed AtmosphereInterceptor  Track Message Size Interceptor using | with priority BEFORE_DEFAULT 
26-Dec-2016 11:44:21.860 INFO [localhost-startStop-1] org.apache.catalina.startup.HostConfig.deployDirectory Deployment of web application directory /Users/home/studio-projects/Doors/build/tomcat/webapps/doors has finished in 6,541 ms
26-Dec-2016 11:44:21.861 INFO [localhost-startStop-1] org.apache.catalina.startup.HostConfig.deployDirectory Deploying web application directory /Users/home/studio-projects/Doors/build/tomcat/webapps/doors-core
26-Dec-2016 11:44:30.503 INFO [localhost-startStop-1] org.apache.catalina.startup.HostConfig.deployDirectory Deployment of web application directory /Users/home/studio-projects/Doors/build/tomcat/webapps/doors-core has finished in 8,642 ms
26-Dec-2016 11:44:30.508 INFO [main] org.apache.coyote.AbstractProtocol.start Starting ProtocolHandler ["http-nio-8080"]
26-Dec-2016 11:44:30.515 INFO [main] org.apache.coyote.AbstractProtocol.start Starting ProtocolHandler ["ajp-nio-8009"]
26-Dec-2016 11:44:30.516 INFO [main] org.apache.catalina.startup.Catalina.start Server startup in 15228 ms
26-Dec-2016 11:44:30.626 WARNING [http-nio-8080-exec-10] com.vaadin.server.DefaultDeploymentConfiguration.checkProductionMode 
=================================================================
Vaadin is running in DEBUG MODE.
Add productionMode=true to web.xml to disable debug features.
To show debug window, add ?debug to your application URL.
=================================================================
26-Dec-2016 13:36:06.644 INFO [http-nio-8080-exec-6] com.vaadin.server.communication.AtmospherePushConnection.disconnect Timeout waiting for messages to be sent to client before disconnect
26-Dec-2016 14:38:13.039 INFO [http-nio-8080-exec-6] com.vaadin.server.communication.AtmospherePushConnection.disconnect Timeout waiting for messages to be sent to client before disconnect
