07-Jan-2017 17:36:26.821 INFO [localhost-startStop-1] org.apache.catalina.core.ApplicationContext.log Initializing AtmosphereFramework
07-Jan-2017 17:36:26.837 INFO [localhost-startStop-1] org.apache.catalina.core.ApplicationContext.log No Spring WebApplicationInitializer types detected on classpath
07-Jan-2017 17:36:31.377 INFO [localhost-startStop-1] org.apache.catalina.core.ApplicationContext.log Initializing Spring FrameworkServlet 'dispatcher'
07-Jan-2017 17:36:32.731 INFO [localhost-startStop-1] org.apache.catalina.core.ApplicationContext.log Initializing Spring FrameworkServlet 'rest_api'
07-Jan-2017 17:36:34.241 INFO [localhost-startStop-1] org.apache.catalina.core.ApplicationContext.log Initializing AtmosphereFramework
07-Jan-2017 17:36:34.242 INFO [localhost-startStop-1] org.apache.catalina.core.ApplicationContext.log No Spring WebApplicationInitializer types detected on classpath
07-Jan-2017 17:36:42.538 INFO [localhost-startStop-1] org.apache.catalina.core.ApplicationContext.log Initializing Spring FrameworkServlet 'remoting'
07-Jan-2017 17:39:31.904 INFO [localhost-startStop-2] org.apache.catalina.core.ApplicationContext.log Destroying Spring FrameworkServlet 'remoting'
07-Jan-2017 17:39:32.057 INFO [localhost-startStop-2] org.apache.catalina.core.ApplicationContext.log Destroying Spring FrameworkServlet 'rest_api'
07-Jan-2017 17:39:32.064 INFO [localhost-startStop-2] org.apache.catalina.core.ApplicationContext.log Destroying Spring FrameworkServlet 'dispatcher'
07-Jan-2017 17:39:42.583 INFO [localhost-startStop-1] org.apache.catalina.core.ApplicationContext.log Initializing AtmosphereFramework
07-Jan-2017 17:39:42.593 INFO [localhost-startStop-1] org.apache.catalina.core.ApplicationContext.log No Spring WebApplicationInitializer types detected on classpath
07-Jan-2017 17:39:46.339 INFO [localhost-startStop-1] org.apache.catalina.core.ApplicationContext.log Initializing Spring FrameworkServlet 'dispatcher'
07-Jan-2017 17:39:47.433 INFO [localhost-startStop-1] org.apache.catalina.core.ApplicationContext.log Initializing Spring FrameworkServlet 'rest_api'
07-Jan-2017 17:39:48.759 INFO [localhost-startStop-1] org.apache.catalina.core.ApplicationContext.log Initializing AtmosphereFramework
07-Jan-2017 17:39:48.759 INFO [localhost-startStop-1] org.apache.catalina.core.ApplicationContext.log No Spring WebApplicationInitializer types detected on classpath
07-Jan-2017 17:39:57.016 INFO [localhost-startStop-1] org.apache.catalina.core.ApplicationContext.log Initializing Spring FrameworkServlet 'remoting'
07-Jan-2017 18:11:09.231 INFO [localhost-startStop-2] org.apache.catalina.core.ApplicationContext.log Destroying Spring FrameworkServlet 'remoting'
07-Jan-2017 18:12:10.463 INFO [localhost-startStop-2] org.apache.catalina.core.ApplicationContext.log Destroying Spring FrameworkServlet 'rest_api'
07-Jan-2017 18:12:10.469 INFO [localhost-startStop-2] org.apache.catalina.core.ApplicationContext.log Destroying Spring FrameworkServlet 'dispatcher'
