Performance Statistics   2017-01-05 21:49:00 - 2017-01-05 21:50:00
Tag                                                  Avg(ms)         Min         Max     Std Dev       Count

Performance Statistics   2017-01-06 07:00:00 - 2017-01-06 07:01:00
Tag                                                  Avg(ms)         Min         Max     Std Dev       Count

Performance Statistics   2017-01-06 07:01:00 - 2017-01-06 07:02:00
Tag                                                  Avg(ms)         Min         Max     Std Dev       Count

Performance Statistics   2017-01-06 07:02:00 - 2017-01-06 07:03:00
Tag                                                  Avg(ms)         Min         Max     Std Dev       Count

Performance Statistics   2017-01-06 07:03:00 - 2017-01-06 07:04:00
Tag                                                  Avg(ms)         Min         Max     Std Dev       Count

Performance Statistics   2017-01-06 07:04:00 - 2017-01-06 07:05:00
Tag                                                  Avg(ms)         Min         Max     Std Dev       Count

Performance Statistics   2017-01-06 07:05:00 - 2017-01-06 07:06:00
Tag                                                  Avg(ms)         Min         Max     Std Dev       Count

Performance Statistics   2017-01-06 07:06:00 - 2017-01-06 07:07:00
Tag                                                  Avg(ms)         Min         Max     Std Dev       Count

Performance Statistics   2017-01-06 07:07:00 - 2017-01-06 07:08:00
Tag                                                  Avg(ms)         Min         Max     Std Dev       Count

Performance Statistics   2017-01-06 07:08:00 - 2017-01-06 07:09:00
Tag                                                  Avg(ms)         Min         Max     Std Dev       Count

Performance Statistics   2017-01-06 07:09:00 - 2017-01-06 07:10:00
Tag                                                  Avg(ms)         Min         Max     Std Dev       Count

Performance Statistics   2017-01-06 07:10:00 - 2017-01-06 07:11:00
Tag                                                  Avg(ms)         Min         Max     Std Dev       Count

Performance Statistics   2017-01-06 07:11:00 - 2017-01-06 07:12:00
Tag                                                  Avg(ms)         Min         Max     Std Dev       Count

Performance Statistics   2017-01-06 07:12:00 - 2017-01-06 07:13:00
Tag                                                  Avg(ms)         Min         Max     Std Dev       Count

Performance Statistics   2017-01-06 07:14:00 - 2017-01-06 07:15:00
Tag                                                  Avg(ms)         Min         Max     Std Dev       Count

Performance Statistics   2017-01-06 07:15:00 - 2017-01-06 07:16:00
Tag                                                  Avg(ms)         Min         Max     Std Dev       Count

Performance Statistics   2017-01-06 07:16:00 - 2017-01-06 07:17:00
Tag                                                  Avg(ms)         Min         Max     Std Dev       Count

Performance Statistics   2017-01-06 07:17:00 - 2017-01-06 07:18:00
Tag                                                  Avg(ms)         Min         Max     Std Dev       Count

Performance Statistics   2017-01-06 07:18:00 - 2017-01-06 07:19:00
Tag                                                  Avg(ms)         Min         Max     Std Dev       Count

Performance Statistics   2017-01-06 07:19:00 - 2017-01-06 07:20:00
Tag                                                  Avg(ms)         Min         Max     Std Dev       Count

Performance Statistics   2017-01-06 07:20:00 - 2017-01-06 07:21:00
Tag                                                  Avg(ms)         Min         Max     Std Dev       Count

Performance Statistics   2017-01-06 07:21:00 - 2017-01-06 07:22:00
Tag                                                  Avg(ms)         Min         Max     Std Dev       Count

Performance Statistics   2017-01-06 07:22:00 - 2017-01-06 07:23:00
Tag                                                  Avg(ms)         Min         Max     Std Dev       Count

Performance Statistics   2017-01-06 07:23:00 - 2017-01-06 07:24:00
Tag                                                  Avg(ms)         Min         Max     Std Dev       Count

Performance Statistics   2017-01-06 11:31:00 - 2017-01-06 11:32:00
Tag                                                  Avg(ms)         Min         Max     Std Dev       Count

Performance Statistics   2017-01-06 11:32:00 - 2017-01-06 11:33:00
Tag                                                  Avg(ms)         Min         Max     Std Dev       Count

Performance Statistics   2017-01-06 11:33:00 - 2017-01-06 11:34:00
Tag                                                  Avg(ms)         Min         Max     Std Dev       Count

Performance Statistics   2017-01-06 11:34:00 - 2017-01-06 11:35:00
Tag                                                  Avg(ms)         Min         Max     Std Dev       Count

Performance Statistics   2017-01-06 11:35:00 - 2017-01-06 11:36:00
Tag                                                  Avg(ms)         Min         Max     Std Dev       Count

Performance Statistics   2017-01-06 11:36:00 - 2017-01-06 11:37:00
Tag                                                  Avg(ms)         Min         Max     Std Dev       Count

Performance Statistics   2017-01-06 11:37:00 - 2017-01-06 11:38:00
Tag                                                  Avg(ms)         Min         Max     Std Dev       Count

Performance Statistics   2017-01-06 11:38:00 - 2017-01-06 11:39:00
Tag                                                  Avg(ms)         Min         Max     Std Dev       Count

Performance Statistics   2017-01-06 11:39:00 - 2017-01-06 11:40:00
Tag                                                  Avg(ms)         Min         Max     Std Dev       Count

Performance Statistics   2017-01-06 11:40:00 - 2017-01-06 11:41:00
Tag                                                  Avg(ms)         Min         Max     Std Dev       Count

Performance Statistics   2017-01-06 11:41:00 - 2017-01-06 11:42:00
Tag                                                  Avg(ms)         Min         Max     Std Dev       Count

Performance Statistics   2017-01-06 11:42:00 - 2017-01-06 11:43:00
Tag                                                  Avg(ms)         Min         Max     Std Dev       Count

Performance Statistics   2017-01-06 11:43:00 - 2017-01-06 11:44:00
Tag                                                  Avg(ms)         Min         Max     Std Dev       Count

Performance Statistics   2017-01-06 11:44:00 - 2017-01-06 11:45:00
Tag                                                  Avg(ms)         Min         Max     Std Dev       Count

Performance Statistics   2017-01-06 11:45:00 - 2017-01-06 11:46:00
Tag                                                  Avg(ms)         Min         Max     Std Dev       Count

Performance Statistics   2017-01-06 11:46:00 - 2017-01-06 11:47:00
Tag                                                  Avg(ms)         Min         Max     Std Dev       Count

Performance Statistics   2017-01-06 11:51:00 - 2017-01-06 11:52:00
Tag                                                  Avg(ms)         Min         Max     Std Dev       Count

Performance Statistics   2017-01-06 11:52:00 - 2017-01-06 11:53:00
Tag                                                  Avg(ms)         Min         Max     Std Dev       Count

Performance Statistics   2017-01-06 11:53:00 - 2017-01-06 11:54:00
Tag                                                  Avg(ms)         Min         Max     Std Dev       Count

Performance Statistics   2017-01-06 11:54:00 - 2017-01-06 11:55:00
Tag                                                  Avg(ms)         Min         Max     Std Dev       Count

Performance Statistics   2017-01-06 11:55:00 - 2017-01-06 11:56:00
Tag                                                  Avg(ms)         Min         Max     Std Dev       Count

Performance Statistics   2017-01-06 11:56:00 - 2017-01-06 11:57:00
Tag                                                  Avg(ms)         Min         Max     Std Dev       Count

Performance Statistics   2017-01-06 11:57:00 - 2017-01-06 11:58:00
Tag                                                  Avg(ms)         Min         Max     Std Dev       Count

Performance Statistics   2017-01-06 11:58:00 - 2017-01-06 11:59:00
Tag                                                  Avg(ms)         Min         Max     Std Dev       Count

Performance Statistics   2017-01-06 11:59:00 - 2017-01-06 12:00:00
Tag                                                  Avg(ms)         Min         Max     Std Dev       Count

Performance Statistics   2017-01-06 12:00:00 - 2017-01-06 12:01:00
Tag                                                  Avg(ms)         Min         Max     Std Dev       Count

Performance Statistics   2017-01-06 12:01:00 - 2017-01-06 12:02:00
Tag                                                  Avg(ms)         Min         Max     Std Dev       Count

Performance Statistics   2017-01-06 12:02:00 - 2017-01-06 12:03:00
Tag                                                  Avg(ms)         Min         Max     Std Dev       Count

Performance Statistics   2017-01-06 12:03:00 - 2017-01-06 12:04:00
Tag                                                  Avg(ms)         Min         Max     Std Dev       Count

Performance Statistics   2017-01-06 12:04:00 - 2017-01-06 12:05:00
Tag                                                  Avg(ms)         Min         Max     Std Dev       Count

Performance Statistics   2017-01-06 12:05:00 - 2017-01-06 12:06:00
Tag                                                  Avg(ms)         Min         Max     Std Dev       Count

Performance Statistics   2017-01-06 12:06:00 - 2017-01-06 12:07:00
Tag                                                  Avg(ms)         Min         Max     Std Dev       Count

Performance Statistics   2017-01-06 12:07:00 - 2017-01-06 12:08:00
Tag                                                  Avg(ms)         Min         Max     Std Dev       Count

Performance Statistics   2017-01-06 12:08:00 - 2017-01-06 12:09:00
Tag                                                  Avg(ms)         Min         Max     Std Dev       Count

Performance Statistics   2017-01-06 12:09:00 - 2017-01-06 12:10:00
Tag                                                  Avg(ms)         Min         Max     Std Dev       Count

Performance Statistics   2017-01-06 12:10:00 - 2017-01-06 12:11:00
Tag                                                  Avg(ms)         Min         Max     Std Dev       Count

Performance Statistics   2017-01-06 12:11:00 - 2017-01-06 12:12:00
Tag                                                  Avg(ms)         Min         Max     Std Dev       Count

Performance Statistics   2017-01-06 12:12:00 - 2017-01-06 12:13:00
Tag                                                  Avg(ms)         Min         Max     Std Dev       Count

Performance Statistics   2017-01-06 12:13:00 - 2017-01-06 12:14:00
Tag                                                  Avg(ms)         Min         Max     Std Dev       Count

Performance Statistics   2017-01-06 12:14:00 - 2017-01-06 12:15:00
Tag                                                  Avg(ms)         Min         Max     Std Dev       Count

Performance Statistics   2017-01-06 12:15:00 - 2017-01-06 12:16:00
Tag                                                  Avg(ms)         Min         Max     Std Dev       Count

Performance Statistics   2017-01-06 12:16:00 - 2017-01-06 12:17:00
Tag                                                  Avg(ms)         Min         Max     Std Dev       Count

Performance Statistics   2017-01-06 12:17:00 - 2017-01-06 12:18:00
Tag                                                  Avg(ms)         Min         Max     Std Dev       Count

Performance Statistics   2017-01-06 12:18:00 - 2017-01-06 12:19:00
Tag                                                  Avg(ms)         Min         Max     Std Dev       Count

Performance Statistics   2017-01-06 12:19:00 - 2017-01-06 12:20:00
Tag                                                  Avg(ms)         Min         Max     Std Dev       Count

Performance Statistics   2017-01-06 12:20:00 - 2017-01-06 12:21:00
Tag                                                  Avg(ms)         Min         Max     Std Dev       Count

Performance Statistics   2017-01-06 12:21:00 - 2017-01-06 12:22:00
Tag                                                  Avg(ms)         Min         Max     Std Dev       Count

Performance Statistics   2017-01-06 12:22:00 - 2017-01-06 12:23:00
Tag                                                  Avg(ms)         Min         Max     Std Dev       Count

Performance Statistics   2017-01-06 12:23:00 - 2017-01-06 12:24:00
Tag                                                  Avg(ms)         Min         Max     Std Dev       Count

Performance Statistics   2017-01-06 12:24:00 - 2017-01-06 12:25:00
Tag                                                  Avg(ms)         Min         Max     Std Dev       Count

Performance Statistics   2017-01-06 12:25:00 - 2017-01-06 12:26:00
Tag                                                  Avg(ms)         Min         Max     Std Dev       Count

Performance Statistics   2017-01-06 12:26:00 - 2017-01-06 12:27:00
Tag                                                  Avg(ms)         Min         Max     Std Dev       Count

Performance Statistics   2017-01-06 12:27:00 - 2017-01-06 12:28:00
Tag                                                  Avg(ms)         Min         Max     Std Dev       Count

Performance Statistics   2017-01-06 12:28:00 - 2017-01-06 12:29:00
Tag                                                  Avg(ms)         Min         Max     Std Dev       Count

Performance Statistics   2017-01-06 12:29:00 - 2017-01-06 12:30:00
Tag                                                  Avg(ms)         Min         Max     Std Dev       Count

Performance Statistics   2017-01-06 12:30:00 - 2017-01-06 12:31:00
Tag                                                  Avg(ms)         Min         Max     Std Dev       Count

Performance Statistics   2017-01-06 12:31:00 - 2017-01-06 12:32:00
Tag                                                  Avg(ms)         Min         Max     Std Dev       Count

Performance Statistics   2017-01-06 12:32:00 - 2017-01-06 12:33:00
Tag                                                  Avg(ms)         Min         Max     Std Dev       Count

Performance Statistics   2017-01-06 12:33:00 - 2017-01-06 12:34:00
Tag                                                  Avg(ms)         Min         Max     Std Dev       Count

Performance Statistics   2017-01-06 12:34:00 - 2017-01-06 12:35:00
Tag                                                  Avg(ms)         Min         Max     Std Dev       Count

Performance Statistics   2017-01-06 12:35:00 - 2017-01-06 12:36:00
Tag                                                  Avg(ms)         Min         Max     Std Dev       Count

Performance Statistics   2017-01-06 12:36:00 - 2017-01-06 12:37:00
Tag                                                  Avg(ms)         Min         Max     Std Dev       Count

Performance Statistics   2017-01-06 12:37:00 - 2017-01-06 12:38:00
Tag                                                  Avg(ms)         Min         Max     Std Dev       Count

Performance Statistics   2017-01-06 12:38:00 - 2017-01-06 12:39:00
Tag                                                  Avg(ms)         Min         Max     Std Dev       Count

Performance Statistics   2017-01-06 12:39:00 - 2017-01-06 12:40:00
Tag                                                  Avg(ms)         Min         Max     Std Dev       Count

Performance Statistics   2017-01-06 12:40:00 - 2017-01-06 12:41:00
Tag                                                  Avg(ms)         Min         Max     Std Dev       Count

Performance Statistics   2017-01-06 12:41:00 - 2017-01-06 12:42:00
Tag                                                  Avg(ms)         Min         Max     Std Dev       Count

Performance Statistics   2017-01-06 12:42:00 - 2017-01-06 12:43:00
Tag                                                  Avg(ms)         Min         Max     Std Dev       Count

Performance Statistics   2017-01-06 12:43:00 - 2017-01-06 12:44:00
Tag                                                  Avg(ms)         Min         Max     Std Dev       Count

Performance Statistics   2017-01-06 12:44:00 - 2017-01-06 12:45:00
Tag                                                  Avg(ms)         Min         Max     Std Dev       Count

Performance Statistics   2017-01-06 12:45:00 - 2017-01-06 12:46:00
Tag                                                  Avg(ms)         Min         Max     Std Dev       Count

Performance Statistics   2017-01-06 12:46:00 - 2017-01-06 12:47:00
Tag                                                  Avg(ms)         Min         Max     Std Dev       Count

Performance Statistics   2017-01-06 12:47:00 - 2017-01-06 12:48:00
Tag                                                  Avg(ms)         Min         Max     Std Dev       Count

Performance Statistics   2017-01-06 12:48:00 - 2017-01-06 12:49:00
Tag                                                  Avg(ms)         Min         Max     Std Dev       Count

Performance Statistics   2017-01-06 12:49:00 - 2017-01-06 12:50:00
Tag                                                  Avg(ms)         Min         Max     Std Dev       Count

Performance Statistics   2017-01-06 12:50:00 - 2017-01-06 12:51:00
Tag                                                  Avg(ms)         Min         Max     Std Dev       Count

Performance Statistics   2017-01-06 12:51:00 - 2017-01-06 12:52:00
Tag                                                  Avg(ms)         Min         Max     Std Dev       Count

Performance Statistics   2017-01-06 12:52:00 - 2017-01-06 12:53:00
Tag                                                  Avg(ms)         Min         Max     Std Dev       Count

Performance Statistics   2017-01-06 12:53:00 - 2017-01-06 12:54:00
Tag                                                  Avg(ms)         Min         Max     Std Dev       Count

Performance Statistics   2017-01-06 13:23:00 - 2017-01-06 13:24:00
Tag                                                  Avg(ms)         Min         Max     Std Dev       Count

Performance Statistics   2017-01-06 13:24:00 - 2017-01-06 13:25:00
Tag                                                  Avg(ms)         Min         Max     Std Dev       Count

Performance Statistics   2017-01-06 13:25:00 - 2017-01-06 13:26:00
Tag                                                  Avg(ms)         Min         Max     Std Dev       Count

Performance Statistics   2017-01-06 13:26:00 - 2017-01-06 13:27:00
Tag                                                  Avg(ms)         Min         Max     Std Dev       Count

Performance Statistics   2017-01-06 13:27:00 - 2017-01-06 13:28:00
Tag                                                  Avg(ms)         Min         Max     Std Dev       Count

Performance Statistics   2017-01-06 13:28:00 - 2017-01-06 13:29:00
Tag                                                  Avg(ms)         Min         Max     Std Dev       Count

Performance Statistics   2017-01-06 13:29:00 - 2017-01-06 13:30:00
Tag                                                  Avg(ms)         Min         Max     Std Dev       Count

Performance Statistics   2017-01-06 13:30:00 - 2017-01-06 13:31:00
Tag                                                  Avg(ms)         Min         Max     Std Dev       Count

Performance Statistics   2017-01-06 13:31:00 - 2017-01-06 13:32:00
Tag                                                  Avg(ms)         Min         Max     Std Dev       Count

Performance Statistics   2017-01-06 13:32:00 - 2017-01-06 13:33:00
Tag                                                  Avg(ms)         Min         Max     Std Dev       Count

Performance Statistics   2017-01-06 13:33:00 - 2017-01-06 13:34:00
Tag                                                  Avg(ms)         Min         Max     Std Dev       Count

Performance Statistics   2017-01-06 13:34:00 - 2017-01-06 13:35:00
Tag                                                  Avg(ms)         Min         Max     Std Dev       Count

Performance Statistics   2017-01-06 13:35:00 - 2017-01-06 13:36:00
Tag                                                  Avg(ms)         Min         Max     Std Dev       Count

Performance Statistics   2017-01-06 13:36:00 - 2017-01-06 13:37:00
Tag                                                  Avg(ms)         Min         Max     Std Dev       Count

Performance Statistics   2017-01-06 13:37:00 - 2017-01-06 13:38:00
Tag                                                  Avg(ms)         Min         Max     Std Dev       Count

Performance Statistics   2017-01-06 13:38:00 - 2017-01-06 13:39:00
Tag                                                  Avg(ms)         Min         Max     Std Dev       Count

Performance Statistics   2017-01-06 13:39:00 - 2017-01-06 13:40:00
Tag                                                  Avg(ms)         Min         Max     Std Dev       Count

Performance Statistics   2017-01-06 13:40:00 - 2017-01-06 13:41:00
Tag                                                  Avg(ms)         Min         Max     Std Dev       Count

Performance Statistics   2017-01-06 13:41:00 - 2017-01-06 13:42:00
Tag                                                  Avg(ms)         Min         Max     Std Dev       Count

Performance Statistics   2017-01-06 13:42:00 - 2017-01-06 13:43:00
Tag                                                  Avg(ms)         Min         Max     Std Dev       Count

Performance Statistics   2017-01-06 13:43:00 - 2017-01-06 13:44:00
Tag                                                  Avg(ms)         Min         Max     Std Dev       Count

Performance Statistics   2017-01-06 13:44:00 - 2017-01-06 13:45:00
Tag                                                  Avg(ms)         Min         Max     Std Dev       Count

Performance Statistics   2017-01-06 13:45:00 - 2017-01-06 13:46:00
Tag                                                  Avg(ms)         Min         Max     Std Dev       Count

Performance Statistics   2017-01-06 13:46:00 - 2017-01-06 13:47:00
Tag                                                  Avg(ms)         Min         Max     Std Dev       Count

Performance Statistics   2017-01-06 13:47:00 - 2017-01-06 13:48:00
Tag                                                  Avg(ms)         Min         Max     Std Dev       Count

Performance Statistics   2017-01-06 13:48:00 - 2017-01-06 13:49:00
Tag                                                  Avg(ms)         Min         Max     Std Dev       Count

Performance Statistics   2017-01-06 13:49:00 - 2017-01-06 13:50:00
Tag                                                  Avg(ms)         Min         Max     Std Dev       Count

Performance Statistics   2017-01-06 13:50:00 - 2017-01-06 13:51:00
Tag                                                  Avg(ms)         Min         Max     Std Dev       Count

Performance Statistics   2017-01-06 13:51:00 - 2017-01-06 13:52:00
Tag                                                  Avg(ms)         Min         Max     Std Dev       Count

Performance Statistics   2017-01-06 13:52:00 - 2017-01-06 13:53:00
Tag                                                  Avg(ms)         Min         Max     Std Dev       Count

Performance Statistics   2017-01-06 13:53:00 - 2017-01-06 13:54:00
Tag                                                  Avg(ms)         Min         Max     Std Dev       Count

Performance Statistics   2017-01-06 13:54:00 - 2017-01-06 13:55:00
Tag                                                  Avg(ms)         Min         Max     Std Dev       Count

Performance Statistics   2017-01-06 13:55:00 - 2017-01-06 13:56:00
Tag                                                  Avg(ms)         Min         Max     Std Dev       Count

Performance Statistics   2017-01-06 13:56:00 - 2017-01-06 13:57:00
Tag                                                  Avg(ms)         Min         Max     Std Dev       Count

Performance Statistics   2017-01-06 13:57:00 - 2017-01-06 13:58:00
Tag                                                  Avg(ms)         Min         Max     Std Dev       Count

Performance Statistics   2017-01-06 13:58:00 - 2017-01-06 13:59:00
Tag                                                  Avg(ms)         Min         Max     Std Dev       Count

Performance Statistics   2017-01-06 13:59:00 - 2017-01-06 14:00:00
Tag                                                  Avg(ms)         Min         Max     Std Dev       Count

Performance Statistics   2017-01-06 14:00:00 - 2017-01-06 14:01:00
Tag                                                  Avg(ms)         Min         Max     Std Dev       Count

Performance Statistics   2017-01-06 14:01:00 - 2017-01-06 14:02:00
Tag                                                  Avg(ms)         Min         Max     Std Dev       Count

Performance Statistics   2017-01-06 14:02:00 - 2017-01-06 14:03:00
Tag                                                  Avg(ms)         Min         Max     Std Dev       Count

Performance Statistics   2017-01-06 14:03:00 - 2017-01-06 14:04:00
Tag                                                  Avg(ms)         Min         Max     Std Dev       Count

Performance Statistics   2017-01-06 14:04:00 - 2017-01-06 14:05:00
Tag                                                  Avg(ms)         Min         Max     Std Dev       Count

Performance Statistics   2017-01-06 14:05:00 - 2017-01-06 14:06:00
Tag                                                  Avg(ms)         Min         Max     Std Dev       Count

Performance Statistics   2017-01-06 14:06:00 - 2017-01-06 14:07:00
Tag                                                  Avg(ms)         Min         Max     Std Dev       Count

Performance Statistics   2017-01-06 14:07:00 - 2017-01-06 14:08:00
Tag                                                  Avg(ms)         Min         Max     Std Dev       Count

Performance Statistics   2017-01-06 14:08:00 - 2017-01-06 14:09:00
Tag                                                  Avg(ms)         Min         Max     Std Dev       Count

Performance Statistics   2017-01-06 14:09:00 - 2017-01-06 14:10:00
Tag                                                  Avg(ms)         Min         Max     Std Dev       Count

Performance Statistics   2017-01-06 14:10:00 - 2017-01-06 14:11:00
Tag                                                  Avg(ms)         Min         Max     Std Dev       Count

Performance Statistics   2017-01-06 14:11:00 - 2017-01-06 14:12:00
Tag                                                  Avg(ms)         Min         Max     Std Dev       Count

Performance Statistics   2017-01-06 14:12:00 - 2017-01-06 14:13:00
Tag                                                  Avg(ms)         Min         Max     Std Dev       Count

Performance Statistics   2017-01-06 14:13:00 - 2017-01-06 14:14:00
Tag                                                  Avg(ms)         Min         Max     Std Dev       Count

Performance Statistics   2017-01-06 14:14:00 - 2017-01-06 14:15:00
Tag                                                  Avg(ms)         Min         Max     Std Dev       Count

Performance Statistics   2017-01-06 14:15:00 - 2017-01-06 14:16:00
Tag                                                  Avg(ms)         Min         Max     Std Dev       Count

Performance Statistics   2017-01-06 14:16:00 - 2017-01-06 14:17:00
Tag                                                  Avg(ms)         Min         Max     Std Dev       Count

Performance Statistics   2017-01-06 14:17:00 - 2017-01-06 14:18:00
Tag                                                  Avg(ms)         Min         Max     Std Dev       Count

Performance Statistics   2017-01-06 14:18:00 - 2017-01-06 14:19:00
Tag                                                  Avg(ms)         Min         Max     Std Dev       Count

Performance Statistics   2017-01-06 14:19:00 - 2017-01-06 14:20:00
Tag                                                  Avg(ms)         Min         Max     Std Dev       Count

Performance Statistics   2017-01-06 14:20:00 - 2017-01-06 14:21:00
Tag                                                  Avg(ms)         Min         Max     Std Dev       Count

Performance Statistics   2017-01-06 14:21:00 - 2017-01-06 14:22:00
Tag                                                  Avg(ms)         Min         Max     Std Dev       Count

Performance Statistics   2017-01-06 14:22:00 - 2017-01-06 14:23:00
Tag                                                  Avg(ms)         Min         Max     Std Dev       Count

Performance Statistics   2017-01-06 14:23:00 - 2017-01-06 14:24:00
Tag                                                  Avg(ms)         Min         Max     Std Dev       Count

Performance Statistics   2017-01-06 14:24:00 - 2017-01-06 14:25:00
Tag                                                  Avg(ms)         Min         Max     Std Dev       Count

Performance Statistics   2017-01-06 14:25:00 - 2017-01-06 14:26:00
Tag                                                  Avg(ms)         Min         Max     Std Dev       Count

Performance Statistics   2017-01-06 14:26:00 - 2017-01-06 14:27:00
Tag                                                  Avg(ms)         Min         Max     Std Dev       Count

Performance Statistics   2017-01-06 14:27:00 - 2017-01-06 14:28:00
Tag                                                  Avg(ms)         Min         Max     Std Dev       Count

Performance Statistics   2017-01-06 14:28:00 - 2017-01-06 14:29:00
Tag                                                  Avg(ms)         Min         Max     Std Dev       Count

Performance Statistics   2017-01-06 14:29:00 - 2017-01-06 14:30:00
Tag                                                  Avg(ms)         Min         Max     Std Dev       Count

Performance Statistics   2017-01-06 14:30:00 - 2017-01-06 14:31:00
Tag                                                  Avg(ms)         Min         Max     Std Dev       Count

Performance Statistics   2017-01-06 14:31:00 - 2017-01-06 14:32:00
Tag                                                  Avg(ms)         Min         Max     Std Dev       Count

Performance Statistics   2017-01-06 14:32:00 - 2017-01-06 14:33:00
Tag                                                  Avg(ms)         Min         Max     Std Dev       Count

Performance Statistics   2017-01-06 14:33:00 - 2017-01-06 14:34:00
Tag                                                  Avg(ms)         Min         Max     Std Dev       Count

Performance Statistics   2017-01-06 14:34:00 - 2017-01-06 14:35:00
Tag                                                  Avg(ms)         Min         Max     Std Dev       Count

Performance Statistics   2017-01-06 14:35:00 - 2017-01-06 14:36:00
Tag                                                  Avg(ms)         Min         Max     Std Dev       Count

Performance Statistics   2017-01-06 14:36:00 - 2017-01-06 14:37:00
Tag                                                  Avg(ms)         Min         Max     Std Dev       Count

Performance Statistics   2017-01-06 14:37:00 - 2017-01-06 14:38:00
Tag                                                  Avg(ms)         Min         Max     Std Dev       Count

Performance Statistics   2017-01-06 14:38:00 - 2017-01-06 14:39:00
Tag                                                  Avg(ms)         Min         Max     Std Dev       Count

Performance Statistics   2017-01-06 14:39:00 - 2017-01-06 14:40:00
Tag                                                  Avg(ms)         Min         Max     Std Dev       Count

Performance Statistics   2017-01-06 14:40:00 - 2017-01-06 14:41:00
Tag                                                  Avg(ms)         Min         Max     Std Dev       Count

Performance Statistics   2017-01-06 14:41:00 - 2017-01-06 14:42:00
Tag                                                  Avg(ms)         Min         Max     Std Dev       Count

Performance Statistics   2017-01-06 14:42:00 - 2017-01-06 14:43:00
Tag                                                  Avg(ms)         Min         Max     Std Dev       Count

Performance Statistics   2017-01-06 14:43:00 - 2017-01-06 14:44:00
Tag                                                  Avg(ms)         Min         Max     Std Dev       Count

Performance Statistics   2017-01-06 14:44:00 - 2017-01-06 14:45:00
Tag                                                  Avg(ms)         Min         Max     Std Dev       Count

Performance Statistics   2017-01-06 14:45:00 - 2017-01-06 14:46:00
Tag                                                  Avg(ms)         Min         Max     Std Dev       Count

Performance Statistics   2017-01-06 14:46:00 - 2017-01-06 14:47:00
Tag                                                  Avg(ms)         Min         Max     Std Dev       Count

Performance Statistics   2017-01-06 14:47:00 - 2017-01-06 14:48:00
Tag                                                  Avg(ms)         Min         Max     Std Dev       Count

Performance Statistics   2017-01-06 14:48:00 - 2017-01-06 14:49:00
Tag                                                  Avg(ms)         Min         Max     Std Dev       Count

Performance Statistics   2017-01-06 14:49:00 - 2017-01-06 14:50:00
Tag                                                  Avg(ms)         Min         Max     Std Dev       Count

Performance Statistics   2017-01-06 14:50:00 - 2017-01-06 14:51:00
Tag                                                  Avg(ms)         Min         Max     Std Dev       Count

Performance Statistics   2017-01-06 14:51:00 - 2017-01-06 14:52:00
Tag                                                  Avg(ms)         Min         Max     Std Dev       Count

Performance Statistics   2017-01-06 14:52:00 - 2017-01-06 14:53:00
Tag                                                  Avg(ms)         Min         Max     Std Dev       Count

Performance Statistics   2017-01-06 14:53:00 - 2017-01-06 14:54:00
Tag                                                  Avg(ms)         Min         Max     Std Dev       Count

Performance Statistics   2017-01-06 14:54:00 - 2017-01-06 14:55:00
Tag                                                  Avg(ms)         Min         Max     Std Dev       Count

Performance Statistics   2017-01-06 14:55:00 - 2017-01-06 14:56:00
Tag                                                  Avg(ms)         Min         Max     Std Dev       Count

Performance Statistics   2017-01-06 14:56:00 - 2017-01-06 14:57:00
Tag                                                  Avg(ms)         Min         Max     Std Dev       Count

Performance Statistics   2017-01-06 14:57:00 - 2017-01-06 14:58:00
Tag                                                  Avg(ms)         Min         Max     Std Dev       Count

Performance Statistics   2017-01-06 14:58:00 - 2017-01-06 14:59:00
Tag                                                  Avg(ms)         Min         Max     Std Dev       Count

Performance Statistics   2017-01-06 14:59:00 - 2017-01-06 15:00:00
Tag                                                  Avg(ms)         Min         Max     Std Dev       Count

Performance Statistics   2017-01-06 15:00:00 - 2017-01-06 15:01:00
Tag                                                  Avg(ms)         Min         Max     Std Dev       Count

Performance Statistics   2017-01-06 15:01:00 - 2017-01-06 15:02:00
Tag                                                  Avg(ms)         Min         Max     Std Dev       Count

Performance Statistics   2017-01-06 15:02:00 - 2017-01-06 15:03:00
Tag                                                  Avg(ms)         Min         Max     Std Dev       Count

Performance Statistics   2017-01-06 15:03:00 - 2017-01-06 15:04:00
Tag                                                  Avg(ms)         Min         Max     Std Dev       Count

Performance Statistics   2017-01-06 15:04:00 - 2017-01-06 15:05:00
Tag                                                  Avg(ms)         Min         Max     Std Dev       Count

Performance Statistics   2017-01-06 15:05:00 - 2017-01-06 15:06:00
Tag                                                  Avg(ms)         Min         Max     Std Dev       Count

Performance Statistics   2017-01-06 15:06:00 - 2017-01-06 15:07:00
Tag                                                  Avg(ms)         Min         Max     Std Dev       Count

Performance Statistics   2017-01-06 15:07:00 - 2017-01-06 15:08:00
Tag                                                  Avg(ms)         Min         Max     Std Dev       Count

Performance Statistics   2017-01-06 15:08:00 - 2017-01-06 15:09:00
Tag                                                  Avg(ms)         Min         Max     Std Dev       Count

Performance Statistics   2017-01-06 15:09:00 - 2017-01-06 15:10:00
Tag                                                  Avg(ms)         Min         Max     Std Dev       Count

Performance Statistics   2017-01-06 15:10:00 - 2017-01-06 15:11:00
Tag                                                  Avg(ms)         Min         Max     Std Dev       Count

Performance Statistics   2017-01-06 15:11:00 - 2017-01-06 15:12:00
Tag                                                  Avg(ms)         Min         Max     Std Dev       Count

Performance Statistics   2017-01-06 15:12:00 - 2017-01-06 15:13:00
Tag                                                  Avg(ms)         Min         Max     Std Dev       Count

Performance Statistics   2017-01-06 15:13:00 - 2017-01-06 15:14:00
Tag                                                  Avg(ms)         Min         Max     Std Dev       Count

Performance Statistics   2017-01-06 15:14:00 - 2017-01-06 15:15:00
Tag                                                  Avg(ms)         Min         Max     Std Dev       Count

Performance Statistics   2017-01-06 15:15:00 - 2017-01-06 15:16:00
Tag                                                  Avg(ms)         Min         Max     Std Dev       Count
LoadClass                                                0,0           0           0         0,0           2
Messages.searchClasspath                                 0,5           0          42         4,0         114
Messages.searchFiles                                     0,0           0           1         0,1         117

Performance Statistics   2017-01-06 15:15:00 - 2017-01-06 15:16:00
Tag                                                  Avg(ms)         Min         Max     Std Dev       Count
LoadClass                                                0,5           0           1         0,5           2
Messages.searchClasspath                                 0,1           0          12         0,8         417
Messages.searchFiles                                     0,0           0           9         0,4         417
Metadata.replaceExtendedMetaClasses                      1,0           1           1         0,0           2
QueryParser.getEntityName()                             77,0           2         225       104,7           3
QueryParser.getEntityNameIfSecondaryReturnedInsteadOfMain()         0,0           0           0         0,0           3
QueryParser.getEntityPathIfSecondaryReturnedInsteadOfMain()         0,0           0           0         0,0           3
QueryParser.getParamNames()                              0,3           0           1         0,5           3
QueryParser.isCollectionSecondaryEntitySelect()          0,0           0           0         0,0           2
QueryTransformer.addEntityInGroupBy(..)                  0,0           0           0         0,0           2
QueryTransformer.addFirstSelectionSource(..)             0,0           0           0         0,0           2
QueryTransformer.addWhereAsIs(..)                        0,5           0           1         0,5           2
QueryTransformer.getResult()                             1,0           0           2         1,0           2
QueryTransformer.replaceWithSelectEntityVariable(..)         1,0           0           2         1,0           2

Performance Statistics   2017-01-06 15:16:00 - 2017-01-06 15:17:00
Tag                                                  Avg(ms)         Min         Max     Std Dev       Count
AppFolders                                              87,2          75         125        19,0           5
LoadClass                                                0,0           0           1         0,2          22
Messages.searchClasspath                                 0,0           0           1         0,1         211
Messages.searchFiles                                     0,0           0           0         0,0         211
PersistenceSecurity.applyConstraints(..)                 3,0           1           8         2,5           5
QueryParser.getEntityAlias()                             0,8           0           2         0,7           5
QueryParser.getEntityName()                              0,3           0           3         0,6          59
QueryParser.getEntityNameIfSecondaryReturnedInsteadOfMain()         0,0           0           0         0,0          54
QueryParser.getEntityPathIfSecondaryReturnedInsteadOfMain()         0,0           0           0         0,0          54
QueryParser.getParamNames()                              0,1           0           2         0,3          59
QueryParser.hasIsNullCondition(..)                       2,0           0           8         3,0           5
QueryParser.isCollectionSecondaryEntitySelect()          0,0           0           0         0,0           4
QueryTransformer.addEntityInGroupBy(..)                  0,0           0           0         0,0           4
QueryTransformer.addFirstSelectionSource(..)             0,0           0           0         0,0           4
QueryTransformer.addWhereAsIs(..)                        0,0           0           0         0,0           4
QueryTransformer.getResult()                             0,0           0           0         0,0           4
QueryTransformer.replaceWithSelectEntityVariable(..)         0,0           0           0         0,0           4
SearchFolders                                           74,2          56         143        34,4           5
Security.isEntityAttrReadPermitted(..)                   0,0           0           0         0,0          15
Security.isEntityOpPermitted(..)                         0,0           0           0         0,0           5
ViewRepository.init.ViewRepositoryClientImpl            14,0          14          14         0,0           1

Performance Statistics   2017-01-06 15:43:00 - 2017-01-06 15:44:00
Tag                                                  Avg(ms)         Min         Max     Std Dev       Count

Performance Statistics   2017-01-06 15:44:00 - 2017-01-06 15:45:00
Tag                                                  Avg(ms)         Min         Max     Std Dev       Count

Performance Statistics   2017-01-06 15:45:00 - 2017-01-06 15:46:00
Tag                                                  Avg(ms)         Min         Max     Std Dev       Count

Performance Statistics   2017-01-06 15:46:00 - 2017-01-06 15:47:00
Tag                                                  Avg(ms)         Min         Max     Std Dev       Count

Performance Statistics   2017-01-06 15:47:00 - 2017-01-06 15:48:00
Tag                                                  Avg(ms)         Min         Max     Std Dev       Count

Performance Statistics   2017-01-06 15:48:00 - 2017-01-06 15:49:00
Tag                                                  Avg(ms)         Min         Max     Std Dev       Count

Performance Statistics   2017-01-06 15:49:00 - 2017-01-06 15:50:00
Tag                                                  Avg(ms)         Min         Max     Std Dev       Count

Performance Statistics   2017-01-06 15:50:00 - 2017-01-06 15:51:00
Tag                                                  Avg(ms)         Min         Max     Std Dev       Count

Performance Statistics   2017-01-06 15:51:00 - 2017-01-06 15:52:00
Tag                                                  Avg(ms)         Min         Max     Std Dev       Count

Performance Statistics   2017-01-06 15:52:00 - 2017-01-06 15:53:00
Tag                                                  Avg(ms)         Min         Max     Std Dev       Count

Performance Statistics   2017-01-06 15:53:00 - 2017-01-06 15:54:00
Tag                                                  Avg(ms)         Min         Max     Std Dev       Count

Performance Statistics   2017-01-06 15:54:00 - 2017-01-06 15:55:00
Tag                                                  Avg(ms)         Min         Max     Std Dev       Count

Performance Statistics   2017-01-06 15:55:00 - 2017-01-06 15:56:00
Tag                                                  Avg(ms)         Min         Max     Std Dev       Count

