Performance Statistics   2017-01-03 22:36:00 - 2017-01-03 22:38:00
Tag                                                  Avg(ms)         Min         Max     Std Dev       Count

Performance Statistics   2017-01-04 10:26:00 - 2017-01-04 10:28:00
Tag                                                  Avg(ms)         Min         Max     Std Dev       Count

Performance Statistics   2017-01-04 10:28:00 - 2017-01-04 10:30:00
Tag                                                  Avg(ms)         Min         Max     Std Dev       Count

Performance Statistics   2017-01-04 10:30:00 - 2017-01-04 10:32:00
Tag                                                  Avg(ms)         Min         Max     Std Dev       Count

Performance Statistics   2017-01-04 10:32:00 - 2017-01-04 10:34:00
Tag                                                  Avg(ms)         Min         Max     Std Dev       Count

Performance Statistics   2017-01-04 10:34:00 - 2017-01-04 10:36:00
Tag                                                  Avg(ms)         Min         Max     Std Dev       Count

Performance Statistics   2017-01-04 10:36:00 - 2017-01-04 10:38:00
Tag                                                  Avg(ms)         Min         Max     Std Dev       Count

Performance Statistics   2017-01-04 10:38:00 - 2017-01-04 10:40:00
Tag                                                  Avg(ms)         Min         Max     Std Dev       Count

Performance Statistics   2017-01-04 10:40:00 - 2017-01-04 10:42:00
Tag                                                  Avg(ms)         Min         Max     Std Dev       Count

Performance Statistics   2017-01-04 10:42:00 - 2017-01-04 10:44:00
Tag                                                  Avg(ms)         Min         Max     Std Dev       Count

Performance Statistics   2017-01-04 10:44:00 - 2017-01-04 10:46:00
Tag                                                  Avg(ms)         Min         Max     Std Dev       Count

Performance Statistics   2017-01-04 10:46:00 - 2017-01-04 10:48:00
Tag                                                  Avg(ms)         Min         Max     Std Dev       Count

Performance Statistics   2017-01-04 10:48:00 - 2017-01-04 10:50:00
Tag                                                  Avg(ms)         Min         Max     Std Dev       Count

Performance Statistics   2017-01-04 10:50:00 - 2017-01-04 10:52:00
Tag                                                  Avg(ms)         Min         Max     Std Dev       Count

Performance Statistics   2017-01-04 10:52:00 - 2017-01-04 10:54:00
Tag                                                  Avg(ms)         Min         Max     Std Dev       Count

Performance Statistics   2017-01-04 10:54:00 - 2017-01-04 10:56:00
Tag                                                  Avg(ms)         Min         Max     Std Dev       Count

Performance Statistics   2017-01-04 10:56:00 - 2017-01-04 10:58:00
Tag                                                  Avg(ms)         Min         Max     Std Dev       Count

Performance Statistics   2017-01-04 12:04:00 - 2017-01-04 12:06:00
Tag                                                  Avg(ms)         Min         Max     Std Dev       Count

Performance Statistics   2017-01-04 12:06:00 - 2017-01-04 12:08:00
Tag                                                  Avg(ms)         Min         Max     Std Dev       Count

Performance Statistics   2017-01-04 13:18:00 - 2017-01-04 13:20:00
Tag                                                  Avg(ms)         Min         Max     Std Dev       Count

Performance Statistics   2017-01-04 13:56:00 - 2017-01-04 13:58:00
Tag                                                  Avg(ms)         Min         Max     Std Dev       Count

Performance Statistics   2017-01-04 13:58:00 - 2017-01-04 14:00:00
Tag                                                  Avg(ms)         Min         Max     Std Dev       Count

Performance Statistics   2017-01-04 14:00:00 - 2017-01-04 14:02:00
Tag                                                  Avg(ms)         Min         Max     Std Dev       Count

Performance Statistics   2017-01-04 14:02:00 - 2017-01-04 14:04:00
Tag                                                  Avg(ms)         Min         Max     Std Dev       Count

Performance Statistics   2017-01-04 14:04:00 - 2017-01-04 14:06:00
Tag                                                  Avg(ms)         Min         Max     Std Dev       Count

Performance Statistics   2017-01-04 14:06:00 - 2017-01-04 14:08:00
Tag                                                  Avg(ms)         Min         Max     Std Dev       Count

Performance Statistics   2017-01-04 14:08:00 - 2017-01-04 14:10:00
Tag                                                  Avg(ms)         Min         Max     Std Dev       Count

Performance Statistics   2017-01-04 14:10:00 - 2017-01-04 14:12:00
Tag                                                  Avg(ms)         Min         Max     Std Dev       Count

Performance Statistics   2017-01-04 14:12:00 - 2017-01-04 14:14:00
Tag                                                  Avg(ms)         Min         Max     Std Dev       Count

Performance Statistics   2017-01-04 14:42:00 - 2017-01-04 14:44:00
Tag                                                  Avg(ms)         Min         Max     Std Dev       Count

Performance Statistics   2017-01-04 14:44:00 - 2017-01-04 14:46:00
Tag                                                  Avg(ms)         Min         Max     Std Dev       Count

Performance Statistics   2017-01-04 14:46:00 - 2017-01-04 14:48:00
Tag                                                  Avg(ms)         Min         Max     Std Dev       Count

Performance Statistics   2017-01-04 14:48:00 - 2017-01-04 14:50:00
Tag                                                  Avg(ms)         Min         Max     Std Dev       Count

Performance Statistics   2017-01-04 14:50:00 - 2017-01-04 14:52:00
Tag                                                  Avg(ms)         Min         Max     Std Dev       Count

Performance Statistics   2017-01-04 14:52:00 - 2017-01-04 14:54:00
Tag                                                  Avg(ms)         Min         Max     Std Dev       Count

Performance Statistics   2017-01-04 14:54:00 - 2017-01-04 14:56:00
Tag                                                  Avg(ms)         Min         Max     Std Dev       Count

Performance Statistics   2017-01-04 14:56:00 - 2017-01-04 14:58:00
Tag                                                  Avg(ms)         Min         Max     Std Dev       Count

Performance Statistics   2017-01-04 14:58:00 - 2017-01-04 15:00:00
Tag                                                  Avg(ms)         Min         Max     Std Dev       Count

Performance Statistics   2017-01-04 15:00:00 - 2017-01-04 15:02:00
Tag                                                  Avg(ms)         Min         Max     Std Dev       Count

Performance Statistics   2017-01-04 15:02:00 - 2017-01-04 15:04:00
Tag                                                  Avg(ms)         Min         Max     Std Dev       Count

Performance Statistics   2017-01-04 15:04:00 - 2017-01-04 15:06:00
Tag                                                  Avg(ms)         Min         Max     Std Dev       Count

Performance Statistics   2017-01-04 15:42:00 - 2017-01-04 15:44:00
Tag                                                  Avg(ms)         Min         Max     Std Dev       Count
doors$Order.browse#init                                  0,0           0           0         0,0           1
doors$Order.browse#inject                                0,0           0           0         0,0           1
doors$Order.browse#load                                470,0         470         470         0,0           1
doors$Order.browse#ready                                 0,0           0           0         0,0           1
doors$Order.browse#uiPermissions                         0,0           0           0         0,0           1
doors$Order.browse#xml                                   3,0           3           3         0,0           1
doors$Order.browse@ordersDs                            404,0         404         404         0,0           1
doors$Order.edit#init                                    4,0           4           4         0,0           1
doors$Order.edit#inject                                  0,0           0           0         0,0           2
doors$Order.edit#load                                  103,0         103         103         0,0           1
doors$Order.edit#ready                                   0,0           0           0         0,0           1
doors$Order.edit#setItem                               444,0         444         444         0,0           1
doors$Order.edit#uiPermissions                           0,0           0           0         0,0           1
doors$Order.edit#xml                                     1,0           1           1         0,0           1
doors$Order.edit.windowActions#load                      1,0           1           1         0,0           1
doors$Order.edit@customersDs                           149,0         149         149         0,0           1
doors$Order.edit@doorsDs                               185,0         185         185         0,0           1
loginWindow#init                                         9,0           9           9         0,0           1
loginWindow#inject                                      11,0          11          11         0,0           1
loginWindow#load                                       247,0         247         247         0,0           1
loginWindow#ready                                        0,0           0           0         0,0           1
loginWindow#uiPermissions                                0,0           0           0         0,0           1
loginWindow#xml                                          8,0           8           8         0,0           1
mainWindow#init                                         20,0          20          20         0,0           1
mainWindow#inject                                        1,0           1           1         0,0           1
mainWindow#load                                        203,0         203         203         0,0           1
mainWindow#ready                                         0,0           0           0         0,0           1
mainWindow#uiPermissions                                 0,0           0           0         0,0           1
mainWindow#xml                                           2,0           2           2         0,0           1
windowActions#xml                                        1,0           1           1         0,0           1

Performance Statistics   2017-01-04 20:56:00 - 2017-01-04 20:58:00
Tag                                                  Avg(ms)         Min         Max     Std Dev       Count
loginWindow#init                                         4,5           0           9         4,5           2
loginWindow#inject                                       6,5           2          11         4,5           2
loginWindow#load                                       124,0           5         243       119,0           2
loginWindow#ready                                        0,0           0           0         0,0           2
loginWindow#uiPermissions                                0,0           0           0         0,0           2
loginWindow#xml                                          4,0           0           8         4,0           2
mainWindow#init                                         20,0          20          20         0,0           1
mainWindow#inject                                        2,0           2           2         0,0           1
mainWindow#load                                        217,0         217         217         0,0           1
mainWindow#ready                                         0,0           0           0         0,0           1
mainWindow#uiPermissions                                 0,0           0           0         0,0           1
mainWindow#xml                                           3,0           3           3         0,0           1

Performance Statistics   2017-01-04 20:58:00 - 2017-01-04 21:00:00
Tag                                                  Avg(ms)         Min         Max     Std Dev       Count
doors$Customer.edit#init                                 0,0           0           0         0,0           1
doors$Customer.edit#inject                               0,0           0           0         0,0           2
doors$Customer.edit#load                                18,0          18          18         0,0           1
doors$Customer.edit#ready                                0,0           0           0         0,0           1
doors$Customer.edit#setItem                            103,0         103         103         0,0           1
doors$Customer.edit#uiPermissions                        0,0           0           0         0,0           1
doors$Customer.edit#xml                                  1,0           1           1         0,0           1
doors$Customer.edit.windowActions#load                   0,0           0           0         0,0           1
doors$Customer.edit@ordersDs                           224,0         224         224         0,0           1
doors$Door.browse#init                                   0,0           0           0         0,0           1
doors$Door.browse#inject                                 0,0           0           0         0,0           1
doors$Door.browse#load                                  21,0          21          21         0,0           1
doors$Door.browse#ready                                  0,0           0           0         0,0           1
doors$Door.browse#uiPermissions                          0,0           0           0         0,0           1
doors$Door.browse#xml                                    1,0           1           1         0,0           1
doors$Door.browse@doorsDs                              207,0         207         207         0,0           1
doors$Door.edit#init                                     0,0           0           0         0,0           2
doors$Door.edit#inject                                   0,0           0           0         0,0           4
doors$Door.edit#load                                     8,0           6          10         2,0           2
doors$Door.edit#ready                                    0,0           0           0         0,0           2
doors$Door.edit#setItem                                 96,5           0         193        96,5           2
doors$Door.edit#uiPermissions                            0,0           0           0         0,0           2
doors$Door.edit#xml                                      0,5           0           1         0,5           2
doors$Door.edit.windowActions#load                       0,0           0           0         0,0           2
doors$Order.browse#init                                  0,0           0           0         0,0           1
doors$Order.browse#inject                                0,0           0           0         0,0           1
doors$Order.browse#load                                419,0         419         419         0,0           1
doors$Order.browse#ready                                 0,0           0           0         0,0           1
doors$Order.browse#uiPermissions                         0,0           0           0         0,0           1
doors$Order.browse#xml                                   3,0           3           3         0,0           1
doors$Order.browse@ordersDs                            403,0         403         403         0,0           1
doors$Order.edit#init                                    4,0           4           4         0,0           1
doors$Order.edit#inject                                  0,0           0           0         0,0           2
doors$Order.edit#load                                  115,0         115         115         0,0           1
doors$Order.edit#ready                                   0,0           0           0         0,0           1
doors$Order.edit#setItem                                 4,0           4           4         0,0           1
doors$Order.edit#uiPermissions                           0,0           0           0         0,0           1
doors$Order.edit#xml                                     2,0           2           2         0,0           1
doors$Order.edit.windowActions#load                      2,0           2           2         0,0           1
doors$Order.edit@customersDs                           153,0         153         153         0,0           1
doors$Order.edit@doorsDs                               199,0         199         199         0,0           1
mainWindow#init                                          0,0           0           0         0,0           1
mainWindow#inject                                        0,0           0           0         0,0           1
mainWindow#load                                        124,0         124         124         0,0           1
mainWindow#ready                                         0,0           0           0         0,0           1
mainWindow#uiPermissions                                 0,0           0           0         0,0           1
mainWindow#xml                                           0,0           0           0         0,0           1
windowActions#xml                                        0,0           0           0         0,0           4

Performance Statistics   2017-01-04 21:00:00 - 2017-01-04 21:02:00
Tag                                                  Avg(ms)         Min         Max     Std Dev       Count

Performance Statistics   2017-01-04 21:02:00 - 2017-01-04 21:04:00
Tag                                                  Avg(ms)         Min         Max     Std Dev       Count
doors$Customer.browse#init                               0,0           0           0         0,0           1
doors$Customer.browse#inject                             0,0           0           0         0,0           1
doors$Customer.browse#load                              12,0          12          12         0,0           1
doors$Customer.browse#ready                              0,0           0           0         0,0           1
doors$Customer.browse#uiPermissions                      0,0           0           0         0,0           1
doors$Customer.browse#xml                                2,0           2           2         0,0           1
doors$Customer.browse@customersDs                      121,0         121         121         0,0           1
doors$Door.browse#init                                   0,0           0           0         0,0           1
doors$Door.browse#inject                                 0,0           0           0         0,0           1
doors$Door.browse#load                                   6,0           6           6         0,0           1
doors$Door.browse#ready                                  0,0           0           0         0,0           1
doors$Door.browse#uiPermissions                          0,0           0           0         0,0           1
doors$Door.browse#xml                                    0,0           0           0         0,0           1
doors$Door.browse@doorsDs                              142,0         142         142         0,0           1
loginWindow#init                                         0,0           0           0         0,0           3
loginWindow#inject                                       0,3           0           1         0,5           3
loginWindow#load                                         3,3           2           4         0,9           3
loginWindow#ready                                        0,0           0           0         0,0           3
loginWindow#uiPermissions                                0,0           0           0         0,0           3
loginWindow#xml                                          0,0           0           0         0,0           3
mainWindow#init                                          0,0           0           0         0,0           2
mainWindow#inject                                        1,0           0           2         1,0           2
mainWindow#load                                        119,0         116         122         3,0           2
mainWindow#ready                                         0,0           0           0         0,0           2
mainWindow#uiPermissions                                 0,0           0           0         0,0           2
mainWindow#xml                                           0,0           0           0         0,0           2

Performance Statistics   2017-01-04 21:04:00 - 2017-01-04 21:06:00
Tag                                                  Avg(ms)         Min         Max     Std Dev       Count

Performance Statistics   2017-01-04 21:06:00 - 2017-01-04 21:08:00
Tag                                                  Avg(ms)         Min         Max     Std Dev       Count

Performance Statistics   2017-01-04 21:08:00 - 2017-01-04 21:10:00
Tag                                                  Avg(ms)         Min         Max     Std Dev       Count

Performance Statistics   2017-01-04 21:10:00 - 2017-01-04 21:12:00
Tag                                                  Avg(ms)         Min         Max     Std Dev       Count

Performance Statistics   2017-01-04 21:12:00 - 2017-01-04 21:14:00
Tag                                                  Avg(ms)         Min         Max     Std Dev       Count

Performance Statistics   2017-01-04 21:14:00 - 2017-01-04 21:16:00
Tag                                                  Avg(ms)         Min         Max     Std Dev       Count

Performance Statistics   2017-01-04 21:16:00 - 2017-01-04 21:18:00
Tag                                                  Avg(ms)         Min         Max     Std Dev       Count

Performance Statistics   2017-01-04 21:18:00 - 2017-01-04 21:20:00
Tag                                                  Avg(ms)         Min         Max     Std Dev       Count

Performance Statistics   2017-01-04 21:20:00 - 2017-01-04 21:22:00
Tag                                                  Avg(ms)         Min         Max     Std Dev       Count

Performance Statistics   2017-01-04 21:22:00 - 2017-01-04 21:24:00
Tag                                                  Avg(ms)         Min         Max     Std Dev       Count

Performance Statistics   2017-01-04 21:24:00 - 2017-01-04 21:26:00
Tag                                                  Avg(ms)         Min         Max     Std Dev       Count

Performance Statistics   2017-01-04 21:26:00 - 2017-01-04 21:28:00
Tag                                                  Avg(ms)         Min         Max     Std Dev       Count

Performance Statistics   2017-01-04 21:28:00 - 2017-01-04 21:30:00
Tag                                                  Avg(ms)         Min         Max     Std Dev       Count

Performance Statistics   2017-01-04 21:30:00 - 2017-01-04 21:32:00
Tag                                                  Avg(ms)         Min         Max     Std Dev       Count

