Performance Statistics   2016-12-26 10:50:00 - 2016-12-26 10:52:00
Tag                                                  Avg(ms)         Min         Max     Std Dev       Count
loginWindow#init                                        11,0          11          11         0,0           1
loginWindow#inject                                       8,0           8           8         0,0           1
loginWindow#load                                       196,0         196         196         0,0           1
loginWindow#ready                                        0,0           0           0         0,0           1
loginWindow#uiPermissions                                0,0           0           0         0,0           1
loginWindow#xml                                          7,0           7           7         0,0           1
mainWindow#init                                         21,0          21          21         0,0           1
mainWindow#inject                                        2,0           2           2         0,0           1
mainWindow#load                                        225,0         225         225         0,0           1
mainWindow#ready                                         0,0           0           0         0,0           1
mainWindow#uiPermissions                                 0,0           0           0         0,0           1
mainWindow#xml                                           1,0           1           1         0,0           1

Performance Statistics   2016-12-26 10:52:00 - 2016-12-26 10:54:00
Tag                                                  Avg(ms)         Min         Max     Std Dev       Count
doors$Order.browse#init                                  0,0           0           0         0,0           1
doors$Order.browse#inject                                0,0           0           0         0,0           1
doors$Order.browse#load                                541,0         541         541         0,0           1
doors$Order.browse#ready                                 0,0           0           0         0,0           1
doors$Order.browse#uiPermissions                         0,0           0           0         0,0           1
doors$Order.browse#xml                                   3,0           3           3         0,0           1
doors$Order.browse@ordersDs                            418,0         418         418         0,0           1
doors$Order.edit#init                                    3,0           3           3         0,0           1
doors$Order.edit#inject                                  0,0           0           0         0,0           2
doors$Order.edit#load                                   95,0          95          95         0,0           1
doors$Order.edit#ready                                   0,0           0           0         0,0           1
doors$Order.edit#setItem                               445,0         445         445         0,0           1
doors$Order.edit#uiPermissions                           0,0           0           0         0,0           1
doors$Order.edit#xml                                     1,0           1           1         0,0           1
doors$Order.edit.windowActions#load                      1,0           1           1         0,0           1
doors$Order.edit@customersDs                           149,0         149         149         0,0           1
doors$Order.edit@doorsDs                               147,0         147         147         0,0           1
windowActions#xml                                        1,0           1           1         0,0           1

Performance Statistics   2016-12-26 10:54:00 - 2016-12-26 10:56:00
Tag                                                  Avg(ms)         Min         Max     Std Dev       Count

Performance Statistics   2016-12-26 10:56:00 - 2016-12-26 10:58:00
Tag                                                  Avg(ms)         Min         Max     Std Dev       Count

Performance Statistics   2016-12-26 10:58:00 - 2016-12-26 11:00:00
Tag                                                  Avg(ms)         Min         Max     Std Dev       Count

Performance Statistics   2016-12-26 11:00:00 - 2016-12-26 11:02:00
Tag                                                  Avg(ms)         Min         Max     Std Dev       Count

Performance Statistics   2016-12-26 11:02:00 - 2016-12-26 11:04:00
Tag                                                  Avg(ms)         Min         Max     Std Dev       Count

Performance Statistics   2016-12-26 11:04:00 - 2016-12-26 11:06:00
Tag                                                  Avg(ms)         Min         Max     Std Dev       Count

Performance Statistics   2016-12-26 11:06:00 - 2016-12-26 11:08:00
Tag                                                  Avg(ms)         Min         Max     Std Dev       Count

Performance Statistics   2016-12-26 11:08:00 - 2016-12-26 11:10:00
Tag                                                  Avg(ms)         Min         Max     Std Dev       Count

Performance Statistics   2016-12-26 11:10:00 - 2016-12-26 11:12:00
Tag                                                  Avg(ms)         Min         Max     Std Dev       Count

Performance Statistics   2016-12-26 11:16:00 - 2016-12-26 11:18:00
Tag                                                  Avg(ms)         Min         Max     Std Dev       Count
loginWindow#init                                         9,0           9           9         0,0           1
loginWindow#inject                                       8,0           8           8         0,0           1
loginWindow#load                                       202,0         202         202         0,0           1
loginWindow#ready                                        0,0           0           0         0,0           1
loginWindow#uiPermissions                                0,0           0           0         0,0           1
loginWindow#xml                                         11,0          11          11         0,0           1

Performance Statistics   2016-12-26 11:18:00 - 2016-12-26 11:20:00
Tag                                                  Avg(ms)         Min         Max     Std Dev       Count
doors$Order.browse#init                                  0,0           0           0         0,0           1
doors$Order.browse#inject                                0,0           0           0         0,0           1
doors$Order.browse#load                                704,0         704         704         0,0           1
doors$Order.browse#ready                                 0,0           0           0         0,0           1
doors$Order.browse#uiPermissions                         0,0           0           0         0,0           1
doors$Order.browse#xml                                   3,0           3           3         0,0           1
doors$Order.browse@ordersDs                            696,0         696         696         0,0           1
doors$Order.edit#init                                    4,0           4           4         0,0           1
doors$Order.edit#inject                                  0,0           0           0         0,0           2
doors$Order.edit#load                                   96,0          96          96         0,0           1
doors$Order.edit#ready                                   0,0           0           0         0,0           1
doors$Order.edit#setItem                               970,0         970         970         0,0           1
doors$Order.edit#uiPermissions                           0,0           0           0         0,0           1
doors$Order.edit#xml                                     1,0           1           1         0,0           1
doors$Order.edit.windowActions#load                      1,0           1           1         0,0           1
doors$Order.edit@customersDs                           266,0         266         266         0,0           1
doors$Order.edit@doorsDs                               243,0         243         243         0,0           1
mainWindow#init                                         15,0          15          15         0,0           1
mainWindow#inject                                        1,0           1           1         0,0           1
mainWindow#load                                        758,0         758         758         0,0           1
mainWindow#ready                                         0,0           0           0         0,0           1
mainWindow#uiPermissions                                 0,0           0           0         0,0           1
mainWindow#xml                                           3,0           3           3         0,0           1
windowActions#xml                                        0,0           0           0         0,0           1

Performance Statistics   2016-12-26 11:20:00 - 2016-12-26 11:22:00
Tag                                                  Avg(ms)         Min         Max     Std Dev       Count

Performance Statistics   2016-12-26 11:22:00 - 2016-12-26 11:24:00
Tag                                                  Avg(ms)         Min         Max     Std Dev       Count

Performance Statistics   2016-12-26 11:24:00 - 2016-12-26 11:26:00
Tag                                                  Avg(ms)         Min         Max     Std Dev       Count

Performance Statistics   2016-12-26 11:26:00 - 2016-12-26 11:28:00
Tag                                                  Avg(ms)         Min         Max     Std Dev       Count

Performance Statistics   2016-12-26 11:28:00 - 2016-12-26 11:30:00
Tag                                                  Avg(ms)         Min         Max     Std Dev       Count

Performance Statistics   2016-12-26 11:30:00 - 2016-12-26 11:32:00
Tag                                                  Avg(ms)         Min         Max     Std Dev       Count

Performance Statistics   2016-12-26 11:32:00 - 2016-12-26 11:34:00
Tag                                                  Avg(ms)         Min         Max     Std Dev       Count

Performance Statistics   2016-12-26 11:34:00 - 2016-12-26 11:36:00
Tag                                                  Avg(ms)         Min         Max     Std Dev       Count

Performance Statistics   2016-12-26 11:36:00 - 2016-12-26 11:38:00
Tag                                                  Avg(ms)         Min         Max     Std Dev       Count

Performance Statistics   2016-12-26 11:38:00 - 2016-12-26 11:40:00
Tag                                                  Avg(ms)         Min         Max     Std Dev       Count

Performance Statistics   2016-12-26 11:42:00 - 2016-12-26 11:44:00
Tag                                                  Avg(ms)         Min         Max     Std Dev       Count

Performance Statistics   2016-12-26 11:44:00 - 2016-12-26 11:46:00
Tag                                                  Avg(ms)         Min         Max     Std Dev       Count
mainWindow#init                                          0,0           0           0         0,0           1
mainWindow#inject                                        0,0           0           0         0,0           1
mainWindow#load                                        118,0         118         118         0,0           1
mainWindow#ready                                         0,0           0           0         0,0           1
mainWindow#uiPermissions                                 0,0           0           0         0,0           1
mainWindow#xml                                           0,0           0           0         0,0           1

Performance Statistics   2016-12-26 11:44:00 - 2016-12-26 11:46:00
Tag                                                  Avg(ms)         Min         Max     Std Dev       Count
doors$Customer.browse#init                               0,0           0           0         0,0           3
doors$Customer.browse#inject                             0,0           0           0         0,0           3
doors$Customer.browse#load                             141,3          11         400       182,9           3
doors$Customer.browse#ready                              0,0           0           0         0,0           3
doors$Customer.browse#uiPermissions                      0,0           0           0         0,0           3
doors$Customer.browse#xml                                1,0           0           3         1,4           3
doors$Customer.browse@customersDs                      173,0          83         351       125,9           3
doors$Customer.edit#init                                 0,0           0           0         0,0           3
doors$Customer.edit#inject                               0,0           0           0         0,0           6
doors$Customer.edit#load                                20,3           8          43        16,0           3
doors$Customer.edit#ready                                0,0           0           0         0,0           3
doors$Customer.edit#setItem                             60,0           0         178        83,4           3
doors$Customer.edit#uiPermissions                        0,0           0           0         0,0           3
doors$Customer.edit#xml                                  0,3           0           1         0,5           3
doors$Customer.edit.windowActions#load                   0,7           0           2         0,9           3
doors$Customer.edit@ordersDs                           139,7         107         192        37,4           3
doors$Door.browse#init                                   0,0           0           0         0,0           1
doors$Door.browse#inject                                 0,0           0           0         0,0           1
doors$Door.browse#load                                  14,0          14          14         0,0           1
doors$Door.browse#ready                                  0,0           0           0         0,0           1
doors$Door.browse#uiPermissions                          0,0           0           0         0,0           1
doors$Door.browse#xml                                    1,0           1           1         0,0           1
doors$Door.browse@doorsDs                              133,0         133         133         0,0           1
doors$Order.browse#init                                  0,0           0           0         0,0           1
doors$Order.browse#inject                                0,0           0           0         0,0           1
doors$Order.browse#load                                 17,0          17          17         0,0           1
doors$Order.browse#ready                                 0,0           0           0         0,0           1
doors$Order.browse#uiPermissions                         0,0           0           0         0,0           1
doors$Order.browse#xml                                   1,0           1           1         0,0           1
doors$Order.browse@ordersDs                            199,0         199         199         0,0           1
doors$Order.edit#init                                    4,0           4           4         0,0           1
doors$Order.edit#inject                                  0,0           0           0         0,0           2
doors$Order.edit#load                                   69,0          69          69         0,0           1
doors$Order.edit#ready                                   0,0           0           0         0,0           1
doors$Order.edit#setItem                               308,0         308         308         0,0           1
doors$Order.edit#uiPermissions                           0,0           0           0         0,0           1
doors$Order.edit#xml                                     2,0           2           2         0,0           1
doors$Order.edit.windowActions#load                      0,0           0           0         0,0           1
doors$Order.edit@customersDs                           137,0         137         137         0,0           1
doors$Order.edit@doorsDs                               119,0         119         119         0,0           1
loginWindow#init                                         7,0           7           7         0,0           1
loginWindow#inject                                       7,0           7           7         0,0           1
loginWindow#load                                       162,0         162         162         0,0           1
loginWindow#ready                                        0,0           0           0         0,0           1
loginWindow#uiPermissions                                0,0           0           0         0,0           1
loginWindow#xml                                          7,0           7           7         0,0           1
mainWindow#init                                         15,0          15          15         0,0           1
mainWindow#inject                                        1,0           1           1         0,0           1
mainWindow#load                                        179,0         179         179         0,0           1
mainWindow#ready                                         0,0           0           0         0,0           1
mainWindow#uiPermissions                                 0,0           0           0         0,0           1
mainWindow#xml                                           2,0           2           2         0,0           1
windowActions#xml                                        0,0           0           0         0,0           4

Performance Statistics   2016-12-26 11:46:00 - 2016-12-26 11:48:00
Tag                                                  Avg(ms)         Min         Max     Std Dev       Count
doors$Door.browse#init                                   0,0           0           0         0,0           1
doors$Door.browse#inject                                 0,0           0           0         0,0           1
doors$Door.browse#load                                   8,0           8           8         0,0           1
doors$Door.browse#ready                                  0,0           0           0         0,0           1
doors$Door.browse#uiPermissions                          0,0           0           0         0,0           1
doors$Door.browse#xml                                    0,0           0           0         0,0           1
doors$Door.browse@doorsDs                              108,0         108         108         0,0           1

Performance Statistics   2016-12-26 11:48:00 - 2016-12-26 11:50:00
Tag                                                  Avg(ms)         Min         Max     Std Dev       Count

Performance Statistics   2016-12-26 11:50:00 - 2016-12-26 11:52:00
Tag                                                  Avg(ms)         Min         Max     Std Dev       Count

Performance Statistics   2016-12-26 11:52:00 - 2016-12-26 11:54:00
Tag                                                  Avg(ms)         Min         Max     Std Dev       Count

Performance Statistics   2016-12-26 13:02:00 - 2016-12-26 13:04:00
Tag                                                  Avg(ms)         Min         Max     Std Dev       Count

Performance Statistics   2016-12-26 13:04:00 - 2016-12-26 13:06:00
Tag                                                  Avg(ms)         Min         Max     Std Dev       Count
loginWindow#init                                         0,0           0           0         0,0           1
loginWindow#inject                                       0,0           0           0         0,0           1
loginWindow#load                                         6,0           6           6         0,0           1
loginWindow#ready                                        0,0           0           0         0,0           1
loginWindow#uiPermissions                                0,0           0           0         0,0           1
loginWindow#xml                                          0,0           0           0         0,0           1
mainWindow#init                                          0,0           0           0         0,0           1
mainWindow#inject                                        0,0           0           0         0,0           1
mainWindow#load                                        252,0         252         252         0,0           1
mainWindow#ready                                         0,0           0           0         0,0           1
mainWindow#uiPermissions                                 0,0           0           0         0,0           1
mainWindow#xml                                           0,0           0           0         0,0           1
screensTabFrame#xml                                      0,5           0           1         0,5           2
sec$Role.browse#init                                     4,0           4           4         0,0           1
sec$Role.browse#inject                                   0,0           0           0         0,0           1
sec$Role.browse#load                                    39,0          39          39         0,0           1
sec$Role.browse#ready                                    0,0           0           0         0,0           1
sec$Role.browse#uiPermissions                            0,0           0           0         0,0           1
sec$Role.browse#xml                                      0,0           0           0         0,0           1
sec$Role.browse@rolesDs                                147,0         147         147         0,0           1
sec$Role.edit#companion                                  1,0           0           2         1,0           2
sec$Role.edit#init                                       0,0           0           0         0,0           2
sec$Role.edit#inject                                     0,2           0           1         0,4           6
sec$Role.edit#load                                      35,0          11          59        24,0           2
sec$Role.edit#ready                                      0,0           0           0         0,0           2
sec$Role.edit#setItem                                  282,0         238         326        44,0           2
sec$Role.edit#uiPermissions                              0,0           0           0         0,0           2
sec$Role.edit#xml                                        2,5           0           5         2,5           2
sec$Role.edit.screensTabFrame#init                       2,0           0           4         2,0           2
sec$Role.edit.screensTabFrame#load                       5,5           1          10         4,5           2
sec$Role.edit.screensTabFrame#uiPermissions              0,0           0           0         0,0           2
sec$Role.edit.screensTabFrame@screenPermissionsDs       156,0         135         177        21,0           2
sec$Role.edit.screensTabFrame@screenPermissionsTreeDs        71,0           1         141        70,0           2
sec$Role.edit.windowActions#load                         0,0           0           0         0,0           2
sec$User.browse#companion                                3,0           3           3         0,0           1
sec$User.browse#init                                     7,0           7           7         0,0           1
sec$User.browse#inject                                   8,0           8           8         0,0           1
sec$User.browse#load                                    48,0          48          48         0,0           1
sec$User.browse#ready                                    0,0           0           0         0,0           1
sec$User.browse#uiPermissions                            0,0           0           0         0,0           1
sec$User.browse#xml                                      2,0           2           2         0,0           1
sec$User.browse@usersDs                                145,0         145         145         0,0           1
windowActions#xml                                        0,0           0           0         0,0           2

Performance Statistics   2016-12-26 13:06:00 - 2016-12-26 13:08:00
Tag                                                  Avg(ms)         Min         Max     Std Dev       Count
screensTabFrame#xml                                      0,0           0           0         0,0           1
sec$Group.browse#init                                  634,0         634         634         0,0           1
sec$Group.browse#inject                                  0,0           0           0         0,0           1
sec$Group.browse#load                                   42,0          42          42         0,0           1
sec$Group.browse#ready                                   0,0           0           0         0,0           1
sec$Group.browse#uiPermissions                           0,0           0           0         0,0           1
sec$Group.browse#xml                                     1,0           1           1         0,0           1
sec$Group.browse@attributesDs                          155,0         155         155         0,0           1
sec$Group.browse@constraintsDs                         168,0         168         168         0,0           1
sec$Group.browse@groupsDs                              128,0         128         128         0,0           1
sec$Group.browse@usersDs                               171,0         171         171         0,0           1
sec$Group.lookup#init                                  126,0         126         126         0,0           1
sec$Group.lookup#inject                                  0,0           0           0         0,0           1
sec$Group.lookup#load                                    5,0           5           5         0,0           1
sec$Group.lookup#ready                                   0,0           0           0         0,0           1
sec$Group.lookup#uiPermissions                           0,0           0           0         0,0           1
sec$Group.lookup#xml                                     1,0           1           1         0,0           1
sec$Group.lookup@groupsDs                              125,0         125         125         0,0           1
sec$Role.edit#companion                                  0,0           0           0         0,0           1
sec$Role.edit#init                                       0,0           0           0         0,0           1
sec$Role.edit#inject                                     0,0           0           0         0,0           3
sec$Role.edit#load                                       9,0           9           9         0,0           1
sec$Role.edit#ready                                      0,0           0           0         0,0           1
sec$Role.edit#setItem                                  158,0         158         158         0,0           1
sec$Role.edit#uiPermissions                              0,0           0           0         0,0           1
sec$Role.edit#xml                                        0,0           0           0         0,0           1
sec$Role.edit.screensTabFrame#init                       0,0           0           0         0,0           1
sec$Role.edit.screensTabFrame#load                       1,0           1           1         0,0           1
sec$Role.edit.screensTabFrame#uiPermissions              0,0           0           0         0,0           1
sec$Role.edit.screensTabFrame@screenPermissionsDs        90,0          90          90         0,0           1
sec$Role.edit.screensTabFrame@screenPermissionsTreeDs         1,0           1           1         0,0           1
sec$Role.edit.windowActions#load                         0,0           0           0         0,0           1
sec$User.browse#companion                                0,0           0           0         0,0           1
sec$User.browse#init                                     0,0           0           0         0,0           1
sec$User.browse#inject                                   1,0           1           1         0,0           1
sec$User.browse#load                                     8,0           8           8         0,0           1
sec$User.browse#ready                                    0,0           0           0         0,0           1
sec$User.browse#uiPermissions                            0,0           0           0         0,0           1
sec$User.browse#xml                                      0,0           0           0         0,0           1
sec$User.browse@usersDs                                 97,0          97          97         0,0           1
sec$User.edit#companion                                  1,0           0           2         1,0           2
sec$User.edit#init                                      28,0           4          52        24,0           2
sec$User.edit#inject                                     0,8           0           2         0,8           4
sec$User.edit#load                                      26,5          12          41        14,5           2
sec$User.edit#ready                                      0,0           0           0         0,0           2
sec$User.edit#setItem                                  260,5         211         310        49,5           2
sec$User.edit#uiPermissions                              0,0           0           0         0,0           2
sec$User.edit#xml                                        1,0           0           2         1,0           2
sec$User.edit.windowActions#load                         0,0           0           0         0,0           2
windowActions#xml                                        0,0           0           0         0,0           3

Performance Statistics   2016-12-26 13:08:00 - 2016-12-26 13:10:00
Tag                                                  Avg(ms)         Min         Max     Std Dev       Count
loginWindow#init                                         0,0           0           0         0,0           1
loginWindow#inject                                       1,0           1           1         0,0           1
loginWindow#load                                        12,0          12          12         0,0           1
loginWindow#ready                                        0,0           0           0         0,0           1
loginWindow#uiPermissions                                0,0           0           0         0,0           1
loginWindow#xml                                          0,0           0           0         0,0           1
sec$Role.lookup#init                                     0,0           0           0         0,0           1
sec$Role.lookup#inject                                   0,0           0           0         0,0           1
sec$Role.lookup#load                                    13,0          13          13         0,0           1
sec$Role.lookup#ready                                    0,0           0           0         0,0           1
sec$Role.lookup#uiPermissions                            0,0           0           0         0,0           1
sec$Role.lookup#xml                                      0,0           0           0         0,0           1
sec$Role.lookup@rolesDs                                117,0         117         117         0,0           1
sec$User.edit#companion                                  0,0           0           0         0,0           2
sec$User.edit#init                                       3,0           3           3         0,0           2
sec$User.edit#inject                                     0,3           0           1         0,4           4
sec$User.edit#load                                      20,5          11          30         9,5           2
sec$User.edit#ready                                      0,0           0           0         0,0           2
sec$User.edit#setItem                                  393,0         329         457        64,0           2
sec$User.edit#uiPermissions                              0,0           0           0         0,0           2
sec$User.edit#xml                                        0,0           0           0         0,0           2
sec$User.edit.windowActions#load                         0,0           0           0         0,0           2
windowActions#xml                                        0,0           0           0         0,0           2

Performance Statistics   2016-12-26 13:10:00 - 2016-12-26 13:12:00
Tag                                                  Avg(ms)         Min         Max     Std Dev       Count
doors$Order.browse#init                                  0,0           0           0         0,0           1
doors$Order.browse#inject                                0,0           0           0         0,0           1
doors$Order.browse#load                                 15,0          15          15         0,0           1
doors$Order.browse#ready                                 0,0           0           0         0,0           1
doors$Order.browse#uiPermissions                         0,0           0           0         0,0           1
doors$Order.browse#xml                                   0,0           0           0         0,0           1
doors$Order.browse@ordersDs                            186,0         186         186         0,0           1
loginWindow#init                                         0,0           0           0         0,0           3
loginWindow#inject                                       1,0           0           3         1,4           3
loginWindow#load                                         3,3           3           4         0,5           3
loginWindow#ready                                        0,0           0           0         0,0           3
loginWindow#uiPermissions                                0,0           0           0         0,0           3
loginWindow#xml                                          0,0           0           0         0,0           3
mainWindow#init                                          0,0           0           0         0,0           3
mainWindow#inject                                        1,0           0           2         0,8           3
mainWindow#load                                        156,7         116         230        52,0           3
mainWindow#ready                                         0,0           0           0         0,0           3
mainWindow#uiPermissions                                 0,0           0           0         0,0           3
mainWindow#xml                                           0,0           0           0         0,0           3
screensTabFrame#xml                                      0,0           0           0         0,0           1
sec$Role.edit#companion                                  0,0           0           0         0,0           1
sec$Role.edit#init                                       0,0           0           0         0,0           1
sec$Role.edit#inject                                     0,0           0           0         0,0           3
sec$Role.edit#load                                      17,0          17          17         0,0           1
sec$Role.edit#ready                                      0,0           0           0         0,0           1
sec$Role.edit#setItem                                  198,0         198         198         0,0           1
sec$Role.edit#uiPermissions                              0,0           0           0         0,0           1
sec$Role.edit#xml                                        0,0           0           0         0,0           1
sec$Role.edit.screensTabFrame#init                       0,0           0           0         0,0           1
sec$Role.edit.screensTabFrame#load                       1,0           1           1         0,0           1
sec$Role.edit.screensTabFrame#uiPermissions              0,0           0           0         0,0           1
sec$Role.edit.screensTabFrame@screenPermissionsDs        94,0          94          94         0,0           1
sec$Role.edit.screensTabFrame@screenPermissionsTreeDs         2,0           2           2         0,0           1
sec$Role.edit.windowActions#load                         0,0           0           0         0,0           1
sec$User.browse#companion                                0,0           0           0         0,0           1
sec$User.browse#init                                     0,0           0           0         0,0           1
sec$User.browse#inject                                   0,0           0           0         0,0           1
sec$User.browse#load                                    13,0          13          13         0,0           1
sec$User.browse#ready                                    0,0           0           0         0,0           1
sec$User.browse#uiPermissions                            0,0           0           0         0,0           1
sec$User.browse#xml                                      0,0           0           0         0,0           1
sec$User.browse@usersDs                                102,0         102         102         0,0           1
sec$User.edit#companion                                  0,0           0           0         0,0           1
sec$User.edit#init                                       4,0           4           4         0,0           1
sec$User.edit#inject                                     0,0           0           0         0,0           2
sec$User.edit#load                                      18,0          18          18         0,0           1
sec$User.edit#ready                                      0,0           0           0         0,0           1
sec$User.edit#setItem                                  312,0         312         312         0,0           1
sec$User.edit#uiPermissions                              0,0           0           0         0,0           1
sec$User.edit#xml                                        0,0           0           0         0,0           1
sec$User.edit.windowActions#load                         0,0           0           0         0,0           1
windowActions#xml                                        0,0           0           0         0,0           2

Performance Statistics   2016-12-26 13:12:00 - 2016-12-26 13:14:00
Tag                                                  Avg(ms)         Min         Max     Std Dev       Count
doors$Customer.browse#init                               0,0           0           0         0,0           1
doors$Customer.browse#inject                             0,0           0           0         0,0           1
doors$Customer.browse#load                               6,0           6           6         0,0           1
doors$Customer.browse#ready                              0,0           0           0         0,0           1
doors$Customer.browse#uiPermissions                      0,0           0           0         0,0           1
doors$Customer.browse#xml                                0,0           0           0         0,0           1
doors$Customer.browse@customersDs                      154,0         154         154         0,0           1
mainWindow#init                                          0,0           0           0         0,0           2
mainWindow#inject                                        0,0           0           0         0,0           2
mainWindow#load                                        120,0         118         122         2,0           2
mainWindow#ready                                         0,0           0           0         0,0           2
mainWindow#uiPermissions                                 0,0           0           0         0,0           2
mainWindow#xml                                           0,0           0           0         0,0           2

Performance Statistics   2016-12-26 13:14:00 - 2016-12-26 13:16:00
Tag                                                  Avg(ms)         Min         Max     Std Dev       Count

Performance Statistics   2016-12-26 13:16:00 - 2016-12-26 13:18:00
Tag                                                  Avg(ms)         Min         Max     Std Dev       Count

Performance Statistics   2016-12-26 13:18:00 - 2016-12-26 13:20:00
Tag                                                  Avg(ms)         Min         Max     Std Dev       Count
doors$Door.browse#init                                   0,0           0           0         0,0           1
doors$Door.browse#inject                                 0,0           0           0         0,0           1
doors$Door.browse#load                                  12,0          12          12         0,0           1
doors$Door.browse#ready                                  0,0           0           0         0,0           1
doors$Door.browse#uiPermissions                          0,0           0           0         0,0           1
doors$Door.browse#xml                                    0,0           0           0         0,0           1
doors$Door.browse@doorsDs                              145,0         145         145         0,0           1
doors$Door.edit#init                                     0,0           0           0         0,0           1
doors$Door.edit#inject                                   0,0           0           0         0,0           2
doors$Door.edit#load                                    15,0          15          15         0,0           1
doors$Door.edit#ready                                    0,0           0           0         0,0           1
doors$Door.edit#setItem                                131,0         131         131         0,0           1
doors$Door.edit#uiPermissions                            0,0           0           0         0,0           1
doors$Door.edit#xml                                      0,0           0           0         0,0           1
doors$Door.edit.windowActions#load                       0,0           0           0         0,0           1
loginWindow#init                                         0,0           0           0         0,0           3
loginWindow#inject                                       0,3           0           1         0,5           3
loginWindow#load                                         3,0           2           4         0,8           3
loginWindow#ready                                        0,0           0           0         0,0           3
loginWindow#uiPermissions                                0,0           0           0         0,0           3
loginWindow#xml                                          0,0           0           0         0,0           3
mainWindow#init                                          0,0           0           0         0,0           4
mainWindow#inject                                        0,0           0           0         0,0           4
mainWindow#load                                        120,3         115         131         6,3           4
mainWindow#ready                                         0,0           0           0         0,0           4
mainWindow#uiPermissions                                 0,0           0           0         0,0           4
mainWindow#xml                                           0,0           0           0         0,0           4
windowActions#xml                                        6,0           6           6         0,0           1

Performance Statistics   2016-12-26 13:20:00 - 2016-12-26 13:22:00
Tag                                                  Avg(ms)         Min         Max     Std Dev       Count

Performance Statistics   2016-12-26 13:22:00 - 2016-12-26 13:24:00
Tag                                                  Avg(ms)         Min         Max     Std Dev       Count

Performance Statistics   2016-12-26 13:24:00 - 2016-12-26 13:26:00
Tag                                                  Avg(ms)         Min         Max     Std Dev       Count
doors$Door.edit#init                                     0,0           0           0         0,0           2
doors$Door.edit#inject                                   0,0           0           0         0,0           4
doors$Door.edit#load                                     5,5           5           6         0,5           2
doors$Door.edit#ready                                    0,0           0           0         0,0           2
doors$Door.edit#setItem                                  0,0           0           0         0,0           2
doors$Door.edit#uiPermissions                            0,0           0           0         0,0           2
doors$Door.edit#xml                                      0,0           0           0         0,0           2
doors$Door.edit.windowActions#load                       0,0           0           0         0,0           2
windowActions#xml                                        0,0           0           0         0,0           2

Performance Statistics   2016-12-26 13:26:00 - 2016-12-26 13:28:00
Tag                                                  Avg(ms)         Min         Max     Std Dev       Count
doors$Door.edit#init                                     0,0           0           0         0,0           2
doors$Door.edit#inject                                   0,0           0           0         0,0           4
doors$Door.edit#load                                     4,5           4           5         0,5           2
doors$Door.edit#ready                                    0,0           0           0         0,0           2
doors$Door.edit#setItem                                  0,0           0           0         0,0           2
doors$Door.edit#uiPermissions                            0,0           0           0         0,0           2
doors$Door.edit#xml                                      0,0           0           0         0,0           2
doors$Door.edit.windowActions#load                       0,0           0           0         0,0           2
windowActions#xml                                        0,0           0           0         0,0           2

Performance Statistics   2016-12-26 13:28:00 - 2016-12-26 13:30:00
Tag                                                  Avg(ms)         Min         Max     Std Dev       Count
doors$Door.edit#init                                     0,0           0           0         0,0           1
doors$Door.edit#inject                                   0,0           0           0         0,0           2
doors$Door.edit#load                                    25,0          25          25         0,0           1
doors$Door.edit#ready                                    0,0           0           0         0,0           1
doors$Door.edit#setItem                                  0,0           0           0         0,0           1
doors$Door.edit#uiPermissions                            0,0           0           0         0,0           1
doors$Door.edit#xml                                      0,0           0           0         0,0           1
doors$Door.edit.windowActions#load                       0,0           0           0         0,0           1
windowActions#xml                                        0,0           0           0         0,0           1

Performance Statistics   2016-12-26 13:30:00 - 2016-12-26 13:32:00
Tag                                                  Avg(ms)         Min         Max     Std Dev       Count

Performance Statistics   2016-12-26 13:32:00 - 2016-12-26 13:34:00
Tag                                                  Avg(ms)         Min         Max     Std Dev       Count
doors$Door.edit#init                                     0,0           0           0         0,0           4
doors$Door.edit#inject                                   0,0           0           0         0,0           8
doors$Door.edit#load                                     5,0           4           7         1,2           4
doors$Door.edit#ready                                    0,0           0           0         0,0           4
doors$Door.edit#setItem                                 77,5          64         109        18,4           4
doors$Door.edit#uiPermissions                            0,0           0           0         0,0           4
doors$Door.edit#xml                                      0,0           0           0         0,0           4
doors$Door.edit.windowActions#load                       0,0           0           0         0,0           4
windowActions#xml                                        0,0           0           0         0,0           4

Performance Statistics   2016-12-26 13:34:00 - 2016-12-26 13:36:00
Tag                                                  Avg(ms)         Min         Max     Std Dev       Count
doors$Door.edit#init                                     0,0           0           0         0,0           1
doors$Door.edit#inject                                   0,0           0           0         0,0           2
doors$Door.edit#load                                     4,0           4           4         0,0           1
doors$Door.edit#ready                                    0,0           0           0         0,0           1
doors$Door.edit#setItem                                 62,0          62          62         0,0           1
doors$Door.edit#uiPermissions                            0,0           0           0         0,0           1
doors$Door.edit#xml                                      0,0           0           0         0,0           1
doors$Door.edit.windowActions#load                       0,0           0           0         0,0           1
windowActions#xml                                        0,0           0           0         0,0           1

Performance Statistics   2016-12-26 13:36:00 - 2016-12-26 13:38:00
Tag                                                  Avg(ms)         Min         Max     Std Dev       Count
doors$Door.edit#init                                     0,0           0           0         0,0           6
doors$Door.edit#inject                                   0,0           0           0         0,0          12
doors$Door.edit#load                                     5,8           4          12         2,8           6
doors$Door.edit#ready                                    0,0           0           0         0,0           6
doors$Door.edit#setItem                                 57,7           0          88        27,2           6
doors$Door.edit#uiPermissions                            0,0           0           0         0,0           6
doors$Door.edit#xml                                      0,0           0           0         0,0           6
doors$Door.edit.windowActions#load                       0,0           0           0         0,0           6
windowActions#xml                                        0,0           0           0         0,0           6

Performance Statistics   2016-12-26 13:38:00 - 2016-12-26 13:40:00
Tag                                                  Avg(ms)         Min         Max     Std Dev       Count
doors$Door.edit#init                                     0,0           0           0         0,0           1
doors$Door.edit#inject                                   0,0           0           0         0,0           2
doors$Door.edit#load                                     5,0           5           5         0,0           1
doors$Door.edit#ready                                    0,0           0           0         0,0           1
doors$Door.edit#setItem                                  0,0           0           0         0,0           1
doors$Door.edit#uiPermissions                            0,0           0           0         0,0           1
doors$Door.edit#xml                                      0,0           0           0         0,0           1
doors$Door.edit.windowActions#load                       0,0           0           0         0,0           1
windowActions#xml                                        0,0           0           0         0,0           1

Performance Statistics   2016-12-26 13:40:00 - 2016-12-26 13:42:00
Tag                                                  Avg(ms)         Min         Max     Std Dev       Count
doors$Door.edit#init                                     0,0           0           0         0,0           2
doors$Door.edit#inject                                   0,0           0           0         0,0           4
doors$Door.edit#load                                    10,0           5          15         5,0           2
doors$Door.edit#ready                                    0,0           0           0         0,0           2
doors$Door.edit#setItem                                 66,5          61          72         5,5           2
doors$Door.edit#uiPermissions                            0,0           0           0         0,0           2
doors$Door.edit#xml                                      0,0           0           0         0,0           2
doors$Door.edit.windowActions#load                       0,0           0           0         0,0           2
windowActions#xml                                        5,0           0          10         5,0           2

Performance Statistics   2016-12-26 13:42:00 - 2016-12-26 13:44:00
Tag                                                  Avg(ms)         Min         Max     Std Dev       Count

Performance Statistics   2016-12-26 13:44:00 - 2016-12-26 13:46:00
Tag                                                  Avg(ms)         Min         Max     Std Dev       Count

Performance Statistics   2016-12-26 13:46:00 - 2016-12-26 13:48:00
Tag                                                  Avg(ms)         Min         Max     Std Dev       Count

Performance Statistics   2016-12-26 14:38:00 - 2016-12-26 14:40:00
Tag                                                  Avg(ms)         Min         Max     Std Dev       Count

Performance Statistics   2016-12-26 14:40:00 - 2016-12-26 14:42:00
Tag                                                  Avg(ms)         Min         Max     Std Dev       Count

Performance Statistics   2016-12-26 14:52:00 - 2016-12-26 14:54:00
Tag                                                  Avg(ms)         Min         Max     Std Dev       Count

Performance Statistics   2016-12-26 14:54:00 - 2016-12-26 14:56:00
Tag                                                  Avg(ms)         Min         Max     Std Dev       Count

Performance Statistics   2016-12-26 14:56:00 - 2016-12-26 14:58:00
Tag                                                  Avg(ms)         Min         Max     Std Dev       Count

Performance Statistics   2016-12-26 14:58:00 - 2016-12-26 15:00:00
Tag                                                  Avg(ms)         Min         Max     Std Dev       Count

Performance Statistics   2016-12-26 15:00:00 - 2016-12-26 15:02:00
Tag                                                  Avg(ms)         Min         Max     Std Dev       Count

Performance Statistics   2016-12-26 15:02:00 - 2016-12-26 15:04:00
Tag                                                  Avg(ms)         Min         Max     Std Dev       Count

Performance Statistics   2016-12-26 15:04:00 - 2016-12-26 15:06:00
Tag                                                  Avg(ms)         Min         Max     Std Dev       Count

Performance Statistics   2016-12-26 15:06:00 - 2016-12-26 15:08:00
Tag                                                  Avg(ms)         Min         Max     Std Dev       Count

Performance Statistics   2016-12-26 15:08:00 - 2016-12-26 15:10:00
Tag                                                  Avg(ms)         Min         Max     Std Dev       Count

Performance Statistics   2016-12-26 15:10:00 - 2016-12-26 15:12:00
Tag                                                  Avg(ms)         Min         Max     Std Dev       Count

Performance Statistics   2016-12-26 15:12:00 - 2016-12-26 15:14:00
Tag                                                  Avg(ms)         Min         Max     Std Dev       Count

Performance Statistics   2016-12-26 15:14:00 - 2016-12-26 15:16:00
Tag                                                  Avg(ms)         Min         Max     Std Dev       Count

Performance Statistics   2016-12-26 15:16:00 - 2016-12-26 15:18:00
Tag                                                  Avg(ms)         Min         Max     Std Dev       Count

Performance Statistics   2016-12-26 15:18:00 - 2016-12-26 15:20:00
Tag                                                  Avg(ms)         Min         Max     Std Dev       Count

Performance Statistics   2016-12-26 15:20:00 - 2016-12-26 15:22:00
Tag                                                  Avg(ms)         Min         Max     Std Dev       Count

Performance Statistics   2016-12-26 15:22:00 - 2016-12-26 15:24:00
Tag                                                  Avg(ms)         Min         Max     Std Dev       Count

Performance Statistics   2016-12-26 15:24:00 - 2016-12-26 15:26:00
Tag                                                  Avg(ms)         Min         Max     Std Dev       Count

Performance Statistics   2016-12-26 15:26:00 - 2016-12-26 15:28:00
Tag                                                  Avg(ms)         Min         Max     Std Dev       Count

Performance Statistics   2016-12-26 15:28:00 - 2016-12-26 15:30:00
Tag                                                  Avg(ms)         Min         Max     Std Dev       Count

Performance Statistics   2016-12-26 15:30:00 - 2016-12-26 15:32:00
Tag                                                  Avg(ms)         Min         Max     Std Dev       Count

Performance Statistics   2016-12-26 15:32:00 - 2016-12-26 15:34:00
Tag                                                  Avg(ms)         Min         Max     Std Dev       Count

Performance Statistics   2016-12-26 15:34:00 - 2016-12-26 15:36:00
Tag                                                  Avg(ms)         Min         Max     Std Dev       Count

Performance Statistics   2016-12-26 15:44:00 - 2016-12-26 15:46:00
Tag                                                  Avg(ms)         Min         Max     Std Dev       Count

Performance Statistics   2016-12-26 15:46:00 - 2016-12-26 15:48:00
Tag                                                  Avg(ms)         Min         Max     Std Dev       Count

Performance Statistics   2016-12-26 15:48:00 - 2016-12-26 15:50:00
Tag                                                  Avg(ms)         Min         Max     Std Dev       Count

Performance Statistics   2016-12-26 15:50:00 - 2016-12-26 15:52:00
Tag                                                  Avg(ms)         Min         Max     Std Dev       Count

Performance Statistics   2016-12-26 15:52:00 - 2016-12-26 15:54:00
Tag                                                  Avg(ms)         Min         Max     Std Dev       Count

Performance Statistics   2016-12-26 15:54:00 - 2016-12-26 15:56:00
Tag                                                  Avg(ms)         Min         Max     Std Dev       Count

Performance Statistics   2016-12-26 15:56:00 - 2016-12-26 15:58:00
Tag                                                  Avg(ms)         Min         Max     Std Dev       Count

Performance Statistics   2016-12-26 15:58:00 - 2016-12-26 16:00:00
Tag                                                  Avg(ms)         Min         Max     Std Dev       Count

Performance Statistics   2016-12-26 16:00:00 - 2016-12-26 16:02:00
Tag                                                  Avg(ms)         Min         Max     Std Dev       Count

Performance Statistics   2016-12-26 16:02:00 - 2016-12-26 16:04:00
Tag                                                  Avg(ms)         Min         Max     Std Dev       Count

Performance Statistics   2016-12-26 16:04:00 - 2016-12-26 16:06:00
Tag                                                  Avg(ms)         Min         Max     Std Dev       Count

Performance Statistics   2016-12-26 16:06:00 - 2016-12-26 16:08:00
Tag                                                  Avg(ms)         Min         Max     Std Dev       Count

Performance Statistics   2016-12-26 16:14:00 - 2016-12-26 16:16:00
Tag                                                  Avg(ms)         Min         Max     Std Dev       Count

Performance Statistics   2016-12-26 16:16:00 - 2016-12-26 16:18:00
Tag                                                  Avg(ms)         Min         Max     Std Dev       Count

Performance Statistics   2016-12-26 16:18:00 - 2016-12-26 16:20:00
Tag                                                  Avg(ms)         Min         Max     Std Dev       Count

Performance Statistics   2016-12-26 16:20:00 - 2016-12-26 16:22:00
Tag                                                  Avg(ms)         Min         Max     Std Dev       Count

Performance Statistics   2016-12-26 16:40:00 - 2016-12-26 16:42:00
Tag                                                  Avg(ms)         Min         Max     Std Dev       Count

Performance Statistics   2016-12-26 16:42:00 - 2016-12-26 16:44:00
Tag                                                  Avg(ms)         Min         Max     Std Dev       Count

Performance Statistics   2016-12-26 16:44:00 - 2016-12-26 16:46:00
Tag                                                  Avg(ms)         Min         Max     Std Dev       Count

Performance Statistics   2016-12-26 16:46:00 - 2016-12-26 16:48:00
Tag                                                  Avg(ms)         Min         Max     Std Dev       Count

Performance Statistics   2016-12-26 16:48:00 - 2016-12-26 16:50:00
Tag                                                  Avg(ms)         Min         Max     Std Dev       Count

Performance Statistics   2016-12-26 16:50:00 - 2016-12-26 16:52:00
Tag                                                  Avg(ms)         Min         Max     Std Dev       Count

Performance Statistics   2016-12-26 16:52:00 - 2016-12-26 16:54:00
Tag                                                  Avg(ms)         Min         Max     Std Dev       Count

Performance Statistics   2016-12-26 16:54:00 - 2016-12-26 16:56:00
Tag                                                  Avg(ms)         Min         Max     Std Dev       Count

Performance Statistics   2016-12-26 18:06:00 - 2016-12-26 18:08:00
Tag                                                  Avg(ms)         Min         Max     Std Dev       Count

Performance Statistics   2016-12-26 22:28:00 - 2016-12-26 22:30:00
Tag                                                  Avg(ms)         Min         Max     Std Dev       Count

Performance Statistics   2016-12-26 22:30:00 - 2016-12-26 22:32:00
Tag                                                  Avg(ms)         Min         Max     Std Dev       Count

Performance Statistics   2016-12-26 22:32:00 - 2016-12-26 22:34:00
Tag                                                  Avg(ms)         Min         Max     Std Dev       Count

Performance Statistics   2016-12-26 22:34:00 - 2016-12-26 22:36:00
Tag                                                  Avg(ms)         Min         Max     Std Dev       Count

Performance Statistics   2016-12-26 22:36:00 - 2016-12-26 22:38:00
Tag                                                  Avg(ms)         Min         Max     Std Dev       Count

Performance Statistics   2016-12-26 22:38:00 - 2016-12-26 22:40:00
Tag                                                  Avg(ms)         Min         Max     Std Dev       Count

Performance Statistics   2016-12-26 22:40:00 - 2016-12-26 22:42:00
Tag                                                  Avg(ms)         Min         Max     Std Dev       Count

Performance Statistics   2016-12-26 22:42:00 - 2016-12-26 22:44:00
Tag                                                  Avg(ms)         Min         Max     Std Dev       Count

Performance Statistics   2016-12-26 22:44:00 - 2016-12-26 22:46:00
Tag                                                  Avg(ms)         Min         Max     Std Dev       Count

